[0.000000] (-) TimerEvent: {}
[0.000104] (car_msgs) JobQueued: {'identifier': 'car_msgs', 'dependencies': OrderedDict()}
[0.000190] (vision_pkg) JobQueued: {'identifier': 'vision_pkg', 'dependencies': OrderedDict()}
[0.000210] (car_comms) JobQueued: {'identifier': 'car_comms', 'dependencies': OrderedDict({'car_msgs': '/ws/install/car_msgs'})}
[0.000234] (car_control) JobQueued: {'identifier': 'car_control', 'dependencies': OrderedDict({'car_msgs': '/ws/install/car_msgs'})}
[0.000252] (car_planning) JobQueued: {'identifier': 'car_planning', 'dependencies': OrderedDict({'car_msgs': '/ws/install/car_msgs'})}
[0.000270] (car_vision) JobQueued: {'identifier': 'car_vision', 'dependencies': OrderedDict({'car_msgs': '/ws/install/car_msgs'})}
[0.001289] (car_msgs) JobStarted: {'identifier': 'car_msgs'}
[0.019740] (vision_pkg) JobStarted: {'identifier': 'vision_pkg'}
[0.104452] (-) TimerEvent: {}
[0.133687] (car_msgs) JobProgress: {'identifier': 'car_msgs', 'progress': 'cmake'}
[0.134436] (car_msgs) JobProgress: {'identifier': 'car_msgs', 'progress': 'build'}
[0.135173] (car_msgs) Command: {'cmd': ['/usr/bin/cmake', '--build', '/ws/build/car_msgs', '--', '-j4', '-l4'], 'cwd': '/ws/build/car_msgs', 'env': OrderedDict({'HOSTNAME': 'pi03', 'SHLVL': '1', 'LD_LIBRARY_PATH': '/opt/ros/jazzy/lib/aarch64-linux-gnu:/opt/ros/jazzy/lib', 'HOME': '/root', 'ROS_PYTHON_VERSION': '3', 'ROS_DISTRO': 'jazzy', '_': '/usr/bin/colcon', 'ROS_VERSION': '2', 'PATH': '/opt/ros/jazzy/bin:/usr/local/sbin:/usr/local/bin:/usr/sbin:/usr/bin:/sbin:/bin', 'LANG': 'C.UTF-8', 'ROS_DOMAIN_ID': '10', 'AMENT_PREFIX_PATH': '/opt/ros/jazzy', 'ROS_AUTOMATIC_DISCOVERY_RANGE': 'SUBNET', 'PWD': '/ws/build/car_msgs', 'LC_ALL': 'C.UTF-8', 'PYTHONPATH': '/opt/ros/jazzy/lib/python3.12/site-packages', 'COLCON': '1', 'CMAKE_PREFIX_PATH': '/opt/ros/jazzy'}), 'shell': False}
[0.204898] (-) TimerEvent: {}
[0.305617] (-) TimerEvent: {}
[0.405850] (-) TimerEvent: {}
[0.461368] (car_msgs) StdoutLine: {'line': b'[  2%] Built target car_msgs__rosidl_generator_type_description\n'}
[0.461757] (car_msgs) StdoutLine: {'line': b'[  5%] Built target car_msgs__cpp\n'}
[0.461850] (car_msgs) StdoutLine: {'line': b'[  5%] Built target ament_cmake_python_symlink_car_msgs\n'}
[0.461923] (car_msgs) StdoutLine: {'line': b'[ 20%] Built target car_msgs__rosidl_generator_c\n'}
[0.461993] (car_msgs) StdoutLine: {'line': b'[ 29%] Built target car_msgs__rosidl_typesupport_fastrtps_c\n'}
[0.462060] (car_msgs) StdoutLine: {'line': b'[ 38%] Built target car_msgs__rosidl_typesupport_introspection_c\n'}
[0.462126] (car_msgs) StdoutLine: {'line': b'[ 47%] Built target car_msgs__rosidl_typesupport_c\n'}
[0.462191] (car_msgs) StdoutLine: {'line': b'[ 55%] Built target car_msgs__rosidl_typesupport_cpp\n'}
[0.462256] (car_msgs) StdoutLine: {'line': b'[ 64%] Built target car_msgs__rosidl_typesupport_introspection_cpp\n'}
[0.462321] (car_msgs) StdoutLine: {'line': b'[ 73%] Built target car_msgs__rosidl_typesupport_fastrtps_cpp\n'}
[0.462386] (car_msgs) StdoutLine: {'line': b'[ 73%] Built target car_msgs\n'}
[0.462452] (car_msgs) StdoutLine: {'line': b'[ 76%] Built target car_msgs__py\n'}
[0.462517] (car_msgs) StdoutLine: {'line': b'[ 82%] Built target car_msgs__rosidl_generator_py\n'}
[0.462581] (car_msgs) StdoutLine: {'line': b'[ 88%] Built target car_msgs_s__rosidl_typesupport_fastrtps_c\n'}
[0.462645] (car_msgs) StdoutLine: {'line': b'[ 94%] Built target car_msgs_s__rosidl_typesupport_introspection_c\n'}
[0.474117] (car_msgs) StdoutLine: {'line': b'[100%] Built target car_msgs_s__rosidl_typesupport_c\n'}
[0.505954] (-) TimerEvent: {}
[0.606131] (-) TimerEvent: {}
[0.647351] (car_msgs) StdoutLine: {'line': b'running egg_info\n'}
[0.659820] (car_msgs) StdoutLine: {'line': b'writing car_msgs.egg-info/PKG-INFO\n'}
[0.660130] (car_msgs) StdoutLine: {'line': b'writing dependency_links to car_msgs.egg-info/dependency_links.txt\n'}
[0.660849] (car_msgs) StdoutLine: {'line': b'writing top-level names to car_msgs.egg-info/top_level.txt\n'}
[0.702245] (car_msgs) StdoutLine: {'line': b"reading manifest file 'car_msgs.egg-info/SOURCES.txt'\n"}
[0.702917] (car_msgs) StdoutLine: {'line': b"writing manifest file 'car_msgs.egg-info/SOURCES.txt'\n"}
[0.706211] (-) TimerEvent: {}
[0.761318] (car_msgs) StdoutLine: {'line': b'[100%] Built target ament_cmake_python_build_car_msgs_egg\n'}
[0.772734] (car_msgs) CommandEnded: {'returncode': 0}
[0.773021] (car_msgs) JobProgress: {'identifier': 'car_msgs', 'progress': 'install'}
[0.781573] (car_msgs) Command: {'cmd': ['/usr/bin/cmake', '--install', '/ws/build/car_msgs'], 'cwd': '/ws/build/car_msgs', 'env': OrderedDict({'HOSTNAME': 'pi03', 'SHLVL': '1', 'LD_LIBRARY_PATH': '/opt/ros/jazzy/lib/aarch64-linux-gnu:/opt/ros/jazzy/lib', 'HOME': '/root', 'ROS_PYTHON_VERSION': '3', 'ROS_DISTRO': 'jazzy', '_': '/usr/bin/colcon', 'ROS_VERSION': '2', 'PATH': '/opt/ros/jazzy/bin:/usr/local/sbin:/usr/local/bin:/usr/sbin:/usr/bin:/sbin:/bin', 'LANG': 'C.UTF-8', 'ROS_DOMAIN_ID': '10', 'AMENT_PREFIX_PATH': '/opt/ros/jazzy', 'ROS_AUTOMATIC_DISCOVERY_RANGE': 'SUBNET', 'PWD': '/ws/build/car_msgs', 'LC_ALL': 'C.UTF-8', 'PYTHONPATH': '/opt/ros/jazzy/lib/python3.12/site-packages', 'COLCON': '1', 'CMAKE_PREFIX_PATH': '/opt/ros/jazzy'}), 'shell': False}
[0.790076] (car_msgs) StdoutLine: {'line': b'-- Install configuration: ""\n'}
[0.791085] (car_msgs) StdoutLine: {'line': b'-- Execute custom install script\n'}
[0.795316] (car_msgs) StdoutLine: {'line': b'-- Up-to-date symlink: /ws/install/car_msgs/share/ament_index/resource_index/rosidl_interfaces/car_msgs\n'}
[0.795482] (car_msgs) StdoutLine: {'line': b'-- Up-to-date symlink: /ws/install/car_msgs/share/car_msgs/msg/V2VAlert.json\n'}
[0.795559] (car_msgs) StdoutLine: {'line': b'-- Up-to-date symlink: /ws/install/car_msgs/include/car_msgs/car_msgs/msg/detail/v2_v_alert__functions.h\n'}
[0.795628] (car_msgs) StdoutLine: {'line': b'-- Up-to-date symlink: /ws/install/car_msgs/include/car_msgs/car_msgs/msg/detail/v2_v_alert__struct.h\n'}
[0.795696] (car_msgs) StdoutLine: {'line': b'-- Up-to-date symlink: /ws/install/car_msgs/include/car_msgs/car_msgs/msg/detail/v2_v_alert__type_support.h\n'}
[0.795762] (car_msgs) StdoutLine: {'line': b'-- Up-to-date symlink: /ws/install/car_msgs/include/car_msgs/car_msgs/msg/rosidl_generator_c__visibility_control.h\n'}
[0.795828] (car_msgs) StdoutLine: {'line': b'-- Up-to-date symlink: /ws/install/car_msgs/include/car_msgs/car_msgs/msg/v2_v_alert.h\n'}
[0.795893] (car_msgs) StdoutLine: {'line': b'-- Up-to-date symlink: /ws/install/car_msgs/share/car_msgs/environment/library_path.sh\n'}
[0.795958] (car_msgs) StdoutLine: {'line': b'-- Up-to-date symlink: /ws/install/car_msgs/share/car_msgs/environment/library_path.dsv\n'}
[0.796024] (car_msgs) StdoutLine: {'line': b'-- Up-to-date symlink: /ws/install/car_msgs/include/car_msgs/car_msgs/msg/detail/v2_v_alert__rosidl_typesupport_fastrtps_c.h\n'}
[0.796089] (car_msgs) StdoutLine: {'line': b'-- Up-to-date symlink: /ws/install/car_msgs/include/car_msgs/car_msgs/msg/rosidl_typesupport_fastrtps_c__visibility_control.h\n'}
[0.796155] (car_msgs) StdoutLine: {'line': b'-- Up-to-date symlink: /ws/install/car_msgs/include/car_msgs/car_msgs/msg/detail/v2_v_alert__rosidl_typesupport_introspection_c.h\n'}
[0.796220] (car_msgs) StdoutLine: {'line': b'-- Up-to-date symlink: /ws/install/car_msgs/include/car_msgs/car_msgs/msg/rosidl_typesupport_introspection_c__visibility_control.h\n'}
[0.796285] (car_msgs) StdoutLine: {'line': b'-- Up-to-date symlink: /ws/install/car_msgs/include/car_msgs/car_msgs/msg/detail/v2_v_alert__builder.hpp\n'}
[0.796349] (car_msgs) StdoutLine: {'line': b'-- Up-to-date symlink: /ws/install/car_msgs/include/car_msgs/car_msgs/msg/detail/v2_v_alert__struct.hpp\n'}
[0.796412] (car_msgs) StdoutLine: {'line': b'-- Up-to-date symlink: /ws/install/car_msgs/include/car_msgs/car_msgs/msg/detail/v2_v_alert__traits.hpp\n'}
[0.796476] (car_msgs) StdoutLine: {'line': b'-- Up-to-date symlink: /ws/install/car_msgs/include/car_msgs/car_msgs/msg/detail/v2_v_alert__type_support.hpp\n'}
[0.796539] (car_msgs) StdoutLine: {'line': b'-- Up-to-date symlink: /ws/install/car_msgs/include/car_msgs/car_msgs/msg/rosidl_generator_cpp__visibility_control.hpp\n'}
[0.796608] (car_msgs) StdoutLine: {'line': b'-- Up-to-date symlink: /ws/install/car_msgs/include/car_msgs/car_msgs/msg/v2_v_alert.hpp\n'}
[0.797025] (car_msgs) StdoutLine: {'line': b'-- Up-to-date symlink: /ws/install/car_msgs/include/car_msgs/car_msgs/msg/detail/v2_v_alert__rosidl_typesupport_fastrtps_cpp.hpp\n'}
[0.797347] (car_msgs) StdoutLine: {'line': b'-- Up-to-date symlink: /ws/install/car_msgs/include/car_msgs/car_msgs/msg/rosidl_typesupport_fastrtps_cpp__visibility_control.h\n'}
[0.797878] (car_msgs) StdoutLine: {'line': b'-- Up-to-date symlink: /ws/install/car_msgs/include/car_msgs/car_msgs/msg/detail/v2_v_alert__rosidl_typesupport_introspection_cpp.hpp\n'}
[0.798262] (car_msgs) StdoutLine: {'line': b'-- Up-to-date symlink: /ws/install/car_msgs/share/car_msgs/environment/pythonpath.sh\n'}
[0.798622] (car_msgs) StdoutLine: {'line': b'-- Up-to-date symlink: /ws/install/car_msgs/share/car_msgs/environment/pythonpath.dsv\n'}
[0.799145] (car_msgs) StdoutLine: {'line': b'-- Up-to-date symlink: /ws/install/car_msgs/lib/python3.12/site-packages/car_msgs-0.0.0-py3.12.egg-info/PKG-INFO\n'}
[0.799474] (car_msgs) StdoutLine: {'line': b'-- Up-to-date symlink: /ws/install/car_msgs/lib/python3.12/site-packages/car_msgs-0.0.0-py3.12.egg-info/SOURCES.txt\n'}
[0.799780] (car_msgs) StdoutLine: {'line': b'-- Up-to-date symlink: /ws/install/car_msgs/lib/python3.12/site-packages/car_msgs-0.0.0-py3.12.egg-info/dependency_links.txt\n'}
[0.800091] (car_msgs) StdoutLine: {'line': b'-- Up-to-date symlink: /ws/install/car_msgs/lib/python3.12/site-packages/car_msgs-0.0.0-py3.12.egg-info/top_level.txt\n'}
[0.800786] (car_msgs) StdoutLine: {'line': b'-- Up-to-date symlink: /ws/install/car_msgs/lib/python3.12/site-packages/car_msgs/__init__.py\n'}
[0.801094] (car_msgs) StdoutLine: {'line': b'-- Up-to-date symlink: /ws/install/car_msgs/lib/python3.12/site-packages/car_msgs/_car_msgs_s.ep.rosidl_typesupport_c.c\n'}
[0.801397] (car_msgs) StdoutLine: {'line': b'-- Up-to-date symlink: /ws/install/car_msgs/lib/python3.12/site-packages/car_msgs/_car_msgs_s.ep.rosidl_typesupport_fastrtps_c.c\n'}
[0.803363] (car_msgs) StdoutLine: {'line': b'-- Up-to-date symlink: /ws/install/car_msgs/lib/python3.12/site-packages/car_msgs/_car_msgs_s.ep.rosidl_typesupport_introspection_c.c\n'}
[0.803484] (car_msgs) StdoutLine: {'line': b'-- Up-to-date symlink: /ws/install/car_msgs/lib/python3.12/site-packages/car_msgs/car_msgs_s__rosidl_typesupport_c.so\n'}
[0.803558] (car_msgs) StdoutLine: {'line': b'-- Up-to-date symlink: /ws/install/car_msgs/lib/python3.12/site-packages/car_msgs/car_msgs_s__rosidl_typesupport_fastrtps_c.so\n'}
[0.803627] (car_msgs) StdoutLine: {'line': b'-- Up-to-date symlink: /ws/install/car_msgs/lib/python3.12/site-packages/car_msgs/car_msgs_s__rosidl_typesupport_introspection_c.so\n'}
[0.803694] (car_msgs) StdoutLine: {'line': b'-- Up-to-date symlink: /ws/install/car_msgs/lib/python3.12/site-packages/car_msgs/msg/__init__.py\n'}
[0.803760] (car_msgs) StdoutLine: {'line': b'-- Up-to-date symlink: /ws/install/car_msgs/lib/python3.12/site-packages/car_msgs/msg/_v2_v_alert.py\n'}
[0.803826] (car_msgs) StdoutLine: {'line': b'-- Up-to-date symlink: /ws/install/car_msgs/lib/python3.12/site-packages/car_msgs/msg/_v2_v_alert_s.c\n'}
[0.803892] (car_msgs) StdoutLine: {'line': b'-- Up-to-date symlink: /ws/install/car_msgs/lib/python3.12/site-packages/car_msgs/car_msgs_s__rosidl_typesupport_fastrtps_c.so\n'}
[0.803958] (car_msgs) StdoutLine: {'line': b'-- Up-to-date symlink: /ws/install/car_msgs/lib/python3.12/site-packages/car_msgs/car_msgs_s__rosidl_typesupport_introspection_c.so\n'}
[0.804025] (car_msgs) StdoutLine: {'line': b'-- Up-to-date symlink: /ws/install/car_msgs/lib/python3.12/site-packages/car_msgs/car_msgs_s__rosidl_typesupport_c.so\n'}
[0.804456] (car_msgs) StdoutLine: {'line': b'-- Up-to-date symlink: /ws/install/car_msgs/share/car_msgs/msg/V2VAlert.idl\n'}
[0.807221] (car_msgs) StdoutLine: {'line': b'-- Up-to-date symlink: /ws/install/car_msgs/share/car_msgs/msg/V2VAlert.msg\n'}
[0.807387] (-) TimerEvent: {}
[0.807404] (car_msgs) StdoutLine: {'line': b'-- Up-to-date symlink: /ws/install/car_msgs/share/ament_index/resource_index/package_run_dependencies/car_msgs\n'}
[0.807482] (car_msgs) StdoutLine: {'line': b'-- Up-to-date symlink: /ws/install/car_msgs/share/ament_index/resource_index/parent_prefix_path/car_msgs\n'}
[0.807550] (car_msgs) StdoutLine: {'line': b'-- Up-to-date symlink: /ws/install/car_msgs/share/car_msgs/environment/ament_prefix_path.sh\n'}
[0.807617] (car_msgs) StdoutLine: {'line': b'-- Up-to-date symlink: /ws/install/car_msgs/share/car_msgs/environment/ament_prefix_path.dsv\n'}
[0.807683] (car_msgs) StdoutLine: {'line': b'-- Up-to-date symlink: /ws/install/car_msgs/share/car_msgs/environment/path.sh\n'}
[0.807749] (car_msgs) StdoutLine: {'line': b'-- Up-to-date symlink: /ws/install/car_msgs/share/car_msgs/environment/path.dsv\n'}
[0.807813] (car_msgs) StdoutLine: {'line': b'-- Up-to-date symlink: /ws/install/car_msgs/share/car_msgs/local_setup.bash\n'}
[0.807878] (car_msgs) StdoutLine: {'line': b'-- Up-to-date symlink: /ws/install/car_msgs/share/car_msgs/local_setup.sh\n'}
[0.807942] (car_msgs) StdoutLine: {'line': b'-- Up-to-date symlink: /ws/install/car_msgs/share/car_msgs/local_setup.zsh\n'}
[0.808005] (car_msgs) StdoutLine: {'line': b'-- Up-to-date symlink: /ws/install/car_msgs/share/car_msgs/local_setup.dsv\n'}
[0.808069] (car_msgs) StdoutLine: {'line': b'-- Symlinking: /ws/install/car_msgs/share/car_msgs/package.dsv\n'}
[0.822322] (car_msgs) StdoutLine: {'line': b'-- Up-to-date symlink: /ws/install/car_msgs/share/ament_index/resource_index/packages/car_msgs\n'}
[0.822567] (car_msgs) StdoutLine: {'line': b'-- Up-to-date symlink: /ws/install/car_msgs/share/car_msgs/cmake/rosidl_cmake-extras.cmake\n'}
[0.822669] (car_msgs) StdoutLine: {'line': b'-- Up-to-date symlink: /ws/install/car_msgs/share/car_msgs/cmake/ament_cmake_export_dependencies-extras.cmake\n'}
[0.822749] (car_msgs) StdoutLine: {'line': b'-- Up-to-date symlink: /ws/install/car_msgs/share/car_msgs/cmake/ament_cmake_export_include_directories-extras.cmake\n'}
[0.822821] (car_msgs) StdoutLine: {'line': b'-- Up-to-date symlink: /ws/install/car_msgs/share/car_msgs/cmake/ament_cmake_export_libraries-extras.cmake\n'}
[0.822890] (car_msgs) StdoutLine: {'line': b'-- Up-to-date symlink: /ws/install/car_msgs/share/car_msgs/cmake/ament_cmake_export_targets-extras.cmake\n'}
[0.822960] (car_msgs) StdoutLine: {'line': b'-- Up-to-date symlink: /ws/install/car_msgs/share/car_msgs/cmake/rosidl_cmake_export_typesupport_targets-extras.cmake\n'}
[0.823026] (car_msgs) StdoutLine: {'line': b'-- Up-to-date symlink: /ws/install/car_msgs/share/car_msgs/cmake/rosidl_cmake_export_typesupport_libraries-extras.cmake\n'}
[0.823092] (car_msgs) StdoutLine: {'line': b'-- Up-to-date symlink: /ws/install/car_msgs/share/car_msgs/cmake/car_msgsConfig.cmake\n'}
[0.823208] (car_msgs) StdoutLine: {'line': b'-- Up-to-date symlink: /ws/install/car_msgs/share/car_msgs/cmake/car_msgsConfig-version.cmake\n'}
[0.823294] (car_msgs) StdoutLine: {'line': b'-- Up-to-date symlink: /ws/install/car_msgs/share/car_msgs/package.xml\n'}
[0.823362] (car_msgs) StdoutLine: {'line': b'-- Up-to-date: /ws/install/car_msgs/lib/libcar_msgs__rosidl_generator_c.so\n'}
[0.823428] (car_msgs) StdoutLine: {'line': b'-- Up-to-date: /ws/install/car_msgs/lib/libcar_msgs__rosidl_typesupport_fastrtps_c.so\n'}
[0.823498] (car_msgs) StdoutLine: {'line': b'-- Up-to-date: /ws/install/car_msgs/lib/libcar_msgs__rosidl_typesupport_introspection_c.so\n'}
[0.823564] (car_msgs) StdoutLine: {'line': b'-- Up-to-date: /ws/install/car_msgs/lib/libcar_msgs__rosidl_typesupport_c.so\n'}
[0.823629] (car_msgs) StdoutLine: {'line': b'-- Up-to-date: /ws/install/car_msgs/lib/libcar_msgs__rosidl_typesupport_fastrtps_cpp.so\n'}
[0.823697] (car_msgs) StdoutLine: {'line': b'-- Up-to-date: /ws/install/car_msgs/lib/libcar_msgs__rosidl_typesupport_introspection_cpp.so\n'}
[0.823762] (car_msgs) StdoutLine: {'line': b'-- Up-to-date: /ws/install/car_msgs/lib/libcar_msgs__rosidl_typesupport_cpp.so\n'}
[0.859274] (car_msgs) StdoutLine: {'line': b"Listing '/ws/install/car_msgs/lib/python3.12/site-packages/car_msgs'...\n"}
[0.859491] (car_msgs) StdoutLine: {'line': b"Listing '/ws/install/car_msgs/lib/python3.12/site-packages/car_msgs/msg'...\n"}
[0.871381] (car_msgs) StdoutLine: {'line': b'-- Up-to-date: /ws/install/car_msgs/lib/libcar_msgs__rosidl_generator_py.so\n'}
[0.871564] (car_msgs) StdoutLine: {'line': b'-- Up-to-date: /ws/install/car_msgs/share/car_msgs/cmake/export_car_msgs__rosidl_generator_cExport.cmake\n'}
[0.871638] (car_msgs) StdoutLine: {'line': b'-- Up-to-date: /ws/install/car_msgs/share/car_msgs/cmake/export_car_msgs__rosidl_generator_cExport-noconfig.cmake\n'}
[0.871707] (car_msgs) StdoutLine: {'line': b'-- Up-to-date: /ws/install/car_msgs/share/car_msgs/cmake/export_car_msgs__rosidl_typesupport_fastrtps_cExport.cmake\n'}
[0.871773] (car_msgs) StdoutLine: {'line': b'-- Up-to-date: /ws/install/car_msgs/share/car_msgs/cmake/export_car_msgs__rosidl_typesupport_fastrtps_cExport-noconfig.cmake\n'}
[0.871839] (car_msgs) StdoutLine: {'line': b'-- Up-to-date: /ws/install/car_msgs/share/car_msgs/cmake/car_msgs__rosidl_typesupport_introspection_cExport.cmake\n'}
[0.871904] (car_msgs) StdoutLine: {'line': b'-- Up-to-date: /ws/install/car_msgs/share/car_msgs/cmake/car_msgs__rosidl_typesupport_introspection_cExport-noconfig.cmake\n'}
[0.871969] (car_msgs) StdoutLine: {'line': b'-- Up-to-date: /ws/install/car_msgs/share/car_msgs/cmake/car_msgs__rosidl_typesupport_cExport.cmake\n'}
[0.872033] (car_msgs) StdoutLine: {'line': b'-- Up-to-date: /ws/install/car_msgs/share/car_msgs/cmake/car_msgs__rosidl_typesupport_cExport-noconfig.cmake\n'}
[0.872098] (car_msgs) StdoutLine: {'line': b'-- Up-to-date: /ws/install/car_msgs/share/car_msgs/cmake/export_car_msgs__rosidl_generator_cppExport.cmake\n'}
[0.872161] (car_msgs) StdoutLine: {'line': b'-- Up-to-date: /ws/install/car_msgs/share/car_msgs/cmake/export_car_msgs__rosidl_typesupport_fastrtps_cppExport.cmake\n'}
[0.872225] (car_msgs) StdoutLine: {'line': b'-- Up-to-date: /ws/install/car_msgs/share/car_msgs/cmake/export_car_msgs__rosidl_typesupport_fastrtps_cppExport-noconfig.cmake\n'}
[0.872290] (car_msgs) StdoutLine: {'line': b'-- Up-to-date: /ws/install/car_msgs/share/car_msgs/cmake/car_msgs__rosidl_typesupport_introspection_cppExport.cmake\n'}
[0.872355] (car_msgs) StdoutLine: {'line': b'-- Up-to-date: /ws/install/car_msgs/share/car_msgs/cmake/car_msgs__rosidl_typesupport_introspection_cppExport-noconfig.cmake\n'}
[0.872419] (car_msgs) StdoutLine: {'line': b'-- Up-to-date: /ws/install/car_msgs/share/car_msgs/cmake/car_msgs__rosidl_typesupport_cppExport.cmake\n'}
[0.872484] (car_msgs) StdoutLine: {'line': b'-- Up-to-date: /ws/install/car_msgs/share/car_msgs/cmake/car_msgs__rosidl_typesupport_cppExport-noconfig.cmake\n'}
[0.872556] (car_msgs) StdoutLine: {'line': b'-- Up-to-date: /ws/install/car_msgs/share/car_msgs/cmake/export_car_msgs__rosidl_generator_pyExport.cmake\n'}
[0.872621] (car_msgs) StdoutLine: {'line': b'-- Up-to-date: /ws/install/car_msgs/share/car_msgs/cmake/export_car_msgs__rosidl_generator_pyExport-noconfig.cmake\n'}
[0.878366] (car_msgs) CommandEnded: {'returncode': 0}
[0.903840] (car_msgs) JobEnded: {'identifier': 'car_msgs', 'rc': 0}
[0.904558] (car_comms) JobStarted: {'identifier': 'car_comms'}
[0.907559] (-) TimerEvent: {}
[0.909844] (car_control) JobStarted: {'identifier': 'car_control'}
[0.915468] (car_planning) JobStarted: {'identifier': 'car_planning'}
[1.007860] (-) TimerEvent: {}
[1.108340] (-) TimerEvent: {}
[1.208544] (-) TimerEvent: {}
[1.308701] (-) TimerEvent: {}
[1.408833] (-) TimerEvent: {}
[1.508953] (-) TimerEvent: {}
[1.609299] (-) TimerEvent: {}
[1.709782] (-) TimerEvent: {}
[1.810033] (-) TimerEvent: {}
[1.910262] (-) TimerEvent: {}
[2.010430] (-) TimerEvent: {}
[2.110609] (-) TimerEvent: {}
[2.146633] (vision_pkg) Command: {'cmd': ['/usr/bin/python3', '-W', 'ignore:setup.py install is deprecated', '-W', 'ignore:easy_install command is deprecated', 'setup.py', 'develop', '--editable', '--build-directory', '/ws/build/vision_pkg/build', '--no-deps', 'symlink_data'], 'cwd': '/ws/build/vision_pkg', 'env': {'HOSTNAME': 'pi03', 'SHLVL': '1', 'LD_LIBRARY_PATH': '/opt/ros/jazzy/lib/aarch64-linux-gnu:/opt/ros/jazzy/lib', 'HOME': '/root', 'ROS_PYTHON_VERSION': '3', 'ROS_DISTRO': 'jazzy', '_': '/usr/bin/colcon', 'ROS_VERSION': '2', 'PATH': '/opt/ros/jazzy/bin:/usr/local/sbin:/usr/local/bin:/usr/sbin:/usr/bin:/sbin:/bin', 'LANG': 'C.UTF-8', 'ROS_DOMAIN_ID': '10', 'AMENT_PREFIX_PATH': '/opt/ros/jazzy', 'ROS_AUTOMATIC_DISCOVERY_RANGE': 'SUBNET', 'PWD': '/ws/build/vision_pkg', 'LC_ALL': 'C.UTF-8', 'PYTHONPATH': '/ws/build/vision_pkg/prefix_override:/usr/lib/python3/dist-packages/colcon_core/task/python/colcon_distutils_commands:/ws/install/vision_pkg/lib/python3.12/site-packages:/opt/ros/jazzy/lib/python3.12/site-packages', 'COLCON': '1'}, 'shell': False}
[2.210987] (-) TimerEvent: {}
[2.311622] (-) TimerEvent: {}
[2.412325] (-) TimerEvent: {}
[2.513140] (-) TimerEvent: {}
[2.613749] (-) TimerEvent: {}
[2.714413] (-) TimerEvent: {}
[2.774127] (car_control) Command: {'cmd': ['/usr/bin/python3', '-W', 'ignore:setup.py install is deprecated', '-W', 'ignore:easy_install command is deprecated', 'setup.py', 'develop', '--editable', '--build-directory', '/ws/build/car_control/build', '--no-deps', 'symlink_data'], 'cwd': '/ws/build/car_control', 'env': {'HOSTNAME': 'pi03', 'SHLVL': '1', 'LD_LIBRARY_PATH': '/ws/install/car_msgs/lib:/opt/ros/jazzy/lib/aarch64-linux-gnu:/opt/ros/jazzy/lib', 'HOME': '/root', 'ROS_PYTHON_VERSION': '3', 'ROS_DISTRO': 'jazzy', '_': '/usr/bin/colcon', 'ROS_VERSION': '2', 'PATH': '/opt/ros/jazzy/bin:/usr/local/sbin:/usr/local/bin:/usr/sbin:/usr/bin:/sbin:/bin', 'LANG': 'C.UTF-8', 'ROS_DOMAIN_ID': '10', 'AMENT_PREFIX_PATH': '/ws/install/car_msgs:/opt/ros/jazzy', 'ROS_AUTOMATIC_DISCOVERY_RANGE': 'SUBNET', 'PWD': '/ws/build/car_control', 'LC_ALL': 'C.UTF-8', 'PYTHONPATH': '/ws/build/car_control/prefix_override:/usr/lib/python3/dist-packages/colcon_core/task/python/colcon_distutils_commands:/ws/install/car_control/lib/python3.12/site-packages:/ws/install/car_msgs/lib/python3.12/site-packages:/opt/ros/jazzy/lib/python3.12/site-packages', 'COLCON': '1', 'CMAKE_PREFIX_PATH': '/ws/install/car_msgs'}, 'shell': False}
[2.792683] (car_planning) Command: {'cmd': ['/usr/bin/python3', '-W', 'ignore:setup.py install is deprecated', '-W', 'ignore:easy_install command is deprecated', 'setup.py', 'develop', '--editable', '--build-directory', '/ws/build/car_planning/build', '--no-deps', 'symlink_data'], 'cwd': '/ws/build/car_planning', 'env': {'HOSTNAME': 'pi03', 'SHLVL': '1', 'LD_LIBRARY_PATH': '/ws/install/car_msgs/lib:/opt/ros/jazzy/lib/aarch64-linux-gnu:/opt/ros/jazzy/lib', 'HOME': '/root', 'ROS_PYTHON_VERSION': '3', 'ROS_DISTRO': 'jazzy', '_': '/usr/bin/colcon', 'ROS_VERSION': '2', 'PATH': '/opt/ros/jazzy/bin:/usr/local/sbin:/usr/local/bin:/usr/sbin:/usr/bin:/sbin:/bin', 'LANG': 'C.UTF-8', 'ROS_DOMAIN_ID': '10', 'AMENT_PREFIX_PATH': '/ws/install/car_msgs:/opt/ros/jazzy', 'ROS_AUTOMATIC_DISCOVERY_RANGE': 'SUBNET', 'PWD': '/ws/build/car_planning', 'LC_ALL': 'C.UTF-8', 'PYTHONPATH': '/ws/build/car_planning/prefix_override:/usr/lib/python3/dist-packages/colcon_core/task/python/colcon_distutils_commands:/ws/install/car_planning/lib/python3.12/site-packages:/ws/install/car_msgs/lib/python3.12/site-packages:/opt/ros/jazzy/lib/python3.12/site-packages', 'COLCON': '1', 'CMAKE_PREFIX_PATH': '/ws/install/car_msgs'}, 'shell': False}
[2.814435] (-) TimerEvent: {}
[2.841232] (vision_pkg) StdoutLine: {'line': b'running develop\n'}
[2.914550] (-) TimerEvent: {}
[2.999215] (vision_pkg) StdoutLine: {'line': b'running egg_info\n'}
[3.011660] (vision_pkg) StdoutLine: {'line': b'writing vision_pkg.egg-info/PKG-INFO\n'}
[3.012046] (vision_pkg) StdoutLine: {'line': b'writing dependency_links to vision_pkg.egg-info/dependency_links.txt\n'}
[3.014009] (vision_pkg) StdoutLine: {'line': b'writing entry points to vision_pkg.egg-info/entry_points.txt\n'}
[3.014444] (vision_pkg) StdoutLine: {'line': b'writing requirements to vision_pkg.egg-info/requires.txt\n'}
[3.014562] (-) TimerEvent: {}
[3.015197] (vision_pkg) StdoutLine: {'line': b'writing top-level names to vision_pkg.egg-info/top_level.txt\n'}
[3.048771] (vision_pkg) StdoutLine: {'line': b"reading manifest file 'vision_pkg.egg-info/SOURCES.txt'\n"}
[3.050085] (vision_pkg) StdoutLine: {'line': b"writing manifest file 'vision_pkg.egg-info/SOURCES.txt'\n"}
[3.067722] (vision_pkg) StdoutLine: {'line': b'running build_ext\n'}
[3.071269] (vision_pkg) StdoutLine: {'line': b'Creating /ws/install/vision_pkg/lib/python3.12/site-packages/vision-pkg.egg-link (link to .)\n'}
[3.071532] (vision_pkg) StdoutLine: {'line': b'Installing lane_detector_node script to /ws/install/vision_pkg/lib/vision_pkg\n'}
[3.071652] (vision_pkg) StdoutLine: {'line': b'\n'}
[3.071760] (vision_pkg) StdoutLine: {'line': b'Installed /ws/build/vision_pkg\n'}
[3.071864] (vision_pkg) StdoutLine: {'line': b'running symlink_data\n'}
[3.114681] (-) TimerEvent: {}
[3.179906] (vision_pkg) CommandEnded: {'returncode': 0}
[3.194894] (vision_pkg) JobEnded: {'identifier': 'vision_pkg', 'rc': 0}
[3.196424] (car_vision) JobStarted: {'identifier': 'car_vision'}
[3.214978] (-) TimerEvent: {}
[3.315423] (-) TimerEvent: {}
[3.415603] (-) TimerEvent: {}
[3.515793] (-) TimerEvent: {}
[3.553742] (car_planning) StdoutLine: {'line': b'running develop\n'}
[3.554022] (car_planning) StdoutLine: {'line': b'running egg_info\n'}
[3.554123] (car_planning) StdoutLine: {'line': b'writing car_planning.egg-info/PKG-INFO\n'}
[3.554207] (car_planning) StdoutLine: {'line': b'writing dependency_links to car_planning.egg-info/dependency_links.txt\n'}
[3.554287] (car_planning) StdoutLine: {'line': b'writing entry points to car_planning.egg-info/entry_points.txt\n'}
[3.554380] (car_planning) StdoutLine: {'line': b'writing requirements to car_planning.egg-info/requires.txt\n'}
[3.554468] (car_planning) StdoutLine: {'line': b'writing top-level names to car_planning.egg-info/top_level.txt\n'}
[3.615889] (-) TimerEvent: {}
[3.619339] (car_planning) StdoutLine: {'line': b"reading manifest file 'car_planning.egg-info/SOURCES.txt'\n"}
[3.619552] (car_planning) StdoutLine: {'line': b"writing manifest file 'car_planning.egg-info/SOURCES.txt'\n"}
[3.657904] (car_planning) StdoutLine: {'line': b'running build_ext\n'}
[3.658226] (car_planning) StdoutLine: {'line': b'Creating /ws/install/car_planning/lib/python3.12/site-packages/car-planning.egg-link (link to .)\n'}
[3.660123] (car_planning) StdoutLine: {'line': b'Installing decision_maker script to /ws/install/car_planning/lib/car_planning\n'}
[3.660887] (car_planning) StdoutLine: {'line': b'\n'}
[3.661046] (car_planning) StdoutLine: {'line': b'Installed /ws/build/car_planning\n'}
[3.661219] (car_planning) StdoutLine: {'line': b'running symlink_data\n'}
[3.672340] (car_control) StdoutLine: {'line': b'running develop\n'}
[3.719220] (-) TimerEvent: {}
[3.819407] (-) TimerEvent: {}
[3.867084] (car_control) StdoutLine: {'line': b'running egg_info\n'}
[3.885401] (car_control) StdoutLine: {'line': b'writing car_control.egg-info/PKG-INFO\n'}
[3.886141] (car_control) StdoutLine: {'line': b'writing dependency_links to car_control.egg-info/dependency_links.txt\n'}
[3.888106] (car_control) StdoutLine: {'line': b'writing entry points to car_control.egg-info/entry_points.txt\n'}
[3.888657] (car_control) StdoutLine: {'line': b'writing requirements to car_control.egg-info/requires.txt\n'}
[3.889279] (car_control) StdoutLine: {'line': b'writing top-level names to car_control.egg-info/top_level.txt\n'}
[3.919518] (-) TimerEvent: {}
[3.934542] (car_control) StdoutLine: {'line': b"reading manifest file 'car_control.egg-info/SOURCES.txt'\n"}
[3.939439] (car_control) StdoutLine: {'line': b"writing manifest file 'car_control.egg-info/SOURCES.txt'\n"}
[3.960948] (car_control) StdoutLine: {'line': b'running build_ext\n'}
[3.961347] (car_control) StdoutLine: {'line': b'Creating /ws/install/car_control/lib/python3.12/site-packages/car-control.egg-link (link to .)\n'}
[3.962800] (car_control) StdoutLine: {'line': b'Installing v2x_avoidance_node script to /ws/install/car_control/lib/car_control\n'}
[3.963576] (car_control) StdoutLine: {'line': b'\n'}
[3.963754] (car_control) StdoutLine: {'line': b'Installed /ws/build/car_control\n'}
[3.963979] (car_control) StdoutLine: {'line': b'running symlink_data\n'}
[4.019616] (-) TimerEvent: {}
[4.028379] (car_comms) Command: {'cmd': ['/usr/bin/python3', '-W', 'ignore:setup.py install is deprecated', '-W', 'ignore:easy_install command is deprecated', 'setup.py', 'develop', '--editable', '--build-directory', '/ws/build/car_comms/build', '--no-deps', 'symlink_data'], 'cwd': '/ws/build/car_comms', 'env': {'HOSTNAME': 'pi03', 'SHLVL': '1', 'LD_LIBRARY_PATH': '/ws/install/car_msgs/lib:/opt/ros/jazzy/lib/aarch64-linux-gnu:/opt/ros/jazzy/lib', 'HOME': '/root', 'ROS_PYTHON_VERSION': '3', 'ROS_DISTRO': 'jazzy', '_': '/usr/bin/colcon', 'ROS_VERSION': '2', 'PATH': '/opt/ros/jazzy/bin:/usr/local/sbin:/usr/local/bin:/usr/sbin:/usr/bin:/sbin:/bin', 'LANG': 'C.UTF-8', 'ROS_DOMAIN_ID': '10', 'AMENT_PREFIX_PATH': '/ws/install/car_msgs:/opt/ros/jazzy', 'ROS_AUTOMATIC_DISCOVERY_RANGE': 'SUBNET', 'PWD': '/ws/build/car_comms', 'LC_ALL': 'C.UTF-8', 'PYTHONPATH': '/ws/build/car_comms/prefix_override:/usr/lib/python3/dist-packages/colcon_core/task/python/colcon_distutils_commands:/ws/install/car_comms/lib/python3.12/site-packages:/ws/install/car_msgs/lib/python3.12/site-packages:/opt/ros/jazzy/lib/python3.12/site-packages', 'COLCON': '1', 'CMAKE_PREFIX_PATH': '/ws/install/car_msgs'}, 'shell': False}
[4.063221] (car_control) CommandEnded: {'returncode': 0}
[4.084451] (car_control) JobEnded: {'identifier': 'car_control', 'rc': 0}
[4.085829] (car_planning) CommandEnded: {'returncode': 0}
[4.115243] (car_planning) JobEnded: {'identifier': 'car_planning', 'rc': 0}
[4.119714] (-) TimerEvent: {}
[4.219893] (-) TimerEvent: {}
[4.320072] (-) TimerEvent: {}
[4.420272] (-) TimerEvent: {}
[4.458067] (car_vision) Command: {'cmd': ['/usr/bin/python3', '-W', 'ignore:setup.py install is deprecated', '-W', 'ignore:easy_install command is deprecated', 'setup.py', 'develop', '--editable', '--build-directory', '/ws/build/car_vision/build', '--no-deps', 'symlink_data'], 'cwd': '/ws/build/car_vision', 'env': {'HOSTNAME': 'pi03', 'SHLVL': '1', 'LD_LIBRARY_PATH': '/ws/install/car_msgs/lib:/opt/ros/jazzy/lib/aarch64-linux-gnu:/opt/ros/jazzy/lib', 'HOME': '/root', 'ROS_PYTHON_VERSION': '3', 'ROS_DISTRO': 'jazzy', '_': '/usr/bin/colcon', 'ROS_VERSION': '2', 'PATH': '/opt/ros/jazzy/bin:/usr/local/sbin:/usr/local/bin:/usr/sbin:/usr/bin:/sbin:/bin', 'LANG': 'C.UTF-8', 'ROS_DOMAIN_ID': '10', 'AMENT_PREFIX_PATH': '/ws/install/car_msgs:/opt/ros/jazzy', 'ROS_AUTOMATIC_DISCOVERY_RANGE': 'SUBNET', 'PWD': '/ws/build/car_vision', 'LC_ALL': 'C.UTF-8', 'PYTHONPATH': '/ws/build/car_vision/prefix_override:/usr/lib/python3/dist-packages/colcon_core/task/python/colcon_distutils_commands:/ws/install/car_vision/lib/python3.12/site-packages:/ws/install/car_msgs/lib/python3.12/site-packages:/opt/ros/jazzy/lib/python3.12/site-packages', 'COLCON': '1', 'CMAKE_PREFIX_PATH': '/ws/install/car_msgs'}, 'shell': False}
[4.520383] (-) TimerEvent: {}
[4.620552] (-) TimerEvent: {}
[4.720714] (-) TimerEvent: {}
[4.761913] (car_comms) StdoutLine: {'line': b'running develop\n'}
[4.762135] (car_vision) StdoutLine: {'line': b'running develop\n'}
[4.820807] (-) TimerEvent: {}
[4.894899] (car_comms) StdoutLine: {'line': b'running egg_info\n'}
[4.895090] (car_vision) StdoutLine: {'line': b'running egg_info\n'}
[4.907761] (car_vision) StdoutLine: {'line': b'writing car_vision.egg-info/PKG-INFO\n'}
[4.908435] (car_vision) StdoutLine: {'line': b'writing dependency_links to car_vision.egg-info/dependency_links.txt\n'}
[4.908567] (car_comms) StdoutLine: {'line': b'writing car_comms.egg-info/PKG-INFO\n'}
[4.908811] (car_comms) StdoutLine: {'line': b'writing dependency_links to car_comms.egg-info/dependency_links.txt\n'}
[4.909152] (car_comms) StdoutLine: {'line': b'writing entry points to car_comms.egg-info/entry_points.txt\n'}
[4.909422] (car_comms) StdoutLine: {'line': b'writing requirements to car_comms.egg-info/requires.txt\n'}
[4.909649] (car_comms) StdoutLine: {'line': b'writing top-level names to car_comms.egg-info/top_level.txt\n'}
[4.910598] (car_vision) StdoutLine: {'line': b'writing requirements to car_vision.egg-info/requires.txt\n'}
[4.910755] (car_vision) StdoutLine: {'line': b'writing top-level names to car_vision.egg-info/top_level.txt\n'}
[4.920896] (-) TimerEvent: {}
[4.937827] (car_comms) StdoutLine: {'line': b"reading manifest file 'car_comms.egg-info/SOURCES.txt'\n"}
[4.938023] (car_vision) StdoutLine: {'line': b"reading manifest file 'car_vision.egg-info/SOURCES.txt'\n"}
[4.938523] (car_vision) StdoutLine: {'line': b"writing manifest file 'car_vision.egg-info/SOURCES.txt'\n"}
[4.939126] (car_comms) StdoutLine: {'line': b"writing manifest file 'car_comms.egg-info/SOURCES.txt'\n"}
[4.953484] (car_vision) StdoutLine: {'line': b'running build_ext\n'}
[4.954894] (car_vision) StdoutLine: {'line': b'Creating /ws/install/car_vision/lib/python3.12/site-packages/car-vision.egg-link (link to .)\n'}
[4.954996] (car_comms) StdoutLine: {'line': b'running build_ext\n'}
[4.955165] (car_comms) StdoutLine: {'line': b'Creating /ws/install/car_comms/lib/python3.12/site-packages/car-comms.egg-link (link to .)\n'}
[4.959594] (car_vision) StdoutLine: {'line': b'\n'}
[4.959816] (car_vision) StdoutLine: {'line': b'Installed /ws/build/car_vision\n'}
[4.959947] (car_vision) StdoutLine: {'line': b'running symlink_data\n'}
[4.960046] (car_comms) StdoutLine: {'line': b'Installing v2x_alert_bridge script to /ws/install/car_comms/lib/car_comms\n'}
[4.960139] (car_comms) StdoutLine: {'line': b'\n'}
[4.960235] (car_comms) StdoutLine: {'line': b'Installed /ws/build/car_comms\n'}
[4.960333] (car_comms) StdoutLine: {'line': b'running symlink_data\n'}
[5.021031] (-) TimerEvent: {}
[5.043332] (car_vision) CommandEnded: {'returncode': 0}
[5.054580] (car_vision) JobEnded: {'identifier': 'car_vision', 'rc': 0}
[5.055753] (car_comms) CommandEnded: {'returncode': 0}
[5.065984] (car_comms) JobEnded: {'identifier': 'car_comms', 'rc': 0}
[5.066658] (-) EventReactorShutdown: {}
