running develop
running egg_info
creating car_control.egg-info
writing car_control.egg-info/PKG-INFO
writing dependency_links to car_control.egg-info/dependency_links.txt
writing entry points to car_control.egg-info/entry_points.txt
writing requirements to car_control.egg-info/requires.txt
writing top-level names to car_control.egg-info/top_level.txt
writing manifest file 'car_control.egg-info/SOURCES.txt'
reading manifest file 'car_control.egg-info/SOURCES.txt'
writing manifest file 'car_control.egg-info/SOURCES.txt'
running build_ext
Creating /ws/install/lib/python3.12/site-packages/car-control.egg-link (link to .)
Installing bt_cmd_bridge script to /ws/install/lib/car_control
Installing carla_event_bridge script to /ws/install/lib/car_control
Installing dummy_carla_collision_pub script to /ws/install/lib/car_control
Installing v2x_avoidance_node script to /ws/install/lib/car_control

Installed /ws/build/car_control
running symlink_data
symbolically linking /ws/build/car_control/resource/car_control -> /ws/install/share/ament_index/resource_index/packages
symbolically linking /ws/build/car_control/package.xml -> /ws/install/share/car_control
creating /ws/install/share/car_control/launch
symbolically linking /ws/build/car_control/launch/v2x_avoidance.launch.py -> /ws/install/share/car_control/launch
creating /ws/install/share/car_control/config
symbolically linking /ws/build/car_control/config/v2x_avoidance.yaml -> /ws/install/share/car_control/config
