[0.881s] Invoking command in '/ws/build/car_control': AMENT_PREFIX_PATH=/ws/install:${AMENT_PREFIX_PATH} CMAKE_PREFIX_PATH=/ws/install LD_LIBRARY_PATH=/ws/install/lib:${LD_LIBRARY_PATH} PYTHONPATH=/ws/build/car_control/prefix_override:/usr/lib/python3/dist-packages/colcon_core/task/python/colcon_distutils_commands:/ws/install/lib/python3.12/site-packages:/ws/install/lib/python3.12/site-packages:${PYTHONPATH} /usr/bin/python3 -W ignore:setup.py install is deprecated -W ignore:easy_install command is deprecated setup.py develop --editable --build-directory /ws/build/car_control/build --no-deps symlink_data
[1.170s] running develop
[1.302s] running egg_info
[1.303s] creating car_control.egg-info
[1.315s] writing car_control.egg-info/PKG-INFO
[1.315s] writing dependency_links to car_control.egg-info/dependency_links.txt
[1.316s] writing entry points to car_control.egg-info/entry_points.txt
[1.316s] writing requirements to car_control.egg-info/requires.txt
[1.316s] writing top-level names to car_control.egg-info/top_level.txt
[1.316s] writing manifest file 'car_control.egg-info/SOURCES.txt'
[1.340s] reading manifest file 'car_control.egg-info/SOURCES.txt'
[1.341s] writing manifest file 'car_control.egg-info/SOURCES.txt'
[1.356s] running build_ext
[1.356s] Creating /ws/install/lib/python3.12/site-packages/car-control.egg-link (link to .)
[1.356s] Installing bt_cmd_bridge script to /ws/install/lib/car_control
[1.357s] Installing carla_event_bridge script to /ws/install/lib/car_control
[1.357s] Installing dummy_carla_collision_pub script to /ws/install/lib/car_control
[1.357s] Installing v2x_avoidance_node script to /ws/install/lib/car_control
[1.357s] 
[1.357s] Installed /ws/build/car_control
[1.357s] running symlink_data
[1.357s] symbolically linking /ws/build/car_control/resource/car_control -> /ws/install/share/ament_index/resource_index/packages
[1.357s] symbolically linking /ws/build/car_control/package.xml -> /ws/install/share/car_control
[1.358s] creating /ws/install/share/car_control/launch
[1.358s] symbolically linking /ws/build/car_control/launch/v2x_avoidance.launch.py -> /ws/install/share/car_control/launch
[1.358s] creating /ws/install/share/car_control/config
[1.358s] symbolically linking /ws/build/car_control/config/v2x_avoidance.yaml -> /ws/install/share/car_control/config
[1.426s] Invoked command in '/ws/build/car_control' returned '0': AMENT_PREFIX_PATH=/ws/install:${AMENT_PREFIX_PATH} CMAKE_PREFIX_PATH=/ws/install LD_LIBRARY_PATH=/ws/install/lib:${LD_LIBRARY_PATH} PYTHONPATH=/ws/build/car_control/prefix_override:/usr/lib/python3/dist-packages/colcon_core/task/python/colcon_distutils_commands:/ws/install/lib/python3.12/site-packages:/ws/install/lib/python3.12/site-packages:${PYTHONPATH} /usr/bin/python3 -W ignore:setup.py install is deprecated -W ignore:easy_install command is deprecated setup.py develop --editable --build-directory /ws/build/car_control/build --no-deps symlink_data
