[0.790s] Invoking command in '/ws/build/car_control': AMENT_PREFIX_PATH=/ws/install:${AMENT_PREFIX_PATH} CMAKE_PREFIX_PATH=/ws/install LD_LIBRARY_PATH=/ws/install/lib:${LD_LIBRARY_PATH} PYTHONPATH=/ws/build/car_control/prefix_override:/usr/lib/python3/dist-packages/colcon_core/task/python/colcon_distutils_commands:/ws/install/lib/python3.12/site-packages:/ws/install/lib/python3.12/site-packages:${PYTHONPATH} /usr/bin/python3 -W ignore:setup.py install is deprecated -W ignore:easy_install command is deprecated setup.py develop --editable --build-directory /ws/build/car_control/build --no-deps symlink_data
[1.082s] running develop
[1.214s] running egg_info
[1.226s] writing car_control.egg-info/PKG-INFO
[1.226s] writing dependency_links to car_control.egg-info/dependency_links.txt
[1.228s] writing entry points to car_control.egg-info/entry_points.txt
[1.228s] writing requirements to car_control.egg-info/requires.txt
[1.229s] writing top-level names to car_control.egg-info/top_level.txt
[1.256s] reading manifest file 'car_control.egg-info/SOURCES.txt'
[1.257s] writing manifest file 'car_control.egg-info/SOURCES.txt'
[1.273s] running build_ext
[1.273s] Creating /ws/install/lib/python3.12/site-packages/car-control.egg-link (link to .)
[1.274s] Installing bt_cmd_bridge script to /ws/install/lib/car_control
[1.274s] Installing carla_event_bridge script to /ws/install/lib/car_control
[1.274s] Installing dummy_carla_collision_pub script to /ws/install/lib/car_control
[1.275s] Installing v2x_avoidance_node script to /ws/install/lib/car_control
[1.275s] 
[1.275s] Installed /ws/build/car_control
[1.275s] running symlink_data
[1.342s] Invoked command in '/ws/build/car_control' returned '0': AMENT_PREFIX_PATH=/ws/install:${AMENT_PREFIX_PATH} CMAKE_PREFIX_PATH=/ws/install LD_LIBRARY_PATH=/ws/install/lib:${LD_LIBRARY_PATH} PYTHONPATH=/ws/build/car_control/prefix_override:/usr/lib/python3/dist-packages/colcon_core/task/python/colcon_distutils_commands:/ws/install/lib/python3.12/site-packages:/ws/install/lib/python3.12/site-packages:${PYTHONPATH} /usr/bin/python3 -W ignore:setup.py install is deprecated -W ignore:easy_install command is deprecated setup.py develop --editable --build-directory /ws/build/car_control/build --no-deps symlink_data
