[0.000000] (-) TimerEvent: {}
[0.000117] (car_msgs) JobQueued: {'identifier': 'car_msgs', 'dependencies': OrderedDict()}
[0.000152] (vision_pkg) JobQueued: {'identifier': 'vision_pkg', 'dependencies': OrderedDict()}
[0.000172] (car_comms) JobQueued: {'identifier': 'car_comms', 'dependencies': OrderedDict({'car_msgs': '/ws/install/car_msgs'})}
[0.000194] (car_control) JobQueued: {'identifier': 'car_control', 'dependencies': OrderedDict({'car_msgs': '/ws/install/car_msgs'})}
[0.000213] (car_planning) JobQueued: {'identifier': 'car_planning', 'dependencies': OrderedDict({'car_msgs': '/ws/install/car_msgs'})}
[0.000230] (car_vision) JobQueued: {'identifier': 'car_vision', 'dependencies': OrderedDict({'car_msgs': '/ws/install/car_msgs'})}
[0.000584] (car_msgs) JobStarted: {'identifier': 'car_msgs'}
[0.006887] (vision_pkg) JobStarted: {'identifier': 'vision_pkg'}
[0.013251] (car_msgs) JobProgress: {'identifier': 'car_msgs', 'progress': 'cmake'}
[0.014004] (car_msgs) JobProgress: {'identifier': 'car_msgs', 'progress': 'build'}
[0.014725] (car_msgs) Command: {'cmd': ['/usr/bin/cmake', '--build', '/ws/build/car_msgs', '--', '-j4', '-l4'], 'cwd': '/ws/build/car_msgs', 'env': OrderedDict({'HOSTNAME': 'pi03', 'SHLVL': '1', 'LD_LIBRARY_PATH': '/opt/ros/jazzy/lib/aarch64-linux-gnu:/opt/ros/jazzy/lib', 'HOME': '/root', 'ROS_PYTHON_VERSION': '3', 'ROS_DISTRO': 'jazzy', '_': '/usr/bin/colcon', 'ROS_VERSION': '2', 'PATH': '/opt/ros/jazzy/bin:/usr/local/sbin:/usr/local/bin:/usr/sbin:/usr/bin:/sbin:/bin', 'LANG': 'C.UTF-8', 'ROS_DOMAIN_ID': '10', 'AMENT_PREFIX_PATH': '/opt/ros/jazzy', 'ROS_AUTOMATIC_DISCOVERY_RANGE': 'SUBNET', 'PWD': '/ws/build/car_msgs', 'LC_ALL': 'C.UTF-8', 'PYTHONPATH': '/opt/ros/jazzy/lib/python3.12/site-packages', 'COLCON': '1', 'CMAKE_PREFIX_PATH': '/opt/ros/jazzy'}), 'shell': False}
[0.100032] (-) TimerEvent: {}
[0.203947] (-) TimerEvent: {}
[0.304135] (-) TimerEvent: {}
[0.340864] (car_msgs) StdoutLine: {'line': b'[  2%] Built target car_msgs__rosidl_generator_type_description\n'}
[0.341127] (car_msgs) StdoutLine: {'line': b'[  2%] Built target ament_cmake_python_symlink_car_msgs\n'}
[0.341234] (car_msgs) StdoutLine: {'line': b'[ 17%] Built target car_msgs__rosidl_generator_c\n'}
[0.341315] (car_msgs) StdoutLine: {'line': b'[ 26%] Built target car_msgs__rosidl_typesupport_fastrtps_c\n'}
[0.341389] (car_msgs) StdoutLine: {'line': b'[ 29%] Built target car_msgs__cpp\n'}
[0.341462] (car_msgs) StdoutLine: {'line': b'[ 38%] Built target car_msgs__rosidl_typesupport_cpp\n'}
[0.341539] (car_msgs) StdoutLine: {'line': b'[ 47%] Built target car_msgs__rosidl_typesupport_introspection_c\n'}
[0.341617] (car_msgs) StdoutLine: {'line': b'[ 55%] Built target car_msgs__rosidl_typesupport_c\n'}
[0.341687] (car_msgs) StdoutLine: {'line': b'[ 64%] Built target car_msgs__rosidl_typesupport_fastrtps_cpp\n'}
[0.341754] (car_msgs) StdoutLine: {'line': b'[ 73%] Built target car_msgs__rosidl_typesupport_introspection_cpp\n'}
[0.364907] (car_msgs) StdoutLine: {'line': b'[ 73%] Built target car_msgs\n'}
[0.399380] (car_msgs) StdoutLine: {'line': b'[ 76%] Built target car_msgs__py\n'}
[0.404249] (-) TimerEvent: {}
[0.438292] (car_msgs) StdoutLine: {'line': b'[ 82%] Built target car_msgs__rosidl_generator_py\n'}
[0.453135] (car_msgs) StdoutLine: {'line': b'running egg_info\n'}
[0.472077] (car_msgs) StdoutLine: {'line': b'[ 88%] Built target car_msgs_s__rosidl_typesupport_introspection_c\n'}
[0.504444] (-) TimerEvent: {}
[0.505712] (car_msgs) StdoutLine: {'line': b'[ 94%] Built target car_msgs_s__rosidl_typesupport_fastrtps_c\n'}
[0.508296] (car_msgs) StdoutLine: {'line': b'[100%] Built target car_msgs_s__rosidl_typesupport_c\n'}
[0.515059] (car_msgs) StdoutLine: {'line': b'writing car_msgs.egg-info/PKG-INFO\n'}
[0.515843] (car_msgs) StdoutLine: {'line': b'writing dependency_links to car_msgs.egg-info/dependency_links.txt\n'}
[0.516491] (car_msgs) StdoutLine: {'line': b'writing top-level names to car_msgs.egg-info/top_level.txt\n'}
[0.607985] (-) TimerEvent: {}
[0.623987] (car_msgs) StdoutLine: {'line': b"reading manifest file 'car_msgs.egg-info/SOURCES.txt'\n"}
[0.625603] (car_msgs) StdoutLine: {'line': b"writing manifest file 'car_msgs.egg-info/SOURCES.txt'\n"}
[0.708922] (-) TimerEvent: {}
[0.793804] (car_msgs) StdoutLine: {'line': b'[100%] Built target ament_cmake_python_build_car_msgs_egg\n'}
[0.805204] (car_msgs) CommandEnded: {'returncode': 0}
[0.805494] (car_msgs) JobProgress: {'identifier': 'car_msgs', 'progress': 'install'}
[0.808715] (-) TimerEvent: {}
[0.814406] (car_msgs) Command: {'cmd': ['/usr/bin/cmake', '--install', '/ws/build/car_msgs'], 'cwd': '/ws/build/car_msgs', 'env': OrderedDict({'HOSTNAME': 'pi03', 'SHLVL': '1', 'LD_LIBRARY_PATH': '/opt/ros/jazzy/lib/aarch64-linux-gnu:/opt/ros/jazzy/lib', 'HOME': '/root', 'ROS_PYTHON_VERSION': '3', 'ROS_DISTRO': 'jazzy', '_': '/usr/bin/colcon', 'ROS_VERSION': '2', 'PATH': '/opt/ros/jazzy/bin:/usr/local/sbin:/usr/local/bin:/usr/sbin:/usr/bin:/sbin:/bin', 'LANG': 'C.UTF-8', 'ROS_DOMAIN_ID': '10', 'AMENT_PREFIX_PATH': '/opt/ros/jazzy', 'ROS_AUTOMATIC_DISCOVERY_RANGE': 'SUBNET', 'PWD': '/ws/build/car_msgs', 'LC_ALL': 'C.UTF-8', 'PYTHONPATH': '/opt/ros/jazzy/lib/python3.12/site-packages', 'COLCON': '1', 'CMAKE_PREFIX_PATH': '/opt/ros/jazzy'}), 'shell': False}
[0.823987] (car_msgs) StdoutLine: {'line': b'-- Install configuration: ""\n'}
[0.824699] (car_msgs) StdoutLine: {'line': b'-- Execute custom install script\n'}
[0.824995] (car_msgs) StdoutLine: {'line': b'-- Up-to-date symlink: /ws/install/car_msgs/share/ament_index/resource_index/rosidl_interfaces/car_msgs\n'}
[0.825232] (car_msgs) StdoutLine: {'line': b'-- Up-to-date symlink: /ws/install/car_msgs/share/car_msgs/msg/V2VAlert.json\n'}
[0.825742] (car_msgs) StdoutLine: {'line': b'-- Up-to-date symlink: /ws/install/car_msgs/include/car_msgs/car_msgs/msg/detail/v2_v_alert__functions.h\n'}
[0.825919] (car_msgs) StdoutLine: {'line': b'-- Up-to-date symlink: /ws/install/car_msgs/include/car_msgs/car_msgs/msg/detail/v2_v_alert__struct.h\n'}
[0.826104] (car_msgs) StdoutLine: {'line': b'-- Up-to-date symlink: /ws/install/car_msgs/include/car_msgs/car_msgs/msg/detail/v2_v_alert__type_support.h\n'}
[0.826249] (car_msgs) StdoutLine: {'line': b'-- Up-to-date symlink: /ws/install/car_msgs/include/car_msgs/car_msgs/msg/rosidl_generator_c__visibility_control.h\n'}
[0.826327] (car_msgs) StdoutLine: {'line': b'-- Up-to-date symlink: /ws/install/car_msgs/include/car_msgs/car_msgs/msg/v2_v_alert.h\n'}
[0.826463] (car_msgs) StdoutLine: {'line': b'-- Up-to-date symlink: /ws/install/car_msgs/share/car_msgs/environment/library_path.sh\n'}
[0.826609] (car_msgs) StdoutLine: {'line': b'-- Up-to-date symlink: /ws/install/car_msgs/share/car_msgs/environment/library_path.dsv\n'}
[0.827062] (car_msgs) StdoutLine: {'line': b'-- Up-to-date symlink: /ws/install/car_msgs/include/car_msgs/car_msgs/msg/detail/v2_v_alert__rosidl_typesupport_fastrtps_c.h\n'}
[0.827219] (car_msgs) StdoutLine: {'line': b'-- Up-to-date symlink: /ws/install/car_msgs/include/car_msgs/car_msgs/msg/rosidl_typesupport_fastrtps_c__visibility_control.h\n'}
[0.827550] (car_msgs) StdoutLine: {'line': b'-- Up-to-date symlink: /ws/install/car_msgs/include/car_msgs/car_msgs/msg/detail/v2_v_alert__rosidl_typesupport_introspection_c.h\n'}
[0.827708] (car_msgs) StdoutLine: {'line': b'-- Up-to-date symlink: /ws/install/car_msgs/include/car_msgs/car_msgs/msg/rosidl_typesupport_introspection_c__visibility_control.h\n'}
[0.828107] (car_msgs) StdoutLine: {'line': b'-- Up-to-date symlink: /ws/install/car_msgs/include/car_msgs/car_msgs/msg/detail/v2_v_alert__builder.hpp\n'}
[0.828274] (car_msgs) StdoutLine: {'line': b'-- Up-to-date symlink: /ws/install/car_msgs/include/car_msgs/car_msgs/msg/detail/v2_v_alert__struct.hpp\n'}
[0.828429] (car_msgs) StdoutLine: {'line': b'-- Up-to-date symlink: /ws/install/car_msgs/include/car_msgs/car_msgs/msg/detail/v2_v_alert__traits.hpp\n'}
[0.828559] (car_msgs) StdoutLine: {'line': b'-- Up-to-date symlink: /ws/install/car_msgs/include/car_msgs/car_msgs/msg/detail/v2_v_alert__type_support.hpp\n'}
[0.828698] (car_msgs) StdoutLine: {'line': b'-- Up-to-date symlink: /ws/install/car_msgs/include/car_msgs/car_msgs/msg/rosidl_generator_cpp__visibility_control.hpp\n'}
[0.828786] (car_msgs) StdoutLine: {'line': b'-- Up-to-date symlink: /ws/install/car_msgs/include/car_msgs/car_msgs/msg/v2_v_alert.hpp\n'}
[0.829169] (car_msgs) StdoutLine: {'line': b'-- Up-to-date symlink: /ws/install/car_msgs/include/car_msgs/car_msgs/msg/detail/v2_v_alert__rosidl_typesupport_fastrtps_cpp.hpp\n'}
[0.829326] (car_msgs) StdoutLine: {'line': b'-- Up-to-date symlink: /ws/install/car_msgs/include/car_msgs/car_msgs/msg/rosidl_typesupport_fastrtps_cpp__visibility_control.h\n'}
[0.829648] (car_msgs) StdoutLine: {'line': b'-- Up-to-date symlink: /ws/install/car_msgs/include/car_msgs/car_msgs/msg/detail/v2_v_alert__rosidl_typesupport_introspection_cpp.hpp\n'}
[0.829838] (car_msgs) StdoutLine: {'line': b'-- Up-to-date symlink: /ws/install/car_msgs/share/car_msgs/environment/pythonpath.sh\n'}
[0.829999] (car_msgs) StdoutLine: {'line': b'-- Up-to-date symlink: /ws/install/car_msgs/share/car_msgs/environment/pythonpath.dsv\n'}
[0.830560] (car_msgs) StdoutLine: {'line': b'-- Up-to-date symlink: /ws/install/car_msgs/lib/python3.12/site-packages/car_msgs-0.0.0-py3.12.egg-info/PKG-INFO\n'}
[0.830845] (car_msgs) StdoutLine: {'line': b'-- Up-to-date symlink: /ws/install/car_msgs/lib/python3.12/site-packages/car_msgs-0.0.0-py3.12.egg-info/SOURCES.txt\n'}
[0.830957] (car_msgs) StdoutLine: {'line': b'-- Up-to-date symlink: /ws/install/car_msgs/lib/python3.12/site-packages/car_msgs-0.0.0-py3.12.egg-info/dependency_links.txt\n'}
[0.831041] (car_msgs) StdoutLine: {'line': b'-- Up-to-date symlink: /ws/install/car_msgs/lib/python3.12/site-packages/car_msgs-0.0.0-py3.12.egg-info/top_level.txt\n'}
[0.831393] (car_msgs) StdoutLine: {'line': b'-- Up-to-date symlink: /ws/install/car_msgs/lib/python3.12/site-packages/car_msgs/__init__.py\n'}
[0.831550] (car_msgs) StdoutLine: {'line': b'-- Up-to-date symlink: /ws/install/car_msgs/lib/python3.12/site-packages/car_msgs/_car_msgs_s.ep.rosidl_typesupport_c.c\n'}
[0.831718] (car_msgs) StdoutLine: {'line': b'-- Up-to-date symlink: /ws/install/car_msgs/lib/python3.12/site-packages/car_msgs/_car_msgs_s.ep.rosidl_typesupport_fastrtps_c.c\n'}
[0.831842] (car_msgs) StdoutLine: {'line': b'-- Up-to-date symlink: /ws/install/car_msgs/lib/python3.12/site-packages/car_msgs/_car_msgs_s.ep.rosidl_typesupport_introspection_c.c\n'}
[0.832075] (car_msgs) StdoutLine: {'line': b'-- Up-to-date symlink: /ws/install/car_msgs/lib/python3.12/site-packages/car_msgs/car_msgs_s__rosidl_typesupport_c.so\n'}
[0.832157] (car_msgs) StdoutLine: {'line': b'-- Up-to-date symlink: /ws/install/car_msgs/lib/python3.12/site-packages/car_msgs/car_msgs_s__rosidl_typesupport_fastrtps_c.so\n'}
[0.832297] (car_msgs) StdoutLine: {'line': b'-- Up-to-date symlink: /ws/install/car_msgs/lib/python3.12/site-packages/car_msgs/car_msgs_s__rosidl_typesupport_introspection_c.so\n'}
[0.832485] (car_msgs) StdoutLine: {'line': b'-- Up-to-date symlink: /ws/install/car_msgs/lib/python3.12/site-packages/car_msgs/msg/__init__.py\n'}
[0.832573] (car_msgs) StdoutLine: {'line': b'-- Up-to-date symlink: /ws/install/car_msgs/lib/python3.12/site-packages/car_msgs/msg/_v2_v_alert.py\n'}
[0.832650] (car_msgs) StdoutLine: {'line': b'-- Up-to-date symlink: /ws/install/car_msgs/lib/python3.12/site-packages/car_msgs/msg/_v2_v_alert_s.c\n'}
[0.832792] (car_msgs) StdoutLine: {'line': b'-- Up-to-date symlink: /ws/install/car_msgs/lib/python3.12/site-packages/car_msgs/car_msgs_s__rosidl_typesupport_fastrtps_c.so\n'}
[0.833053] (car_msgs) StdoutLine: {'line': b'-- Up-to-date symlink: /ws/install/car_msgs/lib/python3.12/site-packages/car_msgs/car_msgs_s__rosidl_typesupport_introspection_c.so\n'}
[0.833335] (car_msgs) StdoutLine: {'line': b'-- Up-to-date symlink: /ws/install/car_msgs/lib/python3.12/site-packages/car_msgs/car_msgs_s__rosidl_typesupport_c.so\n'}
[0.833524] (car_msgs) StdoutLine: {'line': b'-- Up-to-date symlink: /ws/install/car_msgs/share/car_msgs/msg/V2VAlert.idl\n'}
[0.833687] (car_msgs) StdoutLine: {'line': b'-- Up-to-date symlink: /ws/install/car_msgs/share/car_msgs/msg/V2VAlert.msg\n'}
[0.833881] (car_msgs) StdoutLine: {'line': b'-- Up-to-date symlink: /ws/install/car_msgs/share/ament_index/resource_index/package_run_dependencies/car_msgs\n'}
[0.834055] (car_msgs) StdoutLine: {'line': b'-- Up-to-date symlink: /ws/install/car_msgs/share/ament_index/resource_index/parent_prefix_path/car_msgs\n'}
[0.834242] (car_msgs) StdoutLine: {'line': b'-- Up-to-date symlink: /ws/install/car_msgs/share/car_msgs/environment/ament_prefix_path.sh\n'}
[0.834420] (car_msgs) StdoutLine: {'line': b'-- Up-to-date symlink: /ws/install/car_msgs/share/car_msgs/environment/ament_prefix_path.dsv\n'}
[0.834625] (car_msgs) StdoutLine: {'line': b'-- Up-to-date symlink: /ws/install/car_msgs/share/car_msgs/environment/path.sh\n'}
[0.834791] (car_msgs) StdoutLine: {'line': b'-- Up-to-date symlink: /ws/install/car_msgs/share/car_msgs/environment/path.dsv\n'}
[0.834964] (car_msgs) StdoutLine: {'line': b'-- Up-to-date symlink: /ws/install/car_msgs/share/car_msgs/local_setup.bash\n'}
[0.835136] (car_msgs) StdoutLine: {'line': b'-- Up-to-date symlink: /ws/install/car_msgs/share/car_msgs/local_setup.sh\n'}
[0.835291] (car_msgs) StdoutLine: {'line': b'-- Up-to-date symlink: /ws/install/car_msgs/share/car_msgs/local_setup.zsh\n'}
[0.835458] (car_msgs) StdoutLine: {'line': b'-- Up-to-date symlink: /ws/install/car_msgs/share/car_msgs/local_setup.dsv\n'}
[0.835589] (car_msgs) StdoutLine: {'line': b'-- Symlinking: /ws/install/car_msgs/share/car_msgs/package.dsv\n'}
[0.846140] (car_msgs) StdoutLine: {'line': b'-- Up-to-date symlink: /ws/install/car_msgs/share/ament_index/resource_index/packages/car_msgs\n'}
[0.846533] (car_msgs) StdoutLine: {'line': b'-- Up-to-date symlink: /ws/install/car_msgs/share/car_msgs/cmake/rosidl_cmake-extras.cmake\n'}
[0.846747] (car_msgs) StdoutLine: {'line': b'-- Up-to-date symlink: /ws/install/car_msgs/share/car_msgs/cmake/ament_cmake_export_dependencies-extras.cmake\n'}
[0.846918] (car_msgs) StdoutLine: {'line': b'-- Up-to-date symlink: /ws/install/car_msgs/share/car_msgs/cmake/ament_cmake_export_include_directories-extras.cmake\n'}
[0.847071] (car_msgs) StdoutLine: {'line': b'-- Up-to-date symlink: /ws/install/car_msgs/share/car_msgs/cmake/ament_cmake_export_libraries-extras.cmake\n'}
[0.847158] (car_msgs) StdoutLine: {'line': b'-- Up-to-date symlink: /ws/install/car_msgs/share/car_msgs/cmake/ament_cmake_export_targets-extras.cmake\n'}
[0.847325] (car_msgs) StdoutLine: {'line': b'-- Up-to-date symlink: /ws/install/car_msgs/share/car_msgs/cmake/rosidl_cmake_export_typesupport_targets-extras.cmake\n'}
[0.847502] (car_msgs) StdoutLine: {'line': b'-- Up-to-date symlink: /ws/install/car_msgs/share/car_msgs/cmake/rosidl_cmake_export_typesupport_libraries-extras.cmake\n'}
[0.847664] (car_msgs) StdoutLine: {'line': b'-- Up-to-date symlink: /ws/install/car_msgs/share/car_msgs/cmake/car_msgsConfig.cmake\n'}
[0.847819] (car_msgs) StdoutLine: {'line': b'-- Up-to-date symlink: /ws/install/car_msgs/share/car_msgs/cmake/car_msgsConfig-version.cmake\n'}
[0.848074] (car_msgs) StdoutLine: {'line': b'-- Up-to-date symlink: /ws/install/car_msgs/share/car_msgs/package.xml\n'}
[0.848316] (car_msgs) StdoutLine: {'line': b'-- Up-to-date: /ws/install/car_msgs/lib/libcar_msgs__rosidl_generator_c.so\n'}
[0.848666] (car_msgs) StdoutLine: {'line': b'-- Up-to-date: /ws/install/car_msgs/lib/libcar_msgs__rosidl_typesupport_fastrtps_c.so\n'}
[0.848951] (car_msgs) StdoutLine: {'line': b'-- Up-to-date: /ws/install/car_msgs/lib/libcar_msgs__rosidl_typesupport_introspection_c.so\n'}
[0.849194] (car_msgs) StdoutLine: {'line': b'-- Up-to-date: /ws/install/car_msgs/lib/libcar_msgs__rosidl_typesupport_c.so\n'}
[0.849448] (car_msgs) StdoutLine: {'line': b'-- Up-to-date: /ws/install/car_msgs/lib/libcar_msgs__rosidl_typesupport_fastrtps_cpp.so\n'}
[0.849719] (car_msgs) StdoutLine: {'line': b'-- Up-to-date: /ws/install/car_msgs/lib/libcar_msgs__rosidl_typesupport_introspection_cpp.so\n'}
[0.849980] (car_msgs) StdoutLine: {'line': b'-- Up-to-date: /ws/install/car_msgs/lib/libcar_msgs__rosidl_typesupport_cpp.so\n'}
[0.899953] (car_msgs) StdoutLine: {'line': b"Listing '/ws/install/car_msgs/lib/python3.12/site-packages/car_msgs'...\n"}
[0.900228] (car_msgs) StdoutLine: {'line': b"Listing '/ws/install/car_msgs/lib/python3.12/site-packages/car_msgs/msg'...\n"}
[0.904534] (vision_pkg) Command: {'cmd': ['/usr/bin/python3', '-W', 'ignore:setup.py install is deprecated', '-W', 'ignore:easy_install command is deprecated', 'setup.py', 'develop', '--editable', '--build-directory', '/ws/build/vision_pkg/build', '--no-deps', 'symlink_data'], 'cwd': '/ws/build/vision_pkg', 'env': {'HOSTNAME': 'pi03', 'SHLVL': '1', 'LD_LIBRARY_PATH': '/opt/ros/jazzy/lib/aarch64-linux-gnu:/opt/ros/jazzy/lib', 'HOME': '/root', 'ROS_PYTHON_VERSION': '3', 'ROS_DISTRO': 'jazzy', '_': '/usr/bin/colcon', 'ROS_VERSION': '2', 'PATH': '/opt/ros/jazzy/bin:/usr/local/sbin:/usr/local/bin:/usr/sbin:/usr/bin:/sbin:/bin', 'LANG': 'C.UTF-8', 'ROS_DOMAIN_ID': '10', 'AMENT_PREFIX_PATH': '/opt/ros/jazzy', 'ROS_AUTOMATIC_DISCOVERY_RANGE': 'SUBNET', 'PWD': '/ws/build/vision_pkg', 'LC_ALL': 'C.UTF-8', 'PYTHONPATH': '/ws/build/vision_pkg/prefix_override:/usr/lib/python3/dist-packages/colcon_core/task/python/colcon_distutils_commands:/ws/install/vision_pkg/lib/python3.12/site-packages:/opt/ros/jazzy/lib/python3.12/site-packages', 'COLCON': '1'}, 'shell': False}
[0.908831] (-) TimerEvent: {}
[0.910121] (car_msgs) StdoutLine: {'line': b'-- Up-to-date: /ws/install/car_msgs/lib/libcar_msgs__rosidl_generator_py.so\n'}
[0.910634] (car_msgs) StdoutLine: {'line': b'-- Up-to-date: /ws/install/car_msgs/share/car_msgs/cmake/export_car_msgs__rosidl_generator_cExport.cmake\n'}
[0.910758] (car_msgs) StdoutLine: {'line': b'-- Up-to-date: /ws/install/car_msgs/share/car_msgs/cmake/export_car_msgs__rosidl_generator_cExport-noconfig.cmake\n'}
[0.911028] (car_msgs) StdoutLine: {'line': b'-- Up-to-date: /ws/install/car_msgs/share/car_msgs/cmake/export_car_msgs__rosidl_typesupport_fastrtps_cExport.cmake\n'}
[0.911126] (car_msgs) StdoutLine: {'line': b'-- Up-to-date: /ws/install/car_msgs/share/car_msgs/cmake/export_car_msgs__rosidl_typesupport_fastrtps_cExport-noconfig.cmake\n'}
[0.911391] (car_msgs) StdoutLine: {'line': b'-- Up-to-date: /ws/install/car_msgs/share/car_msgs/cmake/car_msgs__rosidl_typesupport_introspection_cExport.cmake\n'}
[0.911486] (car_msgs) StdoutLine: {'line': b'-- Up-to-date: /ws/install/car_msgs/share/car_msgs/cmake/car_msgs__rosidl_typesupport_introspection_cExport-noconfig.cmake\n'}
[0.911759] (car_msgs) StdoutLine: {'line': b'-- Up-to-date: /ws/install/car_msgs/share/car_msgs/cmake/car_msgs__rosidl_typesupport_cExport.cmake\n'}
[0.911869] (car_msgs) StdoutLine: {'line': b'-- Up-to-date: /ws/install/car_msgs/share/car_msgs/cmake/car_msgs__rosidl_typesupport_cExport-noconfig.cmake\n'}
[0.912118] (car_msgs) StdoutLine: {'line': b'-- Up-to-date: /ws/install/car_msgs/share/car_msgs/cmake/export_car_msgs__rosidl_generator_cppExport.cmake\n'}
[0.912378] (car_msgs) StdoutLine: {'line': b'-- Up-to-date: /ws/install/car_msgs/share/car_msgs/cmake/export_car_msgs__rosidl_typesupport_fastrtps_cppExport.cmake\n'}
[0.912471] (car_msgs) StdoutLine: {'line': b'-- Up-to-date: /ws/install/car_msgs/share/car_msgs/cmake/export_car_msgs__rosidl_typesupport_fastrtps_cppExport-noconfig.cmake\n'}
[0.912741] (car_msgs) StdoutLine: {'line': b'-- Up-to-date: /ws/install/car_msgs/share/car_msgs/cmake/car_msgs__rosidl_typesupport_introspection_cppExport.cmake\n'}
[0.912836] (car_msgs) StdoutLine: {'line': b'-- Up-to-date: /ws/install/car_msgs/share/car_msgs/cmake/car_msgs__rosidl_typesupport_introspection_cppExport-noconfig.cmake\n'}
[0.913102] (car_msgs) StdoutLine: {'line': b'-- Up-to-date: /ws/install/car_msgs/share/car_msgs/cmake/car_msgs__rosidl_typesupport_cppExport.cmake\n'}
[0.913195] (car_msgs) StdoutLine: {'line': b'-- Up-to-date: /ws/install/car_msgs/share/car_msgs/cmake/car_msgs__rosidl_typesupport_cppExport-noconfig.cmake\n'}
[0.913459] (car_msgs) StdoutLine: {'line': b'-- Up-to-date: /ws/install/car_msgs/share/car_msgs/cmake/export_car_msgs__rosidl_generator_pyExport.cmake\n'}
[0.913552] (car_msgs) StdoutLine: {'line': b'-- Up-to-date: /ws/install/car_msgs/share/car_msgs/cmake/export_car_msgs__rosidl_generator_pyExport-noconfig.cmake\n'}
[0.915277] (car_msgs) CommandEnded: {'returncode': 0}
[0.947424] (car_msgs) JobEnded: {'identifier': 'car_msgs', 'rc': 0}
[0.948978] (car_comms) JobStarted: {'identifier': 'car_comms'}
[0.956715] (car_control) JobStarted: {'identifier': 'car_control'}
[0.963217] (car_planning) JobStarted: {'identifier': 'car_planning'}
[1.008927] (-) TimerEvent: {}
[1.109281] (-) TimerEvent: {}
[1.209710] (-) TimerEvent: {}
[1.309888] (-) TimerEvent: {}
[1.410054] (-) TimerEvent: {}
[1.510220] (-) TimerEvent: {}
[1.610403] (-) TimerEvent: {}
[1.710588] (-) TimerEvent: {}
[1.733386] (vision_pkg) StdoutLine: {'line': b'running develop\n'}
[1.776588] (vision_pkg) StdoutLine: {'line': b'running egg_info\n'}
[1.791577] (vision_pkg) StdoutLine: {'line': b'writing vision_pkg.egg-info/PKG-INFO\n'}
[1.796091] (vision_pkg) StdoutLine: {'line': b'writing dependency_links to vision_pkg.egg-info/dependency_links.txt\n'}
[1.796293] (vision_pkg) StdoutLine: {'line': b'writing entry points to vision_pkg.egg-info/entry_points.txt\n'}
[1.796376] (vision_pkg) StdoutLine: {'line': b'writing requirements to vision_pkg.egg-info/requires.txt\n'}
[1.796527] (vision_pkg) StdoutLine: {'line': b'writing top-level names to vision_pkg.egg-info/top_level.txt\n'}
[1.810703] (-) TimerEvent: {}
[1.910890] (-) TimerEvent: {}
[2.011068] (-) TimerEvent: {}
[2.111246] (-) TimerEvent: {}
[2.211428] (-) TimerEvent: {}
[2.220760] (vision_pkg) StdoutLine: {'line': b"reading manifest file 'vision_pkg.egg-info/SOURCES.txt'\n"}
[2.221606] (vision_pkg) StdoutLine: {'line': b"writing manifest file 'vision_pkg.egg-info/SOURCES.txt'\n"}
[2.273045] (vision_pkg) StdoutLine: {'line': b'running build_ext\n'}
[2.273380] (vision_pkg) StdoutLine: {'line': b'Creating /ws/install/vision_pkg/lib/python3.12/site-packages/vision-pkg.egg-link (link to .)\n'}
[2.276119] (vision_pkg) StdoutLine: {'line': b'Installing lane_detector_node script to /ws/install/vision_pkg/lib/vision_pkg\n'}
[2.276340] (vision_pkg) StdoutLine: {'line': b'\n'}
[2.276422] (vision_pkg) StdoutLine: {'line': b'Installed /ws/build/vision_pkg\n'}
[2.276495] (vision_pkg) StdoutLine: {'line': b'running symlink_data\n'}
[2.311580] (-) TimerEvent: {}
[2.348411] (car_comms) Command: {'cmd': ['/usr/bin/python3', '-W', 'ignore:setup.py install is deprecated', '-W', 'ignore:easy_install command is deprecated', 'setup.py', 'develop', '--editable', '--build-directory', '/ws/build/car_comms/build', '--no-deps', 'symlink_data'], 'cwd': '/ws/build/car_comms', 'env': {'HOSTNAME': 'pi03', 'SHLVL': '1', 'LD_LIBRARY_PATH': '/ws/install/car_msgs/lib:/opt/ros/jazzy/lib/aarch64-linux-gnu:/opt/ros/jazzy/lib', 'HOME': '/root', 'ROS_PYTHON_VERSION': '3', 'ROS_DISTRO': 'jazzy', '_': '/usr/bin/colcon', 'ROS_VERSION': '2', 'PATH': '/opt/ros/jazzy/bin:/usr/local/sbin:/usr/local/bin:/usr/sbin:/usr/bin:/sbin:/bin', 'LANG': 'C.UTF-8', 'ROS_DOMAIN_ID': '10', 'AMENT_PREFIX_PATH': '/ws/install/car_msgs:/opt/ros/jazzy', 'ROS_AUTOMATIC_DISCOVERY_RANGE': 'SUBNET', 'PWD': '/ws/build/car_comms', 'LC_ALL': 'C.UTF-8', 'PYTHONPATH': '/ws/build/car_comms/prefix_override:/usr/lib/python3/dist-packages/colcon_core/task/python/colcon_distutils_commands:/ws/install/car_comms/lib/python3.12/site-packages:/ws/install/car_msgs/lib/python3.12/site-packages:/opt/ros/jazzy/lib/python3.12/site-packages', 'COLCON': '1', 'CMAKE_PREFIX_PATH': '/ws/install/car_msgs'}, 'shell': False}
[2.353989] (car_planning) Command: {'cmd': ['/usr/bin/python3', '-W', 'ignore:setup.py install is deprecated', '-W', 'ignore:easy_install command is deprecated', 'setup.py', 'develop', '--editable', '--build-directory', '/ws/build/car_planning/build', '--no-deps', 'symlink_data'], 'cwd': '/ws/build/car_planning', 'env': {'HOSTNAME': 'pi03', 'SHLVL': '1', 'LD_LIBRARY_PATH': '/ws/install/car_msgs/lib:/opt/ros/jazzy/lib/aarch64-linux-gnu:/opt/ros/jazzy/lib', 'HOME': '/root', 'ROS_PYTHON_VERSION': '3', 'ROS_DISTRO': 'jazzy', '_': '/usr/bin/colcon', 'ROS_VERSION': '2', 'PATH': '/opt/ros/jazzy/bin:/usr/local/sbin:/usr/local/bin:/usr/sbin:/usr/bin:/sbin:/bin', 'LANG': 'C.UTF-8', 'ROS_DOMAIN_ID': '10', 'AMENT_PREFIX_PATH': '/ws/install/car_msgs:/opt/ros/jazzy', 'ROS_AUTOMATIC_DISCOVERY_RANGE': 'SUBNET', 'PWD': '/ws/build/car_planning', 'LC_ALL': 'C.UTF-8', 'PYTHONPATH': '/ws/build/car_planning/prefix_override:/usr/lib/python3/dist-packages/colcon_core/task/python/colcon_distutils_commands:/ws/install/car_planning/lib/python3.12/site-packages:/ws/install/car_msgs/lib/python3.12/site-packages:/opt/ros/jazzy/lib/python3.12/site-packages', 'COLCON': '1', 'CMAKE_PREFIX_PATH': '/ws/install/car_msgs'}, 'shell': False}
[2.410163] (vision_pkg) CommandEnded: {'returncode': 0}
[2.416005] (-) TimerEvent: {}
[2.435191] (vision_pkg) JobEnded: {'identifier': 'vision_pkg', 'rc': 0}
[2.436055] (car_vision) JobStarted: {'identifier': 'car_vision'}
[2.484229] (car_control) Command: {'cmd': ['/usr/bin/python3', '-W', 'ignore:setup.py install is deprecated', '-W', 'ignore:easy_install command is deprecated', 'setup.py', 'develop', '--editable', '--build-directory', '/ws/build/car_control/build', '--no-deps', 'symlink_data'], 'cwd': '/ws/build/car_control', 'env': {'HOSTNAME': 'pi03', 'SHLVL': '1', 'LD_LIBRARY_PATH': '/ws/install/car_msgs/lib:/opt/ros/jazzy/lib/aarch64-linux-gnu:/opt/ros/jazzy/lib', 'HOME': '/root', 'ROS_PYTHON_VERSION': '3', 'ROS_DISTRO': 'jazzy', '_': '/usr/bin/colcon', 'ROS_VERSION': '2', 'PATH': '/opt/ros/jazzy/bin:/usr/local/sbin:/usr/local/bin:/usr/sbin:/usr/bin:/sbin:/bin', 'LANG': 'C.UTF-8', 'ROS_DOMAIN_ID': '10', 'AMENT_PREFIX_PATH': '/ws/install/car_msgs:/opt/ros/jazzy', 'ROS_AUTOMATIC_DISCOVERY_RANGE': 'SUBNET', 'PWD': '/ws/build/car_control', 'LC_ALL': 'C.UTF-8', 'PYTHONPATH': '/ws/build/car_control/prefix_override:/usr/lib/python3/dist-packages/colcon_core/task/python/colcon_distutils_commands:/ws/install/car_control/lib/python3.12/site-packages:/ws/install/car_msgs/lib/python3.12/site-packages:/opt/ros/jazzy/lib/python3.12/site-packages', 'COLCON': '1', 'CMAKE_PREFIX_PATH': '/ws/install/car_msgs'}, 'shell': False}
[2.516098] (-) TimerEvent: {}
[2.616273] (-) TimerEvent: {}
[2.716874] (-) TimerEvent: {}
[2.817034] (-) TimerEvent: {}
[2.917211] (-) TimerEvent: {}
[3.017424] (-) TimerEvent: {}
[3.117672] (-) TimerEvent: {}
[3.217857] (-) TimerEvent: {}
[3.317998] (-) TimerEvent: {}
[3.418153] (-) TimerEvent: {}
[3.518380] (-) TimerEvent: {}
[3.623694] (-) TimerEvent: {}
[3.646899] (car_planning) StdoutLine: {'line': b'running develop\n'}
[3.647111] (car_planning) StdoutLine: {'line': b'running egg_info\n'}
[3.647217] (car_planning) StdoutLine: {'line': b'writing car_planning.egg-info/PKG-INFO\n'}
[3.647307] (car_planning) StdoutLine: {'line': b'writing dependency_links to car_planning.egg-info/dependency_links.txt\n'}
[3.647388] (car_planning) StdoutLine: {'line': b'writing entry points to car_planning.egg-info/entry_points.txt\n'}
[3.647473] (car_planning) StdoutLine: {'line': b'writing requirements to car_planning.egg-info/requires.txt\n'}
[3.647560] (car_planning) StdoutLine: {'line': b'writing top-level names to car_planning.egg-info/top_level.txt\n'}
[3.647630] (car_planning) StdoutLine: {'line': b"reading manifest file 'car_planning.egg-info/SOURCES.txt'\n"}
[3.647697] (car_planning) StdoutLine: {'line': b"writing manifest file 'car_planning.egg-info/SOURCES.txt'\n"}
[3.647762] (car_planning) StdoutLine: {'line': b'running build_ext\n'}
[3.647827] (car_planning) StdoutLine: {'line': b'Creating /ws/install/car_planning/lib/python3.12/site-packages/car-planning.egg-link (link to .)\n'}
[3.647925] (car_planning) StdoutLine: {'line': b'Installing decision_maker script to /ws/install/car_planning/lib/car_planning\n'}
[3.648011] (car_planning) StdoutLine: {'line': b'\n'}
[3.648095] (car_planning) StdoutLine: {'line': b'Installed /ws/build/car_planning\n'}
[3.648168] (car_planning) StdoutLine: {'line': b'running symlink_data\n'}
[3.648248] (car_comms) StdoutLine: {'line': b'running develop\n'}
[3.648833] (car_comms) StdoutLine: {'line': b'running egg_info\n'}
[3.648915] (car_comms) StdoutLine: {'line': b'writing car_comms.egg-info/PKG-INFO\n'}
[3.648985] (car_comms) StdoutLine: {'line': b'writing dependency_links to car_comms.egg-info/dependency_links.txt\n'}
[3.649053] (car_comms) StdoutLine: {'line': b'writing entry points to car_comms.egg-info/entry_points.txt\n'}
[3.649124] (car_comms) StdoutLine: {'line': b'writing requirements to car_comms.egg-info/requires.txt\n'}
[3.649193] (car_comms) StdoutLine: {'line': b'writing top-level names to car_comms.egg-info/top_level.txt\n'}
[3.649262] (car_comms) StdoutLine: {'line': b"reading manifest file 'car_comms.egg-info/SOURCES.txt'\n"}
[3.649331] (car_comms) StdoutLine: {'line': b"writing manifest file 'car_comms.egg-info/SOURCES.txt'\n"}
[3.649400] (car_comms) StdoutLine: {'line': b'running build_ext\n'}
[3.649469] (car_comms) StdoutLine: {'line': b'Creating /ws/install/car_comms/lib/python3.12/site-packages/car-comms.egg-link (link to .)\n'}
[3.649540] (car_comms) StdoutLine: {'line': b'Installing v2x_alert_bridge script to /ws/install/car_comms/lib/car_comms\n'}
[3.649609] (car_comms) StdoutLine: {'line': b'\n'}
[3.649678] (car_comms) StdoutLine: {'line': b'Installed /ws/build/car_comms\n'}
[3.649746] (car_comms) StdoutLine: {'line': b'running symlink_data\n'}
[3.649816] (car_control) StdoutLine: {'line': b'running develop\n'}
[3.650304] (car_control) StdoutLine: {'line': b'running egg_info\n'}
[3.650380] (car_control) StdoutLine: {'line': b'writing car_control.egg-info/PKG-INFO\n'}
[3.650452] (car_control) StdoutLine: {'line': b'writing dependency_links to car_control.egg-info/dependency_links.txt\n'}
[3.650522] (car_control) StdoutLine: {'line': b'writing entry points to car_control.egg-info/entry_points.txt\n'}
[3.650592] (car_control) StdoutLine: {'line': b'writing requirements to car_control.egg-info/requires.txt\n'}
[3.650662] (car_control) StdoutLine: {'line': b'writing top-level names to car_control.egg-info/top_level.txt\n'}
[3.650732] (car_control) StdoutLine: {'line': b"reading manifest file 'car_control.egg-info/SOURCES.txt'\n"}
[3.650801] (car_control) StdoutLine: {'line': b"writing manifest file 'car_control.egg-info/SOURCES.txt'\n"}
[3.650869] (car_control) StdoutLine: {'line': b'running build_ext\n'}
[3.650938] (car_control) StdoutLine: {'line': b'Creating /ws/install/car_control/lib/python3.12/site-packages/car-control.egg-link (link to .)\n'}
[3.651009] (car_control) StdoutLine: {'line': b'Installing v2x_avoidance_node script to /ws/install/car_control/lib/car_control\n'}
[3.651080] (car_control) StdoutLine: {'line': b'\n'}
[3.651149] (car_control) StdoutLine: {'line': b'Installed /ws/build/car_control\n'}
[3.651219] (car_control) StdoutLine: {'line': b'running symlink_data\n'}
[3.651289] (car_planning) CommandEnded: {'returncode': 0}
[3.661936] (car_planning) JobEnded: {'identifier': 'car_planning', 'rc': 0}
[3.663553] (car_comms) CommandEnded: {'returncode': 0}
[3.672903] (car_comms) JobEnded: {'identifier': 'car_comms', 'rc': 0}
[3.674774] (car_control) CommandEnded: {'returncode': 0}
[3.704918] (car_control) JobEnded: {'identifier': 'car_control', 'rc': 0}
[3.723810] (-) TimerEvent: {}
[3.824020] (-) TimerEvent: {}
[3.924216] (-) TimerEvent: {}
[4.024400] (-) TimerEvent: {}
[4.124556] (-) TimerEvent: {}
[4.224716] (-) TimerEvent: {}
[4.324885] (-) TimerEvent: {}
[4.425056] (-) TimerEvent: {}
[4.525218] (-) TimerEvent: {}
[4.625377] (-) TimerEvent: {}
[4.725557] (-) TimerEvent: {}
[4.740973] (car_vision) Command: {'cmd': ['/usr/bin/python3', '-W', 'ignore:setup.py install is deprecated', '-W', 'ignore:easy_install command is deprecated', 'setup.py', 'develop', '--editable', '--build-directory', '/ws/build/car_vision/build', '--no-deps', 'symlink_data'], 'cwd': '/ws/build/car_vision', 'env': {'HOSTNAME': 'pi03', 'SHLVL': '1', 'LD_LIBRARY_PATH': '/ws/install/car_msgs/lib:/opt/ros/jazzy/lib/aarch64-linux-gnu:/opt/ros/jazzy/lib', 'HOME': '/root', 'ROS_PYTHON_VERSION': '3', 'ROS_DISTRO': 'jazzy', '_': '/usr/bin/colcon', 'ROS_VERSION': '2', 'PATH': '/opt/ros/jazzy/bin:/usr/local/sbin:/usr/local/bin:/usr/sbin:/usr/bin:/sbin:/bin', 'LANG': 'C.UTF-8', 'ROS_DOMAIN_ID': '10', 'AMENT_PREFIX_PATH': '/ws/install/car_msgs:/opt/ros/jazzy', 'ROS_AUTOMATIC_DISCOVERY_RANGE': 'SUBNET', 'PWD': '/ws/build/car_vision', 'LC_ALL': 'C.UTF-8', 'PYTHONPATH': '/ws/build/car_vision/prefix_override:/usr/lib/python3/dist-packages/colcon_core/task/python/colcon_distutils_commands:/ws/install/car_vision/lib/python3.12/site-packages:/ws/install/car_msgs/lib/python3.12/site-packages:/opt/ros/jazzy/lib/python3.12/site-packages', 'COLCON': '1', 'CMAKE_PREFIX_PATH': '/ws/install/car_msgs'}, 'shell': False}
[4.825654] (-) TimerEvent: {}
[4.925810] (-) TimerEvent: {}
[5.023888] (car_vision) StdoutLine: {'line': b'running develop\n'}
[5.025870] (-) TimerEvent: {}
[5.125971] (-) TimerEvent: {}
[5.150878] (car_vision) StdoutLine: {'line': b'running egg_info\n'}
[5.163414] (car_vision) StdoutLine: {'line': b'writing car_vision.egg-info/PKG-INFO\n'}
[5.163716] (car_vision) StdoutLine: {'line': b'writing dependency_links to car_vision.egg-info/dependency_links.txt\n'}
[5.164455] (car_vision) StdoutLine: {'line': b'writing requirements to car_vision.egg-info/requires.txt\n'}
[5.165004] (car_vision) StdoutLine: {'line': b'writing top-level names to car_vision.egg-info/top_level.txt\n'}
[5.191877] (car_vision) StdoutLine: {'line': b"reading manifest file 'car_vision.egg-info/SOURCES.txt'\n"}
[5.192611] (car_vision) StdoutLine: {'line': b"writing manifest file 'car_vision.egg-info/SOURCES.txt'\n"}
[5.206982] (car_vision) StdoutLine: {'line': b'running build_ext\n'}
[5.207162] (car_vision) StdoutLine: {'line': b'Creating /ws/install/car_vision/lib/python3.12/site-packages/car-vision.egg-link (link to .)\n'}
[5.207790] (car_vision) StdoutLine: {'line': b'\n'}
[5.207941] (car_vision) StdoutLine: {'line': b'Installed /ws/build/car_vision\n'}
[5.208015] (car_vision) StdoutLine: {'line': b'running symlink_data\n'}
[5.226069] (-) TimerEvent: {}
[5.275937] (car_vision) CommandEnded: {'returncode': 0}
[5.285955] (car_vision) JobEnded: {'identifier': 'car_vision', 'rc': 0}
[5.286508] (-) EventReactorShutdown: {}
