[0.129s] DEBUG:colcon:Command line arguments: ['/usr/bin/colcon', 'build', '--symlink-install']
[0.129s] DEBUG:colcon:Parsed command line arguments: Namespace(log_base=None, log_level=None, verb_name='build', build_base='build', install_base='install', merge_install=False, symlink_install=True, test_result_base=None, continue_on_error=False, executor='parallel', parallel_workers=4, event_handlers=None, ignore_user_meta=False, metas=['./colcon.meta'], base_paths=['.'], packages_ignore=None, packages_ignore_regex=None, paths=None, packages_up_to=None, packages_up_to_regex=None, packages_above=None, packages_above_and_dependencies=None, packages_above_depth=None, packages_select_by_dep=None, packages_skip_by_dep=None, packages_skip_up_to=None, packages_select_build_failed=False, packages_skip_build_finished=False, packages_select_test_failures=False, packages_skip_test_passed=False, packages_select=None, packages_skip=None, packages_select_regex=None, packages_skip_regex=None, packages_start=None, packages_end=None, cmake_args=None, cmake_target=None, cmake_target_skip_unavailable=False, cmake_clean_cache=False, cmake_clean_first=False, cmake_force_configure=False, ament_cmake_args=None, catkin_cmake_args=None, catkin_skip_building_tests=False, mixin_files=None, mixin=None, verb_parser=<colcon_mixin.mixin.mixin_argument.MixinArgumentDecorator object at 0x7fff26f58cb0>, verb_extension=<colcon_core.verb.build.BuildVerb object at 0x7fff26f58a40>, main=<bound method BuildVerb.main of <colcon_core.verb.build.BuildVerb object at 0x7fff26f58a40>>, mixin_verb=('build',))
[0.176s] Level 1:colcon.colcon_core.package_discovery:discover_packages(colcon_meta) check parameters
[0.177s] INFO:colcon.colcon_metadata.package_discovery.colcon_meta:Using configuration from '/root/.colcon/metadata/default/Gazebo.meta'
[0.177s] INFO:colcon.colcon_metadata.package_discovery.colcon_meta:Using configuration from '/root/.colcon/metadata/default/fastdds.meta'
[0.178s] INFO:colcon.colcon_metadata.package_discovery.colcon_meta:Using configuration from '/root/.colcon/metadata/default/fastrtps.meta'
[0.178s] Level 1:colcon.colcon_core.package_discovery:discover_packages(recursive) check parameters
[0.178s] Level 1:colcon.colcon_core.package_discovery:discover_packages(ignore) check parameters
[0.178s] Level 1:colcon.colcon_core.package_discovery:discover_packages(path) check parameters
[0.178s] Level 1:colcon.colcon_core.package_discovery:discover_packages(colcon_meta) discover
[0.178s] Level 1:colcon.colcon_core.package_discovery:discover_packages(recursive) discover
[0.178s] INFO:colcon.colcon_core.package_discovery:Crawling recursively for packages in '/ws'
[0.178s] Level 1:colcon.colcon_core.package_identification:_identify(.) by extensions ['ignore', 'ignore_ament_install']
[0.178s] Level 1:colcon.colcon_core.package_identification:_identify(.) by extension 'ignore'
[0.178s] Level 1:colcon.colcon_core.package_identification:_identify(.) by extension 'ignore_ament_install'
[0.178s] Level 1:colcon.colcon_core.package_identification:_identify(.) by extensions ['colcon_pkg']
[0.178s] Level 1:colcon.colcon_core.package_identification:_identify(.) by extension 'colcon_pkg'
[0.178s] Level 1:colcon.colcon_core.package_identification:_identify(.) by extensions ['colcon_meta']
[0.179s] Level 1:colcon.colcon_core.package_identification:_identify(.) by extension 'colcon_meta'
[0.179s] Level 1:colcon.colcon_core.package_identification:_identify(.) by extensions ['ros']
[0.179s] Level 1:colcon.colcon_core.package_identification:_identify(.) by extension 'ros'
[0.210s] Level 1:colcon.colcon_core.package_identification:_identify(.) by extensions ['cmake', 'python']
[0.210s] Level 1:colcon.colcon_core.package_identification:_identify(.) by extension 'cmake'
[0.210s] Level 1:colcon.colcon_core.package_identification:_identify(.) by extension 'python'
[0.211s] Level 1:colcon.colcon_core.package_identification:_identify(.) by extensions ['python_setup_py']
[0.211s] Level 1:colcon.colcon_core.package_identification:_identify(.) by extension 'python_setup_py'
[0.211s] Level 1:colcon.colcon_core.package_identification:_identify(build) by extensions ['ignore', 'ignore_ament_install']
[0.211s] Level 1:colcon.colcon_core.package_identification:_identify(build) by extension 'ignore'
[0.211s] Level 1:colcon.colcon_core.package_identification:_identify(build) ignored
[0.211s] Level 1:colcon.colcon_core.package_identification:_identify(install) by extensions ['ignore', 'ignore_ament_install']
[0.211s] Level 1:colcon.colcon_core.package_identification:_identify(install) by extension 'ignore'
[0.211s] Level 1:colcon.colcon_core.package_identification:_identify(install) ignored
[0.211s] Level 1:colcon.colcon_core.package_identification:_identify(log) by extensions ['ignore', 'ignore_ament_install']
[0.211s] Level 1:colcon.colcon_core.package_identification:_identify(log) by extension 'ignore'
[0.211s] Level 1:colcon.colcon_core.package_identification:_identify(log) ignored
[0.211s] Level 1:colcon.colcon_core.package_identification:_identify(src) by extensions ['ignore', 'ignore_ament_install']
[0.211s] Level 1:colcon.colcon_core.package_identification:_identify(src) by extension 'ignore'
[0.212s] Level 1:colcon.colcon_core.package_identification:_identify(src) by extension 'ignore_ament_install'
[0.212s] Level 1:colcon.colcon_core.package_identification:_identify(src) by extensions ['colcon_pkg']
[0.212s] Level 1:colcon.colcon_core.package_identification:_identify(src) by extension 'colcon_pkg'
[0.212s] Level 1:colcon.colcon_core.package_identification:_identify(src) by extensions ['colcon_meta']
[0.212s] Level 1:colcon.colcon_core.package_identification:_identify(src) by extension 'colcon_meta'
[0.212s] Level 1:colcon.colcon_core.package_identification:_identify(src) by extensions ['ros']
[0.212s] Level 1:colcon.colcon_core.package_identification:_identify(src) by extension 'ros'
[0.212s] Level 1:colcon.colcon_core.package_identification:_identify(src) by extensions ['cmake', 'python']
[0.212s] Level 1:colcon.colcon_core.package_identification:_identify(src) by extension 'cmake'
[0.212s] Level 1:colcon.colcon_core.package_identification:_identify(src) by extension 'python'
[0.212s] Level 1:colcon.colcon_core.package_identification:_identify(src) by extensions ['python_setup_py']
[0.212s] Level 1:colcon.colcon_core.package_identification:_identify(src) by extension 'python_setup_py'
[0.212s] Level 1:colcon.colcon_core.package_identification:_identify(src/car_comms) by extensions ['ignore', 'ignore_ament_install']
[0.212s] Level 1:colcon.colcon_core.package_identification:_identify(src/car_comms) by extension 'ignore'
[0.212s] Level 1:colcon.colcon_core.package_identification:_identify(src/car_comms) by extension 'ignore_ament_install'
[0.212s] Level 1:colcon.colcon_core.package_identification:_identify(src/car_comms) by extensions ['colcon_pkg']
[0.212s] Level 1:colcon.colcon_core.package_identification:_identify(src/car_comms) by extension 'colcon_pkg'
[0.212s] Level 1:colcon.colcon_core.package_identification:_identify(src/car_comms) by extensions ['colcon_meta']
[0.212s] Level 1:colcon.colcon_core.package_identification:_identify(src/car_comms) by extension 'colcon_meta'
[0.212s] Level 1:colcon.colcon_core.package_identification:_identify(src/car_comms) by extensions ['ros']
[0.212s] Level 1:colcon.colcon_core.package_identification:_identify(src/car_comms) by extension 'ros'
[0.217s] DEBUG:colcon.colcon_core.package_identification:Package 'src/car_comms' with type 'ros.ament_python' and name 'car_comms'
[0.217s] Level 1:colcon.colcon_core.package_identification:_identify(src/car_control) by extensions ['ignore', 'ignore_ament_install']
[0.217s] Level 1:colcon.colcon_core.package_identification:_identify(src/car_control) by extension 'ignore'
[0.217s] Level 1:colcon.colcon_core.package_identification:_identify(src/car_control) by extension 'ignore_ament_install'
[0.217s] Level 1:colcon.colcon_core.package_identification:_identify(src/car_control) by extensions ['colcon_pkg']
[0.217s] Level 1:colcon.colcon_core.package_identification:_identify(src/car_control) by extension 'colcon_pkg'
[0.217s] Level 1:colcon.colcon_core.package_identification:_identify(src/car_control) by extensions ['colcon_meta']
[0.217s] Level 1:colcon.colcon_core.package_identification:_identify(src/car_control) by extension 'colcon_meta'
[0.217s] Level 1:colcon.colcon_core.package_identification:_identify(src/car_control) by extensions ['ros']
[0.217s] Level 1:colcon.colcon_core.package_identification:_identify(src/car_control) by extension 'ros'
[0.218s] DEBUG:colcon.colcon_core.package_identification:Package 'src/car_control' with type 'ros.ament_python' and name 'car_control'
[0.218s] Level 1:colcon.colcon_core.package_identification:_identify(src/car_msgs) by extensions ['ignore', 'ignore_ament_install']
[0.218s] Level 1:colcon.colcon_core.package_identification:_identify(src/car_msgs) by extension 'ignore'
[0.218s] Level 1:colcon.colcon_core.package_identification:_identify(src/car_msgs) by extension 'ignore_ament_install'
[0.218s] Level 1:colcon.colcon_core.package_identification:_identify(src/car_msgs) by extensions ['colcon_pkg']
[0.218s] Level 1:colcon.colcon_core.package_identification:_identify(src/car_msgs) by extension 'colcon_pkg'
[0.218s] Level 1:colcon.colcon_core.package_identification:_identify(src/car_msgs) by extensions ['colcon_meta']
[0.219s] Level 1:colcon.colcon_core.package_identification:_identify(src/car_msgs) by extension 'colcon_meta'
[0.219s] Level 1:colcon.colcon_core.package_identification:_identify(src/car_msgs) by extensions ['ros']
[0.219s] Level 1:colcon.colcon_core.package_identification:_identify(src/car_msgs) by extension 'ros'
[0.219s] DEBUG:colcon.colcon_core.package_identification:Package 'src/car_msgs' with type 'ros.ament_cmake' and name 'car_msgs'
[0.219s] Level 1:colcon.colcon_core.package_identification:_identify(src/car_planning) by extensions ['ignore', 'ignore_ament_install']
[0.219s] Level 1:colcon.colcon_core.package_identification:_identify(src/car_planning) by extension 'ignore'
[0.219s] Level 1:colcon.colcon_core.package_identification:_identify(src/car_planning) by extension 'ignore_ament_install'
[0.219s] Level 1:colcon.colcon_core.package_identification:_identify(src/car_planning) by extensions ['colcon_pkg']
[0.219s] Level 1:colcon.colcon_core.package_identification:_identify(src/car_planning) by extension 'colcon_pkg'
[0.219s] Level 1:colcon.colcon_core.package_identification:_identify(src/car_planning) by extensions ['colcon_meta']
[0.219s] Level 1:colcon.colcon_core.package_identification:_identify(src/car_planning) by extension 'colcon_meta'
[0.219s] Level 1:colcon.colcon_core.package_identification:_identify(src/car_planning) by extensions ['ros']
[0.219s] Level 1:colcon.colcon_core.package_identification:_identify(src/car_planning) by extension 'ros'
[0.220s] DEBUG:colcon.colcon_core.package_identification:Package 'src/car_planning' with type 'ros.ament_python' and name 'car_planning'
[0.220s] Level 1:colcon.colcon_core.package_identification:_identify(src/car_vision) by extensions ['ignore', 'ignore_ament_install']
[0.220s] Level 1:colcon.colcon_core.package_identification:_identify(src/car_vision) by extension 'ignore'
[0.220s] Level 1:colcon.colcon_core.package_identification:_identify(src/car_vision) by extension 'ignore_ament_install'
[0.220s] Level 1:colcon.colcon_core.package_identification:_identify(src/car_vision) by extensions ['colcon_pkg']
[0.220s] Level 1:colcon.colcon_core.package_identification:_identify(src/car_vision) by extension 'colcon_pkg'
[0.221s] Level 1:colcon.colcon_core.package_identification:_identify(src/car_vision) by extensions ['colcon_meta']
[0.221s] Level 1:colcon.colcon_core.package_identification:_identify(src/car_vision) by extension 'colcon_meta'
[0.221s] Level 1:colcon.colcon_core.package_identification:_identify(src/car_vision) by extensions ['ros']
[0.221s] Level 1:colcon.colcon_core.package_identification:_identify(src/car_vision) by extension 'ros'
[0.221s] DEBUG:colcon.colcon_core.package_identification:Package 'src/car_vision' with type 'ros.ament_python' and name 'car_vision'
[0.221s] Level 1:colcon.colcon_core.package_identification:_identify(src/vision_pkg) by extensions ['ignore', 'ignore_ament_install']
[0.221s] Level 1:colcon.colcon_core.package_identification:_identify(src/vision_pkg) by extension 'ignore'
[0.221s] Level 1:colcon.colcon_core.package_identification:_identify(src/vision_pkg) by extension 'ignore_ament_install'
[0.221s] Level 1:colcon.colcon_core.package_identification:_identify(src/vision_pkg) by extensions ['colcon_pkg']
[0.222s] Level 1:colcon.colcon_core.package_identification:_identify(src/vision_pkg) by extension 'colcon_pkg'
[0.222s] Level 1:colcon.colcon_core.package_identification:_identify(src/vision_pkg) by extensions ['colcon_meta']
[0.222s] Level 1:colcon.colcon_core.package_identification:_identify(src/vision_pkg) by extension 'colcon_meta'
[0.222s] Level 1:colcon.colcon_core.package_identification:_identify(src/vision_pkg) by extensions ['ros']
[0.222s] Level 1:colcon.colcon_core.package_identification:_identify(src/vision_pkg) by extension 'ros'
[0.222s] DEBUG:colcon.colcon_core.package_identification:Package 'src/vision_pkg' with type 'ros.ament_python' and name 'vision_pkg'
[0.222s] Level 1:colcon.colcon_core.package_discovery:discover_packages(recursive) using defaults
[0.222s] Level 1:colcon.colcon_core.package_discovery:discover_packages(ignore) discover
[0.222s] Level 1:colcon.colcon_core.package_discovery:discover_packages(ignore) using defaults
[0.222s] Level 1:colcon.colcon_core.package_discovery:discover_packages(path) discover
[0.222s] Level 1:colcon.colcon_core.package_discovery:discover_packages(path) using defaults
[0.244s] Level 5:colcon.colcon_core.verb:set package 'car_msgs' build argument 'cmake_args' from command line to 'None'
[0.244s] Level 5:colcon.colcon_core.verb:set package 'car_msgs' build argument 'cmake_target' from command line to 'None'
[0.244s] Level 5:colcon.colcon_core.verb:set package 'car_msgs' build argument 'cmake_target_skip_unavailable' from command line to 'False'
[0.244s] Level 5:colcon.colcon_core.verb:set package 'car_msgs' build argument 'cmake_clean_cache' from command line to 'False'
[0.244s] Level 5:colcon.colcon_core.verb:set package 'car_msgs' build argument 'cmake_clean_first' from command line to 'False'
[0.244s] Level 5:colcon.colcon_core.verb:set package 'car_msgs' build argument 'cmake_force_configure' from command line to 'False'
[0.244s] Level 5:colcon.colcon_core.verb:set package 'car_msgs' build argument 'ament_cmake_args' from command line to 'None'
[0.244s] Level 5:colcon.colcon_core.verb:set package 'car_msgs' build argument 'catkin_cmake_args' from command line to 'None'
[0.244s] Level 5:colcon.colcon_core.verb:set package 'car_msgs' build argument 'catkin_skip_building_tests' from command line to 'False'
[0.244s] DEBUG:colcon.colcon_core.verb:Building package 'car_msgs' with the following arguments: {'ament_cmake_args': None, 'build_base': '/ws/build/car_msgs', 'catkin_cmake_args': None, 'catkin_skip_building_tests': False, 'cmake_args': None, 'cmake_clean_cache': False, 'cmake_clean_first': False, 'cmake_force_configure': False, 'cmake_target': None, 'cmake_target_skip_unavailable': False, 'install_base': '/ws/install/car_msgs', 'merge_install': False, 'path': '/ws/src/car_msgs', 'symlink_install': True, 'test_result_base': None}
[0.244s] Level 5:colcon.colcon_core.verb:set package 'vision_pkg' build argument 'cmake_args' from command line to 'None'
[0.245s] Level 5:colcon.colcon_core.verb:set package 'vision_pkg' build argument 'cmake_target' from command line to 'None'
[0.245s] Level 5:colcon.colcon_core.verb:set package 'vision_pkg' build argument 'cmake_target_skip_unavailable' from command line to 'False'
[0.245s] Level 5:colcon.colcon_core.verb:set package 'vision_pkg' build argument 'cmake_clean_cache' from command line to 'False'
[0.245s] Level 5:colcon.colcon_core.verb:set package 'vision_pkg' build argument 'cmake_clean_first' from command line to 'False'
[0.245s] Level 5:colcon.colcon_core.verb:set package 'vision_pkg' build argument 'cmake_force_configure' from command line to 'False'
[0.245s] Level 5:colcon.colcon_core.verb:set package 'vision_pkg' build argument 'ament_cmake_args' from command line to 'None'
[0.245s] Level 5:colcon.colcon_core.verb:set package 'vision_pkg' build argument 'catkin_cmake_args' from command line to 'None'
[0.245s] Level 5:colcon.colcon_core.verb:set package 'vision_pkg' build argument 'catkin_skip_building_tests' from command line to 'False'
[0.245s] DEBUG:colcon.colcon_core.verb:Building package 'vision_pkg' with the following arguments: {'ament_cmake_args': None, 'build_base': '/ws/build/vision_pkg', 'catkin_cmake_args': None, 'catkin_skip_building_tests': False, 'cmake_args': None, 'cmake_clean_cache': False, 'cmake_clean_first': False, 'cmake_force_configure': False, 'cmake_target': None, 'cmake_target_skip_unavailable': False, 'install_base': '/ws/install/vision_pkg', 'merge_install': False, 'path': '/ws/src/vision_pkg', 'symlink_install': True, 'test_result_base': None}
[0.245s] Level 5:colcon.colcon_core.verb:set package 'car_comms' build argument 'cmake_args' from command line to 'None'
[0.245s] Level 5:colcon.colcon_core.verb:set package 'car_comms' build argument 'cmake_target' from command line to 'None'
[0.245s] Level 5:colcon.colcon_core.verb:set package 'car_comms' build argument 'cmake_target_skip_unavailable' from command line to 'False'
[0.245s] Level 5:colcon.colcon_core.verb:set package 'car_comms' build argument 'cmake_clean_cache' from command line to 'False'
[0.245s] Level 5:colcon.colcon_core.verb:set package 'car_comms' build argument 'cmake_clean_first' from command line to 'False'
[0.245s] Level 5:colcon.colcon_core.verb:set package 'car_comms' build argument 'cmake_force_configure' from command line to 'False'
[0.245s] Level 5:colcon.colcon_core.verb:set package 'car_comms' build argument 'ament_cmake_args' from command line to 'None'
[0.245s] Level 5:colcon.colcon_core.verb:set package 'car_comms' build argument 'catkin_cmake_args' from command line to 'None'
[0.245s] Level 5:colcon.colcon_core.verb:set package 'car_comms' build argument 'catkin_skip_building_tests' from command line to 'False'
[0.245s] DEBUG:colcon.colcon_core.verb:Building package 'car_comms' with the following arguments: {'ament_cmake_args': None, 'build_base': '/ws/build/car_comms', 'catkin_cmake_args': None, 'catkin_skip_building_tests': False, 'cmake_args': None, 'cmake_clean_cache': False, 'cmake_clean_first': False, 'cmake_force_configure': False, 'cmake_target': None, 'cmake_target_skip_unavailable': False, 'install_base': '/ws/install/car_comms', 'merge_install': False, 'path': '/ws/src/car_comms', 'symlink_install': True, 'test_result_base': None}
[0.246s] Level 5:colcon.colcon_core.verb:set package 'car_control' build argument 'cmake_args' from command line to 'None'
[0.246s] Level 5:colcon.colcon_core.verb:set package 'car_control' build argument 'cmake_target' from command line to 'None'
[0.246s] Level 5:colcon.colcon_core.verb:set package 'car_control' build argument 'cmake_target_skip_unavailable' from command line to 'False'
[0.246s] Level 5:colcon.colcon_core.verb:set package 'car_control' build argument 'cmake_clean_cache' from command line to 'False'
[0.246s] Level 5:colcon.colcon_core.verb:set package 'car_control' build argument 'cmake_clean_first' from command line to 'False'
[0.246s] Level 5:colcon.colcon_core.verb:set package 'car_control' build argument 'cmake_force_configure' from command line to 'False'
[0.246s] Level 5:colcon.colcon_core.verb:set package 'car_control' build argument 'ament_cmake_args' from command line to 'None'
[0.246s] Level 5:colcon.colcon_core.verb:set package 'car_control' build argument 'catkin_cmake_args' from command line to 'None'
[0.246s] Level 5:colcon.colcon_core.verb:set package 'car_control' build argument 'catkin_skip_building_tests' from command line to 'False'
[0.246s] DEBUG:colcon.colcon_core.verb:Building package 'car_control' with the following arguments: {'ament_cmake_args': None, 'build_base': '/ws/build/car_control', 'catkin_cmake_args': None, 'catkin_skip_building_tests': False, 'cmake_args': None, 'cmake_clean_cache': False, 'cmake_clean_first': False, 'cmake_force_configure': False, 'cmake_target': None, 'cmake_target_skip_unavailable': False, 'install_base': '/ws/install/car_control', 'merge_install': False, 'path': '/ws/src/car_control', 'symlink_install': True, 'test_result_base': None}
[0.246s] Level 5:colcon.colcon_core.verb:set package 'car_planning' build argument 'cmake_args' from command line to 'None'
[0.246s] Level 5:colcon.colcon_core.verb:set package 'car_planning' build argument 'cmake_target' from command line to 'None'
[0.246s] Level 5:colcon.colcon_core.verb:set package 'car_planning' build argument 'cmake_target_skip_unavailable' from command line to 'False'
[0.246s] Level 5:colcon.colcon_core.verb:set package 'car_planning' build argument 'cmake_clean_cache' from command line to 'False'
[0.246s] Level 5:colcon.colcon_core.verb:set package 'car_planning' build argument 'cmake_clean_first' from command line to 'False'
[0.246s] Level 5:colcon.colcon_core.verb:set package 'car_planning' build argument 'cmake_force_configure' from command line to 'False'
[0.246s] Level 5:colcon.colcon_core.verb:set package 'car_planning' build argument 'ament_cmake_args' from command line to 'None'
[0.246s] Level 5:colcon.colcon_core.verb:set package 'car_planning' build argument 'catkin_cmake_args' from command line to 'None'
[0.246s] Level 5:colcon.colcon_core.verb:set package 'car_planning' build argument 'catkin_skip_building_tests' from command line to 'False'
[0.246s] DEBUG:colcon.colcon_core.verb:Building package 'car_planning' with the following arguments: {'ament_cmake_args': None, 'build_base': '/ws/build/car_planning', 'catkin_cmake_args': None, 'catkin_skip_building_tests': False, 'cmake_args': None, 'cmake_clean_cache': False, 'cmake_clean_first': False, 'cmake_force_configure': False, 'cmake_target': None, 'cmake_target_skip_unavailable': False, 'install_base': '/ws/install/car_planning', 'merge_install': False, 'path': '/ws/src/car_planning', 'symlink_install': True, 'test_result_base': None}
[0.246s] Level 5:colcon.colcon_core.verb:set package 'car_vision' build argument 'cmake_args' from command line to 'None'
[0.247s] Level 5:colcon.colcon_core.verb:set package 'car_vision' build argument 'cmake_target' from command line to 'None'
[0.247s] Level 5:colcon.colcon_core.verb:set package 'car_vision' build argument 'cmake_target_skip_unavailable' from command line to 'False'
[0.247s] Level 5:colcon.colcon_core.verb:set package 'car_vision' build argument 'cmake_clean_cache' from command line to 'False'
[0.247s] Level 5:colcon.colcon_core.verb:set package 'car_vision' build argument 'cmake_clean_first' from command line to 'False'
[0.247s] Level 5:colcon.colcon_core.verb:set package 'car_vision' build argument 'cmake_force_configure' from command line to 'False'
[0.247s] Level 5:colcon.colcon_core.verb:set package 'car_vision' build argument 'ament_cmake_args' from command line to 'None'
[0.247s] Level 5:colcon.colcon_core.verb:set package 'car_vision' build argument 'catkin_cmake_args' from command line to 'None'
[0.247s] Level 5:colcon.colcon_core.verb:set package 'car_vision' build argument 'catkin_skip_building_tests' from command line to 'False'
[0.247s] DEBUG:colcon.colcon_core.verb:Building package 'car_vision' with the following arguments: {'ament_cmake_args': None, 'build_base': '/ws/build/car_vision', 'catkin_cmake_args': None, 'catkin_skip_building_tests': False, 'cmake_args': None, 'cmake_clean_cache': False, 'cmake_clean_first': False, 'cmake_force_configure': False, 'cmake_target': None, 'cmake_target_skip_unavailable': False, 'install_base': '/ws/install/car_vision', 'merge_install': False, 'path': '/ws/src/car_vision', 'symlink_install': True, 'test_result_base': None}
[0.247s] INFO:colcon.colcon_core.executor:Executing jobs using 'parallel' executor
[0.248s] DEBUG:colcon.colcon_parallel_executor.executor.parallel:run_until_complete
[0.248s] INFO:colcon.colcon_ros.task.ament_cmake.build:Building ROS package in '/ws/src/car_msgs' with build type 'ament_cmake'
[0.248s] INFO:colcon.colcon_cmake.task.cmake.build:Building CMake package in '/ws/src/car_msgs'
[0.250s] INFO:colcon.colcon_core.plugin_system:Skipping extension 'colcon_core.shell.bat': Not used on non-Windows systems
[0.250s] INFO:colcon.colcon_core.shell:Skip shell extension 'powershell' for command environment: Not usable outside of PowerShell
[0.251s] DEBUG:colcon.colcon_core.shell:Skip shell extension 'dsv' for command environment
[0.254s] INFO:colcon.colcon_ros.task.ament_python.build:Building ROS package in '/ws/src/vision_pkg' with build type 'ament_python'
[0.255s] Level 1:colcon.colcon_core.shell:create_environment_hook('vision_pkg', 'ament_prefix_path')
[0.255s] INFO:colcon.colcon_core.shell:Creating environment hook '/ws/install/vision_pkg/share/vision_pkg/hook/ament_prefix_path.ps1'
[0.256s] INFO:colcon.colcon_core.shell:Creating environment descriptor '/ws/install/vision_pkg/share/vision_pkg/hook/ament_prefix_path.dsv'
[0.257s] INFO:colcon.colcon_core.shell:Creating environment hook '/ws/install/vision_pkg/share/vision_pkg/hook/ament_prefix_path.sh'
[0.257s] INFO:colcon.colcon_core.shell:Skip shell extension 'powershell' for command environment: Not usable outside of PowerShell
[0.257s] DEBUG:colcon.colcon_core.shell:Skip shell extension 'dsv' for command environment
[0.263s] DEBUG:colcon.colcon_core.event_handler.log_command:Invoking command in '/ws/build/car_msgs': CMAKE_PREFIX_PATH=/opt/ros/jazzy /usr/bin/cmake --build /ws/build/car_msgs -- -j4 -l4
[0.585s] INFO:colcon.colcon_core.task.python.build:Building Python package in '/ws/src/vision_pkg'
[0.586s] INFO:colcon.colcon_core.shell:Skip shell extension 'powershell' for command environment: Not usable outside of PowerShell
[0.586s] DEBUG:colcon.colcon_core.shell:Skip shell extension 'dsv' for command environment
[1.053s] DEBUG:colcon.colcon_core.event_handler.log_command:Invoked command in '/ws/build/car_msgs' returned '0': CMAKE_PREFIX_PATH=/opt/ros/jazzy /usr/bin/cmake --build /ws/build/car_msgs -- -j4 -l4
[1.062s] DEBUG:colcon.colcon_core.event_handler.log_command:Invoking command in '/ws/build/car_msgs': CMAKE_PREFIX_PATH=/opt/ros/jazzy /usr/bin/cmake --install /ws/build/car_msgs
[1.153s] DEBUG:colcon.colcon_core.event_handler.log_command:Invoking command in '/ws/build/vision_pkg': PYTHONPATH=/ws/build/vision_pkg/prefix_override:/usr/lib/python3/dist-packages/colcon_core/task/python/colcon_distutils_commands:/ws/install/vision_pkg/lib/python3.12/site-packages:${PYTHONPATH} /usr/bin/python3 -W ignore:setup.py install is deprecated -W ignore:easy_install command is deprecated setup.py develop --editable --build-directory /ws/build/vision_pkg/build --no-deps symlink_data
[1.163s] Level 1:colcon.colcon_core.environment:create_environment_scripts_only(car_msgs)
[1.163s] DEBUG:colcon.colcon_core.event_handler.log_command:Invoked command in '/ws/build/car_msgs' returned '0': CMAKE_PREFIX_PATH=/opt/ros/jazzy /usr/bin/cmake --install /ws/build/car_msgs
[1.166s] Level 1:colcon.colcon_core.environment:checking '/ws/install/car_msgs' for CMake module files
[1.167s] Level 1:colcon.colcon_core.environment:checking '/ws/install/car_msgs' for CMake config files
[1.167s] Level 1:colcon.colcon_core.shell:create_environment_hook('car_msgs', 'cmake_prefix_path')
[1.167s] INFO:colcon.colcon_core.shell:Creating environment hook '/ws/install/car_msgs/share/car_msgs/hook/cmake_prefix_path.ps1'
[1.168s] INFO:colcon.colcon_core.shell:Creating environment descriptor '/ws/install/car_msgs/share/car_msgs/hook/cmake_prefix_path.dsv'
[1.169s] INFO:colcon.colcon_core.shell:Creating environment hook '/ws/install/car_msgs/share/car_msgs/hook/cmake_prefix_path.sh'
[1.170s] Level 1:colcon.colcon_core.environment:checking '/ws/install/car_msgs/lib'
[1.170s] Level 1:colcon.colcon_core.shell:create_environment_hook('car_msgs', 'ld_library_path_lib')
[1.170s] INFO:colcon.colcon_core.shell:Creating environment hook '/ws/install/car_msgs/share/car_msgs/hook/ld_library_path_lib.ps1'
[1.171s] INFO:colcon.colcon_core.shell:Creating environment descriptor '/ws/install/car_msgs/share/car_msgs/hook/ld_library_path_lib.dsv'
[1.171s] INFO:colcon.colcon_core.shell:Creating environment hook '/ws/install/car_msgs/share/car_msgs/hook/ld_library_path_lib.sh'
[1.172s] Level 1:colcon.colcon_core.environment:checking '/ws/install/car_msgs/bin'
[1.172s] Level 1:colcon.colcon_core.environment:checking '/ws/install/car_msgs/lib/pkgconfig/car_msgs.pc'
[1.172s] Level 1:colcon.colcon_core.environment:checking '/ws/install/car_msgs/lib/python3.12/site-packages'
[1.172s] Level 1:colcon.colcon_core.shell:create_environment_hook('car_msgs', 'pythonpath')
[1.173s] INFO:colcon.colcon_core.shell:Creating environment hook '/ws/install/car_msgs/share/car_msgs/hook/pythonpath.ps1'
[1.173s] INFO:colcon.colcon_core.shell:Creating environment descriptor '/ws/install/car_msgs/share/car_msgs/hook/pythonpath.dsv'
[1.174s] INFO:colcon.colcon_core.shell:Creating environment hook '/ws/install/car_msgs/share/car_msgs/hook/pythonpath.sh'
[1.175s] Level 1:colcon.colcon_core.environment:checking '/ws/install/car_msgs/bin'
[1.175s] INFO:colcon.colcon_core.shell:Creating package script '/ws/install/car_msgs/share/car_msgs/package.ps1'
[1.176s] INFO:colcon.colcon_core.shell:Creating package descriptor '/ws/install/car_msgs/share/car_msgs/package.dsv'
[1.177s] INFO:colcon.colcon_core.shell:Creating package script '/ws/install/car_msgs/share/car_msgs/package.sh'
[1.178s] INFO:colcon.colcon_core.shell:Creating package script '/ws/install/car_msgs/share/car_msgs/package.bash'
[1.179s] INFO:colcon.colcon_core.shell:Creating package script '/ws/install/car_msgs/share/car_msgs/package.zsh'
[1.180s] Level 1:colcon.colcon_core.environment:create_file_with_runtime_dependencies(/ws/install/car_msgs/share/colcon-core/packages/car_msgs)
[1.181s] Level 1:colcon.colcon_core.environment:create_environment_scripts_only(car_msgs)
[1.181s] Level 1:colcon.colcon_core.environment:checking '/ws/install/car_msgs' for CMake module files
[1.182s] Level 1:colcon.colcon_core.environment:checking '/ws/install/car_msgs' for CMake config files
[1.182s] Level 1:colcon.colcon_core.shell:create_environment_hook('car_msgs', 'cmake_prefix_path')
[1.183s] INFO:colcon.colcon_core.shell:Creating environment hook '/ws/install/car_msgs/share/car_msgs/hook/cmake_prefix_path.ps1'
[1.183s] INFO:colcon.colcon_core.shell:Creating environment descriptor '/ws/install/car_msgs/share/car_msgs/hook/cmake_prefix_path.dsv'
[1.184s] INFO:colcon.colcon_core.shell:Creating environment hook '/ws/install/car_msgs/share/car_msgs/hook/cmake_prefix_path.sh'
[1.185s] Level 1:colcon.colcon_core.environment:checking '/ws/install/car_msgs/lib'
[1.185s] Level 1:colcon.colcon_core.shell:create_environment_hook('car_msgs', 'ld_library_path_lib')
[1.185s] INFO:colcon.colcon_core.shell:Creating environment hook '/ws/install/car_msgs/share/car_msgs/hook/ld_library_path_lib.ps1'
[1.186s] INFO:colcon.colcon_core.shell:Creating environment descriptor '/ws/install/car_msgs/share/car_msgs/hook/ld_library_path_lib.dsv'
[1.186s] INFO:colcon.colcon_core.shell:Creating environment hook '/ws/install/car_msgs/share/car_msgs/hook/ld_library_path_lib.sh'
[1.187s] Level 1:colcon.colcon_core.environment:checking '/ws/install/car_msgs/bin'
[1.187s] Level 1:colcon.colcon_core.environment:checking '/ws/install/car_msgs/lib/pkgconfig/car_msgs.pc'
[1.187s] Level 1:colcon.colcon_core.environment:checking '/ws/install/car_msgs/lib/python3.12/site-packages'
[1.188s] Level 1:colcon.colcon_core.shell:create_environment_hook('car_msgs', 'pythonpath')
[1.188s] INFO:colcon.colcon_core.shell:Creating environment hook '/ws/install/car_msgs/share/car_msgs/hook/pythonpath.ps1'
[1.188s] INFO:colcon.colcon_core.shell:Creating environment descriptor '/ws/install/car_msgs/share/car_msgs/hook/pythonpath.dsv'
[1.189s] INFO:colcon.colcon_core.shell:Creating environment hook '/ws/install/car_msgs/share/car_msgs/hook/pythonpath.sh'
[1.190s] Level 1:colcon.colcon_core.environment:checking '/ws/install/car_msgs/bin'
[1.190s] INFO:colcon.colcon_core.shell:Creating package script '/ws/install/car_msgs/share/car_msgs/package.ps1'
[1.191s] INFO:colcon.colcon_core.shell:Creating package descriptor '/ws/install/car_msgs/share/car_msgs/package.dsv'
[1.192s] INFO:colcon.colcon_core.shell:Creating package script '/ws/install/car_msgs/share/car_msgs/package.sh'
[1.193s] INFO:colcon.colcon_core.shell:Creating package script '/ws/install/car_msgs/share/car_msgs/package.bash'
[1.194s] INFO:colcon.colcon_core.shell:Creating package script '/ws/install/car_msgs/share/car_msgs/package.zsh'
[1.194s] Level 1:colcon.colcon_core.environment:create_file_with_runtime_dependencies(/ws/install/car_msgs/share/colcon-core/packages/car_msgs)
[1.195s] INFO:colcon.colcon_ros.task.ament_python.build:Building ROS package in '/ws/src/car_comms' with build type 'ament_python'
[1.195s] Level 1:colcon.colcon_core.shell:create_environment_hook('car_comms', 'ament_prefix_path')
[1.196s] INFO:colcon.colcon_core.shell:Creating environment hook '/ws/install/car_comms/share/car_comms/hook/ament_prefix_path.ps1'
[1.197s] INFO:colcon.colcon_core.shell:Creating environment descriptor '/ws/install/car_comms/share/car_comms/hook/ament_prefix_path.dsv'
[1.198s] INFO:colcon.colcon_core.shell:Creating environment hook '/ws/install/car_comms/share/car_comms/hook/ament_prefix_path.sh'
[1.199s] INFO:colcon.colcon_core.shell:Skip shell extension 'powershell' for command environment: Not usable outside of PowerShell
[1.199s] DEBUG:colcon.colcon_core.shell:Skip shell extension 'dsv' for command environment
[1.204s] INFO:colcon.colcon_ros.task.ament_python.build:Building ROS package in '/ws/src/car_control' with build type 'ament_python'
[1.204s] Level 1:colcon.colcon_core.shell:create_environment_hook('car_control', 'ament_prefix_path')
[1.205s] INFO:colcon.colcon_core.shell:Creating environment hook '/ws/install/car_control/share/car_control/hook/ament_prefix_path.ps1'
[1.206s] INFO:colcon.colcon_core.shell:Creating environment descriptor '/ws/install/car_control/share/car_control/hook/ament_prefix_path.dsv'
[1.206s] INFO:colcon.colcon_core.shell:Creating environment hook '/ws/install/car_control/share/car_control/hook/ament_prefix_path.sh'
[1.207s] INFO:colcon.colcon_core.shell:Skip shell extension 'powershell' for command environment: Not usable outside of PowerShell
[1.207s] DEBUG:colcon.colcon_core.shell:Skip shell extension 'dsv' for command environment
[1.211s] INFO:colcon.colcon_ros.task.ament_python.build:Building ROS package in '/ws/src/car_planning' with build type 'ament_python'
[1.211s] Level 1:colcon.colcon_core.shell:create_environment_hook('car_planning', 'ament_prefix_path')
[1.211s] INFO:colcon.colcon_core.shell:Creating environment hook '/ws/install/car_planning/share/car_planning/hook/ament_prefix_path.ps1'
[1.213s] INFO:colcon.colcon_core.shell:Creating environment descriptor '/ws/install/car_planning/share/car_planning/hook/ament_prefix_path.dsv'
[1.214s] INFO:colcon.colcon_core.shell:Creating environment hook '/ws/install/car_planning/share/car_planning/hook/ament_prefix_path.sh'
[1.214s] INFO:colcon.colcon_core.shell:Skip shell extension 'powershell' for command environment: Not usable outside of PowerShell
[1.215s] DEBUG:colcon.colcon_core.shell:Skip shell extension 'dsv' for command environment
[1.492s] INFO:colcon.colcon_core.task.python.build:Building Python package in '/ws/src/car_comms'
[1.492s] INFO:colcon.colcon_core.shell:Skip shell extension 'powershell' for command environment: Not usable outside of PowerShell
[1.492s] DEBUG:colcon.colcon_core.shell:Skip shell extension 'dsv' for command environment
[1.732s] INFO:colcon.colcon_core.task.python.build:Building Python package in '/ws/src/car_control'
[1.732s] INFO:colcon.colcon_core.shell:Skip shell extension 'powershell' for command environment: Not usable outside of PowerShell
[1.732s] DEBUG:colcon.colcon_core.shell:Skip shell extension 'dsv' for command environment
[1.971s] INFO:colcon.colcon_core.task.python.build:Building Python package in '/ws/src/car_planning'
[1.971s] INFO:colcon.colcon_core.shell:Skip shell extension 'powershell' for command environment: Not usable outside of PowerShell
[1.971s] DEBUG:colcon.colcon_core.shell:Skip shell extension 'dsv' for command environment
[2.597s] DEBUG:colcon.colcon_core.event_handler.log_command:Invoking command in '/ws/build/car_comms': AMENT_PREFIX_PATH=/ws/install/car_msgs:${AMENT_PREFIX_PATH} CMAKE_PREFIX_PATH=/ws/install/car_msgs LD_LIBRARY_PATH=/ws/install/car_msgs/lib:${LD_LIBRARY_PATH} PYTHONPATH=/ws/build/car_comms/prefix_override:/usr/lib/python3/dist-packages/colcon_core/task/python/colcon_distutils_commands:/ws/install/car_comms/lib/python3.12/site-packages:/ws/install/car_msgs/lib/python3.12/site-packages:${PYTHONPATH} /usr/bin/python3 -W ignore:setup.py install is deprecated -W ignore:easy_install command is deprecated setup.py develop --editable --build-directory /ws/build/car_comms/build --no-deps symlink_data
[2.602s] DEBUG:colcon.colcon_core.event_handler.log_command:Invoking command in '/ws/build/car_planning': AMENT_PREFIX_PATH=/ws/install/car_msgs:${AMENT_PREFIX_PATH} CMAKE_PREFIX_PATH=/ws/install/car_msgs LD_LIBRARY_PATH=/ws/install/car_msgs/lib:${LD_LIBRARY_PATH} PYTHONPATH=/ws/build/car_planning/prefix_override:/usr/lib/python3/dist-packages/colcon_core/task/python/colcon_distutils_commands:/ws/install/car_planning/lib/python3.12/site-packages:/ws/install/car_msgs/lib/python3.12/site-packages:${PYTHONPATH} /usr/bin/python3 -W ignore:setup.py install is deprecated -W ignore:easy_install command is deprecated setup.py develop --editable --build-directory /ws/build/car_planning/build --no-deps symlink_data
[2.658s] Level 1:colcon.colcon_core.shell:create_environment_hook('vision_pkg', 'pythonpath_develop')
[2.658s] DEBUG:colcon.colcon_core.event_handler.log_command:Invoked command in '/ws/build/vision_pkg' returned '0': PYTHONPATH=/ws/build/vision_pkg/prefix_override:/usr/lib/python3/dist-packages/colcon_core/task/python/colcon_distutils_commands:/ws/install/vision_pkg/lib/python3.12/site-packages:${PYTHONPATH} /usr/bin/python3 -W ignore:setup.py install is deprecated -W ignore:easy_install command is deprecated setup.py develop --editable --build-directory /ws/build/vision_pkg/build --no-deps symlink_data
[2.658s] INFO:colcon.colcon_core.shell:Creating environment hook '/ws/build/vision_pkg/share/vision_pkg/hook/pythonpath_develop.ps1'
[2.659s] INFO:colcon.colcon_core.shell:Creating environment descriptor '/ws/build/vision_pkg/share/vision_pkg/hook/pythonpath_develop.dsv'
[2.664s] INFO:colcon.colcon_core.shell:Creating environment hook '/ws/build/vision_pkg/share/vision_pkg/hook/pythonpath_develop.sh'
[2.665s] Level 1:colcon.colcon_core.environment:checking '/ws/install/vision_pkg' for CMake module files
[2.666s] Level 1:colcon.colcon_core.environment:checking '/ws/install/vision_pkg' for CMake config files
[2.666s] Level 1:colcon.colcon_core.environment:checking '/ws/install/vision_pkg/lib'
[2.666s] Level 1:colcon.colcon_core.environment:checking '/ws/install/vision_pkg/bin'
[2.667s] Level 1:colcon.colcon_core.environment:checking '/ws/install/vision_pkg/lib/pkgconfig/vision_pkg.pc'
[2.667s] Level 1:colcon.colcon_core.environment:checking '/ws/install/vision_pkg/lib/python3.12/site-packages'
[2.667s] Level 1:colcon.colcon_core.shell:create_environment_hook('vision_pkg', 'pythonpath')
[2.667s] INFO:colcon.colcon_core.shell:Creating environment hook '/ws/install/vision_pkg/share/vision_pkg/hook/pythonpath.ps1'
[2.672s] INFO:colcon.colcon_core.shell:Creating environment descriptor '/ws/install/vision_pkg/share/vision_pkg/hook/pythonpath.dsv'
[2.673s] INFO:colcon.colcon_core.shell:Creating environment hook '/ws/install/vision_pkg/share/vision_pkg/hook/pythonpath.sh'
[2.674s] Level 1:colcon.colcon_core.environment:checking '/ws/install/vision_pkg/bin'
[2.674s] Level 1:colcon.colcon_core.environment:create_environment_scripts_only(vision_pkg)
[2.674s] INFO:colcon.colcon_core.shell:Creating package script '/ws/install/vision_pkg/share/vision_pkg/package.ps1'
[2.675s] INFO:colcon.colcon_core.shell:Creating package descriptor '/ws/install/vision_pkg/share/vision_pkg/package.dsv'
[2.680s] INFO:colcon.colcon_core.shell:Creating package script '/ws/install/vision_pkg/share/vision_pkg/package.sh'
[2.681s] INFO:colcon.colcon_core.shell:Creating package script '/ws/install/vision_pkg/share/vision_pkg/package.bash'
[2.682s] INFO:colcon.colcon_core.shell:Creating package script '/ws/install/vision_pkg/share/vision_pkg/package.zsh'
[2.682s] Level 1:colcon.colcon_core.environment:create_file_with_runtime_dependencies(/ws/install/vision_pkg/share/colcon-core/packages/vision_pkg)
[2.684s] INFO:colcon.colcon_ros.task.ament_python.build:Building ROS package in '/ws/src/car_vision' with build type 'ament_python'
[2.684s] Level 1:colcon.colcon_core.shell:create_environment_hook('car_vision', 'ament_prefix_path')
[2.684s] INFO:colcon.colcon_core.shell:Creating environment hook '/ws/install/car_vision/share/car_vision/hook/ament_prefix_path.ps1'
[2.685s] INFO:colcon.colcon_core.shell:Creating environment descriptor '/ws/install/car_vision/share/car_vision/hook/ament_prefix_path.dsv'
[2.692s] INFO:colcon.colcon_core.shell:Creating environment hook '/ws/install/car_vision/share/car_vision/hook/ament_prefix_path.sh'
[2.693s] INFO:colcon.colcon_core.shell:Skip shell extension 'powershell' for command environment: Not usable outside of PowerShell
[2.693s] DEBUG:colcon.colcon_core.shell:Skip shell extension 'dsv' for command environment
[2.732s] DEBUG:colcon.colcon_core.event_handler.log_command:Invoking command in '/ws/build/car_control': AMENT_PREFIX_PATH=/ws/install/car_msgs:${AMENT_PREFIX_PATH} CMAKE_PREFIX_PATH=/ws/install/car_msgs LD_LIBRARY_PATH=/ws/install/car_msgs/lib:${LD_LIBRARY_PATH} PYTHONPATH=/ws/build/car_control/prefix_override:/usr/lib/python3/dist-packages/colcon_core/task/python/colcon_distutils_commands:/ws/install/car_control/lib/python3.12/site-packages:/ws/install/car_msgs/lib/python3.12/site-packages:${PYTHONPATH} /usr/bin/python3 -W ignore:setup.py install is deprecated -W ignore:easy_install command is deprecated setup.py develop --editable --build-directory /ws/build/car_control/build --no-deps symlink_data
[3.864s] INFO:colcon.colcon_core.task.python.build:Building Python package in '/ws/src/car_vision'
[3.872s] INFO:colcon.colcon_core.shell:Skip shell extension 'powershell' for command environment: Not usable outside of PowerShell
[3.873s] DEBUG:colcon.colcon_core.shell:Skip shell extension 'dsv' for command environment
[3.896s] Level 1:colcon.colcon_core.shell:create_environment_hook('car_planning', 'pythonpath_develop')
[3.898s] INFO:colcon.colcon_core.shell:Creating environment hook '/ws/build/car_planning/share/car_planning/hook/pythonpath_develop.ps1'
[3.899s] DEBUG:colcon.colcon_core.event_handler.log_command:Invoked command in '/ws/build/car_planning' returned '0': AMENT_PREFIX_PATH=/ws/install/car_msgs:${AMENT_PREFIX_PATH} CMAKE_PREFIX_PATH=/ws/install/car_msgs LD_LIBRARY_PATH=/ws/install/car_msgs/lib:${LD_LIBRARY_PATH} PYTHONPATH=/ws/build/car_planning/prefix_override:/usr/lib/python3/dist-packages/colcon_core/task/python/colcon_distutils_commands:/ws/install/car_planning/lib/python3.12/site-packages:/ws/install/car_msgs/lib/python3.12/site-packages:${PYTHONPATH} /usr/bin/python3 -W ignore:setup.py install is deprecated -W ignore:easy_install command is deprecated setup.py develop --editable --build-directory /ws/build/car_planning/build --no-deps symlink_data
[3.900s] INFO:colcon.colcon_core.shell:Creating environment descriptor '/ws/build/car_planning/share/car_planning/hook/pythonpath_develop.dsv'
[3.900s] INFO:colcon.colcon_core.shell:Creating environment hook '/ws/build/car_planning/share/car_planning/hook/pythonpath_develop.sh'
[3.901s] Level 1:colcon.colcon_core.environment:checking '/ws/install/car_planning' for CMake module files
[3.902s] Level 1:colcon.colcon_core.environment:checking '/ws/install/car_planning' for CMake config files
[3.902s] Level 1:colcon.colcon_core.environment:checking '/ws/install/car_planning/lib'
[3.902s] Level 1:colcon.colcon_core.environment:checking '/ws/install/car_planning/bin'
[3.902s] Level 1:colcon.colcon_core.environment:checking '/ws/install/car_planning/lib/pkgconfig/car_planning.pc'
[3.903s] Level 1:colcon.colcon_core.environment:checking '/ws/install/car_planning/lib/python3.12/site-packages'
[3.903s] Level 1:colcon.colcon_core.shell:create_environment_hook('car_planning', 'pythonpath')
[3.903s] INFO:colcon.colcon_core.shell:Creating environment hook '/ws/install/car_planning/share/car_planning/hook/pythonpath.ps1'
[3.903s] INFO:colcon.colcon_core.shell:Creating environment descriptor '/ws/install/car_planning/share/car_planning/hook/pythonpath.dsv'
[3.904s] INFO:colcon.colcon_core.shell:Creating environment hook '/ws/install/car_planning/share/car_planning/hook/pythonpath.sh'
[3.905s] Level 1:colcon.colcon_core.environment:checking '/ws/install/car_planning/bin'
[3.905s] Level 1:colcon.colcon_core.environment:create_environment_scripts_only(car_planning)
[3.905s] INFO:colcon.colcon_core.shell:Creating package script '/ws/install/car_planning/share/car_planning/package.ps1'
[3.906s] INFO:colcon.colcon_core.shell:Creating package descriptor '/ws/install/car_planning/share/car_planning/package.dsv'
[3.906s] INFO:colcon.colcon_core.shell:Creating package script '/ws/install/car_planning/share/car_planning/package.sh'
[3.907s] INFO:colcon.colcon_core.shell:Creating package script '/ws/install/car_planning/share/car_planning/package.bash'
[3.908s] INFO:colcon.colcon_core.shell:Creating package script '/ws/install/car_planning/share/car_planning/package.zsh'
[3.908s] Level 1:colcon.colcon_core.environment:create_file_with_runtime_dependencies(/ws/install/car_planning/share/colcon-core/packages/car_planning)
[3.909s] Level 1:colcon.colcon_core.shell:create_environment_hook('car_comms', 'pythonpath_develop')
[3.909s] INFO:colcon.colcon_core.shell:Creating environment hook '/ws/build/car_comms/share/car_comms/hook/pythonpath_develop.ps1'
[3.910s] INFO:colcon.colcon_core.shell:Creating environment descriptor '/ws/build/car_comms/share/car_comms/hook/pythonpath_develop.dsv'
[3.911s] INFO:colcon.colcon_core.shell:Creating environment hook '/ws/build/car_comms/share/car_comms/hook/pythonpath_develop.sh'
[3.912s] DEBUG:colcon.colcon_core.event_handler.log_command:Invoked command in '/ws/build/car_comms' returned '0': AMENT_PREFIX_PATH=/ws/install/car_msgs:${AMENT_PREFIX_PATH} CMAKE_PREFIX_PATH=/ws/install/car_msgs LD_LIBRARY_PATH=/ws/install/car_msgs/lib:${LD_LIBRARY_PATH} PYTHONPATH=/ws/build/car_comms/prefix_override:/usr/lib/python3/dist-packages/colcon_core/task/python/colcon_distutils_commands:/ws/install/car_comms/lib/python3.12/site-packages:/ws/install/car_msgs/lib/python3.12/site-packages:${PYTHONPATH} /usr/bin/python3 -W ignore:setup.py install is deprecated -W ignore:easy_install command is deprecated setup.py develop --editable --build-directory /ws/build/car_comms/build --no-deps symlink_data
[3.912s] Level 1:colcon.colcon_core.environment:checking '/ws/install/car_comms' for CMake module files
[3.913s] Level 1:colcon.colcon_core.environment:checking '/ws/install/car_comms' for CMake config files
[3.913s] Level 1:colcon.colcon_core.environment:checking '/ws/install/car_comms/lib'
[3.914s] Level 1:colcon.colcon_core.environment:checking '/ws/install/car_comms/bin'
[3.914s] Level 1:colcon.colcon_core.environment:checking '/ws/install/car_comms/lib/pkgconfig/car_comms.pc'
[3.914s] Level 1:colcon.colcon_core.environment:checking '/ws/install/car_comms/lib/python3.12/site-packages'
[3.914s] Level 1:colcon.colcon_core.shell:create_environment_hook('car_comms', 'pythonpath')
[3.914s] INFO:colcon.colcon_core.shell:Creating environment hook '/ws/install/car_comms/share/car_comms/hook/pythonpath.ps1'
[3.915s] INFO:colcon.colcon_core.shell:Creating environment descriptor '/ws/install/car_comms/share/car_comms/hook/pythonpath.dsv'
[3.915s] INFO:colcon.colcon_core.shell:Creating environment hook '/ws/install/car_comms/share/car_comms/hook/pythonpath.sh'
[3.916s] Level 1:colcon.colcon_core.environment:checking '/ws/install/car_comms/bin'
[3.916s] Level 1:colcon.colcon_core.environment:create_environment_scripts_only(car_comms)
[3.917s] INFO:colcon.colcon_core.shell:Creating package script '/ws/install/car_comms/share/car_comms/package.ps1'
[3.917s] INFO:colcon.colcon_core.shell:Creating package descriptor '/ws/install/car_comms/share/car_comms/package.dsv'
[3.918s] INFO:colcon.colcon_core.shell:Creating package script '/ws/install/car_comms/share/car_comms/package.sh'
[3.918s] INFO:colcon.colcon_core.shell:Creating package script '/ws/install/car_comms/share/car_comms/package.bash'
[3.919s] INFO:colcon.colcon_core.shell:Creating package script '/ws/install/car_comms/share/car_comms/package.zsh'
[3.920s] Level 1:colcon.colcon_core.environment:create_file_with_runtime_dependencies(/ws/install/car_comms/share/colcon-core/packages/car_comms)
[3.920s] Level 1:colcon.colcon_core.shell:create_environment_hook('car_control', 'pythonpath_develop')
[3.921s] INFO:colcon.colcon_core.shell:Creating environment hook '/ws/build/car_control/share/car_control/hook/pythonpath_develop.ps1'
[3.922s] INFO:colcon.colcon_core.shell:Creating environment descriptor '/ws/build/car_control/share/car_control/hook/pythonpath_develop.dsv'
[3.922s] INFO:colcon.colcon_core.shell:Creating environment hook '/ws/build/car_control/share/car_control/hook/pythonpath_develop.sh'
[3.923s] DEBUG:colcon.colcon_core.event_handler.log_command:Invoked command in '/ws/build/car_control' returned '0': AMENT_PREFIX_PATH=/ws/install/car_msgs:${AMENT_PREFIX_PATH} CMAKE_PREFIX_PATH=/ws/install/car_msgs LD_LIBRARY_PATH=/ws/install/car_msgs/lib:${LD_LIBRARY_PATH} PYTHONPATH=/ws/build/car_control/prefix_override:/usr/lib/python3/dist-packages/colcon_core/task/python/colcon_distutils_commands:/ws/install/car_control/lib/python3.12/site-packages:/ws/install/car_msgs/lib/python3.12/site-packages:${PYTHONPATH} /usr/bin/python3 -W ignore:setup.py install is deprecated -W ignore:easy_install command is deprecated setup.py develop --editable --build-directory /ws/build/car_control/build --no-deps symlink_data
[3.923s] Level 1:colcon.colcon_core.environment:checking '/ws/install/car_control' for CMake module files
[3.924s] Level 1:colcon.colcon_core.environment:checking '/ws/install/car_control' for CMake config files
[3.924s] Level 1:colcon.colcon_core.environment:checking '/ws/install/car_control/lib'
[3.924s] Level 1:colcon.colcon_core.environment:checking '/ws/install/car_control/bin'
[3.924s] Level 1:colcon.colcon_core.environment:checking '/ws/install/car_control/lib/pkgconfig/car_control.pc'
[3.925s] Level 1:colcon.colcon_core.environment:checking '/ws/install/car_control/lib/python3.12/site-packages'
[3.925s] Level 1:colcon.colcon_core.shell:create_environment_hook('car_control', 'pythonpath')
[3.925s] INFO:colcon.colcon_core.shell:Creating environment hook '/ws/install/car_control/share/car_control/hook/pythonpath.ps1'
[3.947s] INFO:colcon.colcon_core.shell:Creating environment descriptor '/ws/install/car_control/share/car_control/hook/pythonpath.dsv'
[3.947s] INFO:colcon.colcon_core.shell:Creating environment hook '/ws/install/car_control/share/car_control/hook/pythonpath.sh'
[3.948s] Level 1:colcon.colcon_core.environment:checking '/ws/install/car_control/bin'
[3.948s] Level 1:colcon.colcon_core.environment:create_environment_scripts_only(car_control)
[3.949s] INFO:colcon.colcon_core.shell:Creating package script '/ws/install/car_control/share/car_control/package.ps1'
[3.949s] INFO:colcon.colcon_core.shell:Creating package descriptor '/ws/install/car_control/share/car_control/package.dsv'
[3.950s] INFO:colcon.colcon_core.shell:Creating package script '/ws/install/car_control/share/car_control/package.sh'
[3.950s] INFO:colcon.colcon_core.shell:Creating package script '/ws/install/car_control/share/car_control/package.bash'
[3.951s] INFO:colcon.colcon_core.shell:Creating package script '/ws/install/car_control/share/car_control/package.zsh'
[3.952s] Level 1:colcon.colcon_core.environment:create_file_with_runtime_dependencies(/ws/install/car_control/share/colcon-core/packages/car_control)
[4.989s] DEBUG:colcon.colcon_core.event_handler.log_command:Invoking command in '/ws/build/car_vision': AMENT_PREFIX_PATH=/ws/install/car_msgs:${AMENT_PREFIX_PATH} CMAKE_PREFIX_PATH=/ws/install/car_msgs LD_LIBRARY_PATH=/ws/install/car_msgs/lib:${LD_LIBRARY_PATH} PYTHONPATH=/ws/build/car_vision/prefix_override:/usr/lib/python3/dist-packages/colcon_core/task/python/colcon_distutils_commands:/ws/install/car_vision/lib/python3.12/site-packages:/ws/install/car_msgs/lib/python3.12/site-packages:${PYTHONPATH} /usr/bin/python3 -W ignore:setup.py install is deprecated -W ignore:easy_install command is deprecated setup.py develop --editable --build-directory /ws/build/car_vision/build --no-deps symlink_data
[5.523s] Level 1:colcon.colcon_core.shell:create_environment_hook('car_vision', 'pythonpath_develop')
[5.523s] INFO:colcon.colcon_core.shell:Creating environment hook '/ws/build/car_vision/share/car_vision/hook/pythonpath_develop.ps1'
[5.524s] DEBUG:colcon.colcon_core.event_handler.log_command:Invoked command in '/ws/build/car_vision' returned '0': AMENT_PREFIX_PATH=/ws/install/car_msgs:${AMENT_PREFIX_PATH} CMAKE_PREFIX_PATH=/ws/install/car_msgs LD_LIBRARY_PATH=/ws/install/car_msgs/lib:${LD_LIBRARY_PATH} PYTHONPATH=/ws/build/car_vision/prefix_override:/usr/lib/python3/dist-packages/colcon_core/task/python/colcon_distutils_commands:/ws/install/car_vision/lib/python3.12/site-packages:/ws/install/car_msgs/lib/python3.12/site-packages:${PYTHONPATH} /usr/bin/python3 -W ignore:setup.py install is deprecated -W ignore:easy_install command is deprecated setup.py develop --editable --build-directory /ws/build/car_vision/build --no-deps symlink_data
[5.524s] INFO:colcon.colcon_core.shell:Creating environment descriptor '/ws/build/car_vision/share/car_vision/hook/pythonpath_develop.dsv'
[5.525s] INFO:colcon.colcon_core.shell:Creating environment hook '/ws/build/car_vision/share/car_vision/hook/pythonpath_develop.sh'
[5.526s] Level 1:colcon.colcon_core.environment:checking '/ws/install/car_vision' for CMake module files
[5.526s] Level 1:colcon.colcon_core.environment:checking '/ws/install/car_vision' for CMake config files
[5.526s] Level 1:colcon.colcon_core.environment:checking '/ws/install/car_vision/lib'
[5.527s] Level 1:colcon.colcon_core.environment:checking '/ws/install/car_vision/bin'
[5.527s] Level 1:colcon.colcon_core.environment:checking '/ws/install/car_vision/lib/pkgconfig/car_vision.pc'
[5.527s] Level 1:colcon.colcon_core.environment:checking '/ws/install/car_vision/lib/python3.12/site-packages'
[5.527s] Level 1:colcon.colcon_core.shell:create_environment_hook('car_vision', 'pythonpath')
[5.527s] INFO:colcon.colcon_core.shell:Creating environment hook '/ws/install/car_vision/share/car_vision/hook/pythonpath.ps1'
[5.528s] INFO:colcon.colcon_core.shell:Creating environment descriptor '/ws/install/car_vision/share/car_vision/hook/pythonpath.dsv'
[5.528s] INFO:colcon.colcon_core.shell:Creating environment hook '/ws/install/car_vision/share/car_vision/hook/pythonpath.sh'
[5.529s] Level 1:colcon.colcon_core.environment:checking '/ws/install/car_vision/bin'
[5.529s] Level 1:colcon.colcon_core.environment:create_environment_scripts_only(car_vision)
[5.530s] INFO:colcon.colcon_core.shell:Creating package script '/ws/install/car_vision/share/car_vision/package.ps1'
[5.530s] INFO:colcon.colcon_core.shell:Creating package descriptor '/ws/install/car_vision/share/car_vision/package.dsv'
[5.531s] INFO:colcon.colcon_core.shell:Creating package script '/ws/install/car_vision/share/car_vision/package.sh'
[5.531s] INFO:colcon.colcon_core.shell:Creating package script '/ws/install/car_vision/share/car_vision/package.bash'
[5.532s] INFO:colcon.colcon_core.shell:Creating package script '/ws/install/car_vision/share/car_vision/package.zsh'
[5.533s] Level 1:colcon.colcon_core.environment:create_file_with_runtime_dependencies(/ws/install/car_vision/share/colcon-core/packages/car_vision)
[5.534s] DEBUG:colcon.colcon_parallel_executor.executor.parallel:closing loop
[5.534s] DEBUG:colcon.colcon_parallel_executor.executor.parallel:loop closed
[5.534s] DEBUG:colcon.colcon_parallel_executor.executor.parallel:run_until_complete finished with '0'
[5.534s] DEBUG:colcon.colcon_core.event_reactor:joining thread
[5.541s] INFO:colcon.colcon_core.plugin_system:Skipping extension 'colcon_notification.desktop_notification.notify_send': Could not find 'notify-send'
[5.541s] INFO:colcon.colcon_core.plugin_system:Skipping extension 'colcon_notification.desktop_notification.terminal_notifier': Not used on non-Darwin systems
[5.541s] INFO:colcon.colcon_core.plugin_system:Skipping extension 'colcon_notification.desktop_notification.win32': Not used on non-Windows systems
[5.541s] INFO:colcon.colcon_notification.desktop_notification:Sending desktop notification using 'notify2'
[5.542s] DEBUG:colcon.colcon_notification.desktop_notification.notify2:Failed to initialize notify2: org.freedesktop.DBus.Error.NotSupported: Unable to autolaunch a dbus-daemon without a $DISPLAY for X11
[5.542s] DEBUG:colcon.colcon_core.event_reactor:joined thread
[5.542s] INFO:colcon.colcon_core.shell:Creating prefix script '/ws/install/local_setup.ps1'
[5.543s] INFO:colcon.colcon_core.shell:Creating prefix util module '/ws/install/_local_setup_util_ps1.py'
[5.544s] INFO:colcon.colcon_core.shell:Creating prefix chain script '/ws/install/setup.ps1'
[5.545s] INFO:colcon.colcon_core.shell:Creating prefix script '/ws/install/local_setup.sh'
[5.546s] INFO:colcon.colcon_core.shell:Creating prefix util module '/ws/install/_local_setup_util_sh.py'
[5.547s] INFO:colcon.colcon_core.shell:Creating prefix chain script '/ws/install/setup.sh'
[5.548s] INFO:colcon.colcon_core.shell:Creating prefix script '/ws/install/local_setup.bash'
[5.548s] INFO:colcon.colcon_core.shell:Creating prefix chain script '/ws/install/setup.bash'
[5.549s] INFO:colcon.colcon_core.shell:Creating prefix script '/ws/install/local_setup.zsh'
[5.550s] INFO:colcon.colcon_core.shell:Creating prefix chain script '/ws/install/setup.zsh'
