[0.956s] Invoking command in '/home/ksj/ros2_workspace/src/car_planning': AMENT_PREFIX_PATH=/home/ksj/ros2_workspace/install/car_msgs:${AMENT_PREFIX_PATH} CMAKE_PREFIX_PATH=/home/ksj/ros2_workspace/install/car_msgs:${CMAKE_PREFIX_PATH} DEBUGINFOD_URLS=https://debuginfod.ubuntu.com LD_LIBRARY_PATH=/home/ksj/ros2_workspace/install/car_msgs/lib:${LD_LIBRARY_PATH} PYTHONPATH=/home/ksj/ros2_workspace/build/car_planning/prefix_override:/usr/lib/python3/dist-packages/colcon_core/task/python/colcon_distutils_commands:/home/ksj/ros2_workspace/install/car_planning/lib/python3.12/site-packages:/home/ksj/ros2_workspace/install/car_msgs/lib/python3.12/site-packages:${PYTHONPATH} /usr/bin/python3 -W ignore:setup.py install is deprecated -W ignore:easy_install command is deprecated setup.py egg_info --egg-base ../../build/car_planning build --build-base /home/ksj/ros2_workspace/build/car_planning/build install --record /home/ksj/ros2_workspace/build/car_planning/install.log --single-version-externally-managed install_data
[1.152s] running egg_info
[1.153s] creating ../../build/car_planning/car_planning.egg-info
[1.166s] writing ../../build/car_planning/car_planning.egg-info/PKG-INFO
[1.166s] writing dependency_links to ../../build/car_planning/car_planning.egg-info/dependency_links.txt
[1.166s] writing requirements to ../../build/car_planning/car_planning.egg-info/requires.txt
[1.166s] writing top-level names to ../../build/car_planning/car_planning.egg-info/top_level.txt
[1.167s] writing manifest file '../../build/car_planning/car_planning.egg-info/SOURCES.txt'
[1.197s] reading manifest file '../../build/car_planning/car_planning.egg-info/SOURCES.txt'
[1.198s] writing manifest file '../../build/car_planning/car_planning.egg-info/SOURCES.txt'
[1.198s] running build
[1.198s] running build_py
[1.198s] creating /home/ksj/ros2_workspace/build/car_planning/build
[1.198s] creating /home/ksj/ros2_workspace/build/car_planning/build/lib
[1.198s] creating /home/ksj/ros2_workspace/build/car_planning/build/lib/car_planning
[1.198s] copying car_planning/decision_maker.py -> /home/ksj/ros2_workspace/build/car_planning/build/lib/car_planning
[1.198s] copying car_planning/__init__.py -> /home/ksj/ros2_workspace/build/car_planning/build/lib/car_planning
[1.198s] running install
[1.204s] running install_lib
[1.219s] creating /home/ksj/ros2_workspace/install/car_planning/lib/python3.12/site-packages/car_planning
[1.219s] copying /home/ksj/ros2_workspace/build/car_planning/build/lib/car_planning/decision_maker.py -> /home/ksj/ros2_workspace/install/car_planning/lib/python3.12/site-packages/car_planning
[1.219s] copying /home/ksj/ros2_workspace/build/car_planning/build/lib/car_planning/__init__.py -> /home/ksj/ros2_workspace/install/car_planning/lib/python3.12/site-packages/car_planning
[1.219s] byte-compiling /home/ksj/ros2_workspace/install/car_planning/lib/python3.12/site-packages/car_planning/decision_maker.py to decision_maker.cpython-312.pyc
[1.220s] byte-compiling /home/ksj/ros2_workspace/install/car_planning/lib/python3.12/site-packages/car_planning/__init__.py to __init__.cpython-312.pyc
[1.220s] running install_data
[1.220s] creating /home/ksj/ros2_workspace/install/car_planning/share/ament_index
[1.220s] creating /home/ksj/ros2_workspace/install/car_planning/share/ament_index/resource_index
[1.221s] creating /home/ksj/ros2_workspace/install/car_planning/share/ament_index/resource_index/packages
[1.221s] copying resource/car_planning -> /home/ksj/ros2_workspace/install/car_planning/share/ament_index/resource_index/packages
[1.221s] copying package.xml -> /home/ksj/ros2_workspace/install/car_planning/share/car_planning
[1.221s] running install_egg_info
[1.238s] Copying ../../build/car_planning/car_planning.egg-info to /home/ksj/ros2_workspace/install/car_planning/lib/python3.12/site-packages/car_planning-0.0.0-py3.12.egg-info
[1.238s] running install_scripts
[1.337s] writing list of installed files to '/home/ksj/ros2_workspace/build/car_planning/install.log'
[1.370s] Invoked command in '/home/ksj/ros2_workspace/src/car_planning' returned '0': AMENT_PREFIX_PATH=/home/ksj/ros2_workspace/install/car_msgs:${AMENT_PREFIX_PATH} CMAKE_PREFIX_PATH=/home/ksj/ros2_workspace/install/car_msgs:${CMAKE_PREFIX_PATH} DEBUGINFOD_URLS=https://debuginfod.ubuntu.com LD_LIBRARY_PATH=/home/ksj/ros2_workspace/install/car_msgs/lib:${LD_LIBRARY_PATH} PYTHONPATH=/home/ksj/ros2_workspace/build/car_planning/prefix_override:/usr/lib/python3/dist-packages/colcon_core/task/python/colcon_distutils_commands:/home/ksj/ros2_workspace/install/car_planning/lib/python3.12/site-packages:/home/ksj/ros2_workspace/install/car_msgs/lib/python3.12/site-packages:${PYTHONPATH} /usr/bin/python3 -W ignore:setup.py install is deprecated -W ignore:easy_install command is deprecated setup.py egg_info --egg-base ../../build/car_planning build --build-base /home/ksj/ros2_workspace/build/car_planning/build install --record /home/ksj/ros2_workspace/build/car_planning/install.log --single-version-externally-managed install_data
