[0.824s] Invoking command in '/home/ksj/ros2_workspace/src/vision_pkg': DEBUGINFOD_URLS=https://debuginfod.ubuntu.com PYTHONPATH=/home/ksj/ros2_workspace/build/vision_pkg/prefix_override:/usr/lib/python3/dist-packages/colcon_core/task/python/colcon_distutils_commands:/home/ksj/ros2_workspace/install/vision_pkg/lib/python3.12/site-packages:${PYTHONPATH} /usr/bin/python3 -W ignore:setup.py install is deprecated -W ignore:easy_install command is deprecated setup.py egg_info --egg-base ../../build/vision_pkg build --build-base /home/ksj/ros2_workspace/build/vision_pkg/build install --record /home/ksj/ros2_workspace/build/vision_pkg/install.log --single-version-externally-managed install_data
[1.024s] running egg_info
[1.024s] creating ../../build/vision_pkg/vision_pkg.egg-info
[1.038s] writing ../../build/vision_pkg/vision_pkg.egg-info/PKG-INFO
[1.038s] writing dependency_links to ../../build/vision_pkg/vision_pkg.egg-info/dependency_links.txt
[1.039s] writing entry points to ../../build/vision_pkg/vision_pkg.egg-info/entry_points.txt
[1.039s] writing requirements to ../../build/vision_pkg/vision_pkg.egg-info/requires.txt
[1.039s] writing top-level names to ../../build/vision_pkg/vision_pkg.egg-info/top_level.txt
[1.039s] writing manifest file '../../build/vision_pkg/vision_pkg.egg-info/SOURCES.txt'
[1.068s] reading manifest file '../../build/vision_pkg/vision_pkg.egg-info/SOURCES.txt'
[1.068s] writing manifest file '../../build/vision_pkg/vision_pkg.egg-info/SOURCES.txt'
[1.068s] running build
[1.068s] running build_py
[1.068s] creating /home/ksj/ros2_workspace/build/vision_pkg/build
[1.068s] creating /home/ksj/ros2_workspace/build/vision_pkg/build/lib
[1.068s] creating /home/ksj/ros2_workspace/build/vision_pkg/build/lib/vision_pkg
[1.068s] copying vision_pkg/lane_detector_node.py -> /home/ksj/ros2_workspace/build/vision_pkg/build/lib/vision_pkg
[1.069s] copying vision_pkg/__init__.py -> /home/ksj/ros2_workspace/build/vision_pkg/build/lib/vision_pkg
[1.069s] running install
[1.074s] running install_lib
[1.088s] creating /home/ksj/ros2_workspace/install/vision_pkg/lib/python3.12/site-packages/vision_pkg
[1.088s] copying /home/ksj/ros2_workspace/build/vision_pkg/build/lib/vision_pkg/lane_detector_node.py -> /home/ksj/ros2_workspace/install/vision_pkg/lib/python3.12/site-packages/vision_pkg
[1.088s] copying /home/ksj/ros2_workspace/build/vision_pkg/build/lib/vision_pkg/__init__.py -> /home/ksj/ros2_workspace/install/vision_pkg/lib/python3.12/site-packages/vision_pkg
[1.088s] byte-compiling /home/ksj/ros2_workspace/install/vision_pkg/lib/python3.12/site-packages/vision_pkg/lane_detector_node.py to lane_detector_node.cpython-312.pyc
[1.089s] byte-compiling /home/ksj/ros2_workspace/install/vision_pkg/lib/python3.12/site-packages/vision_pkg/__init__.py to __init__.cpython-312.pyc
[1.089s] running install_data
[1.089s] creating /home/ksj/ros2_workspace/install/vision_pkg/share/ament_index
[1.089s] creating /home/ksj/ros2_workspace/install/vision_pkg/share/ament_index/resource_index
[1.089s] creating /home/ksj/ros2_workspace/install/vision_pkg/share/ament_index/resource_index/packages
[1.089s] copying resource/vision_pkg -> /home/ksj/ros2_workspace/install/vision_pkg/share/ament_index/resource_index/packages
[1.089s] copying package.xml -> /home/ksj/ros2_workspace/install/vision_pkg/share/vision_pkg
[1.089s] running install_egg_info
[1.106s] Copying ../../build/vision_pkg/vision_pkg.egg-info to /home/ksj/ros2_workspace/install/vision_pkg/lib/python3.12/site-packages/vision_pkg-0.0.0-py3.12.egg-info
[1.107s] running install_scripts
[1.204s] Installing lane_detector_node script to /home/ksj/ros2_workspace/install/vision_pkg/lib/vision_pkg
[1.205s] writing list of installed files to '/home/ksj/ros2_workspace/build/vision_pkg/install.log'
[1.232s] Invoked command in '/home/ksj/ros2_workspace/src/vision_pkg' returned '0': DEBUGINFOD_URLS=https://debuginfod.ubuntu.com PYTHONPATH=/home/ksj/ros2_workspace/build/vision_pkg/prefix_override:/usr/lib/python3/dist-packages/colcon_core/task/python/colcon_distutils_commands:/home/ksj/ros2_workspace/install/vision_pkg/lib/python3.12/site-packages:${PYTHONPATH} /usr/bin/python3 -W ignore:setup.py install is deprecated -W ignore:easy_install command is deprecated setup.py egg_info --egg-base ../../build/vision_pkg build --build-base /home/ksj/ros2_workspace/build/vision_pkg/build install --record /home/ksj/ros2_workspace/build/vision_pkg/install.log --single-version-externally-managed install_data
