running develop
running egg_info
creating car_comms.egg-info
writing car_comms.egg-info/PKG-INFO
writing dependency_links to car_comms.egg-info/dependency_links.txt
writing entry points to car_comms.egg-info/entry_points.txt
writing requirements to car_comms.egg-info/requires.txt
writing top-level names to car_comms.egg-info/top_level.txt
writing manifest file 'car_comms.egg-info/SOURCES.txt'
reading manifest file 'car_comms.egg-info/SOURCES.txt'
writing manifest file 'car_comms.egg-info/SOURCES.txt'
running build_ext
Creating /ws/src/car_comms/install/car_comms/lib/python3.12/site-packages/car-comms.egg-link (link to .)
Installing v2x_alert_bridge script to /ws/src/car_comms/install/car_comms/lib/car_comms

Installed /ws/src/car_comms/build/car_comms
running symlink_data
creating /ws/src/car_comms/install/car_comms/share
creating /ws/src/car_comms/install/car_comms/share/ament_index
creating /ws/src/car_comms/install/car_comms/share/ament_index/resource_index
creating /ws/src/car_comms/install/car_comms/share/ament_index/resource_index/packages
symbolically linking /ws/src/car_comms/build/car_comms/resource/car_comms -> /ws/src/car_comms/install/car_comms/share/ament_index/resource_index/packages
creating /ws/src/car_comms/install/car_comms/share/car_comms
symbolically linking /ws/src/car_comms/build/car_comms/package.xml -> /ws/src/car_comms/install/car_comms/share/car_comms
