[0.756s] Invoking command in '/ws/src/car_comms/build/car_comms': PYTHONPATH=/ws/src/car_comms/build/car_comms/prefix_override:/usr/lib/python3/dist-packages/colcon_core/task/python/colcon_distutils_commands:/ws/src/car_comms/install/car_comms/lib/python3.12/site-packages:${PYTHONPATH} /usr/bin/python3 -W ignore:setup.py install is deprecated -W ignore:easy_install command is deprecated setup.py develop --editable --build-directory /ws/src/car_comms/build/car_comms/build --no-deps symlink_data
[1.052s] running develop
[1.184s] running egg_info
[1.184s] creating car_comms.egg-info
[1.197s] writing car_comms.egg-info/PKG-INFO
[1.198s] writing dependency_links to car_comms.egg-info/dependency_links.txt
[1.198s] writing entry points to car_comms.egg-info/entry_points.txt
[1.198s] writing requirements to car_comms.egg-info/requires.txt
[1.198s] writing top-level names to car_comms.egg-info/top_level.txt
[1.198s] writing manifest file 'car_comms.egg-info/SOURCES.txt'
[1.225s] reading manifest file 'car_comms.egg-info/SOURCES.txt'
[1.226s] writing manifest file 'car_comms.egg-info/SOURCES.txt'
[1.241s] running build_ext
[1.241s] Creating /ws/src/car_comms/install/car_comms/lib/python3.12/site-packages/car-comms.egg-link (link to .)
[1.242s] Installing v2x_alert_bridge script to /ws/src/car_comms/install/car_comms/lib/car_comms
[1.242s] 
[1.242s] Installed /ws/src/car_comms/build/car_comms
[1.242s] running symlink_data
[1.242s] creating /ws/src/car_comms/install/car_comms/share
[1.243s] creating /ws/src/car_comms/install/car_comms/share/ament_index
[1.243s] creating /ws/src/car_comms/install/car_comms/share/ament_index/resource_index
[1.243s] creating /ws/src/car_comms/install/car_comms/share/ament_index/resource_index/packages
[1.243s] symbolically linking /ws/src/car_comms/build/car_comms/resource/car_comms -> /ws/src/car_comms/install/car_comms/share/ament_index/resource_index/packages
[1.243s] creating /ws/src/car_comms/install/car_comms/share/car_comms
[1.243s] symbolically linking /ws/src/car_comms/build/car_comms/package.xml -> /ws/src/car_comms/install/car_comms/share/car_comms
[1.311s] Invoked command in '/ws/src/car_comms/build/car_comms' returned '0': PYTHONPATH=/ws/src/car_comms/build/car_comms/prefix_override:/usr/lib/python3/dist-packages/colcon_core/task/python/colcon_distutils_commands:/ws/src/car_comms/install/car_comms/lib/python3.12/site-packages:${PYTHONPATH} /usr/bin/python3 -W ignore:setup.py install is deprecated -W ignore:easy_install command is deprecated setup.py develop --editable --build-directory /ws/src/car_comms/build/car_comms/build --no-deps symlink_data
