[0.000000] (-) TimerEvent: {}
[0.003356] (car_msgs) JobQueued: {'identifier': 'car_msgs', 'dependencies': OrderedDict()}
[0.003467] (vision_pkg) JobQueued: {'identifier': 'vision_pkg', 'dependencies': OrderedDict()}
[0.003490] (car_comms) JobQueued: {'identifier': 'car_comms', 'dependencies': OrderedDict({'car_msgs': '/ws/install/car_msgs'})}
[0.003514] (car_control) JobQueued: {'identifier': 'car_control', 'dependencies': OrderedDict({'car_msgs': '/ws/install/car_msgs'})}
[0.003533] (car_planning) JobQueued: {'identifier': 'car_planning', 'dependencies': OrderedDict({'car_msgs': '/ws/install/car_msgs'})}
[0.003551] (car_vision) JobQueued: {'identifier': 'car_vision', 'dependencies': OrderedDict({'car_msgs': '/ws/install/car_msgs'})}
[0.003569] (car_msgs) JobStarted: {'identifier': 'car_msgs'}
[0.009162] (vision_pkg) JobStarted: {'identifier': 'vision_pkg'}
[0.039405] (car_msgs) JobProgress: {'identifier': 'car_msgs', 'progress': 'cmake'}
[0.039488] (car_msgs) JobProgress: {'identifier': 'car_msgs', 'progress': 'build'}
[0.039514] (car_msgs) Command: {'cmd': ['/usr/bin/cmake', '--build', '/ws/build/car_msgs', '--', '-j4', '-l4'], 'cwd': '/ws/build/car_msgs', 'env': OrderedDict({'HOSTNAME': 'pi03', 'SHLVL': '1', 'LD_LIBRARY_PATH': '/opt/ros/jazzy/lib/aarch64-linux-gnu:/opt/ros/jazzy/lib', 'HOME': '/root', 'ROS_PYTHON_VERSION': '3', 'ROS_DISTRO': 'jazzy', '_': '/usr/bin/colcon', 'ROS_VERSION': '2', 'PATH': '/opt/ros/jazzy/bin:/usr/local/sbin:/usr/local/bin:/usr/sbin:/usr/bin:/sbin:/bin', 'LANG': 'C.UTF-8', 'ROS_DOMAIN_ID': '10', 'AMENT_PREFIX_PATH': '/opt/ros/jazzy', 'ROS_AUTOMATIC_DISCOVERY_RANGE': 'SUBNET', 'PWD': '/ws/build/car_msgs', 'LC_ALL': 'C.UTF-8', 'PYTHONPATH': '/opt/ros/jazzy/lib/python3.12/site-packages', 'COLCON': '1', 'CMAKE_PREFIX_PATH': '/opt/ros/jazzy'}), 'shell': False}
[0.100840] (-) TimerEvent: {}
[0.201015] (-) TimerEvent: {}
[0.301231] (-) TimerEvent: {}
[0.337017] (car_msgs) StdoutLine: {'line': b'[  0%] Built target ament_cmake_python_symlink_car_msgs\n'}
[0.337891] (car_msgs) StdoutLine: {'line': b'[  2%] Built target car_msgs__rosidl_generator_type_description\n'}
[0.339936] (car_msgs) StdoutLine: {'line': b'[ 17%] Built target car_msgs__rosidl_generator_c\n'}
[0.340060] (car_msgs) StdoutLine: {'line': b'[ 26%] Built target car_msgs__rosidl_typesupport_introspection_c\n'}
[0.340156] (car_msgs) StdoutLine: {'line': b'[ 35%] Built target car_msgs__rosidl_typesupport_fastrtps_c\n'}
[0.340257] (car_msgs) StdoutLine: {'line': b'[ 44%] Built target car_msgs__rosidl_typesupport_c\n'}
[0.340335] (car_msgs) StdoutLine: {'line': b'[ 47%] Built target car_msgs__cpp\n'}
[0.340409] (car_msgs) StdoutLine: {'line': b'[ 55%] Built target car_msgs__rosidl_typesupport_cpp\n'}
[0.340483] (car_msgs) StdoutLine: {'line': b'[ 64%] Built target car_msgs__rosidl_typesupport_introspection_cpp\n'}
[0.340562] (car_msgs) StdoutLine: {'line': b'[ 73%] Built target car_msgs__rosidl_typesupport_fastrtps_cpp\n'}
[0.369298] (car_msgs) StdoutLine: {'line': b'[ 73%] Built target car_msgs\n'}
[0.390085] (car_msgs) StdoutLine: {'line': b'[ 76%] Built target car_msgs__py\n'}
[0.401852] (-) TimerEvent: {}
[0.416733] (car_msgs) StdoutLine: {'line': b'[ 82%] Built target car_msgs__rosidl_generator_py\n'}
[0.416939] (car_msgs) StdoutLine: {'line': b'running egg_info\n'}
[0.443466] (car_msgs) StdoutLine: {'line': b'[ 88%] Built target car_msgs_s__rosidl_typesupport_fastrtps_c\n'}
[0.446300] (car_msgs) StdoutLine: {'line': b'[ 94%] Built target car_msgs_s__rosidl_typesupport_c\n'}
[0.467011] (car_msgs) StdoutLine: {'line': b'writing car_msgs.egg-info/PKG-INFO\n'}
[0.471461] (car_msgs) StdoutLine: {'line': b'writing dependency_links to car_msgs.egg-info/dependency_links.txt\n'}
[0.471655] (car_msgs) StdoutLine: {'line': b'writing top-level names to car_msgs.egg-info/top_level.txt\n'}
[0.477917] (car_msgs) StdoutLine: {'line': b'[100%] Built target car_msgs_s__rosidl_typesupport_introspection_c\n'}
[0.501952] (-) TimerEvent: {}
[0.510286] (car_msgs) StdoutLine: {'line': b"reading manifest file 'car_msgs.egg-info/SOURCES.txt'\n"}
[0.511165] (car_msgs) StdoutLine: {'line': b"writing manifest file 'car_msgs.egg-info/SOURCES.txt'\n"}
[0.565831] (car_msgs) StdoutLine: {'line': b'[100%] Built target ament_cmake_python_build_car_msgs_egg\n'}
[0.577235] (car_msgs) CommandEnded: {'returncode': 0}
[0.578371] (car_msgs) JobProgress: {'identifier': 'car_msgs', 'progress': 'install'}
[0.587105] (car_msgs) Command: {'cmd': ['/usr/bin/cmake', '--install', '/ws/build/car_msgs'], 'cwd': '/ws/build/car_msgs', 'env': OrderedDict({'HOSTNAME': 'pi03', 'SHLVL': '1', 'LD_LIBRARY_PATH': '/opt/ros/jazzy/lib/aarch64-linux-gnu:/opt/ros/jazzy/lib', 'HOME': '/root', 'ROS_PYTHON_VERSION': '3', 'ROS_DISTRO': 'jazzy', '_': '/usr/bin/colcon', 'ROS_VERSION': '2', 'PATH': '/opt/ros/jazzy/bin:/usr/local/sbin:/usr/local/bin:/usr/sbin:/usr/bin:/sbin:/bin', 'LANG': 'C.UTF-8', 'ROS_DOMAIN_ID': '10', 'AMENT_PREFIX_PATH': '/opt/ros/jazzy', 'ROS_AUTOMATIC_DISCOVERY_RANGE': 'SUBNET', 'PWD': '/ws/build/car_msgs', 'LC_ALL': 'C.UTF-8', 'PYTHONPATH': '/opt/ros/jazzy/lib/python3.12/site-packages', 'COLCON': '1', 'CMAKE_PREFIX_PATH': '/opt/ros/jazzy'}), 'shell': False}
[0.595459] (car_msgs) StdoutLine: {'line': b'-- Install configuration: ""\n'}
[0.596208] (car_msgs) StdoutLine: {'line': b'-- Execute custom install script\n'}
[0.596473] (car_msgs) StdoutLine: {'line': b'-- Up-to-date symlink: /ws/install/car_msgs/share/ament_index/resource_index/rosidl_interfaces/car_msgs\n'}
[0.596701] (car_msgs) StdoutLine: {'line': b'-- Up-to-date symlink: /ws/install/car_msgs/share/car_msgs/msg/V2VAlert.json\n'}
[0.597107] (car_msgs) StdoutLine: {'line': b'-- Up-to-date symlink: /ws/install/car_msgs/include/car_msgs/car_msgs/msg/detail/v2_v_alert__functions.h\n'}
[0.597316] (car_msgs) StdoutLine: {'line': b'-- Up-to-date symlink: /ws/install/car_msgs/include/car_msgs/car_msgs/msg/detail/v2_v_alert__struct.h\n'}
[0.597594] (car_msgs) StdoutLine: {'line': b'-- Up-to-date symlink: /ws/install/car_msgs/include/car_msgs/car_msgs/msg/detail/v2_v_alert__type_support.h\n'}
[0.597749] (car_msgs) StdoutLine: {'line': b'-- Up-to-date symlink: /ws/install/car_msgs/include/car_msgs/car_msgs/msg/rosidl_generator_c__visibility_control.h\n'}
[0.597910] (car_msgs) StdoutLine: {'line': b'-- Up-to-date symlink: /ws/install/car_msgs/include/car_msgs/car_msgs/msg/v2_v_alert.h\n'}
[0.598126] (car_msgs) StdoutLine: {'line': b'-- Up-to-date symlink: /ws/install/car_msgs/share/car_msgs/environment/library_path.sh\n'}
[0.598284] (car_msgs) StdoutLine: {'line': b'-- Up-to-date symlink: /ws/install/car_msgs/share/car_msgs/environment/library_path.dsv\n'}
[0.598519] (car_msgs) StdoutLine: {'line': b'-- Up-to-date symlink: /ws/install/car_msgs/include/car_msgs/car_msgs/msg/detail/v2_v_alert__rosidl_typesupport_fastrtps_c.h\n'}
[0.598670] (car_msgs) StdoutLine: {'line': b'-- Up-to-date symlink: /ws/install/car_msgs/include/car_msgs/car_msgs/msg/rosidl_typesupport_fastrtps_c__visibility_control.h\n'}
[0.598869] (car_msgs) StdoutLine: {'line': b'-- Up-to-date symlink: /ws/install/car_msgs/include/car_msgs/car_msgs/msg/detail/v2_v_alert__rosidl_typesupport_introspection_c.h\n'}
[0.599030] (car_msgs) StdoutLine: {'line': b'-- Up-to-date symlink: /ws/install/car_msgs/include/car_msgs/car_msgs/msg/rosidl_typesupport_introspection_c__visibility_control.h\n'}
[0.599232] (car_msgs) StdoutLine: {'line': b'-- Up-to-date symlink: /ws/install/car_msgs/include/car_msgs/car_msgs/msg/detail/v2_v_alert__builder.hpp\n'}
[0.599500] (car_msgs) StdoutLine: {'line': b'-- Up-to-date symlink: /ws/install/car_msgs/include/car_msgs/car_msgs/msg/detail/v2_v_alert__struct.hpp\n'}
[0.599737] (car_msgs) StdoutLine: {'line': b'-- Up-to-date symlink: /ws/install/car_msgs/include/car_msgs/car_msgs/msg/detail/v2_v_alert__traits.hpp\n'}
[0.599932] (car_msgs) StdoutLine: {'line': b'-- Up-to-date symlink: /ws/install/car_msgs/include/car_msgs/car_msgs/msg/detail/v2_v_alert__type_support.hpp\n'}
[0.600084] (car_msgs) StdoutLine: {'line': b'-- Up-to-date symlink: /ws/install/car_msgs/include/car_msgs/car_msgs/msg/rosidl_generator_cpp__visibility_control.hpp\n'}
[0.600284] (car_msgs) StdoutLine: {'line': b'-- Up-to-date symlink: /ws/install/car_msgs/include/car_msgs/car_msgs/msg/v2_v_alert.hpp\n'}
[0.600485] (car_msgs) StdoutLine: {'line': b'-- Up-to-date symlink: /ws/install/car_msgs/include/car_msgs/car_msgs/msg/detail/v2_v_alert__rosidl_typesupport_fastrtps_cpp.hpp\n'}
[0.600990] (car_msgs) StdoutLine: {'line': b'-- Up-to-date symlink: /ws/install/car_msgs/include/car_msgs/car_msgs/msg/rosidl_typesupport_fastrtps_cpp__visibility_control.h\n'}
[0.601204] (car_msgs) StdoutLine: {'line': b'-- Up-to-date symlink: /ws/install/car_msgs/include/car_msgs/car_msgs/msg/detail/v2_v_alert__rosidl_typesupport_introspection_cpp.hpp\n'}
[0.601404] (car_msgs) StdoutLine: {'line': b'-- Up-to-date symlink: /ws/install/car_msgs/share/car_msgs/environment/pythonpath.sh\n'}
[0.601665] (car_msgs) StdoutLine: {'line': b'-- Up-to-date symlink: /ws/install/car_msgs/share/car_msgs/environment/pythonpath.dsv\n'}
[0.601820] (car_msgs) StdoutLine: {'line': b'-- Up-to-date symlink: /ws/install/car_msgs/lib/python3.12/site-packages/car_msgs-0.0.0-py3.12.egg-info/PKG-INFO\n'}
[0.601962] (-) TimerEvent: {}
[0.601990] (car_msgs) StdoutLine: {'line': b'-- Up-to-date symlink: /ws/install/car_msgs/lib/python3.12/site-packages/car_msgs-0.0.0-py3.12.egg-info/SOURCES.txt\n'}
[0.602176] (car_msgs) StdoutLine: {'line': b'-- Up-to-date symlink: /ws/install/car_msgs/lib/python3.12/site-packages/car_msgs-0.0.0-py3.12.egg-info/dependency_links.txt\n'}
[0.602408] (car_msgs) StdoutLine: {'line': b'-- Up-to-date symlink: /ws/install/car_msgs/lib/python3.12/site-packages/car_msgs-0.0.0-py3.12.egg-info/top_level.txt\n'}
[0.602604] (car_msgs) StdoutLine: {'line': b'-- Up-to-date symlink: /ws/install/car_msgs/lib/python3.12/site-packages/car_msgs/__init__.py\n'}
[0.602861] (car_msgs) StdoutLine: {'line': b'-- Up-to-date symlink: /ws/install/car_msgs/lib/python3.12/site-packages/car_msgs/_car_msgs_s.ep.rosidl_typesupport_c.c\n'}
[0.603054] (car_msgs) StdoutLine: {'line': b'-- Up-to-date symlink: /ws/install/car_msgs/lib/python3.12/site-packages/car_msgs/_car_msgs_s.ep.rosidl_typesupport_fastrtps_c.c\n'}
[0.603248] (car_msgs) StdoutLine: {'line': b'-- Up-to-date symlink: /ws/install/car_msgs/lib/python3.12/site-packages/car_msgs/_car_msgs_s.ep.rosidl_typesupport_introspection_c.c\n'}
[0.603479] (car_msgs) StdoutLine: {'line': b'-- Up-to-date symlink: /ws/install/car_msgs/lib/python3.12/site-packages/car_msgs/car_msgs_s__rosidl_typesupport_c.so\n'}
[0.603634] (car_msgs) StdoutLine: {'line': b'-- Up-to-date symlink: /ws/install/car_msgs/lib/python3.12/site-packages/car_msgs/car_msgs_s__rosidl_typesupport_fastrtps_c.so\n'}
[0.603781] (car_msgs) StdoutLine: {'line': b'-- Up-to-date symlink: /ws/install/car_msgs/lib/python3.12/site-packages/car_msgs/car_msgs_s__rosidl_typesupport_introspection_c.so\n'}
[0.603927] (car_msgs) StdoutLine: {'line': b'-- Up-to-date symlink: /ws/install/car_msgs/lib/python3.12/site-packages/car_msgs/msg/__init__.py\n'}
[0.604130] (car_msgs) StdoutLine: {'line': b'-- Up-to-date symlink: /ws/install/car_msgs/lib/python3.12/site-packages/car_msgs/msg/_v2_v_alert.py\n'}
[0.604285] (car_msgs) StdoutLine: {'line': b'-- Up-to-date symlink: /ws/install/car_msgs/lib/python3.12/site-packages/car_msgs/msg/_v2_v_alert_s.c\n'}
[0.604509] (car_msgs) StdoutLine: {'line': b'-- Up-to-date symlink: /ws/install/car_msgs/lib/python3.12/site-packages/car_msgs/car_msgs_s__rosidl_typesupport_fastrtps_c.so\n'}
[0.604699] (car_msgs) StdoutLine: {'line': b'-- Up-to-date symlink: /ws/install/car_msgs/lib/python3.12/site-packages/car_msgs/car_msgs_s__rosidl_typesupport_introspection_c.so\n'}
[0.604884] (car_msgs) StdoutLine: {'line': b'-- Up-to-date symlink: /ws/install/car_msgs/lib/python3.12/site-packages/car_msgs/car_msgs_s__rosidl_typesupport_c.so\n'}
[0.605104] (car_msgs) StdoutLine: {'line': b'-- Up-to-date symlink: /ws/install/car_msgs/share/car_msgs/msg/V2VAlert.idl\n'}
[0.605282] (car_msgs) StdoutLine: {'line': b'-- Up-to-date symlink: /ws/install/car_msgs/share/car_msgs/msg/V2VAlert.msg\n'}
[0.605463] (car_msgs) StdoutLine: {'line': b'-- Up-to-date symlink: /ws/install/car_msgs/share/ament_index/resource_index/package_run_dependencies/car_msgs\n'}
[0.605657] (car_msgs) StdoutLine: {'line': b'-- Up-to-date symlink: /ws/install/car_msgs/share/ament_index/resource_index/parent_prefix_path/car_msgs\n'}
[0.605854] (car_msgs) StdoutLine: {'line': b'-- Up-to-date symlink: /ws/install/car_msgs/share/car_msgs/environment/ament_prefix_path.sh\n'}
[0.606072] (car_msgs) StdoutLine: {'line': b'-- Up-to-date symlink: /ws/install/car_msgs/share/car_msgs/environment/ament_prefix_path.dsv\n'}
[0.606263] (car_msgs) StdoutLine: {'line': b'-- Up-to-date symlink: /ws/install/car_msgs/share/car_msgs/environment/path.sh\n'}
[0.606474] (car_msgs) StdoutLine: {'line': b'-- Up-to-date symlink: /ws/install/car_msgs/share/car_msgs/environment/path.dsv\n'}
[0.606637] (car_msgs) StdoutLine: {'line': b'-- Up-to-date symlink: /ws/install/car_msgs/share/car_msgs/local_setup.bash\n'}
[0.606822] (car_msgs) StdoutLine: {'line': b'-- Up-to-date symlink: /ws/install/car_msgs/share/car_msgs/local_setup.sh\n'}
[0.606974] (car_msgs) StdoutLine: {'line': b'-- Up-to-date symlink: /ws/install/car_msgs/share/car_msgs/local_setup.zsh\n'}
[0.607163] (car_msgs) StdoutLine: {'line': b'-- Up-to-date symlink: /ws/install/car_msgs/share/car_msgs/local_setup.dsv\n'}
[0.607382] (car_msgs) StdoutLine: {'line': b'-- Symlinking: /ws/install/car_msgs/share/car_msgs/package.dsv\n'}
[0.615035] (car_msgs) StdoutLine: {'line': b'-- Up-to-date symlink: /ws/install/car_msgs/share/ament_index/resource_index/packages/car_msgs\n'}
[0.615423] (car_msgs) StdoutLine: {'line': b'-- Up-to-date symlink: /ws/install/car_msgs/share/car_msgs/cmake/rosidl_cmake-extras.cmake\n'}
[0.615658] (car_msgs) StdoutLine: {'line': b'-- Up-to-date symlink: /ws/install/car_msgs/share/car_msgs/cmake/ament_cmake_export_dependencies-extras.cmake\n'}
[0.615897] (car_msgs) StdoutLine: {'line': b'-- Up-to-date symlink: /ws/install/car_msgs/share/car_msgs/cmake/ament_cmake_export_include_directories-extras.cmake\n'}
[0.616096] (car_msgs) StdoutLine: {'line': b'-- Up-to-date symlink: /ws/install/car_msgs/share/car_msgs/cmake/ament_cmake_export_libraries-extras.cmake\n'}
[0.616298] (car_msgs) StdoutLine: {'line': b'-- Up-to-date symlink: /ws/install/car_msgs/share/car_msgs/cmake/ament_cmake_export_targets-extras.cmake\n'}
[0.616503] (car_msgs) StdoutLine: {'line': b'-- Up-to-date symlink: /ws/install/car_msgs/share/car_msgs/cmake/rosidl_cmake_export_typesupport_targets-extras.cmake\n'}
[0.616708] (car_msgs) StdoutLine: {'line': b'-- Up-to-date symlink: /ws/install/car_msgs/share/car_msgs/cmake/rosidl_cmake_export_typesupport_libraries-extras.cmake\n'}
[0.616907] (car_msgs) StdoutLine: {'line': b'-- Up-to-date symlink: /ws/install/car_msgs/share/car_msgs/cmake/car_msgsConfig.cmake\n'}
[0.617101] (car_msgs) StdoutLine: {'line': b'-- Up-to-date symlink: /ws/install/car_msgs/share/car_msgs/cmake/car_msgsConfig-version.cmake\n'}
[0.617253] (car_msgs) StdoutLine: {'line': b'-- Up-to-date symlink: /ws/install/car_msgs/share/car_msgs/package.xml\n'}
[0.617446] (car_msgs) StdoutLine: {'line': b'-- Up-to-date: /ws/install/car_msgs/lib/libcar_msgs__rosidl_generator_c.so\n'}
[0.617635] (car_msgs) StdoutLine: {'line': b'-- Up-to-date: /ws/install/car_msgs/lib/libcar_msgs__rosidl_typesupport_fastrtps_c.so\n'}
[0.617835] (car_msgs) StdoutLine: {'line': b'-- Up-to-date: /ws/install/car_msgs/lib/libcar_msgs__rosidl_typesupport_introspection_c.so\n'}
[0.618014] (car_msgs) StdoutLine: {'line': b'-- Up-to-date: /ws/install/car_msgs/lib/libcar_msgs__rosidl_typesupport_c.so\n'}
[0.618160] (car_msgs) StdoutLine: {'line': b'-- Up-to-date: /ws/install/car_msgs/lib/libcar_msgs__rosidl_typesupport_fastrtps_cpp.so\n'}
[0.618356] (car_msgs) StdoutLine: {'line': b'-- Up-to-date: /ws/install/car_msgs/lib/libcar_msgs__rosidl_typesupport_introspection_cpp.so\n'}
[0.618511] (car_msgs) StdoutLine: {'line': b'-- Up-to-date: /ws/install/car_msgs/lib/libcar_msgs__rosidl_typesupport_cpp.so\n'}
[0.658608] (car_msgs) StdoutLine: {'line': b"Listing '/ws/install/car_msgs/lib/python3.12/site-packages/car_msgs'...\n"}
[0.659032] (car_msgs) StdoutLine: {'line': b"Listing '/ws/install/car_msgs/lib/python3.12/site-packages/car_msgs/msg'...\n"}
[0.668852] (car_msgs) StdoutLine: {'line': b'-- Up-to-date: /ws/install/car_msgs/lib/libcar_msgs__rosidl_generator_py.so\n'}
[0.669132] (car_msgs) StdoutLine: {'line': b'-- Up-to-date: /ws/install/car_msgs/share/car_msgs/cmake/export_car_msgs__rosidl_generator_cExport.cmake\n'}
[0.669292] (car_msgs) StdoutLine: {'line': b'-- Up-to-date: /ws/install/car_msgs/share/car_msgs/cmake/export_car_msgs__rosidl_generator_cExport-noconfig.cmake\n'}
[0.669430] (car_msgs) StdoutLine: {'line': b'-- Up-to-date: /ws/install/car_msgs/share/car_msgs/cmake/export_car_msgs__rosidl_typesupport_fastrtps_cExport.cmake\n'}
[0.669567] (car_msgs) StdoutLine: {'line': b'-- Up-to-date: /ws/install/car_msgs/share/car_msgs/cmake/export_car_msgs__rosidl_typesupport_fastrtps_cExport-noconfig.cmake\n'}
[0.669697] (car_msgs) StdoutLine: {'line': b'-- Up-to-date: /ws/install/car_msgs/share/car_msgs/cmake/car_msgs__rosidl_typesupport_introspection_cExport.cmake\n'}
[0.669828] (car_msgs) StdoutLine: {'line': b'-- Up-to-date: /ws/install/car_msgs/share/car_msgs/cmake/car_msgs__rosidl_typesupport_introspection_cExport-noconfig.cmake\n'}
[0.669959] (car_msgs) StdoutLine: {'line': b'-- Up-to-date: /ws/install/car_msgs/share/car_msgs/cmake/car_msgs__rosidl_typesupport_cExport.cmake\n'}
[0.670080] (car_msgs) StdoutLine: {'line': b'-- Up-to-date: /ws/install/car_msgs/share/car_msgs/cmake/car_msgs__rosidl_typesupport_cExport-noconfig.cmake\n'}
[0.670220] (car_msgs) StdoutLine: {'line': b'-- Up-to-date: /ws/install/car_msgs/share/car_msgs/cmake/export_car_msgs__rosidl_generator_cppExport.cmake\n'}
[0.670401] (car_msgs) StdoutLine: {'line': b'-- Up-to-date: /ws/install/car_msgs/share/car_msgs/cmake/export_car_msgs__rosidl_typesupport_fastrtps_cppExport.cmake\n'}
[0.670531] (car_msgs) StdoutLine: {'line': b'-- Up-to-date: /ws/install/car_msgs/share/car_msgs/cmake/export_car_msgs__rosidl_typesupport_fastrtps_cppExport-noconfig.cmake\n'}
[0.670655] (car_msgs) StdoutLine: {'line': b'-- Up-to-date: /ws/install/car_msgs/share/car_msgs/cmake/car_msgs__rosidl_typesupport_introspection_cppExport.cmake\n'}
[0.670773] (car_msgs) StdoutLine: {'line': b'-- Up-to-date: /ws/install/car_msgs/share/car_msgs/cmake/car_msgs__rosidl_typesupport_introspection_cppExport-noconfig.cmake\n'}
[0.670903] (car_msgs) StdoutLine: {'line': b'-- Up-to-date: /ws/install/car_msgs/share/car_msgs/cmake/car_msgs__rosidl_typesupport_cppExport.cmake\n'}
[0.671028] (car_msgs) StdoutLine: {'line': b'-- Up-to-date: /ws/install/car_msgs/share/car_msgs/cmake/car_msgs__rosidl_typesupport_cppExport-noconfig.cmake\n'}
[0.671150] (car_msgs) StdoutLine: {'line': b'-- Up-to-date: /ws/install/car_msgs/share/car_msgs/cmake/export_car_msgs__rosidl_generator_pyExport.cmake\n'}
[0.671266] (car_msgs) StdoutLine: {'line': b'-- Up-to-date: /ws/install/car_msgs/share/car_msgs/cmake/export_car_msgs__rosidl_generator_pyExport-noconfig.cmake\n'}
[0.675386] (car_msgs) CommandEnded: {'returncode': 0}
[0.702111] (-) TimerEvent: {}
[0.703997] (car_msgs) JobEnded: {'identifier': 'car_msgs', 'rc': 0}
[0.704863] (car_comms) JobStarted: {'identifier': 'car_comms'}
[0.709985] (car_control) JobStarted: {'identifier': 'car_control'}
[0.716189] (car_planning) JobStarted: {'identifier': 'car_planning'}
[0.802213] (-) TimerEvent: {}
[0.902381] (-) TimerEvent: {}
[1.002563] (-) TimerEvent: {}
[1.102768] (-) TimerEvent: {}
[1.203668] (-) TimerEvent: {}
[1.304786] (-) TimerEvent: {}
[1.404982] (-) TimerEvent: {}
[1.505347] (-) TimerEvent: {}
[1.506405] (vision_pkg) Command: {'cmd': ['/usr/bin/python3', '-W', 'ignore:setup.py install is deprecated', '-W', 'ignore:easy_install command is deprecated', 'setup.py', 'develop', '--editable', '--build-directory', '/ws/build/vision_pkg/build', '--no-deps', 'symlink_data'], 'cwd': '/ws/build/vision_pkg', 'env': {'HOSTNAME': 'pi03', 'SHLVL': '1', 'LD_LIBRARY_PATH': '/opt/ros/jazzy/lib/aarch64-linux-gnu:/opt/ros/jazzy/lib', 'HOME': '/root', 'ROS_PYTHON_VERSION': '3', 'ROS_DISTRO': 'jazzy', '_': '/usr/bin/colcon', 'ROS_VERSION': '2', 'PATH': '/opt/ros/jazzy/bin:/usr/local/sbin:/usr/local/bin:/usr/sbin:/usr/bin:/sbin:/bin', 'LANG': 'C.UTF-8', 'ROS_DOMAIN_ID': '10', 'AMENT_PREFIX_PATH': '/opt/ros/jazzy', 'ROS_AUTOMATIC_DISCOVERY_RANGE': 'SUBNET', 'PWD': '/ws/build/vision_pkg', 'LC_ALL': 'C.UTF-8', 'PYTHONPATH': '/ws/build/vision_pkg/prefix_override:/usr/lib/python3/dist-packages/colcon_core/task/python/colcon_distutils_commands:/ws/install/vision_pkg/lib/python3.12/site-packages:/opt/ros/jazzy/lib/python3.12/site-packages', 'COLCON': '1'}, 'shell': False}
[1.607393] (-) TimerEvent: {}
[1.707575] (-) TimerEvent: {}
[1.807755] (-) TimerEvent: {}
[1.852104] (vision_pkg) StdoutLine: {'line': b'running develop\n'}
[1.907854] (-) TimerEvent: {}
[2.000946] (vision_pkg) StdoutLine: {'line': b'running egg_info\n'}
[2.007953] (-) TimerEvent: {}
[2.017105] (vision_pkg) StdoutLine: {'line': b'writing vision_pkg.egg-info/PKG-INFO\n'}
[2.017335] (vision_pkg) StdoutLine: {'line': b'writing dependency_links to vision_pkg.egg-info/dependency_links.txt\n'}
[2.018988] (vision_pkg) StdoutLine: {'line': b'writing entry points to vision_pkg.egg-info/entry_points.txt\n'}
[2.019973] (vision_pkg) StdoutLine: {'line': b'writing requirements to vision_pkg.egg-info/requires.txt\n'}
[2.020710] (vision_pkg) StdoutLine: {'line': b'writing top-level names to vision_pkg.egg-info/top_level.txt\n'}
[2.056602] (vision_pkg) StdoutLine: {'line': b"reading manifest file 'vision_pkg.egg-info/SOURCES.txt'\n"}
[2.056826] (vision_pkg) StdoutLine: {'line': b"writing manifest file 'vision_pkg.egg-info/SOURCES.txt'\n"}
[2.076448] (vision_pkg) StdoutLine: {'line': b'running build_ext\n'}
[2.077120] (vision_pkg) StdoutLine: {'line': b'Creating /ws/install/vision_pkg/lib/python3.12/site-packages/vision-pkg.egg-link (link to .)\n'}
[2.079553] (vision_pkg) StdoutLine: {'line': b'Installing lane_detector_node script to /ws/install/vision_pkg/lib/vision_pkg\n'}
[2.079797] (vision_pkg) StdoutLine: {'line': b'\n'}
[2.079899] (vision_pkg) StdoutLine: {'line': b'Installed /ws/build/vision_pkg\n'}
[2.079992] (vision_pkg) StdoutLine: {'line': b'running symlink_data\n'}
[2.108112] (-) TimerEvent: {}
[2.110569] (car_control) Command: {'cmd': ['/usr/bin/python3', '-W', 'ignore:setup.py install is deprecated', '-W', 'ignore:easy_install command is deprecated', 'setup.py', 'develop', '--editable', '--build-directory', '/ws/build/car_control/build', '--no-deps', 'symlink_data'], 'cwd': '/ws/build/car_control', 'env': {'HOSTNAME': 'pi03', 'SHLVL': '1', 'LD_LIBRARY_PATH': '/ws/install/car_msgs/lib:/opt/ros/jazzy/lib/aarch64-linux-gnu:/opt/ros/jazzy/lib', 'HOME': '/root', 'ROS_PYTHON_VERSION': '3', 'ROS_DISTRO': 'jazzy', '_': '/usr/bin/colcon', 'ROS_VERSION': '2', 'PATH': '/opt/ros/jazzy/bin:/usr/local/sbin:/usr/local/bin:/usr/sbin:/usr/bin:/sbin:/bin', 'LANG': 'C.UTF-8', 'ROS_DOMAIN_ID': '10', 'AMENT_PREFIX_PATH': '/ws/install/car_msgs:/opt/ros/jazzy', 'ROS_AUTOMATIC_DISCOVERY_RANGE': 'SUBNET', 'PWD': '/ws/build/car_control', 'LC_ALL': 'C.UTF-8', 'PYTHONPATH': '/ws/build/car_control/prefix_override:/usr/lib/python3/dist-packages/colcon_core/task/python/colcon_distutils_commands:/ws/install/car_control/lib/python3.12/site-packages:/ws/install/car_msgs/lib/python3.12/site-packages:/opt/ros/jazzy/lib/python3.12/site-packages', 'COLCON': '1', 'CMAKE_PREFIX_PATH': '/ws/install/car_msgs'}, 'shell': False}
[2.183377] (vision_pkg) CommandEnded: {'returncode': 0}
[2.200474] (vision_pkg) JobEnded: {'identifier': 'vision_pkg', 'rc': 0}
[2.201306] (car_vision) JobStarted: {'identifier': 'car_vision'}
[2.208204] (-) TimerEvent: {}
[2.308367] (-) TimerEvent: {}
[2.408554] (-) TimerEvent: {}
[2.502035] (car_control) StdoutLine: {'line': b'running develop\n'}
[2.505881] (car_comms) Command: {'cmd': ['/usr/bin/python3', '-W', 'ignore:setup.py install is deprecated', '-W', 'ignore:easy_install command is deprecated', 'setup.py', 'develop', '--editable', '--build-directory', '/ws/build/car_comms/build', '--no-deps', 'symlink_data'], 'cwd': '/ws/build/car_comms', 'env': {'HOSTNAME': 'pi03', 'SHLVL': '1', 'LD_LIBRARY_PATH': '/ws/install/car_msgs/lib:/opt/ros/jazzy/lib/aarch64-linux-gnu:/opt/ros/jazzy/lib', 'HOME': '/root', 'ROS_PYTHON_VERSION': '3', 'ROS_DISTRO': 'jazzy', '_': '/usr/bin/colcon', 'ROS_VERSION': '2', 'PATH': '/opt/ros/jazzy/bin:/usr/local/sbin:/usr/local/bin:/usr/sbin:/usr/bin:/sbin:/bin', 'LANG': 'C.UTF-8', 'ROS_DOMAIN_ID': '10', 'AMENT_PREFIX_PATH': '/ws/install/car_msgs:/opt/ros/jazzy', 'ROS_AUTOMATIC_DISCOVERY_RANGE': 'SUBNET', 'PWD': '/ws/build/car_comms', 'LC_ALL': 'C.UTF-8', 'PYTHONPATH': '/ws/build/car_comms/prefix_override:/usr/lib/python3/dist-packages/colcon_core/task/python/colcon_distutils_commands:/ws/install/car_comms/lib/python3.12/site-packages:/ws/install/car_msgs/lib/python3.12/site-packages:/opt/ros/jazzy/lib/python3.12/site-packages', 'COLCON': '1', 'CMAKE_PREFIX_PATH': '/ws/install/car_msgs'}, 'shell': False}
[2.509109] (-) TimerEvent: {}
[2.611396] (-) TimerEvent: {}
[2.646637] (car_control) StdoutLine: {'line': b'running egg_info\n'}
[2.661874] (car_control) StdoutLine: {'line': b'writing car_control.egg-info/PKG-INFO\n'}
[2.663137] (car_control) StdoutLine: {'line': b'writing dependency_links to car_control.egg-info/dependency_links.txt\n'}
[2.663539] (car_control) StdoutLine: {'line': b'writing entry points to car_control.egg-info/entry_points.txt\n'}
[2.663627] (car_control) StdoutLine: {'line': b'writing requirements to car_control.egg-info/requires.txt\n'}
[2.664316] (car_control) StdoutLine: {'line': b'writing top-level names to car_control.egg-info/top_level.txt\n'}
[2.699390] (car_control) StdoutLine: {'line': b"reading manifest file 'car_control.egg-info/SOURCES.txt'\n"}
[2.699602] (car_control) StdoutLine: {'line': b"writing manifest file 'car_control.egg-info/SOURCES.txt'\n"}
[2.711489] (-) TimerEvent: {}
[2.714946] (car_control) StdoutLine: {'line': b'running build_ext\n'}
[2.715141] (car_control) StdoutLine: {'line': b'Creating /ws/install/car_control/lib/python3.12/site-packages/car-control.egg-link (link to .)\n'}
[2.716265] (car_control) StdoutLine: {'line': b'Installing v2x_avoidance_node script to /ws/install/car_control/lib/car_control\n'}
[2.717098] (car_control) StdoutLine: {'line': b'\n'}
[2.717256] (car_control) StdoutLine: {'line': b'Installed /ws/build/car_control\n'}
[2.717336] (car_control) StdoutLine: {'line': b'running symlink_data\n'}
[2.803439] (car_control) CommandEnded: {'returncode': 0}
[2.811784] (-) TimerEvent: {}
[2.830229] (car_control) JobEnded: {'identifier': 'car_control', 'rc': 0}
[2.859386] (car_comms) StdoutLine: {'line': b'running develop\n'}
[2.911886] (-) TimerEvent: {}
[2.998679] (car_comms) StdoutLine: {'line': b'running egg_info\n'}
[3.011990] (-) TimerEvent: {}
[3.012554] (car_comms) StdoutLine: {'line': b'writing car_comms.egg-info/PKG-INFO\n'}
[3.012864] (car_comms) StdoutLine: {'line': b'writing dependency_links to car_comms.egg-info/dependency_links.txt\n'}
[3.013723] (car_comms) StdoutLine: {'line': b'writing entry points to car_comms.egg-info/entry_points.txt\n'}
[3.014267] (car_comms) StdoutLine: {'line': b'writing requirements to car_comms.egg-info/requires.txt\n'}
[3.014915] (car_comms) StdoutLine: {'line': b'writing top-level names to car_comms.egg-info/top_level.txt\n'}
[3.047633] (car_comms) StdoutLine: {'line': b"reading manifest file 'car_comms.egg-info/SOURCES.txt'\n"}
[3.048022] (car_comms) StdoutLine: {'line': b"writing manifest file 'car_comms.egg-info/SOURCES.txt'\n"}
[3.051631] (car_planning) Command: {'cmd': ['/usr/bin/python3', '-W', 'ignore:setup.py install is deprecated', '-W', 'ignore:easy_install command is deprecated', 'setup.py', 'develop', '--editable', '--build-directory', '/ws/build/car_planning/build', '--no-deps', 'symlink_data'], 'cwd': '/ws/build/car_planning', 'env': {'HOSTNAME': 'pi03', 'SHLVL': '1', 'LD_LIBRARY_PATH': '/ws/install/car_msgs/lib:/opt/ros/jazzy/lib/aarch64-linux-gnu:/opt/ros/jazzy/lib', 'HOME': '/root', 'ROS_PYTHON_VERSION': '3', 'ROS_DISTRO': 'jazzy', '_': '/usr/bin/colcon', 'ROS_VERSION': '2', 'PATH': '/opt/ros/jazzy/bin:/usr/local/sbin:/usr/local/bin:/usr/sbin:/usr/bin:/sbin:/bin', 'LANG': 'C.UTF-8', 'ROS_DOMAIN_ID': '10', 'AMENT_PREFIX_PATH': '/ws/install/car_msgs:/opt/ros/jazzy', 'ROS_AUTOMATIC_DISCOVERY_RANGE': 'SUBNET', 'PWD': '/ws/build/car_planning', 'LC_ALL': 'C.UTF-8', 'PYTHONPATH': '/ws/build/car_planning/prefix_override:/usr/lib/python3/dist-packages/colcon_core/task/python/colcon_distutils_commands:/ws/install/car_planning/lib/python3.12/site-packages:/ws/install/car_msgs/lib/python3.12/site-packages:/opt/ros/jazzy/lib/python3.12/site-packages', 'COLCON': '1', 'CMAKE_PREFIX_PATH': '/ws/install/car_msgs'}, 'shell': False}
[3.067448] (car_comms) StdoutLine: {'line': b'running build_ext\n'}
[3.068087] (car_comms) StdoutLine: {'line': b'Creating /ws/install/car_comms/lib/python3.12/site-packages/car-comms.egg-link (link to .)\n'}
[3.068344] (car_comms) StdoutLine: {'line': b'Installing v2x_alert_bridge script to /ws/install/car_comms/lib/car_comms\n'}
[3.068596] (car_comms) StdoutLine: {'line': b'\n'}
[3.068967] (car_comms) StdoutLine: {'line': b'Installed /ws/build/car_comms\n'}
[3.069228] (car_comms) StdoutLine: {'line': b'running symlink_data\n'}
[3.112153] (-) TimerEvent: {}
[3.144565] (car_comms) CommandEnded: {'returncode': 0}
[3.158497] (car_comms) JobEnded: {'identifier': 'car_comms', 'rc': 0}
[3.212243] (-) TimerEvent: {}
[3.312444] (-) TimerEvent: {}
[3.364634] (car_planning) StdoutLine: {'line': b'running develop\n'}
[3.412512] (-) TimerEvent: {}
[3.512805] (-) TimerEvent: {}
[3.584169] (car_planning) StdoutLine: {'line': b'running egg_info\n'}
[3.597137] (car_planning) StdoutLine: {'line': b'writing car_planning.egg-info/PKG-INFO\n'}
[3.597656] (car_planning) StdoutLine: {'line': b'writing dependency_links to car_planning.egg-info/dependency_links.txt\n'}
[3.603171] (car_planning) StdoutLine: {'line': b'writing entry points to car_planning.egg-info/entry_points.txt\n'}
[3.612384] (car_planning) StdoutLine: {'line': b'writing requirements to car_planning.egg-info/requires.txt\n'}
[3.617943] (-) TimerEvent: {}
[3.619080] (car_planning) StdoutLine: {'line': b'writing top-level names to car_planning.egg-info/top_level.txt\n'}
[3.635155] (car_planning) StdoutLine: {'line': b"reading manifest file 'car_planning.egg-info/SOURCES.txt'\n"}
[3.642211] (car_planning) StdoutLine: {'line': b"writing manifest file 'car_planning.egg-info/SOURCES.txt'\n"}
[3.654866] (car_planning) StdoutLine: {'line': b'running build_ext\n'}
[3.667498] (car_planning) StdoutLine: {'line': b'Creating /ws/install/car_planning/lib/python3.12/site-packages/car-planning.egg-link (link to .)\n'}
[3.675418] (car_planning) StdoutLine: {'line': b'Installing decision_maker script to /ws/install/car_planning/lib/car_planning\n'}
[3.675636] (car_planning) StdoutLine: {'line': b'\n'}
[3.675721] (car_planning) StdoutLine: {'line': b'Installed /ws/build/car_planning\n'}
[3.675797] (car_planning) StdoutLine: {'line': b'running symlink_data\n'}
[3.700045] (car_vision) Command: {'cmd': ['/usr/bin/python3', '-W', 'ignore:setup.py install is deprecated', '-W', 'ignore:easy_install command is deprecated', 'setup.py', 'develop', '--editable', '--build-directory', '/ws/build/car_vision/build', '--no-deps', 'symlink_data'], 'cwd': '/ws/build/car_vision', 'env': {'HOSTNAME': 'pi03', 'SHLVL': '1', 'LD_LIBRARY_PATH': '/ws/install/car_msgs/lib:/opt/ros/jazzy/lib/aarch64-linux-gnu:/opt/ros/jazzy/lib', 'HOME': '/root', 'ROS_PYTHON_VERSION': '3', 'ROS_DISTRO': 'jazzy', '_': '/usr/bin/colcon', 'ROS_VERSION': '2', 'PATH': '/opt/ros/jazzy/bin:/usr/local/sbin:/usr/local/bin:/usr/sbin:/usr/bin:/sbin:/bin', 'LANG': 'C.UTF-8', 'ROS_DOMAIN_ID': '10', 'AMENT_PREFIX_PATH': '/ws/install/car_msgs:/opt/ros/jazzy', 'ROS_AUTOMATIC_DISCOVERY_RANGE': 'SUBNET', 'PWD': '/ws/build/car_vision', 'LC_ALL': 'C.UTF-8', 'PYTHONPATH': '/ws/build/car_vision/prefix_override:/usr/lib/python3/dist-packages/colcon_core/task/python/colcon_distutils_commands:/ws/install/car_vision/lib/python3.12/site-packages:/ws/install/car_msgs/lib/python3.12/site-packages:/opt/ros/jazzy/lib/python3.12/site-packages', 'COLCON': '1', 'CMAKE_PREFIX_PATH': '/ws/install/car_msgs'}, 'shell': False}
[3.717849] (-) TimerEvent: {}
[3.730135] (car_planning) CommandEnded: {'returncode': 0}
[3.756689] (car_planning) JobEnded: {'identifier': 'car_planning', 'rc': 0}
[3.817925] (-) TimerEvent: {}
[3.918063] (-) TimerEvent: {}
[4.018193] (-) TimerEvent: {}
[4.118307] (-) TimerEvent: {}
[4.218646] (-) TimerEvent: {}
[4.318771] (-) TimerEvent: {}
[4.418887] (-) TimerEvent: {}
[4.443591] (car_vision) StdoutLine: {'line': b'running develop\n'}
[4.518984] (-) TimerEvent: {}
[4.619137] (-) TimerEvent: {}
[4.719291] (-) TimerEvent: {}
[4.812422] (car_vision) StdoutLine: {'line': b'running egg_info\n'}
[4.819351] (-) TimerEvent: {}
[4.848190] (car_vision) StdoutLine: {'line': b'writing car_vision.egg-info/PKG-INFO\n'}
[4.849035] (car_vision) StdoutLine: {'line': b'writing dependency_links to car_vision.egg-info/dependency_links.txt\n'}
[4.850971] (car_vision) StdoutLine: {'line': b'writing requirements to car_vision.egg-info/requires.txt\n'}
[4.851353] (car_vision) StdoutLine: {'line': b'writing top-level names to car_vision.egg-info/top_level.txt\n'}
[4.919420] (-) TimerEvent: {}
[4.927684] (car_vision) StdoutLine: {'line': b"reading manifest file 'car_vision.egg-info/SOURCES.txt'\n"}
[4.929773] (car_vision) StdoutLine: {'line': b"writing manifest file 'car_vision.egg-info/SOURCES.txt'\n"}
[4.971572] (car_vision) StdoutLine: {'line': b'running build_ext\n'}
[4.971865] (car_vision) StdoutLine: {'line': b'Creating /ws/install/car_vision/lib/python3.12/site-packages/car-vision.egg-link (link to .)\n'}
[4.973997] (car_vision) StdoutLine: {'line': b'\n'}
[4.974073] (car_vision) StdoutLine: {'line': b'Installed /ws/build/car_vision\n'}
[4.974200] (car_vision) StdoutLine: {'line': b'running symlink_data\n'}
[5.019511] (-) TimerEvent: {}
[5.119655] (-) TimerEvent: {}
[5.152053] (car_vision) CommandEnded: {'returncode': 0}
[5.163102] (car_vision) JobEnded: {'identifier': 'car_vision', 'rc': 0}
[5.164128] (-) EventReactorShutdown: {}
