[0.000000] (-) TimerEvent: {}
[0.001984] (-) JobUnselected: {'identifier': 'car_comms'}
[0.002062] (-) JobUnselected: {'identifier': 'car_control'}
[0.002084] (-) JobUnselected: {'identifier': 'car_msgs'}
[0.002101] (-) JobUnselected: {'identifier': 'car_vision'}
[0.002117] (-) JobUnselected: {'identifier': 'vision_pkg'}
[0.002136] (car_planning) JobQueued: {'identifier': 'car_planning', 'dependencies': OrderedDict({'car_msgs': '/ws/install/car_msgs'})}
[0.002163] (car_planning) JobStarted: {'identifier': 'car_planning'}
[0.100018] (-) TimerEvent: {}
[0.200772] (-) TimerEvent: {}
[0.301960] (-) TimerEvent: {}
[0.403058] (-) TimerEvent: {}
[0.503366] (-) TimerEvent: {}
[0.603693] (-) TimerEvent: {}
[0.704144] (-) TimerEvent: {}
[0.804400] (-) TimerEvent: {}
[0.904744] (-) TimerEvent: {}
[0.998243] (car_planning) Command: {'cmd': ['/usr/bin/python3', '-W', 'ignore:setup.py install is deprecated', '-W', 'ignore:easy_install command is deprecated', 'setup.py', 'develop', '--editable', '--build-directory', '/ws/build/car_planning/build', '--no-deps', 'symlink_data'], 'cwd': '/ws/build/car_planning', 'env': {'HOSTNAME': 'pi03', 'SHLVL': '1', 'LD_LIBRARY_PATH': '/ws/install/car_msgs/lib:/opt/ros/jazzy/lib/aarch64-linux-gnu:/opt/ros/jazzy/lib', 'HOME': '/root', 'ROS_PYTHON_VERSION': '3', 'ROS_DISTRO': 'jazzy', '_': '/usr/bin/colcon', 'ROS_VERSION': '2', 'TERM': 'xterm', 'PATH': '/opt/ros/jazzy/bin:/usr/local/sbin:/usr/local/bin:/usr/sbin:/usr/bin:/sbin:/bin', 'LANG': 'C.UTF-8', 'ROS_DOMAIN_ID': '10', 'AMENT_PREFIX_PATH': '/ws/install/car_msgs:/opt/ros/jazzy', 'ROS_AUTOMATIC_DISCOVERY_RANGE': 'SUBNET', 'PWD': '/ws/build/car_planning', 'LC_ALL': 'C.UTF-8', 'PYTHONPATH': '/ws/build/car_planning/prefix_override:/usr/lib/python3/dist-packages/colcon_core/task/python/colcon_distutils_commands:/ws/install/car_planning/lib/python3.12/site-packages:/ws/install/car_msgs/lib/python3.12/site-packages:/opt/ros/jazzy/lib/python3.12/site-packages', 'COLCON': '1', 'CMAKE_PREFIX_PATH': '/ws/install/car_msgs'}, 'shell': False}
[1.005272] (-) TimerEvent: {}
[1.105536] (-) TimerEvent: {}
[1.205848] (-) TimerEvent: {}
[1.286085] (car_planning) StdoutLine: {'line': b'running develop\n'}
[1.305924] (-) TimerEvent: {}
[1.406469] (-) TimerEvent: {}
[1.418307] (car_planning) StdoutLine: {'line': b'running egg_info\n'}
[1.430903] (car_planning) StdoutLine: {'line': b'writing car_planning.egg-info/PKG-INFO\n'}
[1.431292] (car_planning) StdoutLine: {'line': b'writing dependency_links to car_planning.egg-info/dependency_links.txt\n'}
[1.433079] (car_planning) StdoutLine: {'line': b'writing entry points to car_planning.egg-info/entry_points.txt\n'}
[1.433655] (car_planning) StdoutLine: {'line': b'writing requirements to car_planning.egg-info/requires.txt\n'}
[1.434285] (car_planning) StdoutLine: {'line': b'writing top-level names to car_planning.egg-info/top_level.txt\n'}
[1.462000] (car_planning) StdoutLine: {'line': b"reading manifest file 'car_planning.egg-info/SOURCES.txt'\n"}
[1.462816] (car_planning) StdoutLine: {'line': b"writing manifest file 'car_planning.egg-info/SOURCES.txt'\n"}
[1.477750] (car_planning) StdoutLine: {'line': b'running build_ext\n'}
[1.478170] (car_planning) StdoutLine: {'line': b'Creating /ws/install/car_planning/lib/python3.12/site-packages/car-planning.egg-link (link to .)\n'}
[1.478682] (car_planning) StdoutLine: {'line': b'Installing decision_maker script to /ws/install/car_planning/lib/car_planning\n'}
[1.479008] (car_planning) StdoutLine: {'line': b'\n'}
[1.479212] (car_planning) StdoutLine: {'line': b'Installed /ws/build/car_planning\n'}
[1.479368] (car_planning) StdoutLine: {'line': b'running symlink_data\n'}
[1.506927] (-) TimerEvent: {}
[1.578896] (car_planning) CommandEnded: {'returncode': 0}
[1.607299] (-) TimerEvent: {}
[1.609227] (car_planning) JobEnded: {'identifier': 'car_planning', 'rc': 0}
[1.610541] (-) EventReactorShutdown: {}
