[0.012s] Invoking command in '/home/ksj/ros2_workspace/build/car_msgs': CMAKE_PREFIX_PATH=${CMAKE_PREFIX_PATH}:/opt/ros/jazzy DEBUGINFOD_URLS=https://debuginfod.ubuntu.com /usr/bin/cmake /home/ksj/ros2_workspace/src/car_msgs -DCMAKE_INSTALL_PREFIX=/home/ksj/ros2_workspace/install/car_msgs
[0.176s] -- The C compiler identification is GNU 13.3.0
[0.176s] -- The CXX compiler identification is GNU 13.3.0
[0.176s] -- Detecting C compiler ABI info
[0.176s] -- Detecting C compiler ABI info - done
[0.176s] -- Check for working C compiler: /usr/bin/cc - skipped
[0.176s] -- Detecting C compile features
[0.176s] -- Detecting C compile features - done
[0.176s] -- Detecting CXX compiler ABI info
[0.243s] -- Detecting CXX compiler ABI info - done
[0.251s] -- Check for working CXX compiler: /usr/bin/c++ - skipped
[0.251s] -- Detecting CXX compile features
[0.251s] -- Detecting CXX compile features - done
[0.252s] -- Found ament_cmake: 2.5.4 (/opt/ros/jazzy/share/ament_cmake/cmake)
[0.357s] -- Found Python3: /usr/bin/python3 (found version "3.12.3") found components: Interpreter 
[0.432s] -- Found ament_lint_auto: 0.17.3 (/opt/ros/jazzy/share/ament_lint_auto/cmake)
[0.512s] -- Found rosidl_default_generators: 1.6.0 (/opt/ros/jazzy/share/rosidl_default_generators/cmake)
[0.516s] -- Using all available rosidl_typesupport_c: rosidl_typesupport_fastrtps_c;rosidl_typesupport_introspection_c
[0.550s] -- Using all available rosidl_typesupport_cpp: rosidl_typesupport_fastrtps_cpp;rosidl_typesupport_introspection_cpp
[0.581s] -- Found rosidl_adapter: 4.6.6 (/opt/ros/jazzy/share/rosidl_adapter/cmake)
[0.952s] -- Found ament_cmake_ros: 0.12.0 (/opt/ros/jazzy/share/ament_cmake_ros/cmake)
[1.273s] -- Using all available rosidl_typesupport_c: rosidl_typesupport_fastrtps_c;rosidl_typesupport_introspection_c
[1.675s] -- Using all available rosidl_typesupport_cpp: rosidl_typesupport_fastrtps_cpp;rosidl_typesupport_introspection_cpp
[1.676s] -- Found python_cmake_module: 0.11.1 (/opt/ros/jazzy/share/python_cmake_module/cmake)
[1.776s] -- Found PythonExtra: /usr/bin/python3  
[2.098s] -- Found Python3: /usr/bin/python3 (found version "3.12.3") found components: Interpreter Development NumPy Development.Module Development.Embed 
[2.123s] -- Added test 'lint_cmake' to check CMake code style
[2.123s] -- Added test 'xmllint' to check XML markup files
[2.126s] -- Configuring done (2.1s)
[2.146s] -- Generating done (0.0s)
[2.154s] -- Build files have been written to: /home/ksj/ros2_workspace/build/car_msgs
[2.159s] Invoked command in '/home/ksj/ros2_workspace/build/car_msgs' returned '0': CMAKE_PREFIX_PATH=${CMAKE_PREFIX_PATH}:/opt/ros/jazzy DEBUGINFOD_URLS=https://debuginfod.ubuntu.com /usr/bin/cmake /home/ksj/ros2_workspace/src/car_msgs -DCMAKE_INSTALL_PREFIX=/home/ksj/ros2_workspace/install/car_msgs
[2.160s] Invoking command in '/home/ksj/ros2_workspace/build/car_msgs': CMAKE_PREFIX_PATH=${CMAKE_PREFIX_PATH}:/opt/ros/jazzy DEBUGINFOD_URLS=https://debuginfod.ubuntu.com /usr/bin/cmake --build /home/ksj/ros2_workspace/build/car_msgs -- -j16 -l16
[2.193s] [  2%] [34m[1mGenerating type hashes for ROS interfaces[0m
[2.200s] [  2%] Built target ament_cmake_python_copy_car_msgs
[2.362s] running egg_info
[2.363s] creating car_msgs.egg-info
[2.379s] writing car_msgs.egg-info/PKG-INFO
[2.379s] writing dependency_links to car_msgs.egg-info/dependency_links.txt
[2.380s] writing top-level names to car_msgs.egg-info/top_level.txt
[2.380s] writing manifest file 'car_msgs.egg-info/SOURCES.txt'
[2.385s] [  2%] Built target car_msgs__rosidl_generator_type_description
[2.392s] [  4%] [34m[1mGenerating C code for ROS interfaces[0m
[2.400s] [  6%] [34m[1mGenerating C++ code for ROS interfaces[0m
[2.424s] reading manifest file 'car_msgs.egg-info/SOURCES.txt'
[2.425s] writing manifest file 'car_msgs.egg-info/SOURCES.txt'
[2.449s] [  6%] Built target ament_cmake_python_build_car_msgs_egg
[2.638s] [  6%] Built target car_msgs__cpp
[2.665s] [ 18%] [32mBuilding C object CMakeFiles/car_msgs__rosidl_generator_c.dir/rosidl_generator_c/car_msgs/msg/detail/lane_info__functions.c.o[0m
[2.665s] [ 18%] [32mBuilding C object CMakeFiles/car_msgs__rosidl_generator_c.dir/rosidl_generator_c/car_msgs/msg/detail/lane_info__type_support.c.o[0m
[2.665s] [ 18%] [32mBuilding C object CMakeFiles/car_msgs__rosidl_generator_c.dir/rosidl_generator_c/car_msgs/msg/detail/v2_v_alert__type_support.c.o[0m
[2.665s] [ 18%] [32mBuilding C object CMakeFiles/car_msgs__rosidl_generator_c.dir/rosidl_generator_c/car_msgs/msg/detail/v2_v_alert__functions.c.o[0m
[2.665s] [ 18%] [32mBuilding C object CMakeFiles/car_msgs__rosidl_generator_c.dir/rosidl_generator_c/car_msgs/msg/detail/lane_info__description.c.o[0m
[2.666s] [ 20%] [32mBuilding C object CMakeFiles/car_msgs__rosidl_generator_c.dir/rosidl_generator_c/car_msgs/msg/detail/v2_v_alert__description.c.o[0m
[2.697s] [ 22%] [32m[1mLinking C shared library libcar_msgs__rosidl_generator_c.so[0m
[2.722s] [ 22%] Built target car_msgs__rosidl_generator_c
[2.729s] [ 36%] [34m[1mGenerating C introspection for ROS interfaces[0m
[2.730s] [ 36%] [34m[1mGenerating C type support for eProsima Fast-RTPS[0m
[2.730s] [ 36%] [34m[1mGenerating C++ type support for eProsima Fast-RTPS[0m
[2.730s] [ 36%] [34m[1mGenerating C++ introspection for ROS interfaces[0m
[2.730s] [ 36%] [34m[1mGenerating C type support dispatch for ROS interfaces[0m
[2.730s] [ 36%] [34m[1mGenerating C++ type support dispatch for ROS interfaces[0m
[2.964s] [ 40%] [32mBuilding CXX object CMakeFiles/car_msgs__rosidl_typesupport_c.dir/rosidl_typesupport_c/car_msgs/msg/v2_v_alert__type_support.cpp.o[0m
[2.965s] [ 40%] [32mBuilding CXX object CMakeFiles/car_msgs__rosidl_typesupport_c.dir/rosidl_typesupport_c/car_msgs/msg/lane_info__type_support.cpp.o[0m
[2.968s] [ 45%] [32mBuilding CXX object CMakeFiles/car_msgs__rosidl_typesupport_cpp.dir/rosidl_typesupport_cpp/car_msgs/msg/lane_info__type_support.cpp.o[0m
[2.968s] [ 45%] [32mBuilding CXX object CMakeFiles/car_msgs__rosidl_typesupport_cpp.dir/rosidl_typesupport_cpp/car_msgs/msg/v2_v_alert__type_support.cpp.o[0m
[2.972s] [ 50%] [32mBuilding CXX object CMakeFiles/car_msgs__rosidl_typesupport_introspection_cpp.dir/rosidl_typesupport_introspection_cpp/car_msgs/msg/detail/v2_v_alert__type_support.cpp.o[0m
[2.972s] [ 50%] [32mBuilding CXX object CMakeFiles/car_msgs__rosidl_typesupport_introspection_cpp.dir/rosidl_typesupport_introspection_cpp/car_msgs/msg/detail/lane_info__type_support.cpp.o[0m
[2.975s] [ 52%] [32mBuilding C object CMakeFiles/car_msgs__rosidl_typesupport_introspection_c.dir/rosidl_typesupport_introspection_c/car_msgs/msg/detail/v2_v_alert__type_support.c.o[0m
[2.975s] [ 54%] [32mBuilding C object CMakeFiles/car_msgs__rosidl_typesupport_introspection_c.dir/rosidl_typesupport_introspection_c/car_msgs/msg/detail/lane_info__type_support.c.o[0m
[2.992s] [ 56%] [32mBuilding CXX object CMakeFiles/car_msgs__rosidl_typesupport_fastrtps_cpp.dir/rosidl_typesupport_fastrtps_cpp/car_msgs/msg/detail/dds_fastrtps/lane_info__type_support.cpp.o[0m
[2.992s] [ 59%] [32mBuilding CXX object CMakeFiles/car_msgs__rosidl_typesupport_fastrtps_cpp.dir/rosidl_typesupport_fastrtps_cpp/car_msgs/msg/detail/dds_fastrtps/v2_v_alert__type_support.cpp.o[0m
[3.004s] [ 61%] [32m[1mLinking CXX shared library libcar_msgs__rosidl_typesupport_c.so[0m
[3.009s] [ 68%] [32m[1mLinking C shared library libcar_msgs__rosidl_typesupport_introspection_c.so[0m
[3.009s] [ 68%] [32mBuilding CXX object CMakeFiles/car_msgs__rosidl_typesupport_fastrtps_c.dir/rosidl_typesupport_fastrtps_c/car_msgs/msg/detail/v2_v_alert__type_support_c.cpp.o[0m
[3.009s] [ 68%] [32mBuilding CXX object CMakeFiles/car_msgs__rosidl_typesupport_fastrtps_c.dir/rosidl_typesupport_fastrtps_c/car_msgs/msg/detail/lane_info__type_support_c.cpp.o[0m
[3.040s] [ 68%] Built target car_msgs__rosidl_typesupport_introspection_c
[3.047s] [ 68%] Built target car_msgs__rosidl_typesupport_c
[3.214s] [ 70%] [32m[1mLinking CXX shared library libcar_msgs__rosidl_typesupport_introspection_cpp.so[0m
[3.229s] [ 72%] [32m[1mLinking CXX shared library libcar_msgs__rosidl_typesupport_cpp.so[0m
[3.263s] [ 72%] Built target car_msgs__rosidl_typesupport_cpp
[3.265s] [ 72%] Built target car_msgs__rosidl_typesupport_introspection_cpp
[3.353s] [ 75%] [32m[1mLinking CXX shared library libcar_msgs__rosidl_typesupport_fastrtps_c.so[0m
[3.395s] [ 77%] [32m[1mLinking CXX shared library libcar_msgs__rosidl_typesupport_fastrtps_cpp.so[0m
[3.407s] [ 77%] Built target car_msgs__rosidl_typesupport_fastrtps_c
[3.449s] [ 77%] Built target car_msgs__rosidl_typesupport_fastrtps_cpp
[3.463s] [ 77%] Built target car_msgs
[3.476s] [ 79%] [34m[1mGenerating Python code for ROS interfaces[0m
[3.784s] [ 79%] Built target car_msgs__py
[3.798s] [ 84%] [32mBuilding C object CMakeFiles/car_msgs__rosidl_generator_py.dir/rosidl_generator_py/car_msgs/msg/_v2_v_alert_s.c.o[0m
[3.798s] [ 84%] [32mBuilding C object CMakeFiles/car_msgs__rosidl_generator_py.dir/rosidl_generator_py/car_msgs/msg/_lane_info_s.c.o[0m
[3.877s] [ 86%] [32m[1mLinking C shared library libcar_msgs__rosidl_generator_py.so[0m
[3.904s] [ 86%] Built target car_msgs__rosidl_generator_py
[3.918s] [ 93%] [32mBuilding C object CMakeFiles/car_msgs_s__rosidl_typesupport_fastrtps_c.dir/rosidl_generator_py/car_msgs/_car_msgs_s.ep.rosidl_typesupport_fastrtps_c.c.o[0m
[3.918s] [ 93%] [32mBuilding C object CMakeFiles/car_msgs_s__rosidl_typesupport_introspection_c.dir/rosidl_generator_py/car_msgs/_car_msgs_s.ep.rosidl_typesupport_introspection_c.c.o[0m
[3.918s] [ 93%] [32mBuilding C object CMakeFiles/car_msgs_s__rosidl_typesupport_c.dir/rosidl_generator_py/car_msgs/_car_msgs_s.ep.rosidl_typesupport_c.c.o[0m
[3.985s] [ 95%] [32m[1mLinking C shared module rosidl_generator_py/car_msgs/car_msgs_s__rosidl_typesupport_c.so[0m
[3.987s] [ 97%] [32m[1mLinking C shared module rosidl_generator_py/car_msgs/car_msgs_s__rosidl_typesupport_introspection_c.so[0m
[3.991s] [100%] [32m[1mLinking C shared module rosidl_generator_py/car_msgs/car_msgs_s__rosidl_typesupport_fastrtps_c.so[0m
[4.006s] [100%] Built target car_msgs_s__rosidl_typesupport_c
[4.007s] [100%] Built target car_msgs_s__rosidl_typesupport_introspection_c
[4.013s] [100%] Built target car_msgs_s__rosidl_typesupport_fastrtps_c
[4.022s] Invoked command in '/home/ksj/ros2_workspace/build/car_msgs' returned '0': CMAKE_PREFIX_PATH=${CMAKE_PREFIX_PATH}:/opt/ros/jazzy DEBUGINFOD_URLS=https://debuginfod.ubuntu.com /usr/bin/cmake --build /home/ksj/ros2_workspace/build/car_msgs -- -j16 -l16
[4.028s] Invoking command in '/home/ksj/ros2_workspace/build/car_msgs': CMAKE_PREFIX_PATH=${CMAKE_PREFIX_PATH}:/opt/ros/jazzy DEBUGINFOD_URLS=https://debuginfod.ubuntu.com /usr/bin/cmake --install /home/ksj/ros2_workspace/build/car_msgs
[4.034s] -- Install configuration: ""
[4.034s] -- Installing: /home/ksj/ros2_workspace/install/car_msgs/share/ament_index/resource_index/rosidl_interfaces/car_msgs
[4.034s] -- Installing: /home/ksj/ros2_workspace/install/car_msgs/share/car_msgs/msg/LaneInfo.json
[4.034s] -- Installing: /home/ksj/ros2_workspace/install/car_msgs/share/car_msgs/msg/V2VAlert.json
[4.034s] -- Installing: /home/ksj/ros2_workspace/install/car_msgs/include/car_msgs/car_msgs
[4.034s] -- Installing: /home/ksj/ros2_workspace/install/car_msgs/include/car_msgs/car_msgs/msg
[4.034s] -- Installing: /home/ksj/ros2_workspace/install/car_msgs/include/car_msgs/car_msgs/msg/detail
[4.035s] -- Installing: /home/ksj/ros2_workspace/install/car_msgs/include/car_msgs/car_msgs/msg/detail/v2_v_alert__type_support.c
[4.035s] -- Installing: /home/ksj/ros2_workspace/install/car_msgs/include/car_msgs/car_msgs/msg/detail/lane_info__description.c
[4.035s] -- Installing: /home/ksj/ros2_workspace/install/car_msgs/include/car_msgs/car_msgs/msg/detail/lane_info__type_support.h
[4.035s] -- Installing: /home/ksj/ros2_workspace/install/car_msgs/include/car_msgs/car_msgs/msg/detail/lane_info__struct.h
[4.035s] -- Installing: /home/ksj/ros2_workspace/install/car_msgs/include/car_msgs/car_msgs/msg/detail/lane_info__functions.c
[4.035s] -- Installing: /home/ksj/ros2_workspace/install/car_msgs/include/car_msgs/car_msgs/msg/detail/v2_v_alert__functions.c
[4.035s] -- Installing: /home/ksj/ros2_workspace/install/car_msgs/include/car_msgs/car_msgs/msg/detail/v2_v_alert__struct.h
[4.035s] -- Installing: /home/ksj/ros2_workspace/install/car_msgs/include/car_msgs/car_msgs/msg/detail/v2_v_alert__functions.h
[4.035s] -- Installing: /home/ksj/ros2_workspace/install/car_msgs/include/car_msgs/car_msgs/msg/detail/lane_info__functions.h
[4.035s] -- Installing: /home/ksj/ros2_workspace/install/car_msgs/include/car_msgs/car_msgs/msg/detail/lane_info__type_support.c
[4.035s] -- Installing: /home/ksj/ros2_workspace/install/car_msgs/include/car_msgs/car_msgs/msg/detail/v2_v_alert__description.c
[4.035s] -- Installing: /home/ksj/ros2_workspace/install/car_msgs/include/car_msgs/car_msgs/msg/detail/v2_v_alert__type_support.h
[4.035s] -- Installing: /home/ksj/ros2_workspace/install/car_msgs/include/car_msgs/car_msgs/msg/lane_info.h
[4.035s] -- Installing: /home/ksj/ros2_workspace/install/car_msgs/include/car_msgs/car_msgs/msg/v2_v_alert.h
[4.035s] -- Installing: /home/ksj/ros2_workspace/install/car_msgs/include/car_msgs/car_msgs/msg/rosidl_generator_c__visibility_control.h
[4.035s] -- Installing: /home/ksj/ros2_workspace/install/car_msgs/share/car_msgs/environment/library_path.sh
[4.035s] -- Installing: /home/ksj/ros2_workspace/install/car_msgs/share/car_msgs/environment/library_path.dsv
[4.036s] -- Installing: /home/ksj/ros2_workspace/install/car_msgs/lib/libcar_msgs__rosidl_generator_c.so
[4.036s] -- Set non-toolchain portion of runtime path of "/home/ksj/ros2_workspace/install/car_msgs/lib/libcar_msgs__rosidl_generator_c.so" to ""
[4.036s] -- Up-to-date: /home/ksj/ros2_workspace/install/car_msgs/include/car_msgs/car_msgs
[4.036s] -- Up-to-date: /home/ksj/ros2_workspace/install/car_msgs/include/car_msgs/car_msgs/msg
[4.036s] -- Up-to-date: /home/ksj/ros2_workspace/install/car_msgs/include/car_msgs/car_msgs/msg/detail
[4.036s] -- Installing: /home/ksj/ros2_workspace/install/car_msgs/include/car_msgs/car_msgs/msg/detail/lane_info__rosidl_typesupport_fastrtps_c.h
[4.036s] -- Installing: /home/ksj/ros2_workspace/install/car_msgs/include/car_msgs/car_msgs/msg/detail/v2_v_alert__rosidl_typesupport_fastrtps_c.h
[4.036s] -- Installing: /home/ksj/ros2_workspace/install/car_msgs/include/car_msgs/car_msgs/msg/rosidl_typesupport_fastrtps_c__visibility_control.h
[4.036s] -- Installing: /home/ksj/ros2_workspace/install/car_msgs/lib/libcar_msgs__rosidl_typesupport_fastrtps_c.so
[4.036s] -- Set non-toolchain portion of runtime path of "/home/ksj/ros2_workspace/install/car_msgs/lib/libcar_msgs__rosidl_typesupport_fastrtps_c.so" to ""
[4.036s] -- Up-to-date: /home/ksj/ros2_workspace/install/car_msgs/include/car_msgs/car_msgs
[4.036s] -- Up-to-date: /home/ksj/ros2_workspace/install/car_msgs/include/car_msgs/car_msgs/msg
[4.036s] -- Up-to-date: /home/ksj/ros2_workspace/install/car_msgs/include/car_msgs/car_msgs/msg/detail
[4.036s] -- Up-to-date: /home/ksj/ros2_workspace/install/car_msgs/include/car_msgs/car_msgs/msg/detail/v2_v_alert__type_support.c
[4.037s] -- Installing: /home/ksj/ros2_workspace/install/car_msgs/include/car_msgs/car_msgs/msg/detail/v2_v_alert__rosidl_typesupport_introspection_c.h
[4.037s] -- Up-to-date: /home/ksj/ros2_workspace/install/car_msgs/include/car_msgs/car_msgs/msg/detail/lane_info__type_support.c
[4.037s] -- Installing: /home/ksj/ros2_workspace/install/car_msgs/include/car_msgs/car_msgs/msg/detail/lane_info__rosidl_typesupport_introspection_c.h
[4.037s] -- Installing: /home/ksj/ros2_workspace/install/car_msgs/include/car_msgs/car_msgs/msg/rosidl_typesupport_introspection_c__visibility_control.h
[4.037s] -- Installing: /home/ksj/ros2_workspace/install/car_msgs/lib/libcar_msgs__rosidl_typesupport_introspection_c.so
[4.037s] -- Set non-toolchain portion of runtime path of "/home/ksj/ros2_workspace/install/car_msgs/lib/libcar_msgs__rosidl_typesupport_introspection_c.so" to ""
[4.037s] -- Installing: /home/ksj/ros2_workspace/install/car_msgs/lib/libcar_msgs__rosidl_typesupport_c.so
[4.037s] -- Set non-toolchain portion of runtime path of "/home/ksj/ros2_workspace/install/car_msgs/lib/libcar_msgs__rosidl_typesupport_c.so" to ""
[4.037s] -- Up-to-date: /home/ksj/ros2_workspace/install/car_msgs/include/car_msgs/car_msgs
[4.037s] -- Up-to-date: /home/ksj/ros2_workspace/install/car_msgs/include/car_msgs/car_msgs/msg
[4.038s] -- Installing: /home/ksj/ros2_workspace/install/car_msgs/include/car_msgs/car_msgs/msg/lane_info.hpp
[4.038s] -- Up-to-date: /home/ksj/ros2_workspace/install/car_msgs/include/car_msgs/car_msgs/msg/detail
[4.038s] -- Installing: /home/ksj/ros2_workspace/install/car_msgs/include/car_msgs/car_msgs/msg/detail/lane_info__traits.hpp
[4.038s] -- Installing: /home/ksj/ros2_workspace/install/car_msgs/include/car_msgs/car_msgs/msg/detail/v2_v_alert__builder.hpp
[4.038s] -- Installing: /home/ksj/ros2_workspace/install/car_msgs/include/car_msgs/car_msgs/msg/detail/v2_v_alert__struct.hpp
[4.038s] -- Installing: /home/ksj/ros2_workspace/install/car_msgs/include/car_msgs/car_msgs/msg/detail/v2_v_alert__traits.hpp
[4.038s] -- Installing: /home/ksj/ros2_workspace/install/car_msgs/include/car_msgs/car_msgs/msg/detail/lane_info__builder.hpp
[4.038s] -- Installing: /home/ksj/ros2_workspace/install/car_msgs/include/car_msgs/car_msgs/msg/detail/v2_v_alert__type_support.hpp
[4.038s] -- Installing: /home/ksj/ros2_workspace/install/car_msgs/include/car_msgs/car_msgs/msg/detail/lane_info__struct.hpp
[4.038s] -- Installing: /home/ksj/ros2_workspace/install/car_msgs/include/car_msgs/car_msgs/msg/detail/lane_info__type_support.hpp
[4.038s] -- Installing: /home/ksj/ros2_workspace/install/car_msgs/include/car_msgs/car_msgs/msg/v2_v_alert.hpp
[4.038s] -- Installing: /home/ksj/ros2_workspace/install/car_msgs/include/car_msgs/car_msgs/msg/rosidl_generator_cpp__visibility_control.hpp
[4.038s] -- Up-to-date: /home/ksj/ros2_workspace/install/car_msgs/include/car_msgs/car_msgs
[4.038s] -- Up-to-date: /home/ksj/ros2_workspace/install/car_msgs/include/car_msgs/car_msgs/msg
[4.038s] -- Up-to-date: /home/ksj/ros2_workspace/install/car_msgs/include/car_msgs/car_msgs/msg/detail
[4.038s] -- Installing: /home/ksj/ros2_workspace/install/car_msgs/include/car_msgs/car_msgs/msg/detail/v2_v_alert__rosidl_typesupport_fastrtps_cpp.hpp
[4.038s] -- Installing: /home/ksj/ros2_workspace/install/car_msgs/include/car_msgs/car_msgs/msg/detail/dds_fastrtps
[4.038s] -- Installing: /home/ksj/ros2_workspace/install/car_msgs/include/car_msgs/car_msgs/msg/detail/lane_info__rosidl_typesupport_fastrtps_cpp.hpp
[4.038s] -- Installing: /home/ksj/ros2_workspace/install/car_msgs/include/car_msgs/car_msgs/msg/rosidl_typesupport_fastrtps_cpp__visibility_control.h
[4.039s] -- Installing: /home/ksj/ros2_workspace/install/car_msgs/lib/libcar_msgs__rosidl_typesupport_fastrtps_cpp.so
[4.039s] -- Set non-toolchain portion of runtime path of "/home/ksj/ros2_workspace/install/car_msgs/lib/libcar_msgs__rosidl_typesupport_fastrtps_cpp.so" to ""
[4.039s] -- Up-to-date: /home/ksj/ros2_workspace/install/car_msgs/include/car_msgs/car_msgs
[4.039s] -- Up-to-date: /home/ksj/ros2_workspace/install/car_msgs/include/car_msgs/car_msgs/msg
[4.039s] -- Up-to-date: /home/ksj/ros2_workspace/install/car_msgs/include/car_msgs/car_msgs/msg/detail
[4.039s] -- Installing: /home/ksj/ros2_workspace/install/car_msgs/include/car_msgs/car_msgs/msg/detail/v2_v_alert__rosidl_typesupport_introspection_cpp.hpp
[4.039s] -- Installing: /home/ksj/ros2_workspace/install/car_msgs/include/car_msgs/car_msgs/msg/detail/lane_info__rosidl_typesupport_introspection_cpp.hpp
[4.039s] -- Installing: /home/ksj/ros2_workspace/install/car_msgs/include/car_msgs/car_msgs/msg/detail/v2_v_alert__type_support.cpp
[4.039s] -- Installing: /home/ksj/ros2_workspace/install/car_msgs/include/car_msgs/car_msgs/msg/detail/lane_info__type_support.cpp
[4.039s] -- Installing: /home/ksj/ros2_workspace/install/car_msgs/lib/libcar_msgs__rosidl_typesupport_introspection_cpp.so
[4.039s] -- Set non-toolchain portion of runtime path of "/home/ksj/ros2_workspace/install/car_msgs/lib/libcar_msgs__rosidl_typesupport_introspection_cpp.so" to ""
[4.039s] -- Installing: /home/ksj/ros2_workspace/install/car_msgs/lib/libcar_msgs__rosidl_typesupport_cpp.so
[4.039s] -- Set non-toolchain portion of runtime path of "/home/ksj/ros2_workspace/install/car_msgs/lib/libcar_msgs__rosidl_typesupport_cpp.so" to ""
[4.039s] -- Installing: /home/ksj/ros2_workspace/install/car_msgs/share/car_msgs/environment/pythonpath.sh
[4.039s] -- Installing: /home/ksj/ros2_workspace/install/car_msgs/share/car_msgs/environment/pythonpath.dsv
[4.039s] -- Installing: /home/ksj/ros2_workspace/install/car_msgs/lib/python3.12/site-packages/car_msgs-0.0.0-py3.12.egg-info
[4.039s] -- Installing: /home/ksj/ros2_workspace/install/car_msgs/lib/python3.12/site-packages/car_msgs-0.0.0-py3.12.egg-info/top_level.txt
[4.039s] -- Installing: /home/ksj/ros2_workspace/install/car_msgs/lib/python3.12/site-packages/car_msgs-0.0.0-py3.12.egg-info/SOURCES.txt
[4.040s] -- Installing: /home/ksj/ros2_workspace/install/car_msgs/lib/python3.12/site-packages/car_msgs-0.0.0-py3.12.egg-info/PKG-INFO
[4.040s] -- Installing: /home/ksj/ros2_workspace/install/car_msgs/lib/python3.12/site-packages/car_msgs-0.0.0-py3.12.egg-info/dependency_links.txt
[4.040s] -- Installing: /home/ksj/ros2_workspace/install/car_msgs/lib/python3.12/site-packages/car_msgs
[4.040s] -- Installing: /home/ksj/ros2_workspace/install/car_msgs/lib/python3.12/site-packages/car_msgs/_car_msgs_s.ep.rosidl_typesupport_introspection_c.c
[4.040s] -- Installing: /home/ksj/ros2_workspace/install/car_msgs/lib/python3.12/site-packages/car_msgs/car_msgs_s__rosidl_typesupport_c.so
[4.040s] -- Installing: /home/ksj/ros2_workspace/install/car_msgs/lib/python3.12/site-packages/car_msgs/msg
[4.040s] -- Installing: /home/ksj/ros2_workspace/install/car_msgs/lib/python3.12/site-packages/car_msgs/msg/_lane_info.py
[4.040s] -- Installing: /home/ksj/ros2_workspace/install/car_msgs/lib/python3.12/site-packages/car_msgs/msg/_v2_v_alert.py
[4.040s] -- Installing: /home/ksj/ros2_workspace/install/car_msgs/lib/python3.12/site-packages/car_msgs/msg/_lane_info_s.c
[4.040s] -- Installing: /home/ksj/ros2_workspace/install/car_msgs/lib/python3.12/site-packages/car_msgs/msg/_v2_v_alert_s.c
[4.040s] -- Installing: /home/ksj/ros2_workspace/install/car_msgs/lib/python3.12/site-packages/car_msgs/msg/__init__.py
[4.040s] -- Installing: /home/ksj/ros2_workspace/install/car_msgs/lib/python3.12/site-packages/car_msgs/car_msgs_s__rosidl_typesupport_introspection_c.so
[4.040s] -- Installing: /home/ksj/ros2_workspace/install/car_msgs/lib/python3.12/site-packages/car_msgs/_car_msgs_s.ep.rosidl_typesupport_c.c
[4.040s] -- Installing: /home/ksj/ros2_workspace/install/car_msgs/lib/python3.12/site-packages/car_msgs/car_msgs_s__rosidl_typesupport_fastrtps_c.so
[4.040s] -- Installing: /home/ksj/ros2_workspace/install/car_msgs/lib/python3.12/site-packages/car_msgs/__init__.py
[4.040s] -- Installing: /home/ksj/ros2_workspace/install/car_msgs/lib/python3.12/site-packages/car_msgs/_car_msgs_s.ep.rosidl_typesupport_fastrtps_c.c
[4.068s] Listing '/home/ksj/ros2_workspace/install/car_msgs/lib/python3.12/site-packages/car_msgs'...
[4.068s] Compiling '/home/ksj/ros2_workspace/install/car_msgs/lib/python3.12/site-packages/car_msgs/__init__.py'...
[4.069s] Listing '/home/ksj/ros2_workspace/install/car_msgs/lib/python3.12/site-packages/car_msgs/msg'...
[4.069s] Compiling '/home/ksj/ros2_workspace/install/car_msgs/lib/python3.12/site-packages/car_msgs/msg/__init__.py'...
[4.069s] Compiling '/home/ksj/ros2_workspace/install/car_msgs/lib/python3.12/site-packages/car_msgs/msg/_lane_info.py'...
[4.069s] Compiling '/home/ksj/ros2_workspace/install/car_msgs/lib/python3.12/site-packages/car_msgs/msg/_v2_v_alert.py'...
[4.073s] -- Installing: /home/ksj/ros2_workspace/install/car_msgs/lib/python3.12/site-packages/car_msgs/car_msgs_s__rosidl_typesupport_fastrtps_c.so
[4.073s] -- Set non-toolchain portion of runtime path of "/home/ksj/ros2_workspace/install/car_msgs/lib/python3.12/site-packages/car_msgs/car_msgs_s__rosidl_typesupport_fastrtps_c.so" to ""
[4.073s] -- Installing: /home/ksj/ros2_workspace/install/car_msgs/lib/python3.12/site-packages/car_msgs/car_msgs_s__rosidl_typesupport_introspection_c.so
[4.073s] -- Set non-toolchain portion of runtime path of "/home/ksj/ros2_workspace/install/car_msgs/lib/python3.12/site-packages/car_msgs/car_msgs_s__rosidl_typesupport_introspection_c.so" to ""
[4.073s] -- Installing: /home/ksj/ros2_workspace/install/car_msgs/lib/python3.12/site-packages/car_msgs/car_msgs_s__rosidl_typesupport_c.so
[4.074s] -- Set non-toolchain portion of runtime path of "/home/ksj/ros2_workspace/install/car_msgs/lib/python3.12/site-packages/car_msgs/car_msgs_s__rosidl_typesupport_c.so" to ""
[4.074s] -- Installing: /home/ksj/ros2_workspace/install/car_msgs/lib/libcar_msgs__rosidl_generator_py.so
[4.074s] -- Set non-toolchain portion of runtime path of "/home/ksj/ros2_workspace/install/car_msgs/lib/libcar_msgs__rosidl_generator_py.so" to ""
[4.074s] -- Installing: /home/ksj/ros2_workspace/install/car_msgs/share/car_msgs/msg/LaneInfo.idl
[4.074s] -- Installing: /home/ksj/ros2_workspace/install/car_msgs/share/car_msgs/msg/V2VAlert.idl
[4.074s] -- Installing: /home/ksj/ros2_workspace/install/car_msgs/share/car_msgs/msg/LaneInfo.msg
[4.074s] -- Installing: /home/ksj/ros2_workspace/install/car_msgs/share/car_msgs/msg/V2VAlert.msg
[4.074s] -- Installing: /home/ksj/ros2_workspace/install/car_msgs/share/ament_index/resource_index/package_run_dependencies/car_msgs
[4.074s] -- Installing: /home/ksj/ros2_workspace/install/car_msgs/share/ament_index/resource_index/parent_prefix_path/car_msgs
[4.075s] -- Installing: /home/ksj/ros2_workspace/install/car_msgs/share/car_msgs/environment/ament_prefix_path.sh
[4.075s] -- Installing: /home/ksj/ros2_workspace/install/car_msgs/share/car_msgs/environment/ament_prefix_path.dsv
[4.075s] -- Installing: /home/ksj/ros2_workspace/install/car_msgs/share/car_msgs/environment/path.sh
[4.075s] -- Installing: /home/ksj/ros2_workspace/install/car_msgs/share/car_msgs/environment/path.dsv
[4.075s] -- Installing: /home/ksj/ros2_workspace/install/car_msgs/share/car_msgs/local_setup.bash
[4.075s] -- Installing: /home/ksj/ros2_workspace/install/car_msgs/share/car_msgs/local_setup.sh
[4.075s] -- Installing: /home/ksj/ros2_workspace/install/car_msgs/share/car_msgs/local_setup.zsh
[4.075s] -- Installing: /home/ksj/ros2_workspace/install/car_msgs/share/car_msgs/local_setup.dsv
[4.075s] -- Installing: /home/ksj/ros2_workspace/install/car_msgs/share/car_msgs/package.dsv
[4.075s] -- Installing: /home/ksj/ros2_workspace/install/car_msgs/share/ament_index/resource_index/packages/car_msgs
[4.075s] -- Installing: /home/ksj/ros2_workspace/install/car_msgs/share/car_msgs/cmake/export_car_msgs__rosidl_generator_cExport.cmake
[4.075s] -- Installing: /home/ksj/ros2_workspace/install/car_msgs/share/car_msgs/cmake/export_car_msgs__rosidl_generator_cExport-noconfig.cmake
[4.075s] -- Installing: /home/ksj/ros2_workspace/install/car_msgs/share/car_msgs/cmake/export_car_msgs__rosidl_typesupport_fastrtps_cExport.cmake
[4.075s] -- Installing: /home/ksj/ros2_workspace/install/car_msgs/share/car_msgs/cmake/export_car_msgs__rosidl_typesupport_fastrtps_cExport-noconfig.cmake
[4.076s] -- Installing: /home/ksj/ros2_workspace/install/car_msgs/share/car_msgs/cmake/car_msgs__rosidl_typesupport_introspection_cExport.cmake
[4.076s] -- Installing: /home/ksj/ros2_workspace/install/car_msgs/share/car_msgs/cmake/car_msgs__rosidl_typesupport_introspection_cExport-noconfig.cmake
[4.076s] -- Installing: /home/ksj/ros2_workspace/install/car_msgs/share/car_msgs/cmake/car_msgs__rosidl_typesupport_cExport.cmake
[4.076s] -- Installing: /home/ksj/ros2_workspace/install/car_msgs/share/car_msgs/cmake/car_msgs__rosidl_typesupport_cExport-noconfig.cmake
[4.076s] -- Installing: /home/ksj/ros2_workspace/install/car_msgs/share/car_msgs/cmake/export_car_msgs__rosidl_generator_cppExport.cmake
[4.076s] -- Installing: /home/ksj/ros2_workspace/install/car_msgs/share/car_msgs/cmake/export_car_msgs__rosidl_typesupport_fastrtps_cppExport.cmake
[4.076s] -- Installing: /home/ksj/ros2_workspace/install/car_msgs/share/car_msgs/cmake/export_car_msgs__rosidl_typesupport_fastrtps_cppExport-noconfig.cmake
[4.076s] -- Installing: /home/ksj/ros2_workspace/install/car_msgs/share/car_msgs/cmake/car_msgs__rosidl_typesupport_introspection_cppExport.cmake
[4.076s] -- Installing: /home/ksj/ros2_workspace/install/car_msgs/share/car_msgs/cmake/car_msgs__rosidl_typesupport_introspection_cppExport-noconfig.cmake
[4.076s] -- Installing: /home/ksj/ros2_workspace/install/car_msgs/share/car_msgs/cmake/car_msgs__rosidl_typesupport_cppExport.cmake
[4.076s] -- Installing: /home/ksj/ros2_workspace/install/car_msgs/share/car_msgs/cmake/car_msgs__rosidl_typesupport_cppExport-noconfig.cmake
[4.076s] -- Installing: /home/ksj/ros2_workspace/install/car_msgs/share/car_msgs/cmake/export_car_msgs__rosidl_generator_pyExport.cmake
[4.076s] -- Installing: /home/ksj/ros2_workspace/install/car_msgs/share/car_msgs/cmake/export_car_msgs__rosidl_generator_pyExport-noconfig.cmake
[4.076s] -- Installing: /home/ksj/ros2_workspace/install/car_msgs/share/car_msgs/cmake/rosidl_cmake-extras.cmake
[4.077s] -- Installing: /home/ksj/ros2_workspace/install/car_msgs/share/car_msgs/cmake/ament_cmake_export_include_directories-extras.cmake
[4.077s] -- Installing: /home/ksj/ros2_workspace/install/car_msgs/share/car_msgs/cmake/ament_cmake_export_libraries-extras.cmake
[4.077s] -- Installing: /home/ksj/ros2_workspace/install/car_msgs/share/car_msgs/cmake/ament_cmake_export_targets-extras.cmake
[4.077s] -- Installing: /home/ksj/ros2_workspace/install/car_msgs/share/car_msgs/cmake/rosidl_cmake_export_typesupport_targets-extras.cmake
[4.077s] -- Installing: /home/ksj/ros2_workspace/install/car_msgs/share/car_msgs/cmake/ament_cmake_export_dependencies-extras.cmake
[4.077s] -- Installing: /home/ksj/ros2_workspace/install/car_msgs/share/car_msgs/cmake/rosidl_cmake_export_typesupport_libraries-extras.cmake
[4.077s] -- Installing: /home/ksj/ros2_workspace/install/car_msgs/share/car_msgs/cmake/car_msgsConfig.cmake
[4.077s] -- Installing: /home/ksj/ros2_workspace/install/car_msgs/share/car_msgs/cmake/car_msgsConfig-version.cmake
[4.077s] -- Installing: /home/ksj/ros2_workspace/install/car_msgs/share/car_msgs/package.xml
[4.079s] Invoked command in '/home/ksj/ros2_workspace/build/car_msgs' returned '0': CMAKE_PREFIX_PATH=${CMAKE_PREFIX_PATH}:/opt/ros/jazzy DEBUGINFOD_URLS=https://debuginfod.ubuntu.com /usr/bin/cmake --install /home/ksj/ros2_workspace/build/car_msgs
