[0.963s] Invoking command in '/home/ksj/ros2_workspace/src/car_comms': AMENT_PREFIX_PATH=/home/ksj/ros2_workspace/install/car_msgs:${AMENT_PREFIX_PATH} CMAKE_PREFIX_PATH=/home/ksj/ros2_workspace/install/car_msgs:${CMAKE_PREFIX_PATH} DEBUGINFOD_URLS=https://debuginfod.ubuntu.com LD_LIBRARY_PATH=/home/ksj/ros2_workspace/install/car_msgs/lib:${LD_LIBRARY_PATH} PYTHONPATH=/home/ksj/ros2_workspace/build/car_comms/prefix_override:/usr/lib/python3/dist-packages/colcon_core/task/python/colcon_distutils_commands:/home/ksj/ros2_workspace/install/car_comms/lib/python3.12/site-packages:/home/ksj/ros2_workspace/install/car_msgs/lib/python3.12/site-packages:${PYTHONPATH} /usr/bin/python3 -W ignore:setup.py install is deprecated -W ignore:easy_install command is deprecated setup.py egg_info --egg-base ../../build/car_comms build --build-base /home/ksj/ros2_workspace/build/car_comms/build install --record /home/ksj/ros2_workspace/build/car_comms/install.log --single-version-externally-managed install_data
[1.163s] running egg_info
[1.163s] creating ../../build/car_comms/car_comms.egg-info
[1.177s] writing ../../build/car_comms/car_comms.egg-info/PKG-INFO
[1.178s] writing dependency_links to ../../build/car_comms/car_comms.egg-info/dependency_links.txt
[1.178s] writing requirements to ../../build/car_comms/car_comms.egg-info/requires.txt
[1.178s] writing top-level names to ../../build/car_comms/car_comms.egg-info/top_level.txt
[1.178s] writing manifest file '../../build/car_comms/car_comms.egg-info/SOURCES.txt'
[1.207s] reading manifest file '../../build/car_comms/car_comms.egg-info/SOURCES.txt'
[1.207s] writing manifest file '../../build/car_comms/car_comms.egg-info/SOURCES.txt'
[1.207s] running build
[1.208s] running build_py
[1.208s] creating /home/ksj/ros2_workspace/build/car_comms/build
[1.208s] creating /home/ksj/ros2_workspace/build/car_comms/build/lib
[1.208s] creating /home/ksj/ros2_workspace/build/car_comms/build/lib/car_comms
[1.208s] copying car_comms/v2c_node.py -> /home/ksj/ros2_workspace/build/car_comms/build/lib/car_comms
[1.208s] copying car_comms/server.py -> /home/ksj/ros2_workspace/build/car_comms/build/lib/car_comms
[1.208s] copying car_comms/client.py -> /home/ksj/ros2_workspace/build/car_comms/build/lib/car_comms
[1.208s] copying car_comms/__init__.py -> /home/ksj/ros2_workspace/build/car_comms/build/lib/car_comms
[1.208s] running install
[1.213s] running install_lib
[1.228s] creating /home/ksj/ros2_workspace/install/car_comms/lib/python3.12/site-packages/car_comms
[1.228s] copying /home/ksj/ros2_workspace/build/car_comms/build/lib/car_comms/v2c_node.py -> /home/ksj/ros2_workspace/install/car_comms/lib/python3.12/site-packages/car_comms
[1.228s] copying /home/ksj/ros2_workspace/build/car_comms/build/lib/car_comms/server.py -> /home/ksj/ros2_workspace/install/car_comms/lib/python3.12/site-packages/car_comms
[1.228s] copying /home/ksj/ros2_workspace/build/car_comms/build/lib/car_comms/client.py -> /home/ksj/ros2_workspace/install/car_comms/lib/python3.12/site-packages/car_comms
[1.228s] copying /home/ksj/ros2_workspace/build/car_comms/build/lib/car_comms/__init__.py -> /home/ksj/ros2_workspace/install/car_comms/lib/python3.12/site-packages/car_comms
[1.228s] byte-compiling /home/ksj/ros2_workspace/install/car_comms/lib/python3.12/site-packages/car_comms/v2c_node.py to v2c_node.cpython-312.pyc
[1.229s] byte-compiling /home/ksj/ros2_workspace/install/car_comms/lib/python3.12/site-packages/car_comms/server.py to server.cpython-312.pyc
[1.230s] byte-compiling /home/ksj/ros2_workspace/install/car_comms/lib/python3.12/site-packages/car_comms/client.py to client.cpython-312.pyc
[1.231s] byte-compiling /home/ksj/ros2_workspace/install/car_comms/lib/python3.12/site-packages/car_comms/__init__.py to __init__.cpython-312.pyc
[1.231s] running install_data
[1.231s] creating /home/ksj/ros2_workspace/install/car_comms/share/ament_index
[1.231s] creating /home/ksj/ros2_workspace/install/car_comms/share/ament_index/resource_index
[1.231s] creating /home/ksj/ros2_workspace/install/car_comms/share/ament_index/resource_index/packages
[1.231s] copying resource/car_comms -> /home/ksj/ros2_workspace/install/car_comms/share/ament_index/resource_index/packages
[1.231s] copying package.xml -> /home/ksj/ros2_workspace/install/car_comms/share/car_comms
[1.231s] running install_egg_info
[1.249s] Copying ../../build/car_comms/car_comms.egg-info to /home/ksj/ros2_workspace/install/car_comms/lib/python3.12/site-packages/car_comms-0.0.0-py3.12.egg-info
[1.250s] running install_scripts
[1.366s] writing list of installed files to '/home/ksj/ros2_workspace/build/car_comms/install.log'
[1.397s] Invoked command in '/home/ksj/ros2_workspace/src/car_comms' returned '0': AMENT_PREFIX_PATH=/home/ksj/ros2_workspace/install/car_msgs:${AMENT_PREFIX_PATH} CMAKE_PREFIX_PATH=/home/ksj/ros2_workspace/install/car_msgs:${CMAKE_PREFIX_PATH} DEBUGINFOD_URLS=https://debuginfod.ubuntu.com LD_LIBRARY_PATH=/home/ksj/ros2_workspace/install/car_msgs/lib:${LD_LIBRARY_PATH} PYTHONPATH=/home/ksj/ros2_workspace/build/car_comms/prefix_override:/usr/lib/python3/dist-packages/colcon_core/task/python/colcon_distutils_commands:/home/ksj/ros2_workspace/install/car_comms/lib/python3.12/site-packages:/home/ksj/ros2_workspace/install/car_msgs/lib/python3.12/site-packages:${PYTHONPATH} /usr/bin/python3 -W ignore:setup.py install is deprecated -W ignore:easy_install command is deprecated setup.py egg_info --egg-base ../../build/car_comms build --build-base /home/ksj/ros2_workspace/build/car_comms/build install --record /home/ksj/ros2_workspace/build/car_comms/install.log --single-version-externally-managed install_data
