[0.490s] Invoking command in '/home/ksj/ros2_workspace/src/car_comms': AMENT_PREFIX_PATH=/home/ksj/ros2_workspace/install/car_msgs:${AMENT_PREFIX_PATH} CMAKE_PREFIX_PATH=/home/ksj/ros2_workspace/install/car_msgs:${CMAKE_PREFIX_PATH} DEBUGINFOD_URLS=https://debuginfod.ubuntu.com LD_LIBRARY_PATH=/home/ksj/ros2_workspace/install/car_msgs/lib:${LD_LIBRARY_PATH} PYTHONPATH=/home/ksj/ros2_workspace/build/car_comms/prefix_override:/usr/lib/python3/dist-packages/colcon_core/task/python/colcon_distutils_commands:/home/ksj/ros2_workspace/install/car_comms/lib/python3.12/site-packages:/home/ksj/ros2_workspace/install/car_msgs/lib/python3.12/site-packages:${PYTHONPATH} /usr/bin/python3 -W ignore:setup.py install is deprecated -W ignore:easy_install command is deprecated setup.py egg_info --egg-base ../../build/car_comms build --build-base /home/ksj/ros2_workspace/build/car_comms/build install --record /home/ksj/ros2_workspace/build/car_comms/install.log --single-version-externally-managed install_data
[0.658s] running egg_info
[0.670s] writing ../../build/car_comms/car_comms.egg-info/PKG-INFO
[0.670s] writing dependency_links to ../../build/car_comms/car_comms.egg-info/dependency_links.txt
[0.670s] writing entry points to ../../build/car_comms/car_comms.egg-info/entry_points.txt
[0.670s] writing requirements to ../../build/car_comms/car_comms.egg-info/requires.txt
[0.670s] writing top-level names to ../../build/car_comms/car_comms.egg-info/top_level.txt
[0.694s] reading manifest file '../../build/car_comms/car_comms.egg-info/SOURCES.txt'
[0.694s] writing manifest file '../../build/car_comms/car_comms.egg-info/SOURCES.txt'
[0.695s] running build
[0.695s] running build_py
[0.695s] running install
[0.699s] running install_lib
[0.711s] running install_data
[0.711s] running install_egg_info
[0.725s] removing '/home/ksj/ros2_workspace/install/car_comms/lib/python3.12/site-packages/car_comms-0.0.0-py3.12.egg-info' (and everything under it)
[0.725s] Copying ../../build/car_comms/car_comms.egg-info to /home/ksj/ros2_workspace/install/car_comms/lib/python3.12/site-packages/car_comms-0.0.0-py3.12.egg-info
[0.725s] running install_scripts
[0.806s] Installing v2x_sub script to /home/ksj/ros2_workspace/install/car_comms/lib/car_comms
[0.806s] writing list of installed files to '/home/ksj/ros2_workspace/build/car_comms/install.log'
[0.825s] Invoked command in '/home/ksj/ros2_workspace/src/car_comms' returned '0': AMENT_PREFIX_PATH=/home/ksj/ros2_workspace/install/car_msgs:${AMENT_PREFIX_PATH} CMAKE_PREFIX_PATH=/home/ksj/ros2_workspace/install/car_msgs:${CMAKE_PREFIX_PATH} DEBUGINFOD_URLS=https://debuginfod.ubuntu.com LD_LIBRARY_PATH=/home/ksj/ros2_workspace/install/car_msgs/lib:${LD_LIBRARY_PATH} PYTHONPATH=/home/ksj/ros2_workspace/build/car_comms/prefix_override:/usr/lib/python3/dist-packages/colcon_core/task/python/colcon_distutils_commands:/home/ksj/ros2_workspace/install/car_comms/lib/python3.12/site-packages:/home/ksj/ros2_workspace/install/car_msgs/lib/python3.12/site-packages:${PYTHONPATH} /usr/bin/python3 -W ignore:setup.py install is deprecated -W ignore:easy_install command is deprecated setup.py egg_info --egg-base ../../build/car_comms build --build-base /home/ksj/ros2_workspace/build/car_comms/build install --record /home/ksj/ros2_workspace/build/car_comms/install.log --single-version-externally-managed install_data
