[  2%] Built target car_msgs__rosidl_generator_type_description
[  2%] Built target ament_cmake_python_symlink_car_msgs
[  5%] Built target car_msgs__cpp
[ 20%] Built target car_msgs__rosidl_generator_c
[ 35%] Built target car_msgs__rosidl_typesupport_fastrtps_c
[ 38%] Built target car_msgs__rosidl_typesupport_cpp
[ 47%] Built target car_msgs__rosidl_typesupport_introspection_c
[ 55%] Built target car_msgs__rosidl_typesupport_c
[ 64%] Built target car_msgs__rosidl_typesupport_fastrtps_cpp
[ 73%] Built target car_msgs__rosidl_typesupport_introspection_cpp
[ 73%] Built target car_msgs
[ 76%] Built target car_msgs__py
[ 82%] Built target car_msgs__rosidl_generator_py
[100%] Built target car_msgs_s__rosidl_typesupport_introspection_c
[100%] Built target car_msgs_s__rosidl_typesupport_c
[100%] Built target car_msgs_s__rosidl_typesupport_fastrtps_c
running egg_info
writing car_msgs.egg-info/PKG-INFO
writing dependency_links to car_msgs.egg-info/dependency_links.txt
writing top-level names to car_msgs.egg-info/top_level.txt
reading manifest file 'car_msgs.egg-info/SOURCES.txt'
writing manifest file 'car_msgs.egg-info/SOURCES.txt'
[100%] Built target ament_cmake_python_build_car_msgs_egg
-- Install configuration: ""
-- Execute custom install script
-- Up-to-date symlink: /ws/install/share/ament_index/resource_index/rosidl_interfaces/car_msgs
-- Up-to-date symlink: /ws/install/share/car_msgs/msg/V2VAlert.json
-- Up-to-date symlink: /ws/install/include/car_msgs/car_msgs/msg/detail/v2_v_alert__functions.h
-- Up-to-date symlink: /ws/install/include/car_msgs/car_msgs/msg/detail/v2_v_alert__struct.h
-- Up-to-date symlink: /ws/install/include/car_msgs/car_msgs/msg/detail/v2_v_alert__type_support.h
-- Up-to-date symlink: /ws/install/include/car_msgs/car_msgs/msg/rosidl_generator_c__visibility_control.h
-- Up-to-date symlink: /ws/install/include/car_msgs/car_msgs/msg/v2_v_alert.h
-- Up-to-date symlink: /ws/install/share/car_msgs/environment/library_path.sh
-- Up-to-date symlink: /ws/install/share/car_msgs/environment/library_path.dsv
-- Up-to-date symlink: /ws/install/include/car_msgs/car_msgs/msg/detail/v2_v_alert__rosidl_typesupport_fastrtps_c.h
-- Up-to-date symlink: /ws/install/include/car_msgs/car_msgs/msg/rosidl_typesupport_fastrtps_c__visibility_control.h
-- Up-to-date symlink: /ws/install/include/car_msgs/car_msgs/msg/detail/v2_v_alert__rosidl_typesupport_introspection_c.h
-- Up-to-date symlink: /ws/install/include/car_msgs/car_msgs/msg/rosidl_typesupport_introspection_c__visibility_control.h
-- Up-to-date symlink: /ws/install/include/car_msgs/car_msgs/msg/detail/v2_v_alert__builder.hpp
-- Up-to-date symlink: /ws/install/include/car_msgs/car_msgs/msg/detail/v2_v_alert__struct.hpp
-- Up-to-date symlink: /ws/install/include/car_msgs/car_msgs/msg/detail/v2_v_alert__traits.hpp
-- Up-to-date symlink: /ws/install/include/car_msgs/car_msgs/msg/detail/v2_v_alert__type_support.hpp
-- Up-to-date symlink: /ws/install/include/car_msgs/car_msgs/msg/rosidl_generator_cpp__visibility_control.hpp
-- Up-to-date symlink: /ws/install/include/car_msgs/car_msgs/msg/v2_v_alert.hpp
-- Up-to-date symlink: /ws/install/include/car_msgs/car_msgs/msg/detail/v2_v_alert__rosidl_typesupport_fastrtps_cpp.hpp
-- Up-to-date symlink: /ws/install/include/car_msgs/car_msgs/msg/rosidl_typesupport_fastrtps_cpp__visibility_control.h
-- Up-to-date symlink: /ws/install/include/car_msgs/car_msgs/msg/detail/v2_v_alert__rosidl_typesupport_introspection_cpp.hpp
-- Up-to-date symlink: /ws/install/share/car_msgs/environment/pythonpath.sh
-- Up-to-date symlink: /ws/install/share/car_msgs/environment/pythonpath.dsv
-- Up-to-date symlink: /ws/install/lib/python3.12/site-packages/car_msgs-0.0.0-py3.12.egg-info/PKG-INFO
-- Up-to-date symlink: /ws/install/lib/python3.12/site-packages/car_msgs-0.0.0-py3.12.egg-info/SOURCES.txt
-- Up-to-date symlink: /ws/install/lib/python3.12/site-packages/car_msgs-0.0.0-py3.12.egg-info/dependency_links.txt
-- Up-to-date symlink: /ws/install/lib/python3.12/site-packages/car_msgs-0.0.0-py3.12.egg-info/top_level.txt
-- Up-to-date symlink: /ws/install/lib/python3.12/site-packages/car_msgs/__init__.py
-- Up-to-date symlink: /ws/install/lib/python3.12/site-packages/car_msgs/_car_msgs_s.ep.rosidl_typesupport_c.c
-- Up-to-date symlink: /ws/install/lib/python3.12/site-packages/car_msgs/_car_msgs_s.ep.rosidl_typesupport_fastrtps_c.c
-- Up-to-date symlink: /ws/install/lib/python3.12/site-packages/car_msgs/_car_msgs_s.ep.rosidl_typesupport_introspection_c.c
-- Up-to-date symlink: /ws/install/lib/python3.12/site-packages/car_msgs/car_msgs_s__rosidl_typesupport_c.so
-- Up-to-date symlink: /ws/install/lib/python3.12/site-packages/car_msgs/car_msgs_s__rosidl_typesupport_fastrtps_c.so
-- Up-to-date symlink: /ws/install/lib/python3.12/site-packages/car_msgs/car_msgs_s__rosidl_typesupport_introspection_c.so
-- Up-to-date symlink: /ws/install/lib/python3.12/site-packages/car_msgs/msg/__init__.py
-- Up-to-date symlink: /ws/install/lib/python3.12/site-packages/car_msgs/msg/_v2_v_alert.py
-- Up-to-date symlink: /ws/install/lib/python3.12/site-packages/car_msgs/msg/_v2_v_alert_s.c
-- Up-to-date symlink: /ws/install/lib/python3.12/site-packages/car_msgs/car_msgs_s__rosidl_typesupport_fastrtps_c.so
-- Up-to-date symlink: /ws/install/lib/python3.12/site-packages/car_msgs/car_msgs_s__rosidl_typesupport_introspection_c.so
-- Up-to-date symlink: /ws/install/lib/python3.12/site-packages/car_msgs/car_msgs_s__rosidl_typesupport_c.so
-- Up-to-date symlink: /ws/install/share/car_msgs/msg/V2VAlert.idl
-- Up-to-date symlink: /ws/install/share/car_msgs/msg/V2VAlert.msg
-- Up-to-date symlink: /ws/install/share/ament_index/resource_index/package_run_dependencies/car_msgs
-- Up-to-date symlink: /ws/install/share/ament_index/resource_index/parent_prefix_path/car_msgs
-- Up-to-date symlink: /ws/install/share/car_msgs/environment/ament_prefix_path.sh
-- Up-to-date symlink: /ws/install/share/car_msgs/environment/ament_prefix_path.dsv
-- Up-to-date symlink: /ws/install/share/car_msgs/environment/path.sh
-- Up-to-date symlink: /ws/install/share/car_msgs/environment/path.dsv
-- Up-to-date symlink: /ws/install/share/car_msgs/local_setup.bash
-- Up-to-date symlink: /ws/install/share/car_msgs/local_setup.sh
-- Up-to-date symlink: /ws/install/share/car_msgs/local_setup.zsh
-- Up-to-date symlink: /ws/install/share/car_msgs/local_setup.dsv
-- Symlinking: /ws/install/share/car_msgs/package.dsv
-- Up-to-date symlink: /ws/install/share/ament_index/resource_index/packages/car_msgs
-- Up-to-date symlink: /ws/install/share/car_msgs/cmake/rosidl_cmake-extras.cmake
-- Up-to-date symlink: /ws/install/share/car_msgs/cmake/ament_cmake_export_dependencies-extras.cmake
-- Up-to-date symlink: /ws/install/share/car_msgs/cmake/ament_cmake_export_include_directories-extras.cmake
-- Up-to-date symlink: /ws/install/share/car_msgs/cmake/ament_cmake_export_libraries-extras.cmake
-- Up-to-date symlink: /ws/install/share/car_msgs/cmake/ament_cmake_export_targets-extras.cmake
-- Up-to-date symlink: /ws/install/share/car_msgs/cmake/rosidl_cmake_export_typesupport_targets-extras.cmake
-- Up-to-date symlink: /ws/install/share/car_msgs/cmake/rosidl_cmake_export_typesupport_libraries-extras.cmake
-- Up-to-date symlink: /ws/install/share/car_msgs/cmake/car_msgsConfig.cmake
-- Up-to-date symlink: /ws/install/share/car_msgs/cmake/car_msgsConfig-version.cmake
-- Up-to-date symlink: /ws/install/share/car_msgs/package.xml
-- Up-to-date: /ws/install/lib/libcar_msgs__rosidl_generator_c.so
-- Up-to-date: /ws/install/lib/libcar_msgs__rosidl_typesupport_fastrtps_c.so
-- Up-to-date: /ws/install/lib/libcar_msgs__rosidl_typesupport_introspection_c.so
-- Up-to-date: /ws/install/lib/libcar_msgs__rosidl_typesupport_c.so
-- Up-to-date: /ws/install/lib/libcar_msgs__rosidl_typesupport_fastrtps_cpp.so
-- Up-to-date: /ws/install/lib/libcar_msgs__rosidl_typesupport_introspection_cpp.so
-- Up-to-date: /ws/install/lib/libcar_msgs__rosidl_typesupport_cpp.so
Listing '/ws/install/lib/python3.12/site-packages/car_msgs'...
Listing '/ws/install/lib/python3.12/site-packages/car_msgs/msg'...
-- Up-to-date: /ws/install/lib/libcar_msgs__rosidl_generator_py.so
-- Up-to-date: /ws/install/share/car_msgs/cmake/export_car_msgs__rosidl_generator_cExport.cmake
-- Up-to-date: /ws/install/share/car_msgs/cmake/export_car_msgs__rosidl_generator_cExport-noconfig.cmake
-- Up-to-date: /ws/install/share/car_msgs/cmake/export_car_msgs__rosidl_typesupport_fastrtps_cExport.cmake
-- Up-to-date: /ws/install/share/car_msgs/cmake/export_car_msgs__rosidl_typesupport_fastrtps_cExport-noconfig.cmake
-- Up-to-date: /ws/install/share/car_msgs/cmake/car_msgs__rosidl_typesupport_introspection_cExport.cmake
-- Up-to-date: /ws/install/share/car_msgs/cmake/car_msgs__rosidl_typesupport_introspection_cExport-noconfig.cmake
-- Up-to-date: /ws/install/share/car_msgs/cmake/car_msgs__rosidl_typesupport_cExport.cmake
-- Up-to-date: /ws/install/share/car_msgs/cmake/car_msgs__rosidl_typesupport_cExport-noconfig.cmake
-- Up-to-date: /ws/install/share/car_msgs/cmake/export_car_msgs__rosidl_generator_cppExport.cmake
-- Up-to-date: /ws/install/share/car_msgs/cmake/export_car_msgs__rosidl_typesupport_fastrtps_cppExport.cmake
-- Up-to-date: /ws/install/share/car_msgs/cmake/export_car_msgs__rosidl_typesupport_fastrtps_cppExport-noconfig.cmake
-- Up-to-date: /ws/install/share/car_msgs/cmake/car_msgs__rosidl_typesupport_introspection_cppExport.cmake
-- Up-to-date: /ws/install/share/car_msgs/cmake/car_msgs__rosidl_typesupport_introspection_cppExport-noconfig.cmake
-- Up-to-date: /ws/install/share/car_msgs/cmake/car_msgs__rosidl_typesupport_cppExport.cmake
-- Up-to-date: /ws/install/share/car_msgs/cmake/car_msgs__rosidl_typesupport_cppExport-noconfig.cmake
-- Up-to-date: /ws/install/share/car_msgs/cmake/export_car_msgs__rosidl_generator_pyExport.cmake
-- Up-to-date: /ws/install/share/car_msgs/cmake/export_car_msgs__rosidl_generator_pyExport-noconfig.cmake
