[0.012s] Invoking command in '/home/ksj/ros2_workspace/src/build/car_msgs': CMAKE_PREFIX_PATH=${CMAKE_PREFIX_PATH}:/opt/ros/jazzy DEBUGINFOD_URLS=https://debuginfod.ubuntu.com /usr/bin/cmake /home/ksj/ros2_workspace/src/car_msgs -DCMAKE_INSTALL_PREFIX=/home/ksj/ros2_workspace/src/install/car_msgs
[0.046s] -- The C compiler identification is GNU 13.3.0
[0.080s] -- The CXX compiler identification is GNU 13.3.0
[0.089s] -- Detecting C compiler ABI info
[0.140s] -- Detecting C compiler ABI info - done
[0.146s] -- Check for working C compiler: /usr/bin/cc - skipped
[0.146s] -- Detecting C compile features
[0.146s] -- Detecting C compile features - done
[0.152s] -- Detecting CXX compiler ABI info
[0.208s] -- Detecting CXX compiler ABI info - done
[0.215s] -- Check for working CXX compiler: /usr/bin/c++ - skipped
[0.215s] -- Detecting CXX compile features
[0.215s] -- Detecting CXX compile features - done
[0.216s] -- Found ament_cmake: 2.5.4 (/opt/ros/jazzy/share/ament_cmake/cmake)
[0.305s] -- Found Python3: /usr/bin/python3 (found version "3.12.3") found components: Interpreter 
[0.367s] -- Found ament_lint_auto: 0.17.3 (/opt/ros/jazzy/share/ament_lint_auto/cmake)
[0.429s] -- Added test 'lint_cmake' to check CMake code style
[0.430s] -- Added test 'xmllint' to check XML markup files
[0.431s] -- Configuring done (0.4s)
[0.432s] -- Generating done (0.0s)
[0.433s] -- Build files have been written to: /home/ksj/ros2_workspace/src/build/car_msgs
[0.436s] Invoked command in '/home/ksj/ros2_workspace/src/build/car_msgs' returned '0': CMAKE_PREFIX_PATH=${CMAKE_PREFIX_PATH}:/opt/ros/jazzy DEBUGINFOD_URLS=https://debuginfod.ubuntu.com /usr/bin/cmake /home/ksj/ros2_workspace/src/car_msgs -DCMAKE_INSTALL_PREFIX=/home/ksj/ros2_workspace/src/install/car_msgs
[0.437s] Invoking command in '/home/ksj/ros2_workspace/src/build/car_msgs': CMAKE_PREFIX_PATH=${CMAKE_PREFIX_PATH}:/opt/ros/jazzy DEBUGINFOD_URLS=https://debuginfod.ubuntu.com /usr/bin/cmake --build /home/ksj/ros2_workspace/src/build/car_msgs -- -j16 -l16
[0.458s] Invoked command in '/home/ksj/ros2_workspace/src/build/car_msgs' returned '0': CMAKE_PREFIX_PATH=${CMAKE_PREFIX_PATH}:/opt/ros/jazzy DEBUGINFOD_URLS=https://debuginfod.ubuntu.com /usr/bin/cmake --build /home/ksj/ros2_workspace/src/build/car_msgs -- -j16 -l16
[0.463s] Invoking command in '/home/ksj/ros2_workspace/src/build/car_msgs': CMAKE_PREFIX_PATH=${CMAKE_PREFIX_PATH}:/opt/ros/jazzy DEBUGINFOD_URLS=https://debuginfod.ubuntu.com /usr/bin/cmake --install /home/ksj/ros2_workspace/src/build/car_msgs
[0.468s] -- Install configuration: ""
[0.468s] -- Installing: /home/ksj/ros2_workspace/src/install/car_msgs/share/ament_index/resource_index/package_run_dependencies/car_msgs
[0.468s] -- Installing: /home/ksj/ros2_workspace/src/install/car_msgs/share/ament_index/resource_index/parent_prefix_path/car_msgs
[0.468s] -- Installing: /home/ksj/ros2_workspace/src/install/car_msgs/share/car_msgs/environment/ament_prefix_path.sh
[0.469s] -- Installing: /home/ksj/ros2_workspace/src/install/car_msgs/share/car_msgs/environment/ament_prefix_path.dsv
[0.469s] -- Installing: /home/ksj/ros2_workspace/src/install/car_msgs/share/car_msgs/environment/path.sh
[0.469s] -- Installing: /home/ksj/ros2_workspace/src/install/car_msgs/share/car_msgs/environment/path.dsv
[0.469s] -- Installing: /home/ksj/ros2_workspace/src/install/car_msgs/share/car_msgs/local_setup.bash
[0.469s] -- Installing: /home/ksj/ros2_workspace/src/install/car_msgs/share/car_msgs/local_setup.sh
[0.469s] -- Installing: /home/ksj/ros2_workspace/src/install/car_msgs/share/car_msgs/local_setup.zsh
[0.469s] -- Installing: /home/ksj/ros2_workspace/src/install/car_msgs/share/car_msgs/local_setup.dsv
[0.469s] -- Installing: /home/ksj/ros2_workspace/src/install/car_msgs/share/car_msgs/package.dsv
[0.469s] -- Installing: /home/ksj/ros2_workspace/src/install/car_msgs/share/ament_index/resource_index/packages/car_msgs
[0.469s] -- Installing: /home/ksj/ros2_workspace/src/install/car_msgs/share/car_msgs/cmake/car_msgsConfig.cmake
[0.469s] -- Installing: /home/ksj/ros2_workspace/src/install/car_msgs/share/car_msgs/cmake/car_msgsConfig-version.cmake
[0.470s] -- Installing: /home/ksj/ros2_workspace/src/install/car_msgs/share/car_msgs/package.xml
[0.471s] Invoked command in '/home/ksj/ros2_workspace/src/build/car_msgs' returned '0': CMAKE_PREFIX_PATH=${CMAKE_PREFIX_PATH}:/opt/ros/jazzy DEBUGINFOD_URLS=https://debuginfod.ubuntu.com /usr/bin/cmake --install /home/ksj/ros2_workspace/src/build/car_msgs
