[0.117s] DEBUG:colcon:Command line arguments: ['/usr/bin/colcon', 'build']
[0.117s] DEBUG:colcon:Parsed command line arguments: Namespace(log_base=None, log_level=None, verb_name='build', build_base='build', install_base='install', merge_install=False, symlink_install=False, test_result_base=None, continue_on_error=False, executor='parallel', parallel_workers=16, event_handlers=None, ignore_user_meta=False, metas=['./colcon.meta'], base_paths=['.'], packages_ignore=None, packages_ignore_regex=None, paths=None, packages_up_to=None, packages_up_to_regex=None, packages_above=None, packages_above_and_dependencies=None, packages_above_depth=None, packages_select_by_dep=None, packages_skip_by_dep=None, packages_skip_up_to=None, packages_select_build_failed=False, packages_skip_build_finished=False, packages_select_test_failures=False, packages_skip_test_passed=False, packages_select=None, packages_skip=None, packages_select_regex=None, packages_skip_regex=None, packages_start=None, packages_end=None, allow_overriding=[], cmake_args=None, cmake_target=None, cmake_target_skip_unavailable=False, cmake_clean_cache=False, cmake_clean_first=False, cmake_force_configure=False, ament_cmake_args=None, catkin_cmake_args=None, catkin_skip_building_tests=False, mixin_files=None, mixin=None, verb_parser=<colcon_mixin.mixin.mixin_argument.MixinArgumentDecorator object at 0x7d0dc219cb30>, verb_extension=<colcon_core.verb.build.BuildVerb object at 0x7d0dc2b8d880>, main=<bound method BuildVerb.main of <colcon_core.verb.build.BuildVerb object at 0x7d0dc2b8d880>>, mixin_verb=('build',))
[0.157s] Level 1:colcon.colcon_core.package_discovery:discover_packages(colcon_meta) check parameters
[0.157s] Level 1:colcon.colcon_core.package_discovery:discover_packages(recursive) check parameters
[0.157s] Level 1:colcon.colcon_core.package_discovery:discover_packages(ignore) check parameters
[0.157s] Level 1:colcon.colcon_core.package_discovery:discover_packages(path) check parameters
[0.157s] Level 1:colcon.colcon_core.package_discovery:discover_packages(colcon_meta) discover
[0.157s] Level 1:colcon.colcon_core.package_discovery:discover_packages(recursive) discover
[0.157s] INFO:colcon.colcon_core.package_discovery:Crawling recursively for packages in '/home/ksj/ros2_workspace/src'
[0.157s] Level 1:colcon.colcon_core.package_identification:_identify(.) by extensions ['ignore', 'ignore_ament_install']
[0.157s] Level 1:colcon.colcon_core.package_identification:_identify(.) by extension 'ignore'
[0.157s] Level 1:colcon.colcon_core.package_identification:_identify(.) by extension 'ignore_ament_install'
[0.157s] Level 1:colcon.colcon_core.package_identification:_identify(.) by extensions ['colcon_pkg']
[0.157s] Level 1:colcon.colcon_core.package_identification:_identify(.) by extension 'colcon_pkg'
[0.157s] Level 1:colcon.colcon_core.package_identification:_identify(.) by extensions ['colcon_meta']
[0.157s] Level 1:colcon.colcon_core.package_identification:_identify(.) by extension 'colcon_meta'
[0.157s] Level 1:colcon.colcon_core.package_identification:_identify(.) by extensions ['ros']
[0.157s] Level 1:colcon.colcon_core.package_identification:_identify(.) by extension 'ros'
[0.174s] Level 1:colcon.colcon_core.package_identification:_identify(.) by extensions ['cmake', 'python']
[0.174s] Level 1:colcon.colcon_core.package_identification:_identify(.) by extension 'cmake'
[0.174s] Level 1:colcon.colcon_core.package_identification:_identify(.) by extension 'python'
[0.174s] Level 1:colcon.colcon_core.package_identification:_identify(.) by extensions ['python_setup_py']
[0.174s] Level 1:colcon.colcon_core.package_identification:_identify(.) by extension 'python_setup_py'
[0.174s] Level 1:colcon.colcon_core.package_identification:_identify(build) by extensions ['ignore', 'ignore_ament_install']
[0.174s] Level 1:colcon.colcon_core.package_identification:_identify(build) by extension 'ignore'
[0.174s] Level 1:colcon.colcon_core.package_identification:_identify(build) ignored
[0.174s] Level 1:colcon.colcon_core.package_identification:_identify(car_msgs) by extensions ['ignore', 'ignore_ament_install']
[0.174s] Level 1:colcon.colcon_core.package_identification:_identify(car_msgs) by extension 'ignore'
[0.174s] Level 1:colcon.colcon_core.package_identification:_identify(car_msgs) by extension 'ignore_ament_install'
[0.174s] Level 1:colcon.colcon_core.package_identification:_identify(car_msgs) by extensions ['colcon_pkg']
[0.174s] Level 1:colcon.colcon_core.package_identification:_identify(car_msgs) by extension 'colcon_pkg'
[0.174s] Level 1:colcon.colcon_core.package_identification:_identify(car_msgs) by extensions ['colcon_meta']
[0.174s] Level 1:colcon.colcon_core.package_identification:_identify(car_msgs) by extension 'colcon_meta'
[0.174s] Level 1:colcon.colcon_core.package_identification:_identify(car_msgs) by extensions ['ros']
[0.174s] Level 1:colcon.colcon_core.package_identification:_identify(car_msgs) by extension 'ros'
[0.175s] DEBUG:colcon.colcon_core.package_identification:Package 'car_msgs' with type 'ros.ament_cmake' and name 'car_msgs'
[0.175s] Level 1:colcon.colcon_core.package_identification:_identify(image_subscriber_cpp) by extensions ['ignore', 'ignore_ament_install']
[0.175s] Level 1:colcon.colcon_core.package_identification:_identify(image_subscriber_cpp) by extension 'ignore'
[0.175s] Level 1:colcon.colcon_core.package_identification:_identify(image_subscriber_cpp) by extension 'ignore_ament_install'
[0.176s] Level 1:colcon.colcon_core.package_identification:_identify(image_subscriber_cpp) by extensions ['colcon_pkg']
[0.176s] Level 1:colcon.colcon_core.package_identification:_identify(image_subscriber_cpp) by extension 'colcon_pkg'
[0.176s] Level 1:colcon.colcon_core.package_identification:_identify(image_subscriber_cpp) by extensions ['colcon_meta']
[0.176s] Level 1:colcon.colcon_core.package_identification:_identify(image_subscriber_cpp) by extension 'colcon_meta'
[0.176s] Level 1:colcon.colcon_core.package_identification:_identify(image_subscriber_cpp) by extensions ['ros']
[0.176s] Level 1:colcon.colcon_core.package_identification:_identify(image_subscriber_cpp) by extension 'ros'
[0.176s] DEBUG:colcon.colcon_core.package_identification:Package 'image_subscriber_cpp' with type 'ros.ament_cmake' and name 'image_subscriber_cpp'
[0.176s] Level 1:colcon.colcon_core.package_identification:_identify(install) by extensions ['ignore', 'ignore_ament_install']
[0.176s] Level 1:colcon.colcon_core.package_identification:_identify(install) by extension 'ignore'
[0.176s] Level 1:colcon.colcon_core.package_identification:_identify(install) ignored
[0.176s] Level 1:colcon.colcon_core.package_identification:_identify(log) by extensions ['ignore', 'ignore_ament_install']
[0.176s] Level 1:colcon.colcon_core.package_identification:_identify(log) by extension 'ignore'
[0.176s] Level 1:colcon.colcon_core.package_identification:_identify(log) ignored
[0.176s] Level 1:colcon.colcon_core.package_identification:_identify(vision_pkg) by extensions ['ignore', 'ignore_ament_install']
[0.176s] Level 1:colcon.colcon_core.package_identification:_identify(vision_pkg) by extension 'ignore'
[0.176s] Level 1:colcon.colcon_core.package_identification:_identify(vision_pkg) by extension 'ignore_ament_install'
[0.176s] Level 1:colcon.colcon_core.package_identification:_identify(vision_pkg) by extensions ['colcon_pkg']
[0.176s] Level 1:colcon.colcon_core.package_identification:_identify(vision_pkg) by extension 'colcon_pkg'
[0.176s] Level 1:colcon.colcon_core.package_identification:_identify(vision_pkg) by extensions ['colcon_meta']
[0.176s] Level 1:colcon.colcon_core.package_identification:_identify(vision_pkg) by extension 'colcon_meta'
[0.176s] Level 1:colcon.colcon_core.package_identification:_identify(vision_pkg) by extensions ['ros']
[0.176s] Level 1:colcon.colcon_core.package_identification:_identify(vision_pkg) by extension 'ros'
[0.177s] DEBUG:colcon.colcon_core.package_identification:Package 'vision_pkg' with type 'ros.ament_python' and name 'vision_pkg'
[0.177s] Level 1:colcon.colcon_core.package_discovery:discover_packages(recursive) using defaults
[0.177s] Level 1:colcon.colcon_core.package_discovery:discover_packages(ignore) discover
[0.177s] Level 1:colcon.colcon_core.package_discovery:discover_packages(ignore) using defaults
[0.177s] Level 1:colcon.colcon_core.package_discovery:discover_packages(path) discover
[0.177s] Level 1:colcon.colcon_core.package_discovery:discover_packages(path) using defaults
[0.194s] Level 1:colcon.colcon_core.package_discovery:discover_packages(prefix_path) check parameters
[0.195s] Level 1:colcon.colcon_core.package_discovery:discover_packages(prefix_path) discover
[0.197s] DEBUG:colcon.colcon_installed_package_information.package_discovery:Found 288 installed packages in /opt/ros/jazzy
[0.198s] Level 1:colcon.colcon_core.package_discovery:discover_packages(prefix_path) using defaults
[0.223s] Level 5:colcon.colcon_core.verb:set package 'car_msgs' build argument 'cmake_args' from command line to 'None'
[0.223s] Level 5:colcon.colcon_core.verb:set package 'car_msgs' build argument 'cmake_target' from command line to 'None'
[0.223s] Level 5:colcon.colcon_core.verb:set package 'car_msgs' build argument 'cmake_target_skip_unavailable' from command line to 'False'
[0.223s] Level 5:colcon.colcon_core.verb:set package 'car_msgs' build argument 'cmake_clean_cache' from command line to 'False'
[0.223s] Level 5:colcon.colcon_core.verb:set package 'car_msgs' build argument 'cmake_clean_first' from command line to 'False'
[0.223s] Level 5:colcon.colcon_core.verb:set package 'car_msgs' build argument 'cmake_force_configure' from command line to 'False'
[0.223s] Level 5:colcon.colcon_core.verb:set package 'car_msgs' build argument 'ament_cmake_args' from command line to 'None'
[0.223s] Level 5:colcon.colcon_core.verb:set package 'car_msgs' build argument 'catkin_cmake_args' from command line to 'None'
[0.223s] Level 5:colcon.colcon_core.verb:set package 'car_msgs' build argument 'catkin_skip_building_tests' from command line to 'False'
[0.223s] DEBUG:colcon.colcon_core.verb:Building package 'car_msgs' with the following arguments: {'ament_cmake_args': None, 'build_base': '/home/ksj/ros2_workspace/src/build/car_msgs', 'catkin_cmake_args': None, 'catkin_skip_building_tests': False, 'cmake_args': None, 'cmake_clean_cache': False, 'cmake_clean_first': False, 'cmake_force_configure': False, 'cmake_target': None, 'cmake_target_skip_unavailable': False, 'install_base': '/home/ksj/ros2_workspace/src/install/car_msgs', 'merge_install': False, 'path': '/home/ksj/ros2_workspace/src/car_msgs', 'symlink_install': False, 'test_result_base': None}
[0.223s] Level 5:colcon.colcon_core.verb:set package 'image_subscriber_cpp' build argument 'cmake_args' from command line to 'None'
[0.223s] Level 5:colcon.colcon_core.verb:set package 'image_subscriber_cpp' build argument 'cmake_target' from command line to 'None'
[0.223s] Level 5:colcon.colcon_core.verb:set package 'image_subscriber_cpp' build argument 'cmake_target_skip_unavailable' from command line to 'False'
[0.223s] Level 5:colcon.colcon_core.verb:set package 'image_subscriber_cpp' build argument 'cmake_clean_cache' from command line to 'False'
[0.223s] Level 5:colcon.colcon_core.verb:set package 'image_subscriber_cpp' build argument 'cmake_clean_first' from command line to 'False'
[0.224s] Level 5:colcon.colcon_core.verb:set package 'image_subscriber_cpp' build argument 'cmake_force_configure' from command line to 'False'
[0.224s] Level 5:colcon.colcon_core.verb:set package 'image_subscriber_cpp' build argument 'ament_cmake_args' from command line to 'None'
[0.224s] Level 5:colcon.colcon_core.verb:set package 'image_subscriber_cpp' build argument 'catkin_cmake_args' from command line to 'None'
[0.224s] Level 5:colcon.colcon_core.verb:set package 'image_subscriber_cpp' build argument 'catkin_skip_building_tests' from command line to 'False'
[0.224s] DEBUG:colcon.colcon_core.verb:Building package 'image_subscriber_cpp' with the following arguments: {'ament_cmake_args': None, 'build_base': '/home/ksj/ros2_workspace/src/build/image_subscriber_cpp', 'catkin_cmake_args': None, 'catkin_skip_building_tests': False, 'cmake_args': None, 'cmake_clean_cache': False, 'cmake_clean_first': False, 'cmake_force_configure': False, 'cmake_target': None, 'cmake_target_skip_unavailable': False, 'install_base': '/home/ksj/ros2_workspace/src/install/image_subscriber_cpp', 'merge_install': False, 'path': '/home/ksj/ros2_workspace/src/image_subscriber_cpp', 'symlink_install': False, 'test_result_base': None}
[0.224s] Level 5:colcon.colcon_core.verb:set package 'vision_pkg' build argument 'cmake_args' from command line to 'None'
[0.224s] Level 5:colcon.colcon_core.verb:set package 'vision_pkg' build argument 'cmake_target' from command line to 'None'
[0.224s] Level 5:colcon.colcon_core.verb:set package 'vision_pkg' build argument 'cmake_target_skip_unavailable' from command line to 'False'
[0.224s] Level 5:colcon.colcon_core.verb:set package 'vision_pkg' build argument 'cmake_clean_cache' from command line to 'False'
[0.224s] Level 5:colcon.colcon_core.verb:set package 'vision_pkg' build argument 'cmake_clean_first' from command line to 'False'
[0.224s] Level 5:colcon.colcon_core.verb:set package 'vision_pkg' build argument 'cmake_force_configure' from command line to 'False'
[0.224s] Level 5:colcon.colcon_core.verb:set package 'vision_pkg' build argument 'ament_cmake_args' from command line to 'None'
[0.224s] Level 5:colcon.colcon_core.verb:set package 'vision_pkg' build argument 'catkin_cmake_args' from command line to 'None'
[0.224s] Level 5:colcon.colcon_core.verb:set package 'vision_pkg' build argument 'catkin_skip_building_tests' from command line to 'False'
[0.224s] DEBUG:colcon.colcon_core.verb:Building package 'vision_pkg' with the following arguments: {'ament_cmake_args': None, 'build_base': '/home/ksj/ros2_workspace/src/build/vision_pkg', 'catkin_cmake_args': None, 'catkin_skip_building_tests': False, 'cmake_args': None, 'cmake_clean_cache': False, 'cmake_clean_first': False, 'cmake_force_configure': False, 'cmake_target': None, 'cmake_target_skip_unavailable': False, 'install_base': '/home/ksj/ros2_workspace/src/install/vision_pkg', 'merge_install': False, 'path': '/home/ksj/ros2_workspace/src/vision_pkg', 'symlink_install': False, 'test_result_base': None}
[0.224s] INFO:colcon.colcon_core.executor:Executing jobs using 'parallel' executor
[0.224s] DEBUG:colcon.colcon_parallel_executor.executor.parallel:run_until_complete
[0.224s] INFO:colcon.colcon_ros.task.ament_cmake.build:Building ROS package in '/home/ksj/ros2_workspace/src/car_msgs' with build type 'ament_cmake'
[0.225s] INFO:colcon.colcon_cmake.task.cmake.build:Building CMake package in '/home/ksj/ros2_workspace/src/car_msgs'
[0.229s] INFO:colcon.colcon_core.plugin_system:Skipping extension 'colcon_core.shell.bat': Not used on non-Windows systems
[0.229s] INFO:colcon.colcon_core.shell:Skip shell extension 'powershell' for command environment: Not usable outside of PowerShell
[0.229s] DEBUG:colcon.colcon_core.shell:Skip shell extension 'dsv' for command environment
[0.230s] INFO:colcon.colcon_ros.task.ament_cmake.build:Building ROS package in '/home/ksj/ros2_workspace/src/image_subscriber_cpp' with build type 'ament_cmake'
[0.231s] INFO:colcon.colcon_cmake.task.cmake.build:Building CMake package in '/home/ksj/ros2_workspace/src/image_subscriber_cpp'
[0.231s] INFO:colcon.colcon_core.shell:Skip shell extension 'powershell' for command environment: Not usable outside of PowerShell
[0.231s] DEBUG:colcon.colcon_core.shell:Skip shell extension 'dsv' for command environment
[0.232s] INFO:colcon.colcon_ros.task.ament_python.build:Building ROS package in '/home/ksj/ros2_workspace/src/vision_pkg' with build type 'ament_python'
[0.232s] Level 1:colcon.colcon_core.shell:create_environment_hook('vision_pkg', 'ament_prefix_path')
[0.232s] INFO:colcon.colcon_core.shell:Creating environment hook '/home/ksj/ros2_workspace/src/install/vision_pkg/share/vision_pkg/hook/ament_prefix_path.ps1'
[0.233s] INFO:colcon.colcon_core.shell:Creating environment descriptor '/home/ksj/ros2_workspace/src/install/vision_pkg/share/vision_pkg/hook/ament_prefix_path.dsv'
[0.233s] INFO:colcon.colcon_core.shell:Creating environment hook '/home/ksj/ros2_workspace/src/install/vision_pkg/share/vision_pkg/hook/ament_prefix_path.sh'
[0.234s] INFO:colcon.colcon_core.shell:Skip shell extension 'powershell' for command environment: Not usable outside of PowerShell
[0.234s] DEBUG:colcon.colcon_core.shell:Skip shell extension 'dsv' for command environment
[0.237s] DEBUG:colcon.colcon_core.event_handler.log_command:Invoking command in '/home/ksj/ros2_workspace/src/build/car_msgs': CMAKE_PREFIX_PATH=${CMAKE_PREFIX_PATH}:/opt/ros/jazzy DEBUGINFOD_URLS=https://debuginfod.ubuntu.com /usr/bin/cmake /home/ksj/ros2_workspace/src/car_msgs -DCMAKE_INSTALL_PREFIX=/home/ksj/ros2_workspace/src/install/car_msgs
[0.239s] DEBUG:colcon.colcon_core.event_handler.log_command:Invoking command in '/home/ksj/ros2_workspace/src/build/image_subscriber_cpp': CMAKE_PREFIX_PATH=${CMAKE_PREFIX_PATH}:/opt/ros/jazzy DEBUGINFOD_URLS=https://debuginfod.ubuntu.com /usr/bin/cmake /home/ksj/ros2_workspace/src/image_subscriber_cpp -DCMAKE_INSTALL_PREFIX=/home/ksj/ros2_workspace/src/install/image_subscriber_cpp
[0.381s] INFO:colcon.colcon_core.task.python.build:Building Python package in '/home/ksj/ros2_workspace/src/vision_pkg'
[0.381s] INFO:colcon.colcon_core.shell:Skip shell extension 'powershell' for command environment: Not usable outside of PowerShell
[0.381s] DEBUG:colcon.colcon_core.shell:Skip shell extension 'dsv' for command environment
[0.661s] DEBUG:colcon.colcon_core.event_handler.log_command:Invoked command in '/home/ksj/ros2_workspace/src/build/car_msgs' returned '0': CMAKE_PREFIX_PATH=${CMAKE_PREFIX_PATH}:/opt/ros/jazzy DEBUGINFOD_URLS=https://debuginfod.ubuntu.com /usr/bin/cmake /home/ksj/ros2_workspace/src/car_msgs -DCMAKE_INSTALL_PREFIX=/home/ksj/ros2_workspace/src/install/car_msgs
[0.662s] DEBUG:colcon.colcon_core.event_handler.log_command:Invoking command in '/home/ksj/ros2_workspace/src/build/car_msgs': CMAKE_PREFIX_PATH=${CMAKE_PREFIX_PATH}:/opt/ros/jazzy DEBUGINFOD_URLS=https://debuginfod.ubuntu.com /usr/bin/cmake --build /home/ksj/ros2_workspace/src/build/car_msgs -- -j16 -l16
[0.683s] DEBUG:colcon.colcon_core.event_handler.log_command:Invoked command in '/home/ksj/ros2_workspace/src/build/car_msgs' returned '0': CMAKE_PREFIX_PATH=${CMAKE_PREFIX_PATH}:/opt/ros/jazzy DEBUGINFOD_URLS=https://debuginfod.ubuntu.com /usr/bin/cmake --build /home/ksj/ros2_workspace/src/build/car_msgs -- -j16 -l16
[0.688s] DEBUG:colcon.colcon_core.event_handler.log_command:Invoking command in '/home/ksj/ros2_workspace/src/build/car_msgs': CMAKE_PREFIX_PATH=${CMAKE_PREFIX_PATH}:/opt/ros/jazzy DEBUGINFOD_URLS=https://debuginfod.ubuntu.com /usr/bin/cmake --install /home/ksj/ros2_workspace/src/build/car_msgs
[0.695s] Level 1:colcon.colcon_core.environment:create_environment_scripts_only(car_msgs)
[0.696s] DEBUG:colcon.colcon_core.event_handler.log_command:Invoked command in '/home/ksj/ros2_workspace/src/build/car_msgs' returned '0': CMAKE_PREFIX_PATH=${CMAKE_PREFIX_PATH}:/opt/ros/jazzy DEBUGINFOD_URLS=https://debuginfod.ubuntu.com /usr/bin/cmake --install /home/ksj/ros2_workspace/src/build/car_msgs
[0.701s] Level 1:colcon.colcon_core.environment:checking '/home/ksj/ros2_workspace/src/install/car_msgs' for CMake module files
[0.702s] Level 1:colcon.colcon_core.environment:checking '/home/ksj/ros2_workspace/src/install/car_msgs' for CMake config files
[0.702s] Level 1:colcon.colcon_core.shell:create_environment_hook('car_msgs', 'cmake_prefix_path')
[0.702s] INFO:colcon.colcon_core.shell:Creating environment hook '/home/ksj/ros2_workspace/src/install/car_msgs/share/car_msgs/hook/cmake_prefix_path.ps1'
[0.702s] INFO:colcon.colcon_core.shell:Creating environment descriptor '/home/ksj/ros2_workspace/src/install/car_msgs/share/car_msgs/hook/cmake_prefix_path.dsv'
[0.703s] INFO:colcon.colcon_core.shell:Creating environment hook '/home/ksj/ros2_workspace/src/install/car_msgs/share/car_msgs/hook/cmake_prefix_path.sh'
[0.703s] Level 1:colcon.colcon_core.environment:checking '/home/ksj/ros2_workspace/src/install/car_msgs/bin'
[0.703s] Level 1:colcon.colcon_core.environment:checking '/home/ksj/ros2_workspace/src/install/car_msgs/lib/pkgconfig/car_msgs.pc'
[0.704s] Level 1:colcon.colcon_core.environment:checking '/home/ksj/ros2_workspace/src/install/car_msgs/lib/python3.12/site-packages'
[0.704s] Level 1:colcon.colcon_core.environment:checking '/home/ksj/ros2_workspace/src/install/car_msgs/bin'
[0.704s] INFO:colcon.colcon_core.shell:Creating package script '/home/ksj/ros2_workspace/src/install/car_msgs/share/car_msgs/package.ps1'
[0.705s] INFO:colcon.colcon_core.shell:Creating package descriptor '/home/ksj/ros2_workspace/src/install/car_msgs/share/car_msgs/package.dsv'
[0.705s] INFO:colcon.colcon_core.shell:Creating package script '/home/ksj/ros2_workspace/src/install/car_msgs/share/car_msgs/package.sh'
[0.706s] INFO:colcon.colcon_core.shell:Creating package script '/home/ksj/ros2_workspace/src/install/car_msgs/share/car_msgs/package.bash'
[0.706s] INFO:colcon.colcon_core.shell:Creating package script '/home/ksj/ros2_workspace/src/install/car_msgs/share/car_msgs/package.zsh'
[0.707s] Level 1:colcon.colcon_core.environment:create_file_with_runtime_dependencies(/home/ksj/ros2_workspace/src/install/car_msgs/share/colcon-core/packages/car_msgs)
[0.707s] Level 1:colcon.colcon_core.environment:create_environment_scripts_only(car_msgs)
[0.707s] Level 1:colcon.colcon_core.environment:checking '/home/ksj/ros2_workspace/src/install/car_msgs' for CMake module files
[0.708s] Level 1:colcon.colcon_core.environment:checking '/home/ksj/ros2_workspace/src/install/car_msgs' for CMake config files
[0.708s] Level 1:colcon.colcon_core.shell:create_environment_hook('car_msgs', 'cmake_prefix_path')
[0.708s] INFO:colcon.colcon_core.shell:Creating environment hook '/home/ksj/ros2_workspace/src/install/car_msgs/share/car_msgs/hook/cmake_prefix_path.ps1'
[0.708s] INFO:colcon.colcon_core.shell:Creating environment descriptor '/home/ksj/ros2_workspace/src/install/car_msgs/share/car_msgs/hook/cmake_prefix_path.dsv'
[0.708s] INFO:colcon.colcon_core.shell:Creating environment hook '/home/ksj/ros2_workspace/src/install/car_msgs/share/car_msgs/hook/cmake_prefix_path.sh'
[0.709s] Level 1:colcon.colcon_core.environment:checking '/home/ksj/ros2_workspace/src/install/car_msgs/bin'
[0.709s] Level 1:colcon.colcon_core.environment:checking '/home/ksj/ros2_workspace/src/install/car_msgs/lib/pkgconfig/car_msgs.pc'
[0.709s] Level 1:colcon.colcon_core.environment:checking '/home/ksj/ros2_workspace/src/install/car_msgs/lib/python3.12/site-packages'
[0.709s] Level 1:colcon.colcon_core.environment:checking '/home/ksj/ros2_workspace/src/install/car_msgs/bin'
[0.709s] INFO:colcon.colcon_core.shell:Creating package script '/home/ksj/ros2_workspace/src/install/car_msgs/share/car_msgs/package.ps1'
[0.709s] INFO:colcon.colcon_core.shell:Creating package descriptor '/home/ksj/ros2_workspace/src/install/car_msgs/share/car_msgs/package.dsv'
[0.710s] INFO:colcon.colcon_core.shell:Creating package script '/home/ksj/ros2_workspace/src/install/car_msgs/share/car_msgs/package.sh'
[0.710s] INFO:colcon.colcon_core.shell:Creating package script '/home/ksj/ros2_workspace/src/install/car_msgs/share/car_msgs/package.bash'
[0.710s] INFO:colcon.colcon_core.shell:Creating package script '/home/ksj/ros2_workspace/src/install/car_msgs/share/car_msgs/package.zsh'
[0.710s] Level 1:colcon.colcon_core.environment:create_file_with_runtime_dependencies(/home/ksj/ros2_workspace/src/install/car_msgs/share/colcon-core/packages/car_msgs)
[0.897s] DEBUG:colcon.colcon_core.event_handler.log_command:Invoking command in '/home/ksj/ros2_workspace/src/vision_pkg': DEBUGINFOD_URLS=https://debuginfod.ubuntu.com PYTHONPATH=/home/ksj/ros2_workspace/src/build/vision_pkg/prefix_override:/usr/lib/python3/dist-packages/colcon_core/task/python/colcon_distutils_commands:/home/ksj/ros2_workspace/src/install/vision_pkg/lib/python3.12/site-packages:${PYTHONPATH} /usr/bin/python3 -W ignore:setup.py install is deprecated -W ignore:easy_install command is deprecated setup.py egg_info --egg-base ../build/vision_pkg build --build-base /home/ksj/ros2_workspace/src/build/vision_pkg/build install --record /home/ksj/ros2_workspace/src/build/vision_pkg/install.log --single-version-externally-managed install_data
[0.928s] DEBUG:colcon.colcon_core.event_handler.log_command:Invoked command in '/home/ksj/ros2_workspace/src/build/image_subscriber_cpp' returned '0': CMAKE_PREFIX_PATH=${CMAKE_PREFIX_PATH}:/opt/ros/jazzy DEBUGINFOD_URLS=https://debuginfod.ubuntu.com /usr/bin/cmake /home/ksj/ros2_workspace/src/image_subscriber_cpp -DCMAKE_INSTALL_PREFIX=/home/ksj/ros2_workspace/src/install/image_subscriber_cpp
[0.929s] DEBUG:colcon.colcon_core.event_handler.log_command:Invoking command in '/home/ksj/ros2_workspace/src/build/image_subscriber_cpp': CMAKE_PREFIX_PATH=${CMAKE_PREFIX_PATH}:/opt/ros/jazzy DEBUGINFOD_URLS=https://debuginfod.ubuntu.com /usr/bin/cmake --build /home/ksj/ros2_workspace/src/build/image_subscriber_cpp -- -j16 -l16
[1.231s] Level 1:colcon.colcon_core.environment:checking '/home/ksj/ros2_workspace/src/install/vision_pkg' for CMake module files
[1.232s] DEBUG:colcon.colcon_core.event_handler.log_command:Invoked command in '/home/ksj/ros2_workspace/src/vision_pkg' returned '0': DEBUGINFOD_URLS=https://debuginfod.ubuntu.com PYTHONPATH=/home/ksj/ros2_workspace/src/build/vision_pkg/prefix_override:/usr/lib/python3/dist-packages/colcon_core/task/python/colcon_distutils_commands:/home/ksj/ros2_workspace/src/install/vision_pkg/lib/python3.12/site-packages:${PYTHONPATH} /usr/bin/python3 -W ignore:setup.py install is deprecated -W ignore:easy_install command is deprecated setup.py egg_info --egg-base ../build/vision_pkg build --build-base /home/ksj/ros2_workspace/src/build/vision_pkg/build install --record /home/ksj/ros2_workspace/src/build/vision_pkg/install.log --single-version-externally-managed install_data
[1.232s] Level 1:colcon.colcon_core.environment:checking '/home/ksj/ros2_workspace/src/install/vision_pkg' for CMake config files
[1.232s] Level 1:colcon.colcon_core.environment:checking '/home/ksj/ros2_workspace/src/install/vision_pkg/lib'
[1.232s] Level 1:colcon.colcon_core.environment:checking '/home/ksj/ros2_workspace/src/install/vision_pkg/bin'
[1.233s] Level 1:colcon.colcon_core.environment:checking '/home/ksj/ros2_workspace/src/install/vision_pkg/lib/pkgconfig/vision_pkg.pc'
[1.233s] Level 1:colcon.colcon_core.environment:checking '/home/ksj/ros2_workspace/src/install/vision_pkg/lib/python3.12/site-packages'
[1.233s] Level 1:colcon.colcon_core.shell:create_environment_hook('vision_pkg', 'pythonpath')
[1.233s] INFO:colcon.colcon_core.shell:Creating environment hook '/home/ksj/ros2_workspace/src/install/vision_pkg/share/vision_pkg/hook/pythonpath.ps1'
[1.233s] INFO:colcon.colcon_core.shell:Creating environment descriptor '/home/ksj/ros2_workspace/src/install/vision_pkg/share/vision_pkg/hook/pythonpath.dsv'
[1.233s] INFO:colcon.colcon_core.shell:Creating environment hook '/home/ksj/ros2_workspace/src/install/vision_pkg/share/vision_pkg/hook/pythonpath.sh'
[1.234s] Level 1:colcon.colcon_core.environment:checking '/home/ksj/ros2_workspace/src/install/vision_pkg/bin'
[1.234s] Level 1:colcon.colcon_core.environment:create_environment_scripts_only(vision_pkg)
[1.234s] INFO:colcon.colcon_core.shell:Creating package script '/home/ksj/ros2_workspace/src/install/vision_pkg/share/vision_pkg/package.ps1'
[1.234s] INFO:colcon.colcon_core.shell:Creating package descriptor '/home/ksj/ros2_workspace/src/install/vision_pkg/share/vision_pkg/package.dsv'
[1.234s] INFO:colcon.colcon_core.shell:Creating package script '/home/ksj/ros2_workspace/src/install/vision_pkg/share/vision_pkg/package.sh'
[1.235s] INFO:colcon.colcon_core.shell:Creating package script '/home/ksj/ros2_workspace/src/install/vision_pkg/share/vision_pkg/package.bash'
[1.235s] INFO:colcon.colcon_core.shell:Creating package script '/home/ksj/ros2_workspace/src/install/vision_pkg/share/vision_pkg/package.zsh'
[1.235s] Level 1:colcon.colcon_core.environment:create_file_with_runtime_dependencies(/home/ksj/ros2_workspace/src/install/vision_pkg/share/colcon-core/packages/vision_pkg)
[5.386s] DEBUG:colcon.colcon_core.event_handler.log_command:Invoked command in '/home/ksj/ros2_workspace/src/build/image_subscriber_cpp' returned '0': CMAKE_PREFIX_PATH=${CMAKE_PREFIX_PATH}:/opt/ros/jazzy DEBUGINFOD_URLS=https://debuginfod.ubuntu.com /usr/bin/cmake --build /home/ksj/ros2_workspace/src/build/image_subscriber_cpp -- -j16 -l16
[5.386s] DEBUG:colcon.colcon_core.event_handler.log_command:Invoking command in '/home/ksj/ros2_workspace/src/build/image_subscriber_cpp': CMAKE_PREFIX_PATH=${CMAKE_PREFIX_PATH}:/opt/ros/jazzy DEBUGINFOD_URLS=https://debuginfod.ubuntu.com /usr/bin/cmake --install /home/ksj/ros2_workspace/src/build/image_subscriber_cpp
[5.394s] Level 1:colcon.colcon_core.environment:create_environment_scripts_only(image_subscriber_cpp)
[5.394s] Level 1:colcon.colcon_core.environment:checking '/home/ksj/ros2_workspace/src/install/image_subscriber_cpp' for CMake module files
[5.394s] DEBUG:colcon.colcon_core.event_handler.log_command:Invoked command in '/home/ksj/ros2_workspace/src/build/image_subscriber_cpp' returned '0': CMAKE_PREFIX_PATH=${CMAKE_PREFIX_PATH}:/opt/ros/jazzy DEBUGINFOD_URLS=https://debuginfod.ubuntu.com /usr/bin/cmake --install /home/ksj/ros2_workspace/src/build/image_subscriber_cpp
[5.395s] Level 1:colcon.colcon_core.environment:checking '/home/ksj/ros2_workspace/src/install/image_subscriber_cpp' for CMake config files
[5.395s] Level 1:colcon.colcon_core.shell:create_environment_hook('image_subscriber_cpp', 'cmake_prefix_path')
[5.395s] INFO:colcon.colcon_core.shell:Creating environment hook '/home/ksj/ros2_workspace/src/install/image_subscriber_cpp/share/image_subscriber_cpp/hook/cmake_prefix_path.ps1'
[5.395s] INFO:colcon.colcon_core.shell:Creating environment descriptor '/home/ksj/ros2_workspace/src/install/image_subscriber_cpp/share/image_subscriber_cpp/hook/cmake_prefix_path.dsv'
[5.395s] INFO:colcon.colcon_core.shell:Creating environment hook '/home/ksj/ros2_workspace/src/install/image_subscriber_cpp/share/image_subscriber_cpp/hook/cmake_prefix_path.sh'
[5.396s] Level 1:colcon.colcon_core.environment:checking '/home/ksj/ros2_workspace/src/install/image_subscriber_cpp/lib'
[5.396s] Level 1:colcon.colcon_core.environment:checking '/home/ksj/ros2_workspace/src/install/image_subscriber_cpp/bin'
[5.396s] Level 1:colcon.colcon_core.environment:checking '/home/ksj/ros2_workspace/src/install/image_subscriber_cpp/lib/pkgconfig/image_subscriber_cpp.pc'
[5.396s] Level 1:colcon.colcon_core.environment:checking '/home/ksj/ros2_workspace/src/install/image_subscriber_cpp/lib/python3.12/site-packages'
[5.396s] Level 1:colcon.colcon_core.environment:checking '/home/ksj/ros2_workspace/src/install/image_subscriber_cpp/bin'
[5.396s] INFO:colcon.colcon_core.shell:Creating package script '/home/ksj/ros2_workspace/src/install/image_subscriber_cpp/share/image_subscriber_cpp/package.ps1'
[5.396s] INFO:colcon.colcon_core.shell:Creating package descriptor '/home/ksj/ros2_workspace/src/install/image_subscriber_cpp/share/image_subscriber_cpp/package.dsv'
[5.397s] INFO:colcon.colcon_core.shell:Creating package script '/home/ksj/ros2_workspace/src/install/image_subscriber_cpp/share/image_subscriber_cpp/package.sh'
[5.397s] INFO:colcon.colcon_core.shell:Creating package script '/home/ksj/ros2_workspace/src/install/image_subscriber_cpp/share/image_subscriber_cpp/package.bash'
[5.397s] INFO:colcon.colcon_core.shell:Creating package script '/home/ksj/ros2_workspace/src/install/image_subscriber_cpp/share/image_subscriber_cpp/package.zsh'
[5.397s] Level 1:colcon.colcon_core.environment:create_file_with_runtime_dependencies(/home/ksj/ros2_workspace/src/install/image_subscriber_cpp/share/colcon-core/packages/image_subscriber_cpp)
[5.398s] Level 1:colcon.colcon_core.environment:create_environment_scripts_only(image_subscriber_cpp)
[5.398s] Level 1:colcon.colcon_core.environment:checking '/home/ksj/ros2_workspace/src/install/image_subscriber_cpp' for CMake module files
[5.398s] Level 1:colcon.colcon_core.environment:checking '/home/ksj/ros2_workspace/src/install/image_subscriber_cpp' for CMake config files
[5.398s] Level 1:colcon.colcon_core.shell:create_environment_hook('image_subscriber_cpp', 'cmake_prefix_path')
[5.398s] INFO:colcon.colcon_core.shell:Creating environment hook '/home/ksj/ros2_workspace/src/install/image_subscriber_cpp/share/image_subscriber_cpp/hook/cmake_prefix_path.ps1'
[5.398s] INFO:colcon.colcon_core.shell:Creating environment descriptor '/home/ksj/ros2_workspace/src/install/image_subscriber_cpp/share/image_subscriber_cpp/hook/cmake_prefix_path.dsv'
[5.398s] INFO:colcon.colcon_core.shell:Creating environment hook '/home/ksj/ros2_workspace/src/install/image_subscriber_cpp/share/image_subscriber_cpp/hook/cmake_prefix_path.sh'
[5.399s] Level 1:colcon.colcon_core.environment:checking '/home/ksj/ros2_workspace/src/install/image_subscriber_cpp/lib'
[5.399s] Level 1:colcon.colcon_core.environment:checking '/home/ksj/ros2_workspace/src/install/image_subscriber_cpp/bin'
[5.399s] Level 1:colcon.colcon_core.environment:checking '/home/ksj/ros2_workspace/src/install/image_subscriber_cpp/lib/pkgconfig/image_subscriber_cpp.pc'
[5.399s] Level 1:colcon.colcon_core.environment:checking '/home/ksj/ros2_workspace/src/install/image_subscriber_cpp/lib/python3.12/site-packages'
[5.399s] Level 1:colcon.colcon_core.environment:checking '/home/ksj/ros2_workspace/src/install/image_subscriber_cpp/bin'
[5.399s] INFO:colcon.colcon_core.shell:Creating package script '/home/ksj/ros2_workspace/src/install/image_subscriber_cpp/share/image_subscriber_cpp/package.ps1'
[5.399s] INFO:colcon.colcon_core.shell:Creating package descriptor '/home/ksj/ros2_workspace/src/install/image_subscriber_cpp/share/image_subscriber_cpp/package.dsv'
[5.400s] INFO:colcon.colcon_core.shell:Creating package script '/home/ksj/ros2_workspace/src/install/image_subscriber_cpp/share/image_subscriber_cpp/package.sh'
[5.400s] INFO:colcon.colcon_core.shell:Creating package script '/home/ksj/ros2_workspace/src/install/image_subscriber_cpp/share/image_subscriber_cpp/package.bash'
[5.400s] INFO:colcon.colcon_core.shell:Creating package script '/home/ksj/ros2_workspace/src/install/image_subscriber_cpp/share/image_subscriber_cpp/package.zsh'
[5.400s] Level 1:colcon.colcon_core.environment:create_file_with_runtime_dependencies(/home/ksj/ros2_workspace/src/install/image_subscriber_cpp/share/colcon-core/packages/image_subscriber_cpp)
[5.401s] DEBUG:colcon.colcon_parallel_executor.executor.parallel:closing loop
[5.401s] DEBUG:colcon.colcon_parallel_executor.executor.parallel:loop closed
[5.401s] DEBUG:colcon.colcon_parallel_executor.executor.parallel:run_until_complete finished with '0'
[5.401s] DEBUG:colcon.colcon_core.event_reactor:joining thread
[5.405s] INFO:colcon.colcon_core.plugin_system:Skipping extension 'colcon_notification.desktop_notification.terminal_notifier': Not used on non-Darwin systems
[5.405s] INFO:colcon.colcon_core.plugin_system:Skipping extension 'colcon_notification.desktop_notification.win32': Not used on non-Windows systems
[5.405s] INFO:colcon.colcon_notification.desktop_notification:Sending desktop notification using 'notify2'
[5.418s] DEBUG:colcon.colcon_core.event_reactor:joined thread
[5.418s] INFO:colcon.colcon_core.shell:Creating prefix script '/home/ksj/ros2_workspace/src/install/local_setup.ps1'
[5.419s] INFO:colcon.colcon_core.shell:Creating prefix util module '/home/ksj/ros2_workspace/src/install/_local_setup_util_ps1.py'
[5.420s] INFO:colcon.colcon_core.shell:Creating prefix chain script '/home/ksj/ros2_workspace/src/install/setup.ps1'
[5.420s] INFO:colcon.colcon_core.shell:Creating prefix script '/home/ksj/ros2_workspace/src/install/local_setup.sh'
[5.421s] INFO:colcon.colcon_core.shell:Creating prefix util module '/home/ksj/ros2_workspace/src/install/_local_setup_util_sh.py'
[5.421s] INFO:colcon.colcon_core.shell:Creating prefix chain script '/home/ksj/ros2_workspace/src/install/setup.sh'
[5.422s] INFO:colcon.colcon_core.shell:Creating prefix script '/home/ksj/ros2_workspace/src/install/local_setup.bash'
[5.423s] INFO:colcon.colcon_core.shell:Creating prefix chain script '/home/ksj/ros2_workspace/src/install/setup.bash'
[5.423s] INFO:colcon.colcon_core.shell:Creating prefix script '/home/ksj/ros2_workspace/src/install/local_setup.zsh'
[5.424s] INFO:colcon.colcon_core.shell:Creating prefix chain script '/home/ksj/ros2_workspace/src/install/setup.zsh'
