-- The C compiler identification is GNU 13.3.0
-- The CXX compiler identification is GNU 13.3.0
-- Detecting C compiler ABI info
-- Detecting C compiler ABI info - done
-- Check for working C compiler: /usr/bin/cc - skipped
-- Detecting C compile features
-- Detecting C compile features - done
-- Detecting CXX compiler ABI info
-- Detecting CXX compiler ABI info - done
-- Check for working CXX compiler: /usr/bin/c++ - skipped
-- Detecting CXX compile features
-- Detecting CXX compile features - done
-- Found ament_cmake: 2.5.4 (/opt/ros/jazzy/share/ament_cmake/cmake)
-- Found Python3: /usr/bin/python3 (found version "3.12.3") found components: Interpreter 
-- Override CMake install command with custom implementation using symlinks instead of copying resources
-- Found rosidl_default_generators: 1.6.0 (/opt/ros/jazzy/share/rosidl_default_generators/cmake)
-- Using all available rosidl_typesupport_c: rosidl_typesupport_fastrtps_c;rosidl_typesupport_introspection_c
-- Using all available rosidl_typesupport_cpp: rosidl_typesupport_fastrtps_cpp;rosidl_typesupport_introspection_cpp
-- Found rosidl_adapter: 4.6.6 (/opt/ros/jazzy/share/rosidl_adapter/cmake)
-- Found builtin_interfaces: 2.0.3 (/opt/ros/jazzy/share/builtin_interfaces/cmake)
-- Found ament_cmake_ros: 0.12.0 (/opt/ros/jazzy/share/ament_cmake_ros/cmake)
-- Using all available rosidl_typesupport_c: rosidl_typesupport_fastrtps_c;rosidl_typesupport_introspection_c
-- Using all available rosidl_typesupport_cpp: rosidl_typesupport_fastrtps_cpp;rosidl_typesupport_introspection_cpp
-- Found python_cmake_module: 0.11.1 (/opt/ros/jazzy/share/python_cmake_module/cmake)
-- Found PythonExtra: /usr/bin/python3  
-- Found Python3: /usr/bin/python3 (found version "3.12.3") found components: Interpreter Development NumPy Development.Module Development.Embed 
-- Found ament_lint_auto: 0.17.3 (/opt/ros/jazzy/share/ament_lint_auto/cmake)
-- Added test 'lint_cmake' to check CMake code style
-- Added test 'xmllint' to check XML markup files
-- Configuring done (3.8s)
-- Generating done (0.0s)
-- Build files have been written to: /ws/build/car_msgs
[  2%] [34m[1mGenerating type hashes for ROS interfaces[0m
[  2%] Built target ament_cmake_python_symlink_car_msgs
running egg_info
creating car_msgs.egg-info
writing car_msgs.egg-info/PKG-INFO
writing dependency_links to car_msgs.egg-info/dependency_links.txt
writing top-level names to car_msgs.egg-info/top_level.txt
writing manifest file 'car_msgs.egg-info/SOURCES.txt'
reading manifest file 'car_msgs.egg-info/SOURCES.txt'
writing manifest file 'car_msgs.egg-info/SOURCES.txt'
[  2%] Built target car_msgs__rosidl_generator_type_description
[  2%] Built target ament_cmake_python_build_car_msgs_egg
[  5%] [34m[1mGenerating C code for ROS interfaces[0m
[  8%] [34m[1mGenerating C++ code for ROS interfaces[0m
[  8%] Built target car_msgs__cpp
[ 17%] [32mBuilding C object CMakeFiles/car_msgs__rosidl_generator_c.dir/rosidl_generator_c/car_msgs/msg/detail/v2_v_alert__description.c.o[0m
[ 17%] [32mBuilding C object CMakeFiles/car_msgs__rosidl_generator_c.dir/rosidl_generator_c/car_msgs/msg/detail/v2_v_alert__type_support.c.o[0m
[ 17%] [32mBuilding C object CMakeFiles/car_msgs__rosidl_generator_c.dir/rosidl_generator_c/car_msgs/msg/detail/v2_v_alert__functions.c.o[0m
[ 20%] [32m[1mLinking C shared library libcar_msgs__rosidl_generator_c.so[0m
[ 20%] Built target car_msgs__rosidl_generator_c
[ 32%] [34m[1mGenerating C type support dispatch for ROS interfaces[0m
[ 32%] [34m[1mGenerating C++ type support dispatch for ROS interfaces[0m
[ 32%] [34m[1mGenerating C type support for eProsima Fast-RTPS[0m
[ 32%] [34m[1mGenerating C introspection for ROS interfaces[0m
[ 35%] [32mBuilding CXX object CMakeFiles/car_msgs__rosidl_typesupport_cpp.dir/rosidl_typesupport_cpp/car_msgs/msg/v2_v_alert__type_support.cpp.o[0m
[ 38%] [32mBuilding CXX object CMakeFiles/car_msgs__rosidl_typesupport_c.dir/rosidl_typesupport_c/car_msgs/msg/v2_v_alert__type_support.cpp.o[0m
[ 41%] [32mBuilding C object CMakeFiles/car_msgs__rosidl_typesupport_introspection_c.dir/rosidl_typesupport_introspection_c/car_msgs/msg/detail/v2_v_alert__type_support.c.o[0m
[ 44%] [32mBuilding CXX object CMakeFiles/car_msgs__rosidl_typesupport_fastrtps_c.dir/rosidl_typesupport_fastrtps_c/car_msgs/msg/detail/v2_v_alert__type_support_c.cpp.o[0m
[ 47%] [32m[1mLinking C shared library libcar_msgs__rosidl_typesupport_introspection_c.so[0m
[ 50%] [32m[1mLinking CXX shared library libcar_msgs__rosidl_typesupport_c.so[0m
[ 50%] Built target car_msgs__rosidl_typesupport_introspection_c
[ 52%] [34m[1mGenerating C++ type support for eProsima Fast-RTPS[0m
[ 52%] Built target car_msgs__rosidl_typesupport_c
[ 55%] [34m[1mGenerating C++ introspection for ROS interfaces[0m
[ 58%] [32mBuilding CXX object CMakeFiles/car_msgs__rosidl_typesupport_introspection_cpp.dir/rosidl_typesupport_introspection_cpp/car_msgs/msg/detail/v2_v_alert__type_support.cpp.o[0m
[ 61%] [32m[1mLinking CXX shared library libcar_msgs__rosidl_typesupport_cpp.so[0m
[ 64%] [32mBuilding CXX object CMakeFiles/car_msgs__rosidl_typesupport_fastrtps_cpp.dir/rosidl_typesupport_fastrtps_cpp/car_msgs/msg/detail/dds_fastrtps/v2_v_alert__type_support.cpp.o[0m
[ 64%] Built target car_msgs__rosidl_typesupport_cpp
[ 67%] [32m[1mLinking CXX shared library libcar_msgs__rosidl_typesupport_fastrtps_c.so[0m
[ 70%] [32m[1mLinking CXX shared library libcar_msgs__rosidl_typesupport_introspection_cpp.so[0m
[ 70%] Built target car_msgs__rosidl_typesupport_fastrtps_c
[ 70%] Built target car_msgs__rosidl_typesupport_introspection_cpp
[ 73%] [32m[1mLinking CXX shared library libcar_msgs__rosidl_typesupport_fastrtps_cpp.so[0m
[ 73%] Built target car_msgs__rosidl_typesupport_fastrtps_cpp
[ 73%] Built target car_msgs
[ 76%] [34m[1mGenerating Python code for ROS interfaces[0m
[ 76%] Built target car_msgs__py
[ 79%] [32mBuilding C object CMakeFiles/car_msgs__rosidl_generator_py.dir/rosidl_generator_py/car_msgs/msg/_v2_v_alert_s.c.o[0m
[ 82%] [32m[1mLinking C shared library libcar_msgs__rosidl_generator_py.so[0m
[ 82%] Built target car_msgs__rosidl_generator_py
[ 91%] [32mBuilding C object CMakeFiles/car_msgs_s__rosidl_typesupport_fastrtps_c.dir/rosidl_generator_py/car_msgs/_car_msgs_s.ep.rosidl_typesupport_fastrtps_c.c.o[0m
[ 91%] [32mBuilding C object CMakeFiles/car_msgs_s__rosidl_typesupport_c.dir/rosidl_generator_py/car_msgs/_car_msgs_s.ep.rosidl_typesupport_c.c.o[0m
[ 91%] [32mBuilding C object CMakeFiles/car_msgs_s__rosidl_typesupport_introspection_c.dir/rosidl_generator_py/car_msgs/_car_msgs_s.ep.rosidl_typesupport_introspection_c.c.o[0m
[ 97%] [32m[1mLinking C shared module rosidl_generator_py/car_msgs/car_msgs_s__rosidl_typesupport_introspection_c.so[0m
[ 97%] [32m[1mLinking C shared module rosidl_generator_py/car_msgs/car_msgs_s__rosidl_typesupport_c.so[0m
[100%] [32m[1mLinking C shared module rosidl_generator_py/car_msgs/car_msgs_s__rosidl_typesupport_fastrtps_c.so[0m
[100%] Built target car_msgs_s__rosidl_typesupport_introspection_c
[100%] Built target car_msgs_s__rosidl_typesupport_c
[100%] Built target car_msgs_s__rosidl_typesupport_fastrtps_c
-- Install configuration: ""
-- Execute custom install script
-- Symlinking: /ws/install/share/ament_index/resource_index/rosidl_interfaces/car_msgs
-- Symlinking: /ws/install/share/car_msgs/msg/V2VAlert.json
-- Symlinking: /ws/install/include/car_msgs/car_msgs/msg/detail/v2_v_alert__functions.h
-- Symlinking: /ws/install/include/car_msgs/car_msgs/msg/detail/v2_v_alert__struct.h
-- Symlinking: /ws/install/include/car_msgs/car_msgs/msg/detail/v2_v_alert__type_support.h
-- Symlinking: /ws/install/include/car_msgs/car_msgs/msg/rosidl_generator_c__visibility_control.h
-- Symlinking: /ws/install/include/car_msgs/car_msgs/msg/v2_v_alert.h
-- Symlinking: /ws/install/share/car_msgs/environment/library_path.sh
-- Symlinking: /ws/install/share/car_msgs/environment/library_path.dsv
-- Symlinking: /ws/install/include/car_msgs/car_msgs/msg/detail/v2_v_alert__rosidl_typesupport_fastrtps_c.h
-- Symlinking: /ws/install/include/car_msgs/car_msgs/msg/rosidl_typesupport_fastrtps_c__visibility_control.h
-- Symlinking: /ws/install/include/car_msgs/car_msgs/msg/detail/v2_v_alert__rosidl_typesupport_introspection_c.h
-- Symlinking: /ws/install/include/car_msgs/car_msgs/msg/rosidl_typesupport_introspection_c__visibility_control.h
-- Symlinking: /ws/install/include/car_msgs/car_msgs/msg/detail/v2_v_alert__builder.hpp
-- Symlinking: /ws/install/include/car_msgs/car_msgs/msg/detail/v2_v_alert__struct.hpp
-- Symlinking: /ws/install/include/car_msgs/car_msgs/msg/detail/v2_v_alert__traits.hpp
-- Symlinking: /ws/install/include/car_msgs/car_msgs/msg/detail/v2_v_alert__type_support.hpp
-- Symlinking: /ws/install/include/car_msgs/car_msgs/msg/rosidl_generator_cpp__visibility_control.hpp
-- Symlinking: /ws/install/include/car_msgs/car_msgs/msg/v2_v_alert.hpp
-- Symlinking: /ws/install/include/car_msgs/car_msgs/msg/detail/v2_v_alert__rosidl_typesupport_fastrtps_cpp.hpp
-- Symlinking: /ws/install/include/car_msgs/car_msgs/msg/rosidl_typesupport_fastrtps_cpp__visibility_control.h
-- Symlinking: /ws/install/include/car_msgs/car_msgs/msg/detail/v2_v_alert__rosidl_typesupport_introspection_cpp.hpp
-- Symlinking: /ws/install/share/car_msgs/environment/pythonpath.sh
-- Symlinking: /ws/install/share/car_msgs/environment/pythonpath.dsv
-- Symlinking: /ws/install/lib/python3.12/site-packages/car_msgs-0.0.0-py3.12.egg-info/PKG-INFO
-- Symlinking: /ws/install/lib/python3.12/site-packages/car_msgs-0.0.0-py3.12.egg-info/SOURCES.txt
-- Symlinking: /ws/install/lib/python3.12/site-packages/car_msgs-0.0.0-py3.12.egg-info/dependency_links.txt
-- Symlinking: /ws/install/lib/python3.12/site-packages/car_msgs-0.0.0-py3.12.egg-info/top_level.txt
-- Symlinking: /ws/install/lib/python3.12/site-packages/car_msgs/__init__.py
-- Symlinking: /ws/install/lib/python3.12/site-packages/car_msgs/_car_msgs_s.ep.rosidl_typesupport_c.c
-- Symlinking: /ws/install/lib/python3.12/site-packages/car_msgs/_car_msgs_s.ep.rosidl_typesupport_fastrtps_c.c
-- Symlinking: /ws/install/lib/python3.12/site-packages/car_msgs/_car_msgs_s.ep.rosidl_typesupport_introspection_c.c
-- Symlinking: /ws/install/lib/python3.12/site-packages/car_msgs/car_msgs_s__rosidl_typesupport_c.so
-- Symlinking: /ws/install/lib/python3.12/site-packages/car_msgs/car_msgs_s__rosidl_typesupport_fastrtps_c.so
-- Symlinking: /ws/install/lib/python3.12/site-packages/car_msgs/car_msgs_s__rosidl_typesupport_introspection_c.so
-- Symlinking: /ws/install/lib/python3.12/site-packages/car_msgs/msg/__init__.py
-- Symlinking: /ws/install/lib/python3.12/site-packages/car_msgs/msg/_v2_v_alert.py
-- Symlinking: /ws/install/lib/python3.12/site-packages/car_msgs/msg/_v2_v_alert_s.c
-- Up-to-date symlink: /ws/install/lib/python3.12/site-packages/car_msgs/car_msgs_s__rosidl_typesupport_fastrtps_c.so
-- Up-to-date symlink: /ws/install/lib/python3.12/site-packages/car_msgs/car_msgs_s__rosidl_typesupport_introspection_c.so
-- Up-to-date symlink: /ws/install/lib/python3.12/site-packages/car_msgs/car_msgs_s__rosidl_typesupport_c.so
-- Symlinking: /ws/install/share/car_msgs/msg/V2VAlert.idl
-- Symlinking: /ws/install/share/car_msgs/msg/V2VAlert.msg
-- Symlinking: /ws/install/share/ament_index/resource_index/package_run_dependencies/car_msgs
-- Symlinking: /ws/install/share/ament_index/resource_index/parent_prefix_path/car_msgs
-- Symlinking: /ws/install/share/car_msgs/environment/ament_prefix_path.sh
-- Symlinking: /ws/install/share/car_msgs/environment/ament_prefix_path.dsv
-- Symlinking: /ws/install/share/car_msgs/environment/path.sh
-- Symlinking: /ws/install/share/car_msgs/environment/path.dsv
-- Symlinking: /ws/install/share/car_msgs/local_setup.bash
-- Symlinking: /ws/install/share/car_msgs/local_setup.sh
-- Symlinking: /ws/install/share/car_msgs/local_setup.zsh
-- Symlinking: /ws/install/share/car_msgs/local_setup.dsv
-- Symlinking: /ws/install/share/car_msgs/package.dsv
-- Symlinking: /ws/install/share/ament_index/resource_index/packages/car_msgs
-- Symlinking: /ws/install/share/car_msgs/cmake/rosidl_cmake-extras.cmake
-- Symlinking: /ws/install/share/car_msgs/cmake/ament_cmake_export_dependencies-extras.cmake
-- Symlinking: /ws/install/share/car_msgs/cmake/ament_cmake_export_include_directories-extras.cmake
-- Symlinking: /ws/install/share/car_msgs/cmake/ament_cmake_export_libraries-extras.cmake
-- Symlinking: /ws/install/share/car_msgs/cmake/ament_cmake_export_targets-extras.cmake
-- Symlinking: /ws/install/share/car_msgs/cmake/rosidl_cmake_export_typesupport_targets-extras.cmake
-- Symlinking: /ws/install/share/car_msgs/cmake/rosidl_cmake_export_typesupport_libraries-extras.cmake
-- Symlinking: /ws/install/share/car_msgs/cmake/car_msgsConfig.cmake
-- Symlinking: /ws/install/share/car_msgs/cmake/car_msgsConfig-version.cmake
-- Symlinking: /ws/install/share/car_msgs/package.xml
-- Installing: /ws/install/lib/libcar_msgs__rosidl_generator_c.so
-- Set non-toolchain portion of runtime path of "/ws/install/lib/libcar_msgs__rosidl_generator_c.so" to ""
-- Installing: /ws/install/lib/libcar_msgs__rosidl_typesupport_fastrtps_c.so
-- Set non-toolchain portion of runtime path of "/ws/install/lib/libcar_msgs__rosidl_typesupport_fastrtps_c.so" to ""
-- Installing: /ws/install/lib/libcar_msgs__rosidl_typesupport_introspection_c.so
-- Set non-toolchain portion of runtime path of "/ws/install/lib/libcar_msgs__rosidl_typesupport_introspection_c.so" to ""
-- Installing: /ws/install/lib/libcar_msgs__rosidl_typesupport_c.so
-- Set non-toolchain portion of runtime path of "/ws/install/lib/libcar_msgs__rosidl_typesupport_c.so" to ""
-- Installing: /ws/install/lib/libcar_msgs__rosidl_typesupport_fastrtps_cpp.so
-- Set non-toolchain portion of runtime path of "/ws/install/lib/libcar_msgs__rosidl_typesupport_fastrtps_cpp.so" to ""
-- Installing: /ws/install/lib/libcar_msgs__rosidl_typesupport_introspection_cpp.so
-- Set non-toolchain portion of runtime path of "/ws/install/lib/libcar_msgs__rosidl_typesupport_introspection_cpp.so" to ""
-- Installing: /ws/install/lib/libcar_msgs__rosidl_typesupport_cpp.so
-- Set non-toolchain portion of runtime path of "/ws/install/lib/libcar_msgs__rosidl_typesupport_cpp.so" to ""
Listing '/ws/install/lib/python3.12/site-packages/car_msgs'...
Compiling '/ws/install/lib/python3.12/site-packages/car_msgs/__init__.py'...
Listing '/ws/install/lib/python3.12/site-packages/car_msgs/msg'...
Compiling '/ws/install/lib/python3.12/site-packages/car_msgs/msg/__init__.py'...
Compiling '/ws/install/lib/python3.12/site-packages/car_msgs/msg/_v2_v_alert.py'...
-- Installing: /ws/install/lib/libcar_msgs__rosidl_generator_py.so
-- Set non-toolchain portion of runtime path of "/ws/install/lib/libcar_msgs__rosidl_generator_py.so" to ""
-- Installing: /ws/install/share/car_msgs/cmake/export_car_msgs__rosidl_generator_cExport.cmake
-- Installing: /ws/install/share/car_msgs/cmake/export_car_msgs__rosidl_generator_cExport-noconfig.cmake
-- Installing: /ws/install/share/car_msgs/cmake/export_car_msgs__rosidl_typesupport_fastrtps_cExport.cmake
-- Installing: /ws/install/share/car_msgs/cmake/export_car_msgs__rosidl_typesupport_fastrtps_cExport-noconfig.cmake
-- Installing: /ws/install/share/car_msgs/cmake/car_msgs__rosidl_typesupport_introspection_cExport.cmake
-- Installing: /ws/install/share/car_msgs/cmake/car_msgs__rosidl_typesupport_introspection_cExport-noconfig.cmake
-- Installing: /ws/install/share/car_msgs/cmake/car_msgs__rosidl_typesupport_cExport.cmake
-- Installing: /ws/install/share/car_msgs/cmake/car_msgs__rosidl_typesupport_cExport-noconfig.cmake
-- Installing: /ws/install/share/car_msgs/cmake/export_car_msgs__rosidl_generator_cppExport.cmake
-- Installing: /ws/install/share/car_msgs/cmake/export_car_msgs__rosidl_typesupport_fastrtps_cppExport.cmake
-- Installing: /ws/install/share/car_msgs/cmake/export_car_msgs__rosidl_typesupport_fastrtps_cppExport-noconfig.cmake
-- Installing: /ws/install/share/car_msgs/cmake/car_msgs__rosidl_typesupport_introspection_cppExport.cmake
-- Installing: /ws/install/share/car_msgs/cmake/car_msgs__rosidl_typesupport_introspection_cppExport-noconfig.cmake
-- Installing: /ws/install/share/car_msgs/cmake/car_msgs__rosidl_typesupport_cppExport.cmake
-- Installing: /ws/install/share/car_msgs/cmake/car_msgs__rosidl_typesupport_cppExport-noconfig.cmake
-- Installing: /ws/install/share/car_msgs/cmake/export_car_msgs__rosidl_generator_pyExport.cmake
-- Installing: /ws/install/share/car_msgs/cmake/export_car_msgs__rosidl_generator_pyExport-noconfig.cmake
