[0.019s] Invoking command in '/ws/build/car_msgs': CMAKE_PREFIX_PATH=/opt/ros/jazzy /usr/bin/cmake /ws/src/car_msgs -DAMENT_CMAKE_SYMLINK_INSTALL=1 -DCMAKE_INSTALL_PREFIX=/ws/install
[0.703s] -- The C compiler identification is GNU 13.3.0
[1.033s] -- The CXX compiler identification is GNU 13.3.0
[1.058s] -- Detecting C compiler ABI info
[1.182s] -- Detecting C compiler ABI info - done
[1.196s] -- Check for working C compiler: /usr/bin/cc - skipped
[1.197s] -- Detecting C compile features
[1.198s] -- Detecting C compile features - done
[1.207s] -- Detecting CXX compiler ABI info
[1.306s] -- Detecting CXX compiler ABI info - done
[1.319s] -- Check for working CXX compiler: /usr/bin/c++ - skipped
[1.320s] -- Detecting CXX compile features
[1.320s] -- Detecting CXX compile features - done
[1.326s] -- Found ament_cmake: 2.5.4 (/opt/ros/jazzy/share/ament_cmake/cmake)
[1.461s] -- Found Python3: /usr/bin/python3 (found version "3.12.3") found components: Interpreter 
[1.572s] -- Override CMake install command with custom implementation using symlinks instead of copying resources
[1.618s] -- Found rosidl_default_generators: 1.6.0 (/opt/ros/jazzy/share/rosidl_default_generators/cmake)
[1.627s] -- Using all available rosidl_typesupport_c: rosidl_typesupport_fastrtps_c;rosidl_typesupport_introspection_c
[1.703s] -- Using all available rosidl_typesupport_cpp: rosidl_typesupport_fastrtps_cpp;rosidl_typesupport_introspection_cpp
[1.771s] -- Found rosidl_adapter: 4.6.6 (/opt/ros/jazzy/share/rosidl_adapter/cmake)
[1.778s] -- Found builtin_interfaces: 2.0.3 (/opt/ros/jazzy/share/builtin_interfaces/cmake)
[2.413s] -- Found ament_cmake_ros: 0.12.0 (/opt/ros/jazzy/share/ament_cmake_ros/cmake)
[2.795s] -- Using all available rosidl_typesupport_c: rosidl_typesupport_fastrtps_c;rosidl_typesupport_introspection_c
[3.295s] -- Using all available rosidl_typesupport_cpp: rosidl_typesupport_fastrtps_cpp;rosidl_typesupport_introspection_cpp
[3.298s] -- Found python_cmake_module: 0.11.1 (/opt/ros/jazzy/share/python_cmake_module/cmake)
[3.421s] -- Found PythonExtra: /usr/bin/python3  
[3.909s] -- Found Python3: /usr/bin/python3 (found version "3.12.3") found components: Interpreter Development NumPy Development.Module Development.Embed 
[3.949s] -- Found ament_lint_auto: 0.17.3 (/opt/ros/jazzy/share/ament_lint_auto/cmake)
[3.985s] -- Added test 'lint_cmake' to check CMake code style
[3.987s] -- Added test 'xmllint' to check XML markup files
[3.992s] -- Configuring done (3.8s)
[4.030s] -- Generating done (0.0s)
[4.043s] -- Build files have been written to: /ws/build/car_msgs
[4.051s] Invoked command in '/ws/build/car_msgs' returned '0': CMAKE_PREFIX_PATH=/opt/ros/jazzy /usr/bin/cmake /ws/src/car_msgs -DAMENT_CMAKE_SYMLINK_INSTALL=1 -DCMAKE_INSTALL_PREFIX=/ws/install
[4.052s] Invoking command in '/ws/build/car_msgs': CMAKE_PREFIX_PATH=/opt/ros/jazzy /usr/bin/cmake --build /ws/build/car_msgs -- -j4 -l4
[4.100s] [  2%] [34m[1mGenerating type hashes for ROS interfaces[0m
[4.109s] [  2%] Built target ament_cmake_python_symlink_car_msgs
[4.324s] running egg_info
[4.324s] creating car_msgs.egg-info
[4.338s] writing car_msgs.egg-info/PKG-INFO
[4.339s] writing dependency_links to car_msgs.egg-info/dependency_links.txt
[4.339s] writing top-level names to car_msgs.egg-info/top_level.txt
[4.339s] writing manifest file 'car_msgs.egg-info/SOURCES.txt'
[4.380s] reading manifest file 'car_msgs.egg-info/SOURCES.txt'
[4.380s] writing manifest file 'car_msgs.egg-info/SOURCES.txt'
[4.437s] [  2%] Built target car_msgs__rosidl_generator_type_description
[4.447s] [  2%] Built target ament_cmake_python_build_car_msgs_egg
[4.448s] [  5%] [34m[1mGenerating C code for ROS interfaces[0m
[4.459s] [  8%] [34m[1mGenerating C++ code for ROS interfaces[0m
[4.852s] [  8%] Built target car_msgs__cpp
[4.880s] [ 17%] [32mBuilding C object CMakeFiles/car_msgs__rosidl_generator_c.dir/rosidl_generator_c/car_msgs/msg/detail/v2_v_alert__description.c.o[0m
[4.880s] [ 17%] [32mBuilding C object CMakeFiles/car_msgs__rosidl_generator_c.dir/rosidl_generator_c/car_msgs/msg/detail/v2_v_alert__type_support.c.o[0m
[4.880s] [ 17%] [32mBuilding C object CMakeFiles/car_msgs__rosidl_generator_c.dir/rosidl_generator_c/car_msgs/msg/detail/v2_v_alert__functions.c.o[0m
[5.008s] [ 20%] [32m[1mLinking C shared library libcar_msgs__rosidl_generator_c.so[0m
[5.048s] [ 20%] Built target car_msgs__rosidl_generator_c
[5.060s] [ 32%] [34m[1mGenerating C type support dispatch for ROS interfaces[0m
[5.061s] [ 32%] [34m[1mGenerating C++ type support dispatch for ROS interfaces[0m
[5.061s] [ 32%] [34m[1mGenerating C type support for eProsima Fast-RTPS[0m
[5.061s] [ 32%] [34m[1mGenerating C introspection for ROS interfaces[0m
[5.466s] [ 35%] [32mBuilding CXX object CMakeFiles/car_msgs__rosidl_typesupport_cpp.dir/rosidl_typesupport_cpp/car_msgs/msg/v2_v_alert__type_support.cpp.o[0m
[5.473s] [ 38%] [32mBuilding CXX object CMakeFiles/car_msgs__rosidl_typesupport_c.dir/rosidl_typesupport_c/car_msgs/msg/v2_v_alert__type_support.cpp.o[0m
[5.493s] [ 41%] [32mBuilding C object CMakeFiles/car_msgs__rosidl_typesupport_introspection_c.dir/rosidl_typesupport_introspection_c/car_msgs/msg/detail/v2_v_alert__type_support.c.o[0m
[5.546s] [ 44%] [32mBuilding CXX object CMakeFiles/car_msgs__rosidl_typesupport_fastrtps_c.dir/rosidl_typesupport_fastrtps_c/car_msgs/msg/detail/v2_v_alert__type_support_c.cpp.o[0m
[5.553s] [ 47%] [32m[1mLinking C shared library libcar_msgs__rosidl_typesupport_introspection_c.so[0m
[5.565s] [ 50%] [32m[1mLinking CXX shared library libcar_msgs__rosidl_typesupport_c.so[0m
[5.592s] [ 50%] Built target car_msgs__rosidl_typesupport_introspection_c
[5.604s] [ 52%] [34m[1mGenerating C++ type support for eProsima Fast-RTPS[0m
[5.614s] [ 52%] Built target car_msgs__rosidl_typesupport_c
[5.625s] [ 55%] [34m[1mGenerating C++ introspection for ROS interfaces[0m
[6.065s] [ 58%] [32mBuilding CXX object CMakeFiles/car_msgs__rosidl_typesupport_introspection_cpp.dir/rosidl_typesupport_introspection_cpp/car_msgs/msg/detail/v2_v_alert__type_support.cpp.o[0m
[6.102s] [ 61%] [32m[1mLinking CXX shared library libcar_msgs__rosidl_typesupport_cpp.so[0m
[6.104s] [ 64%] [32mBuilding CXX object CMakeFiles/car_msgs__rosidl_typesupport_fastrtps_cpp.dir/rosidl_typesupport_fastrtps_cpp/car_msgs/msg/detail/dds_fastrtps/v2_v_alert__type_support.cpp.o[0m
[6.155s] [ 64%] Built target car_msgs__rosidl_typesupport_cpp
[6.425s] [ 67%] [32m[1mLinking CXX shared library libcar_msgs__rosidl_typesupport_fastrtps_c.so[0m
[6.501s] [ 70%] [32m[1mLinking CXX shared library libcar_msgs__rosidl_typesupport_introspection_cpp.so[0m
[6.555s] [ 70%] Built target car_msgs__rosidl_typesupport_fastrtps_c
[6.606s] [ 70%] Built target car_msgs__rosidl_typesupport_introspection_cpp
[6.773s] [ 73%] [32m[1mLinking CXX shared library libcar_msgs__rosidl_typesupport_fastrtps_cpp.so[0m
[6.881s] [ 73%] Built target car_msgs__rosidl_typesupport_fastrtps_cpp
[6.899s] [ 73%] Built target car_msgs
[6.917s] [ 76%] [34m[1mGenerating Python code for ROS interfaces[0m
[7.385s] [ 76%] Built target car_msgs__py
[7.403s] [ 79%] [32mBuilding C object CMakeFiles/car_msgs__rosidl_generator_py.dir/rosidl_generator_py/car_msgs/msg/_v2_v_alert_s.c.o[0m
[7.621s] [ 82%] [32m[1mLinking C shared library libcar_msgs__rosidl_generator_py.so[0m
[7.663s] [ 82%] Built target car_msgs__rosidl_generator_py
[7.685s] [ 91%] [32mBuilding C object CMakeFiles/car_msgs_s__rosidl_typesupport_fastrtps_c.dir/rosidl_generator_py/car_msgs/_car_msgs_s.ep.rosidl_typesupport_fastrtps_c.c.o[0m
[7.685s] [ 91%] [32mBuilding C object CMakeFiles/car_msgs_s__rosidl_typesupport_c.dir/rosidl_generator_py/car_msgs/_car_msgs_s.ep.rosidl_typesupport_c.c.o[0m
[7.685s] [ 91%] [32mBuilding C object CMakeFiles/car_msgs_s__rosidl_typesupport_introspection_c.dir/rosidl_generator_py/car_msgs/_car_msgs_s.ep.rosidl_typesupport_introspection_c.c.o[0m
[7.815s] [ 97%] [32m[1mLinking C shared module rosidl_generator_py/car_msgs/car_msgs_s__rosidl_typesupport_introspection_c.so[0m
[7.815s] [ 97%] [32m[1mLinking C shared module rosidl_generator_py/car_msgs/car_msgs_s__rosidl_typesupport_c.so[0m
[7.819s] [100%] [32m[1mLinking C shared module rosidl_generator_py/car_msgs/car_msgs_s__rosidl_typesupport_fastrtps_c.so[0m
[7.850s] [100%] Built target car_msgs_s__rosidl_typesupport_introspection_c
[7.853s] [100%] Built target car_msgs_s__rosidl_typesupport_c
[7.857s] [100%] Built target car_msgs_s__rosidl_typesupport_fastrtps_c
[7.868s] Invoked command in '/ws/build/car_msgs' returned '0': CMAKE_PREFIX_PATH=/opt/ros/jazzy /usr/bin/cmake --build /ws/build/car_msgs -- -j4 -l4
[7.876s] Invoking command in '/ws/build/car_msgs': CMAKE_PREFIX_PATH=/opt/ros/jazzy /usr/bin/cmake --install /ws/build/car_msgs
[7.884s] -- Install configuration: ""
[7.885s] -- Execute custom install script
[7.885s] -- Symlinking: /ws/install/share/ament_index/resource_index/rosidl_interfaces/car_msgs
[7.894s] -- Symlinking: /ws/install/share/car_msgs/msg/V2VAlert.json
[7.902s] -- Symlinking: /ws/install/include/car_msgs/car_msgs/msg/detail/v2_v_alert__functions.h
[7.911s] -- Symlinking: /ws/install/include/car_msgs/car_msgs/msg/detail/v2_v_alert__struct.h
[7.919s] -- Symlinking: /ws/install/include/car_msgs/car_msgs/msg/detail/v2_v_alert__type_support.h
[7.927s] -- Symlinking: /ws/install/include/car_msgs/car_msgs/msg/rosidl_generator_c__visibility_control.h
[7.936s] -- Symlinking: /ws/install/include/car_msgs/car_msgs/msg/v2_v_alert.h
[7.945s] -- Symlinking: /ws/install/share/car_msgs/environment/library_path.sh
[7.953s] -- Symlinking: /ws/install/share/car_msgs/environment/library_path.dsv
[7.962s] -- Symlinking: /ws/install/include/car_msgs/car_msgs/msg/detail/v2_v_alert__rosidl_typesupport_fastrtps_c.h
[7.970s] -- Symlinking: /ws/install/include/car_msgs/car_msgs/msg/rosidl_typesupport_fastrtps_c__visibility_control.h
[7.978s] -- Symlinking: /ws/install/include/car_msgs/car_msgs/msg/detail/v2_v_alert__rosidl_typesupport_introspection_c.h
[7.986s] -- Symlinking: /ws/install/include/car_msgs/car_msgs/msg/rosidl_typesupport_introspection_c__visibility_control.h
[7.995s] -- Symlinking: /ws/install/include/car_msgs/car_msgs/msg/detail/v2_v_alert__builder.hpp
[8.003s] -- Symlinking: /ws/install/include/car_msgs/car_msgs/msg/detail/v2_v_alert__struct.hpp
[8.011s] -- Symlinking: /ws/install/include/car_msgs/car_msgs/msg/detail/v2_v_alert__traits.hpp
[8.019s] -- Symlinking: /ws/install/include/car_msgs/car_msgs/msg/detail/v2_v_alert__type_support.hpp
[8.027s] -- Symlinking: /ws/install/include/car_msgs/car_msgs/msg/rosidl_generator_cpp__visibility_control.hpp
[8.036s] -- Symlinking: /ws/install/include/car_msgs/car_msgs/msg/v2_v_alert.hpp
[8.045s] -- Symlinking: /ws/install/include/car_msgs/car_msgs/msg/detail/v2_v_alert__rosidl_typesupport_fastrtps_cpp.hpp
[8.053s] -- Symlinking: /ws/install/include/car_msgs/car_msgs/msg/rosidl_typesupport_fastrtps_cpp__visibility_control.h
[8.061s] -- Symlinking: /ws/install/include/car_msgs/car_msgs/msg/detail/v2_v_alert__rosidl_typesupport_introspection_cpp.hpp
[8.070s] -- Symlinking: /ws/install/share/car_msgs/environment/pythonpath.sh
[8.078s] -- Symlinking: /ws/install/share/car_msgs/environment/pythonpath.dsv
[8.086s] -- Symlinking: /ws/install/lib/python3.12/site-packages/car_msgs-0.0.0-py3.12.egg-info/PKG-INFO
[8.094s] -- Symlinking: /ws/install/lib/python3.12/site-packages/car_msgs-0.0.0-py3.12.egg-info/SOURCES.txt
[8.102s] -- Symlinking: /ws/install/lib/python3.12/site-packages/car_msgs-0.0.0-py3.12.egg-info/dependency_links.txt
[8.110s] -- Symlinking: /ws/install/lib/python3.12/site-packages/car_msgs-0.0.0-py3.12.egg-info/top_level.txt
[8.119s] -- Symlinking: /ws/install/lib/python3.12/site-packages/car_msgs/__init__.py
[8.127s] -- Symlinking: /ws/install/lib/python3.12/site-packages/car_msgs/_car_msgs_s.ep.rosidl_typesupport_c.c
[8.135s] -- Symlinking: /ws/install/lib/python3.12/site-packages/car_msgs/_car_msgs_s.ep.rosidl_typesupport_fastrtps_c.c
[8.144s] -- Symlinking: /ws/install/lib/python3.12/site-packages/car_msgs/_car_msgs_s.ep.rosidl_typesupport_introspection_c.c
[8.152s] -- Symlinking: /ws/install/lib/python3.12/site-packages/car_msgs/car_msgs_s__rosidl_typesupport_c.so
[8.160s] -- Symlinking: /ws/install/lib/python3.12/site-packages/car_msgs/car_msgs_s__rosidl_typesupport_fastrtps_c.so
[8.168s] -- Symlinking: /ws/install/lib/python3.12/site-packages/car_msgs/car_msgs_s__rosidl_typesupport_introspection_c.so
[8.176s] -- Symlinking: /ws/install/lib/python3.12/site-packages/car_msgs/msg/__init__.py
[8.184s] -- Symlinking: /ws/install/lib/python3.12/site-packages/car_msgs/msg/_v2_v_alert.py
[8.192s] -- Symlinking: /ws/install/lib/python3.12/site-packages/car_msgs/msg/_v2_v_alert_s.c
[8.200s] -- Up-to-date symlink: /ws/install/lib/python3.12/site-packages/car_msgs/car_msgs_s__rosidl_typesupport_fastrtps_c.so
[8.200s] -- Up-to-date symlink: /ws/install/lib/python3.12/site-packages/car_msgs/car_msgs_s__rosidl_typesupport_introspection_c.so
[8.201s] -- Up-to-date symlink: /ws/install/lib/python3.12/site-packages/car_msgs/car_msgs_s__rosidl_typesupport_c.so
[8.201s] -- Symlinking: /ws/install/share/car_msgs/msg/V2VAlert.idl
[8.209s] -- Symlinking: /ws/install/share/car_msgs/msg/V2VAlert.msg
[8.217s] -- Symlinking: /ws/install/share/ament_index/resource_index/package_run_dependencies/car_msgs
[8.226s] -- Symlinking: /ws/install/share/ament_index/resource_index/parent_prefix_path/car_msgs
[8.234s] -- Symlinking: /ws/install/share/car_msgs/environment/ament_prefix_path.sh
[8.242s] -- Symlinking: /ws/install/share/car_msgs/environment/ament_prefix_path.dsv
[8.250s] -- Symlinking: /ws/install/share/car_msgs/environment/path.sh
[8.258s] -- Symlinking: /ws/install/share/car_msgs/environment/path.dsv
[8.267s] -- Symlinking: /ws/install/share/car_msgs/local_setup.bash
[8.275s] -- Symlinking: /ws/install/share/car_msgs/local_setup.sh
[8.283s] -- Symlinking: /ws/install/share/car_msgs/local_setup.zsh
[8.291s] -- Symlinking: /ws/install/share/car_msgs/local_setup.dsv
[8.300s] -- Symlinking: /ws/install/share/car_msgs/package.dsv
[8.308s] -- Symlinking: /ws/install/share/ament_index/resource_index/packages/car_msgs
[8.316s] -- Symlinking: /ws/install/share/car_msgs/cmake/rosidl_cmake-extras.cmake
[8.324s] -- Symlinking: /ws/install/share/car_msgs/cmake/ament_cmake_export_dependencies-extras.cmake
[8.332s] -- Symlinking: /ws/install/share/car_msgs/cmake/ament_cmake_export_include_directories-extras.cmake
[8.340s] -- Symlinking: /ws/install/share/car_msgs/cmake/ament_cmake_export_libraries-extras.cmake
[8.349s] -- Symlinking: /ws/install/share/car_msgs/cmake/ament_cmake_export_targets-extras.cmake
[8.357s] -- Symlinking: /ws/install/share/car_msgs/cmake/rosidl_cmake_export_typesupport_targets-extras.cmake
[8.365s] -- Symlinking: /ws/install/share/car_msgs/cmake/rosidl_cmake_export_typesupport_libraries-extras.cmake
[8.374s] -- Symlinking: /ws/install/share/car_msgs/cmake/car_msgsConfig.cmake
[8.382s] -- Symlinking: /ws/install/share/car_msgs/cmake/car_msgsConfig-version.cmake
[8.390s] -- Symlinking: /ws/install/share/car_msgs/package.xml
[8.398s] -- Installing: /ws/install/lib/libcar_msgs__rosidl_generator_c.so
[8.399s] -- Set non-toolchain portion of runtime path of "/ws/install/lib/libcar_msgs__rosidl_generator_c.so" to ""
[8.399s] -- Installing: /ws/install/lib/libcar_msgs__rosidl_typesupport_fastrtps_c.so
[8.399s] -- Set non-toolchain portion of runtime path of "/ws/install/lib/libcar_msgs__rosidl_typesupport_fastrtps_c.so" to ""
[8.399s] -- Installing: /ws/install/lib/libcar_msgs__rosidl_typesupport_introspection_c.so
[8.400s] -- Set non-toolchain portion of runtime path of "/ws/install/lib/libcar_msgs__rosidl_typesupport_introspection_c.so" to ""
[8.400s] -- Installing: /ws/install/lib/libcar_msgs__rosidl_typesupport_c.so
[8.400s] -- Set non-toolchain portion of runtime path of "/ws/install/lib/libcar_msgs__rosidl_typesupport_c.so" to ""
[8.401s] -- Installing: /ws/install/lib/libcar_msgs__rosidl_typesupport_fastrtps_cpp.so
[8.401s] -- Set non-toolchain portion of runtime path of "/ws/install/lib/libcar_msgs__rosidl_typesupport_fastrtps_cpp.so" to ""
[8.401s] -- Installing: /ws/install/lib/libcar_msgs__rosidl_typesupport_introspection_cpp.so
[8.401s] -- Set non-toolchain portion of runtime path of "/ws/install/lib/libcar_msgs__rosidl_typesupport_introspection_cpp.so" to ""
[8.401s] -- Installing: /ws/install/lib/libcar_msgs__rosidl_typesupport_cpp.so
[8.402s] -- Set non-toolchain portion of runtime path of "/ws/install/lib/libcar_msgs__rosidl_typesupport_cpp.so" to ""
[8.449s] Listing '/ws/install/lib/python3.12/site-packages/car_msgs'...
[8.450s] Compiling '/ws/install/lib/python3.12/site-packages/car_msgs/__init__.py'...
[8.450s] Listing '/ws/install/lib/python3.12/site-packages/car_msgs/msg'...
[8.450s] Compiling '/ws/install/lib/python3.12/site-packages/car_msgs/msg/__init__.py'...
[8.450s] Compiling '/ws/install/lib/python3.12/site-packages/car_msgs/msg/_v2_v_alert.py'...
[8.459s] -- Installing: /ws/install/lib/libcar_msgs__rosidl_generator_py.so
[8.460s] -- Set non-toolchain portion of runtime path of "/ws/install/lib/libcar_msgs__rosidl_generator_py.so" to ""
[8.460s] -- Installing: /ws/install/share/car_msgs/cmake/export_car_msgs__rosidl_generator_cExport.cmake
[8.460s] -- Installing: /ws/install/share/car_msgs/cmake/export_car_msgs__rosidl_generator_cExport-noconfig.cmake
[8.460s] -- Installing: /ws/install/share/car_msgs/cmake/export_car_msgs__rosidl_typesupport_fastrtps_cExport.cmake
[8.460s] -- Installing: /ws/install/share/car_msgs/cmake/export_car_msgs__rosidl_typesupport_fastrtps_cExport-noconfig.cmake
[8.461s] -- Installing: /ws/install/share/car_msgs/cmake/car_msgs__rosidl_typesupport_introspection_cExport.cmake
[8.461s] -- Installing: /ws/install/share/car_msgs/cmake/car_msgs__rosidl_typesupport_introspection_cExport-noconfig.cmake
[8.461s] -- Installing: /ws/install/share/car_msgs/cmake/car_msgs__rosidl_typesupport_cExport.cmake
[8.461s] -- Installing: /ws/install/share/car_msgs/cmake/car_msgs__rosidl_typesupport_cExport-noconfig.cmake
[8.461s] -- Installing: /ws/install/share/car_msgs/cmake/export_car_msgs__rosidl_generator_cppExport.cmake
[8.461s] -- Installing: /ws/install/share/car_msgs/cmake/export_car_msgs__rosidl_typesupport_fastrtps_cppExport.cmake
[8.462s] -- Installing: /ws/install/share/car_msgs/cmake/export_car_msgs__rosidl_typesupport_fastrtps_cppExport-noconfig.cmake
[8.462s] -- Installing: /ws/install/share/car_msgs/cmake/car_msgs__rosidl_typesupport_introspection_cppExport.cmake
[8.462s] -- Installing: /ws/install/share/car_msgs/cmake/car_msgs__rosidl_typesupport_introspection_cppExport-noconfig.cmake
[8.462s] -- Installing: /ws/install/share/car_msgs/cmake/car_msgs__rosidl_typesupport_cppExport.cmake
[8.463s] -- Installing: /ws/install/share/car_msgs/cmake/car_msgs__rosidl_typesupport_cppExport-noconfig.cmake
[8.463s] -- Installing: /ws/install/share/car_msgs/cmake/export_car_msgs__rosidl_generator_pyExport.cmake
[8.463s] -- Installing: /ws/install/share/car_msgs/cmake/export_car_msgs__rosidl_generator_pyExport-noconfig.cmake
[8.465s] Invoked command in '/ws/build/car_msgs' returned '0': CMAKE_PREFIX_PATH=/opt/ros/jazzy /usr/bin/cmake --install /ws/build/car_msgs
