[0.129s] DEBUG:colcon:Command line arguments: ['/usr/bin/colcon', 'build', '--symlink-install']
[0.129s] DEBUG:colcon:Parsed command line arguments: Namespace(log_base=None, log_level=None, verb_name='build', build_base='build', install_base='install', merge_install=False, symlink_install=True, test_result_base=None, continue_on_error=False, executor='parallel', parallel_workers=4, event_handlers=None, ignore_user_meta=False, metas=['./colcon.meta'], base_paths=['.'], packages_ignore=None, packages_ignore_regex=None, paths=None, packages_up_to=None, packages_up_to_regex=None, packages_above=None, packages_above_and_dependencies=None, packages_above_depth=None, packages_select_by_dep=None, packages_skip_by_dep=None, packages_skip_up_to=None, packages_select_build_failed=False, packages_skip_build_finished=False, packages_select_test_failures=False, packages_skip_test_passed=False, packages_select=None, packages_skip=None, packages_select_regex=None, packages_skip_regex=None, packages_start=None, packages_end=None, cmake_args=None, cmake_target=None, cmake_target_skip_unavailable=False, cmake_clean_cache=False, cmake_clean_first=False, cmake_force_configure=False, ament_cmake_args=None, catkin_cmake_args=None, catkin_skip_building_tests=False, mixin_files=None, mixin=None, verb_parser=<colcon_mixin.mixin.mixin_argument.MixinArgumentDecorator object at 0x7fff6cca62a0>, verb_extension=<colcon_core.verb.build.BuildVerb object at 0x7fff6cca6090>, main=<bound method BuildVerb.main of <colcon_core.verb.build.BuildVerb object at 0x7fff6cca6090>>, mixin_verb=('build',))
[0.175s] Level 1:colcon.colcon_core.package_discovery:discover_packages(colcon_meta) check parameters
[0.176s] INFO:colcon.colcon_metadata.package_discovery.colcon_meta:Using configuration from '/root/.colcon/metadata/default/Gazebo.meta'
[0.177s] INFO:colcon.colcon_metadata.package_discovery.colcon_meta:Using configuration from '/root/.colcon/metadata/default/fastdds.meta'
[0.177s] INFO:colcon.colcon_metadata.package_discovery.colcon_meta:Using configuration from '/root/.colcon/metadata/default/fastrtps.meta'
[0.177s] Level 1:colcon.colcon_core.package_discovery:discover_packages(recursive) check parameters
[0.177s] Level 1:colcon.colcon_core.package_discovery:discover_packages(ignore) check parameters
[0.177s] Level 1:colcon.colcon_core.package_discovery:discover_packages(path) check parameters
[0.177s] Level 1:colcon.colcon_core.package_discovery:discover_packages(colcon_meta) discover
[0.177s] Level 1:colcon.colcon_core.package_discovery:discover_packages(recursive) discover
[0.177s] INFO:colcon.colcon_core.package_discovery:Crawling recursively for packages in '/ws'
[0.177s] Level 1:colcon.colcon_core.package_identification:_identify(.) by extensions ['ignore', 'ignore_ament_install']
[0.177s] Level 1:colcon.colcon_core.package_identification:_identify(.) by extension 'ignore'
[0.178s] Level 1:colcon.colcon_core.package_identification:_identify(.) by extension 'ignore_ament_install'
[0.178s] Level 1:colcon.colcon_core.package_identification:_identify(.) by extensions ['colcon_pkg']
[0.178s] Level 1:colcon.colcon_core.package_identification:_identify(.) by extension 'colcon_pkg'
[0.178s] Level 1:colcon.colcon_core.package_identification:_identify(.) by extensions ['colcon_meta']
[0.178s] Level 1:colcon.colcon_core.package_identification:_identify(.) by extension 'colcon_meta'
[0.178s] Level 1:colcon.colcon_core.package_identification:_identify(.) by extensions ['ros']
[0.178s] Level 1:colcon.colcon_core.package_identification:_identify(.) by extension 'ros'
[0.210s] Level 1:colcon.colcon_core.package_identification:_identify(.) by extensions ['cmake', 'python']
[0.210s] Level 1:colcon.colcon_core.package_identification:_identify(.) by extension 'cmake'
[0.210s] Level 1:colcon.colcon_core.package_identification:_identify(.) by extension 'python'
[0.210s] Level 1:colcon.colcon_core.package_identification:_identify(.) by extensions ['python_setup_py']
[0.210s] Level 1:colcon.colcon_core.package_identification:_identify(.) by extension 'python_setup_py'
[0.210s] Level 1:colcon.colcon_core.package_identification:_identify(build) by extensions ['ignore', 'ignore_ament_install']
[0.210s] Level 1:colcon.colcon_core.package_identification:_identify(build) by extension 'ignore'
[0.210s] Level 1:colcon.colcon_core.package_identification:_identify(build) ignored
[0.210s] Level 1:colcon.colcon_core.package_identification:_identify(install) by extensions ['ignore', 'ignore_ament_install']
[0.210s] Level 1:colcon.colcon_core.package_identification:_identify(install) by extension 'ignore'
[0.210s] Level 1:colcon.colcon_core.package_identification:_identify(install) ignored
[0.210s] Level 1:colcon.colcon_core.package_identification:_identify(log) by extensions ['ignore', 'ignore_ament_install']
[0.211s] Level 1:colcon.colcon_core.package_identification:_identify(log) by extension 'ignore'
[0.211s] Level 1:colcon.colcon_core.package_identification:_identify(log) ignored
[0.211s] Level 1:colcon.colcon_core.package_identification:_identify(src) by extensions ['ignore', 'ignore_ament_install']
[0.211s] Level 1:colcon.colcon_core.package_identification:_identify(src) by extension 'ignore'
[0.211s] Level 1:colcon.colcon_core.package_identification:_identify(src) by extension 'ignore_ament_install'
[0.211s] Level 1:colcon.colcon_core.package_identification:_identify(src) by extensions ['colcon_pkg']
[0.211s] Level 1:colcon.colcon_core.package_identification:_identify(src) by extension 'colcon_pkg'
[0.211s] Level 1:colcon.colcon_core.package_identification:_identify(src) by extensions ['colcon_meta']
[0.211s] Level 1:colcon.colcon_core.package_identification:_identify(src) by extension 'colcon_meta'
[0.211s] Level 1:colcon.colcon_core.package_identification:_identify(src) by extensions ['ros']
[0.211s] Level 1:colcon.colcon_core.package_identification:_identify(src) by extension 'ros'
[0.211s] Level 1:colcon.colcon_core.package_identification:_identify(src) by extensions ['cmake', 'python']
[0.211s] Level 1:colcon.colcon_core.package_identification:_identify(src) by extension 'cmake'
[0.211s] Level 1:colcon.colcon_core.package_identification:_identify(src) by extension 'python'
[0.211s] Level 1:colcon.colcon_core.package_identification:_identify(src) by extensions ['python_setup_py']
[0.211s] Level 1:colcon.colcon_core.package_identification:_identify(src) by extension 'python_setup_py'
[0.211s] Level 1:colcon.colcon_core.package_identification:_identify(src/car_comms) by extensions ['ignore', 'ignore_ament_install']
[0.211s] Level 1:colcon.colcon_core.package_identification:_identify(src/car_comms) by extension 'ignore'
[0.211s] Level 1:colcon.colcon_core.package_identification:_identify(src/car_comms) by extension 'ignore_ament_install'
[0.211s] Level 1:colcon.colcon_core.package_identification:_identify(src/car_comms) by extensions ['colcon_pkg']
[0.211s] Level 1:colcon.colcon_core.package_identification:_identify(src/car_comms) by extension 'colcon_pkg'
[0.212s] Level 1:colcon.colcon_core.package_identification:_identify(src/car_comms) by extensions ['colcon_meta']
[0.212s] Level 1:colcon.colcon_core.package_identification:_identify(src/car_comms) by extension 'colcon_meta'
[0.212s] Level 1:colcon.colcon_core.package_identification:_identify(src/car_comms) by extensions ['ros']
[0.212s] Level 1:colcon.colcon_core.package_identification:_identify(src/car_comms) by extension 'ros'
[0.216s] DEBUG:colcon.colcon_core.package_identification:Package 'src/car_comms' with type 'ros.ament_python' and name 'car_comms'
[0.216s] Level 1:colcon.colcon_core.package_identification:_identify(src/car_control) by extensions ['ignore', 'ignore_ament_install']
[0.216s] Level 1:colcon.colcon_core.package_identification:_identify(src/car_control) by extension 'ignore'
[0.216s] Level 1:colcon.colcon_core.package_identification:_identify(src/car_control) by extension 'ignore_ament_install'
[0.216s] Level 1:colcon.colcon_core.package_identification:_identify(src/car_control) by extensions ['colcon_pkg']
[0.216s] Level 1:colcon.colcon_core.package_identification:_identify(src/car_control) by extension 'colcon_pkg'
[0.216s] Level 1:colcon.colcon_core.package_identification:_identify(src/car_control) by extensions ['colcon_meta']
[0.216s] Level 1:colcon.colcon_core.package_identification:_identify(src/car_control) by extension 'colcon_meta'
[0.216s] Level 1:colcon.colcon_core.package_identification:_identify(src/car_control) by extensions ['ros']
[0.216s] Level 1:colcon.colcon_core.package_identification:_identify(src/car_control) by extension 'ros'
[0.217s] DEBUG:colcon.colcon_core.package_identification:Package 'src/car_control' with type 'ros.ament_python' and name 'car_control'
[0.217s] Level 1:colcon.colcon_core.package_identification:_identify(src/car_msgs) by extensions ['ignore', 'ignore_ament_install']
[0.217s] Level 1:colcon.colcon_core.package_identification:_identify(src/car_msgs) by extension 'ignore'
[0.218s] Level 1:colcon.colcon_core.package_identification:_identify(src/car_msgs) by extension 'ignore_ament_install'
[0.218s] Level 1:colcon.colcon_core.package_identification:_identify(src/car_msgs) by extensions ['colcon_pkg']
[0.218s] Level 1:colcon.colcon_core.package_identification:_identify(src/car_msgs) by extension 'colcon_pkg'
[0.218s] Level 1:colcon.colcon_core.package_identification:_identify(src/car_msgs) by extensions ['colcon_meta']
[0.218s] Level 1:colcon.colcon_core.package_identification:_identify(src/car_msgs) by extension 'colcon_meta'
[0.218s] Level 1:colcon.colcon_core.package_identification:_identify(src/car_msgs) by extensions ['ros']
[0.218s] Level 1:colcon.colcon_core.package_identification:_identify(src/car_msgs) by extension 'ros'
[0.218s] DEBUG:colcon.colcon_core.package_identification:Package 'src/car_msgs' with type 'ros.ament_cmake' and name 'car_msgs'
[0.218s] Level 1:colcon.colcon_core.package_identification:_identify(src/car_planning) by extensions ['ignore', 'ignore_ament_install']
[0.218s] Level 1:colcon.colcon_core.package_identification:_identify(src/car_planning) by extension 'ignore'
[0.218s] Level 1:colcon.colcon_core.package_identification:_identify(src/car_planning) by extension 'ignore_ament_install'
[0.218s] Level 1:colcon.colcon_core.package_identification:_identify(src/car_planning) by extensions ['colcon_pkg']
[0.219s] Level 1:colcon.colcon_core.package_identification:_identify(src/car_planning) by extension 'colcon_pkg'
[0.219s] Level 1:colcon.colcon_core.package_identification:_identify(src/car_planning) by extensions ['colcon_meta']
[0.219s] Level 1:colcon.colcon_core.package_identification:_identify(src/car_planning) by extension 'colcon_meta'
[0.219s] Level 1:colcon.colcon_core.package_identification:_identify(src/car_planning) by extensions ['ros']
[0.219s] Level 1:colcon.colcon_core.package_identification:_identify(src/car_planning) by extension 'ros'
[0.219s] DEBUG:colcon.colcon_core.package_identification:Package 'src/car_planning' with type 'ros.ament_python' and name 'car_planning'
[0.219s] Level 1:colcon.colcon_core.package_identification:_identify(src/car_vision) by extensions ['ignore', 'ignore_ament_install']
[0.220s] Level 1:colcon.colcon_core.package_identification:_identify(src/car_vision) by extension 'ignore'
[0.220s] Level 1:colcon.colcon_core.package_identification:_identify(src/car_vision) by extension 'ignore_ament_install'
[0.220s] Level 1:colcon.colcon_core.package_identification:_identify(src/car_vision) by extensions ['colcon_pkg']
[0.220s] Level 1:colcon.colcon_core.package_identification:_identify(src/car_vision) by extension 'colcon_pkg'
[0.220s] Level 1:colcon.colcon_core.package_identification:_identify(src/car_vision) by extensions ['colcon_meta']
[0.220s] Level 1:colcon.colcon_core.package_identification:_identify(src/car_vision) by extension 'colcon_meta'
[0.220s] Level 1:colcon.colcon_core.package_identification:_identify(src/car_vision) by extensions ['ros']
[0.220s] Level 1:colcon.colcon_core.package_identification:_identify(src/car_vision) by extension 'ros'
[0.220s] DEBUG:colcon.colcon_core.package_identification:Package 'src/car_vision' with type 'ros.ament_python' and name 'car_vision'
[0.220s] Level 1:colcon.colcon_core.package_identification:_identify(src/vision_pkg) by extensions ['ignore', 'ignore_ament_install']
[0.221s] Level 1:colcon.colcon_core.package_identification:_identify(src/vision_pkg) by extension 'ignore'
[0.221s] Level 1:colcon.colcon_core.package_identification:_identify(src/vision_pkg) by extension 'ignore_ament_install'
[0.221s] Level 1:colcon.colcon_core.package_identification:_identify(src/vision_pkg) by extensions ['colcon_pkg']
[0.221s] Level 1:colcon.colcon_core.package_identification:_identify(src/vision_pkg) by extension 'colcon_pkg'
[0.221s] Level 1:colcon.colcon_core.package_identification:_identify(src/vision_pkg) by extensions ['colcon_meta']
[0.221s] Level 1:colcon.colcon_core.package_identification:_identify(src/vision_pkg) by extension 'colcon_meta'
[0.221s] Level 1:colcon.colcon_core.package_identification:_identify(src/vision_pkg) by extensions ['ros']
[0.221s] Level 1:colcon.colcon_core.package_identification:_identify(src/vision_pkg) by extension 'ros'
[0.221s] DEBUG:colcon.colcon_core.package_identification:Package 'src/vision_pkg' with type 'ros.ament_python' and name 'vision_pkg'
[0.221s] Level 1:colcon.colcon_core.package_discovery:discover_packages(recursive) using defaults
[0.221s] Level 1:colcon.colcon_core.package_discovery:discover_packages(ignore) discover
[0.221s] Level 1:colcon.colcon_core.package_discovery:discover_packages(ignore) using defaults
[0.221s] Level 1:colcon.colcon_core.package_discovery:discover_packages(path) discover
[0.221s] Level 1:colcon.colcon_core.package_discovery:discover_packages(path) using defaults
[0.244s] Level 5:colcon.colcon_core.verb:set package 'car_msgs' build argument 'cmake_args' from command line to 'None'
[0.244s] Level 5:colcon.colcon_core.verb:set package 'car_msgs' build argument 'cmake_target' from command line to 'None'
[0.244s] Level 5:colcon.colcon_core.verb:set package 'car_msgs' build argument 'cmake_target_skip_unavailable' from command line to 'False'
[0.244s] Level 5:colcon.colcon_core.verb:set package 'car_msgs' build argument 'cmake_clean_cache' from command line to 'False'
[0.244s] Level 5:colcon.colcon_core.verb:set package 'car_msgs' build argument 'cmake_clean_first' from command line to 'False'
[0.244s] Level 5:colcon.colcon_core.verb:set package 'car_msgs' build argument 'cmake_force_configure' from command line to 'False'
[0.244s] Level 5:colcon.colcon_core.verb:set package 'car_msgs' build argument 'ament_cmake_args' from command line to 'None'
[0.244s] Level 5:colcon.colcon_core.verb:set package 'car_msgs' build argument 'catkin_cmake_args' from command line to 'None'
[0.244s] Level 5:colcon.colcon_core.verb:set package 'car_msgs' build argument 'catkin_skip_building_tests' from command line to 'False'
[0.244s] DEBUG:colcon.colcon_core.verb:Building package 'car_msgs' with the following arguments: {'ament_cmake_args': None, 'build_base': '/ws/build/car_msgs', 'catkin_cmake_args': None, 'catkin_skip_building_tests': False, 'cmake_args': None, 'cmake_clean_cache': False, 'cmake_clean_first': False, 'cmake_force_configure': False, 'cmake_target': None, 'cmake_target_skip_unavailable': False, 'install_base': '/ws/install/car_msgs', 'merge_install': False, 'path': '/ws/src/car_msgs', 'symlink_install': True, 'test_result_base': None}
[0.244s] Level 5:colcon.colcon_core.verb:set package 'vision_pkg' build argument 'cmake_args' from command line to 'None'
[0.244s] Level 5:colcon.colcon_core.verb:set package 'vision_pkg' build argument 'cmake_target' from command line to 'None'
[0.244s] Level 5:colcon.colcon_core.verb:set package 'vision_pkg' build argument 'cmake_target_skip_unavailable' from command line to 'False'
[0.244s] Level 5:colcon.colcon_core.verb:set package 'vision_pkg' build argument 'cmake_clean_cache' from command line to 'False'
[0.244s] Level 5:colcon.colcon_core.verb:set package 'vision_pkg' build argument 'cmake_clean_first' from command line to 'False'
[0.244s] Level 5:colcon.colcon_core.verb:set package 'vision_pkg' build argument 'cmake_force_configure' from command line to 'False'
[0.244s] Level 5:colcon.colcon_core.verb:set package 'vision_pkg' build argument 'ament_cmake_args' from command line to 'None'
[0.244s] Level 5:colcon.colcon_core.verb:set package 'vision_pkg' build argument 'catkin_cmake_args' from command line to 'None'
[0.244s] Level 5:colcon.colcon_core.verb:set package 'vision_pkg' build argument 'catkin_skip_building_tests' from command line to 'False'
[0.244s] DEBUG:colcon.colcon_core.verb:Building package 'vision_pkg' with the following arguments: {'ament_cmake_args': None, 'build_base': '/ws/build/vision_pkg', 'catkin_cmake_args': None, 'catkin_skip_building_tests': False, 'cmake_args': None, 'cmake_clean_cache': False, 'cmake_clean_first': False, 'cmake_force_configure': False, 'cmake_target': None, 'cmake_target_skip_unavailable': False, 'install_base': '/ws/install/vision_pkg', 'merge_install': False, 'path': '/ws/src/vision_pkg', 'symlink_install': True, 'test_result_base': None}
[0.245s] Level 5:colcon.colcon_core.verb:set package 'car_comms' build argument 'cmake_args' from command line to 'None'
[0.245s] Level 5:colcon.colcon_core.verb:set package 'car_comms' build argument 'cmake_target' from command line to 'None'
[0.245s] Level 5:colcon.colcon_core.verb:set package 'car_comms' build argument 'cmake_target_skip_unavailable' from command line to 'False'
[0.245s] Level 5:colcon.colcon_core.verb:set package 'car_comms' build argument 'cmake_clean_cache' from command line to 'False'
[0.245s] Level 5:colcon.colcon_core.verb:set package 'car_comms' build argument 'cmake_clean_first' from command line to 'False'
[0.245s] Level 5:colcon.colcon_core.verb:set package 'car_comms' build argument 'cmake_force_configure' from command line to 'False'
[0.245s] Level 5:colcon.colcon_core.verb:set package 'car_comms' build argument 'ament_cmake_args' from command line to 'None'
[0.245s] Level 5:colcon.colcon_core.verb:set package 'car_comms' build argument 'catkin_cmake_args' from command line to 'None'
[0.245s] Level 5:colcon.colcon_core.verb:set package 'car_comms' build argument 'catkin_skip_building_tests' from command line to 'False'
[0.245s] DEBUG:colcon.colcon_core.verb:Building package 'car_comms' with the following arguments: {'ament_cmake_args': None, 'build_base': '/ws/build/car_comms', 'catkin_cmake_args': None, 'catkin_skip_building_tests': False, 'cmake_args': None, 'cmake_clean_cache': False, 'cmake_clean_first': False, 'cmake_force_configure': False, 'cmake_target': None, 'cmake_target_skip_unavailable': False, 'install_base': '/ws/install/car_comms', 'merge_install': False, 'path': '/ws/src/car_comms', 'symlink_install': True, 'test_result_base': None}
[0.245s] Level 5:colcon.colcon_core.verb:set package 'car_control' build argument 'cmake_args' from command line to 'None'
[0.245s] Level 5:colcon.colcon_core.verb:set package 'car_control' build argument 'cmake_target' from command line to 'None'
[0.245s] Level 5:colcon.colcon_core.verb:set package 'car_control' build argument 'cmake_target_skip_unavailable' from command line to 'False'
[0.245s] Level 5:colcon.colcon_core.verb:set package 'car_control' build argument 'cmake_clean_cache' from command line to 'False'
[0.245s] Level 5:colcon.colcon_core.verb:set package 'car_control' build argument 'cmake_clean_first' from command line to 'False'
[0.245s] Level 5:colcon.colcon_core.verb:set package 'car_control' build argument 'cmake_force_configure' from command line to 'False'
[0.245s] Level 5:colcon.colcon_core.verb:set package 'car_control' build argument 'ament_cmake_args' from command line to 'None'
[0.245s] Level 5:colcon.colcon_core.verb:set package 'car_control' build argument 'catkin_cmake_args' from command line to 'None'
[0.246s] Level 5:colcon.colcon_core.verb:set package 'car_control' build argument 'catkin_skip_building_tests' from command line to 'False'
[0.246s] DEBUG:colcon.colcon_core.verb:Building package 'car_control' with the following arguments: {'ament_cmake_args': None, 'build_base': '/ws/build/car_control', 'catkin_cmake_args': None, 'catkin_skip_building_tests': False, 'cmake_args': None, 'cmake_clean_cache': False, 'cmake_clean_first': False, 'cmake_force_configure': False, 'cmake_target': None, 'cmake_target_skip_unavailable': False, 'install_base': '/ws/install/car_control', 'merge_install': False, 'path': '/ws/src/car_control', 'symlink_install': True, 'test_result_base': None}
[0.246s] Level 5:colcon.colcon_core.verb:set package 'car_planning' build argument 'cmake_args' from command line to 'None'
[0.246s] Level 5:colcon.colcon_core.verb:set package 'car_planning' build argument 'cmake_target' from command line to 'None'
[0.246s] Level 5:colcon.colcon_core.verb:set package 'car_planning' build argument 'cmake_target_skip_unavailable' from command line to 'False'
[0.246s] Level 5:colcon.colcon_core.verb:set package 'car_planning' build argument 'cmake_clean_cache' from command line to 'False'
[0.246s] Level 5:colcon.colcon_core.verb:set package 'car_planning' build argument 'cmake_clean_first' from command line to 'False'
[0.246s] Level 5:colcon.colcon_core.verb:set package 'car_planning' build argument 'cmake_force_configure' from command line to 'False'
[0.246s] Level 5:colcon.colcon_core.verb:set package 'car_planning' build argument 'ament_cmake_args' from command line to 'None'
[0.246s] Level 5:colcon.colcon_core.verb:set package 'car_planning' build argument 'catkin_cmake_args' from command line to 'None'
[0.246s] Level 5:colcon.colcon_core.verb:set package 'car_planning' build argument 'catkin_skip_building_tests' from command line to 'False'
[0.246s] DEBUG:colcon.colcon_core.verb:Building package 'car_planning' with the following arguments: {'ament_cmake_args': None, 'build_base': '/ws/build/car_planning', 'catkin_cmake_args': None, 'catkin_skip_building_tests': False, 'cmake_args': None, 'cmake_clean_cache': False, 'cmake_clean_first': False, 'cmake_force_configure': False, 'cmake_target': None, 'cmake_target_skip_unavailable': False, 'install_base': '/ws/install/car_planning', 'merge_install': False, 'path': '/ws/src/car_planning', 'symlink_install': True, 'test_result_base': None}
[0.246s] Level 5:colcon.colcon_core.verb:set package 'car_vision' build argument 'cmake_args' from command line to 'None'
[0.246s] Level 5:colcon.colcon_core.verb:set package 'car_vision' build argument 'cmake_target' from command line to 'None'
[0.246s] Level 5:colcon.colcon_core.verb:set package 'car_vision' build argument 'cmake_target_skip_unavailable' from command line to 'False'
[0.246s] Level 5:colcon.colcon_core.verb:set package 'car_vision' build argument 'cmake_clean_cache' from command line to 'False'
[0.246s] Level 5:colcon.colcon_core.verb:set package 'car_vision' build argument 'cmake_clean_first' from command line to 'False'
[0.246s] Level 5:colcon.colcon_core.verb:set package 'car_vision' build argument 'cmake_force_configure' from command line to 'False'
[0.246s] Level 5:colcon.colcon_core.verb:set package 'car_vision' build argument 'ament_cmake_args' from command line to 'None'
[0.246s] Level 5:colcon.colcon_core.verb:set package 'car_vision' build argument 'catkin_cmake_args' from command line to 'None'
[0.246s] Level 5:colcon.colcon_core.verb:set package 'car_vision' build argument 'catkin_skip_building_tests' from command line to 'False'
[0.246s] DEBUG:colcon.colcon_core.verb:Building package 'car_vision' with the following arguments: {'ament_cmake_args': None, 'build_base': '/ws/build/car_vision', 'catkin_cmake_args': None, 'catkin_skip_building_tests': False, 'cmake_args': None, 'cmake_clean_cache': False, 'cmake_clean_first': False, 'cmake_force_configure': False, 'cmake_target': None, 'cmake_target_skip_unavailable': False, 'install_base': '/ws/install/car_vision', 'merge_install': False, 'path': '/ws/src/car_vision', 'symlink_install': True, 'test_result_base': None}
[0.247s] INFO:colcon.colcon_core.executor:Executing jobs using 'parallel' executor
[0.248s] DEBUG:colcon.colcon_parallel_executor.executor.parallel:run_until_complete
[0.248s] INFO:colcon.colcon_ros.task.ament_cmake.build:Building ROS package in '/ws/src/car_msgs' with build type 'ament_cmake'
[0.248s] INFO:colcon.colcon_cmake.task.cmake.build:Building CMake package in '/ws/src/car_msgs'
[0.251s] INFO:colcon.colcon_core.plugin_system:Skipping extension 'colcon_core.shell.bat': Not used on non-Windows systems
[0.251s] INFO:colcon.colcon_core.shell:Skip shell extension 'powershell' for command environment: Not usable outside of PowerShell
[0.251s] DEBUG:colcon.colcon_core.shell:Skip shell extension 'dsv' for command environment
[0.256s] INFO:colcon.colcon_ros.task.ament_python.build:Building ROS package in '/ws/src/vision_pkg' with build type 'ament_python'
[0.256s] Level 1:colcon.colcon_core.shell:create_environment_hook('vision_pkg', 'ament_prefix_path')
[0.257s] INFO:colcon.colcon_core.shell:Creating environment hook '/ws/install/vision_pkg/share/vision_pkg/hook/ament_prefix_path.ps1'
[0.257s] INFO:colcon.colcon_core.shell:Creating environment descriptor '/ws/install/vision_pkg/share/vision_pkg/hook/ament_prefix_path.dsv'
[0.258s] INFO:colcon.colcon_core.shell:Creating environment hook '/ws/install/vision_pkg/share/vision_pkg/hook/ament_prefix_path.sh'
[0.259s] INFO:colcon.colcon_core.shell:Skip shell extension 'powershell' for command environment: Not usable outside of PowerShell
[0.259s] DEBUG:colcon.colcon_core.shell:Skip shell extension 'dsv' for command environment
[0.265s] DEBUG:colcon.colcon_core.event_handler.log_command:Invoking command in '/ws/build/car_msgs': CMAKE_PREFIX_PATH=${CMAKE_PREFIX_PATH}:/ws/install/vision_pkg:/ws/install/car_vision:/ws/install/car_planning:/ws/install/car_control:/ws/install/car_comms:/opt/ros/jazzy /usr/bin/cmake --build /ws/build/car_msgs -- -j4 -l4
[0.711s] INFO:colcon.colcon_core.task.python.build:Building Python package in '/ws/src/vision_pkg'
[0.711s] INFO:colcon.colcon_core.shell:Skip shell extension 'powershell' for command environment: Not usable outside of PowerShell
[0.711s] DEBUG:colcon.colcon_core.shell:Skip shell extension 'dsv' for command environment
[1.153s] DEBUG:colcon.colcon_core.event_handler.log_command:Invoked command in '/ws/build/car_msgs' returned '0': CMAKE_PREFIX_PATH=${CMAKE_PREFIX_PATH}:/ws/install/vision_pkg:/ws/install/car_vision:/ws/install/car_planning:/ws/install/car_control:/ws/install/car_comms:/opt/ros/jazzy /usr/bin/cmake --build /ws/build/car_msgs -- -j4 -l4
[1.163s] DEBUG:colcon.colcon_core.event_handler.log_command:Invoking command in '/ws/build/car_msgs': CMAKE_PREFIX_PATH=${CMAKE_PREFIX_PATH}:/ws/install/vision_pkg:/ws/install/car_vision:/ws/install/car_planning:/ws/install/car_control:/ws/install/car_comms:/opt/ros/jazzy /usr/bin/cmake --install /ws/build/car_msgs
[1.258s] Level 1:colcon.colcon_core.environment:create_environment_scripts_only(car_msgs)
[1.260s] DEBUG:colcon.colcon_core.event_handler.log_command:Invoked command in '/ws/build/car_msgs' returned '0': CMAKE_PREFIX_PATH=${CMAKE_PREFIX_PATH}:/ws/install/vision_pkg:/ws/install/car_vision:/ws/install/car_planning:/ws/install/car_control:/ws/install/car_comms:/opt/ros/jazzy /usr/bin/cmake --install /ws/build/car_msgs
[1.261s] Level 1:colcon.colcon_core.environment:checking '/ws/install/car_msgs' for CMake module files
[1.262s] Level 1:colcon.colcon_core.environment:checking '/ws/install/car_msgs' for CMake config files
[1.263s] Level 1:colcon.colcon_core.shell:create_environment_hook('car_msgs', 'cmake_prefix_path')
[1.263s] INFO:colcon.colcon_core.shell:Creating environment hook '/ws/install/car_msgs/share/car_msgs/hook/cmake_prefix_path.ps1'
[1.263s] INFO:colcon.colcon_core.shell:Creating environment descriptor '/ws/install/car_msgs/share/car_msgs/hook/cmake_prefix_path.dsv'
[1.264s] INFO:colcon.colcon_core.shell:Creating environment hook '/ws/install/car_msgs/share/car_msgs/hook/cmake_prefix_path.sh'
[1.265s] Level 1:colcon.colcon_core.environment:checking '/ws/install/car_msgs/lib'
[1.265s] Level 1:colcon.colcon_core.shell:create_environment_hook('car_msgs', 'ld_library_path_lib')
[1.265s] INFO:colcon.colcon_core.shell:Creating environment hook '/ws/install/car_msgs/share/car_msgs/hook/ld_library_path_lib.ps1'
[1.266s] INFO:colcon.colcon_core.shell:Creating environment descriptor '/ws/install/car_msgs/share/car_msgs/hook/ld_library_path_lib.dsv'
[1.267s] INFO:colcon.colcon_core.shell:Creating environment hook '/ws/install/car_msgs/share/car_msgs/hook/ld_library_path_lib.sh'
[1.267s] Level 1:colcon.colcon_core.environment:checking '/ws/install/car_msgs/bin'
[1.267s] Level 1:colcon.colcon_core.environment:checking '/ws/install/car_msgs/lib/pkgconfig/car_msgs.pc'
[1.268s] Level 1:colcon.colcon_core.environment:checking '/ws/install/car_msgs/lib/python3.12/site-packages'
[1.268s] Level 1:colcon.colcon_core.shell:create_environment_hook('car_msgs', 'pythonpath')
[1.268s] INFO:colcon.colcon_core.shell:Creating environment hook '/ws/install/car_msgs/share/car_msgs/hook/pythonpath.ps1'
[1.268s] INFO:colcon.colcon_core.shell:Creating environment descriptor '/ws/install/car_msgs/share/car_msgs/hook/pythonpath.dsv'
[1.269s] INFO:colcon.colcon_core.shell:Creating environment hook '/ws/install/car_msgs/share/car_msgs/hook/pythonpath.sh'
[1.270s] Level 1:colcon.colcon_core.environment:checking '/ws/install/car_msgs/bin'
[1.270s] INFO:colcon.colcon_core.shell:Creating package script '/ws/install/car_msgs/share/car_msgs/package.ps1'
[1.271s] INFO:colcon.colcon_core.shell:Creating package descriptor '/ws/install/car_msgs/share/car_msgs/package.dsv'
[1.272s] INFO:colcon.colcon_core.shell:Creating package script '/ws/install/car_msgs/share/car_msgs/package.sh'
[1.272s] INFO:colcon.colcon_core.shell:Creating package script '/ws/install/car_msgs/share/car_msgs/package.bash'
[1.273s] INFO:colcon.colcon_core.shell:Creating package script '/ws/install/car_msgs/share/car_msgs/package.zsh'
[1.274s] Level 1:colcon.colcon_core.environment:create_file_with_runtime_dependencies(/ws/install/car_msgs/share/colcon-core/packages/car_msgs)
[1.275s] Level 1:colcon.colcon_core.environment:create_environment_scripts_only(car_msgs)
[1.275s] Level 1:colcon.colcon_core.environment:checking '/ws/install/car_msgs' for CMake module files
[1.276s] Level 1:colcon.colcon_core.environment:checking '/ws/install/car_msgs' for CMake config files
[1.277s] Level 1:colcon.colcon_core.shell:create_environment_hook('car_msgs', 'cmake_prefix_path')
[1.277s] INFO:colcon.colcon_core.shell:Creating environment hook '/ws/install/car_msgs/share/car_msgs/hook/cmake_prefix_path.ps1'
[1.277s] INFO:colcon.colcon_core.shell:Creating environment descriptor '/ws/install/car_msgs/share/car_msgs/hook/cmake_prefix_path.dsv'
[1.278s] INFO:colcon.colcon_core.shell:Creating environment hook '/ws/install/car_msgs/share/car_msgs/hook/cmake_prefix_path.sh'
[1.279s] Level 1:colcon.colcon_core.environment:checking '/ws/install/car_msgs/lib'
[1.279s] Level 1:colcon.colcon_core.shell:create_environment_hook('car_msgs', 'ld_library_path_lib')
[1.279s] INFO:colcon.colcon_core.shell:Creating environment hook '/ws/install/car_msgs/share/car_msgs/hook/ld_library_path_lib.ps1'
[1.279s] INFO:colcon.colcon_core.shell:Creating environment descriptor '/ws/install/car_msgs/share/car_msgs/hook/ld_library_path_lib.dsv'
[1.280s] INFO:colcon.colcon_core.shell:Creating environment hook '/ws/install/car_msgs/share/car_msgs/hook/ld_library_path_lib.sh'
[1.281s] Level 1:colcon.colcon_core.environment:checking '/ws/install/car_msgs/bin'
[1.281s] Level 1:colcon.colcon_core.environment:checking '/ws/install/car_msgs/lib/pkgconfig/car_msgs.pc'
[1.281s] Level 1:colcon.colcon_core.environment:checking '/ws/install/car_msgs/lib/python3.12/site-packages'
[1.281s] Level 1:colcon.colcon_core.shell:create_environment_hook('car_msgs', 'pythonpath')
[1.281s] INFO:colcon.colcon_core.shell:Creating environment hook '/ws/install/car_msgs/share/car_msgs/hook/pythonpath.ps1'
[1.282s] INFO:colcon.colcon_core.shell:Creating environment descriptor '/ws/install/car_msgs/share/car_msgs/hook/pythonpath.dsv'
[1.282s] INFO:colcon.colcon_core.shell:Creating environment hook '/ws/install/car_msgs/share/car_msgs/hook/pythonpath.sh'
[1.283s] Level 1:colcon.colcon_core.environment:checking '/ws/install/car_msgs/bin'
[1.284s] INFO:colcon.colcon_core.shell:Creating package script '/ws/install/car_msgs/share/car_msgs/package.ps1'
[1.284s] INFO:colcon.colcon_core.shell:Creating package descriptor '/ws/install/car_msgs/share/car_msgs/package.dsv'
[1.285s] INFO:colcon.colcon_core.shell:Creating package script '/ws/install/car_msgs/share/car_msgs/package.sh'
[1.286s] INFO:colcon.colcon_core.shell:Creating package script '/ws/install/car_msgs/share/car_msgs/package.bash'
[1.286s] INFO:colcon.colcon_core.shell:Creating package script '/ws/install/car_msgs/share/car_msgs/package.zsh'
[1.287s] Level 1:colcon.colcon_core.environment:create_file_with_runtime_dependencies(/ws/install/car_msgs/share/colcon-core/packages/car_msgs)
[1.289s] INFO:colcon.colcon_ros.task.ament_python.build:Building ROS package in '/ws/src/car_comms' with build type 'ament_python'
[1.289s] Level 1:colcon.colcon_core.shell:create_environment_hook('car_comms', 'ament_prefix_path')
[1.290s] INFO:colcon.colcon_core.shell:Creating environment hook '/ws/install/car_comms/share/car_comms/hook/ament_prefix_path.ps1'
[1.290s] INFO:colcon.colcon_core.shell:Creating environment descriptor '/ws/install/car_comms/share/car_comms/hook/ament_prefix_path.dsv'
[1.291s] INFO:colcon.colcon_core.shell:Creating environment hook '/ws/install/car_comms/share/car_comms/hook/ament_prefix_path.sh'
[1.292s] INFO:colcon.colcon_core.shell:Skip shell extension 'powershell' for command environment: Not usable outside of PowerShell
[1.292s] DEBUG:colcon.colcon_core.shell:Skip shell extension 'dsv' for command environment
[1.298s] INFO:colcon.colcon_ros.task.ament_python.build:Building ROS package in '/ws/src/car_control' with build type 'ament_python'
[1.299s] Level 1:colcon.colcon_core.shell:create_environment_hook('car_control', 'ament_prefix_path')
[1.299s] INFO:colcon.colcon_core.shell:Creating environment hook '/ws/install/car_control/share/car_control/hook/ament_prefix_path.ps1'
[1.299s] INFO:colcon.colcon_core.shell:Creating environment descriptor '/ws/install/car_control/share/car_control/hook/ament_prefix_path.dsv'
[1.300s] INFO:colcon.colcon_core.shell:Creating environment hook '/ws/install/car_control/share/car_control/hook/ament_prefix_path.sh'
[1.301s] INFO:colcon.colcon_core.shell:Skip shell extension 'powershell' for command environment: Not usable outside of PowerShell
[1.301s] DEBUG:colcon.colcon_core.shell:Skip shell extension 'dsv' for command environment
[1.307s] INFO:colcon.colcon_ros.task.ament_python.build:Building ROS package in '/ws/src/car_planning' with build type 'ament_python'
[1.308s] Level 1:colcon.colcon_core.shell:create_environment_hook('car_planning', 'ament_prefix_path')
[1.308s] INFO:colcon.colcon_core.shell:Creating environment hook '/ws/install/car_planning/share/car_planning/hook/ament_prefix_path.ps1'
[1.309s] INFO:colcon.colcon_core.shell:Creating environment descriptor '/ws/install/car_planning/share/car_planning/hook/ament_prefix_path.dsv'
[1.309s] INFO:colcon.colcon_core.shell:Creating environment hook '/ws/install/car_planning/share/car_planning/hook/ament_prefix_path.sh'
[1.310s] INFO:colcon.colcon_core.shell:Skip shell extension 'powershell' for command environment: Not usable outside of PowerShell
[1.310s] DEBUG:colcon.colcon_core.shell:Skip shell extension 'dsv' for command environment
[1.573s] INFO:colcon.colcon_core.task.python.build:Building Python package in '/ws/src/car_comms'
[1.573s] INFO:colcon.colcon_core.shell:Skip shell extension 'powershell' for command environment: Not usable outside of PowerShell
[1.573s] DEBUG:colcon.colcon_core.shell:Skip shell extension 'dsv' for command environment
[1.819s] INFO:colcon.colcon_core.task.python.build:Building Python package in '/ws/src/car_control'
[1.820s] INFO:colcon.colcon_core.shell:Skip shell extension 'powershell' for command environment: Not usable outside of PowerShell
[1.820s] DEBUG:colcon.colcon_core.shell:Skip shell extension 'dsv' for command environment
[2.060s] INFO:colcon.colcon_core.task.python.build:Building Python package in '/ws/src/car_planning'
[2.061s] INFO:colcon.colcon_core.shell:Skip shell extension 'powershell' for command environment: Not usable outside of PowerShell
[2.061s] DEBUG:colcon.colcon_core.shell:Skip shell extension 'dsv' for command environment
[2.066s] DEBUG:colcon.colcon_core.event_handler.log_command:Invoking command in '/ws/build/vision_pkg': PYTHONPATH=/ws/build/vision_pkg/prefix_override:/usr/lib/python3/dist-packages/colcon_core/task/python/colcon_distutils_commands:/ws/install/vision_pkg/lib/python3.12/site-packages:${PYTHONPATH} /usr/bin/python3 -W ignore:setup.py install is deprecated -W ignore:easy_install command is deprecated setup.py develop --editable --build-directory /ws/build/vision_pkg/build --no-deps symlink_data
[2.712s] DEBUG:colcon.colcon_core.event_handler.log_command:Invoking command in '/ws/build/car_control': PYTHONPATH=/ws/build/car_control/prefix_override:/usr/lib/python3/dist-packages/colcon_core/task/python/colcon_distutils_commands:/ws/install/car_control/lib/python3.12/site-packages:/ws/install/car_msgs/lib/python3.12/site-packages:/ws/build/vision_pkg:/ws/install/vision_pkg/lib/python3.12/site-packages:/ws/build/car_vision:/ws/install/car_vision/lib/python3.12/site-packages:/ws/build/car_planning:/ws/install/car_planning/lib/python3.12/site-packages:/ws/build/car_control:/ws/install/car_control/lib/python3.12/site-packages:/ws/build/car_comms:/ws/install/car_comms/lib/python3.12/site-packages:/opt/ros/jazzy/lib/python3.12/site-packages /usr/bin/python3 -W ignore:setup.py install is deprecated -W ignore:easy_install command is deprecated setup.py develop --editable --build-directory /ws/build/car_control/build --no-deps symlink_data
[2.727s] DEBUG:colcon.colcon_core.event_handler.log_command:Invoking command in '/ws/build/car_comms': PYTHONPATH=/ws/build/car_comms/prefix_override:/usr/lib/python3/dist-packages/colcon_core/task/python/colcon_distutils_commands:/ws/install/car_comms/lib/python3.12/site-packages:/ws/install/car_msgs/lib/python3.12/site-packages:/ws/build/vision_pkg:/ws/install/vision_pkg/lib/python3.12/site-packages:/ws/build/car_vision:/ws/install/car_vision/lib/python3.12/site-packages:/ws/build/car_planning:/ws/install/car_planning/lib/python3.12/site-packages:/ws/build/car_control:/ws/install/car_control/lib/python3.12/site-packages:/ws/build/car_comms:/ws/install/car_comms/lib/python3.12/site-packages:/opt/ros/jazzy/lib/python3.12/site-packages /usr/bin/python3 -W ignore:setup.py install is deprecated -W ignore:easy_install command is deprecated setup.py develop --editable --build-directory /ws/build/car_comms/build --no-deps symlink_data
[3.142s] DEBUG:colcon.colcon_core.event_handler.log_command:Invoking command in '/ws/build/car_planning': PYTHONPATH=/ws/build/car_planning/prefix_override:/usr/lib/python3/dist-packages/colcon_core/task/python/colcon_distutils_commands:/ws/install/car_planning/lib/python3.12/site-packages:/ws/install/car_msgs/lib/python3.12/site-packages:/ws/build/vision_pkg:/ws/install/vision_pkg/lib/python3.12/site-packages:/ws/build/car_vision:/ws/install/car_vision/lib/python3.12/site-packages:/ws/build/car_planning:/ws/install/car_planning/lib/python3.12/site-packages:/ws/build/car_control:/ws/install/car_control/lib/python3.12/site-packages:/ws/build/car_comms:/ws/install/car_comms/lib/python3.12/site-packages:/opt/ros/jazzy/lib/python3.12/site-packages /usr/bin/python3 -W ignore:setup.py install is deprecated -W ignore:easy_install command is deprecated setup.py develop --editable --build-directory /ws/build/car_planning/build --no-deps symlink_data
[3.410s] Level 1:colcon.colcon_core.shell:create_environment_hook('car_comms', 'pythonpath_develop')
[3.410s] DEBUG:colcon.colcon_core.event_handler.log_command:Invoked command in '/ws/build/car_comms' returned '0': PYTHONPATH=/ws/build/car_comms/prefix_override:/usr/lib/python3/dist-packages/colcon_core/task/python/colcon_distutils_commands:/ws/install/car_comms/lib/python3.12/site-packages:/ws/install/car_msgs/lib/python3.12/site-packages:/ws/build/vision_pkg:/ws/install/vision_pkg/lib/python3.12/site-packages:/ws/build/car_vision:/ws/install/car_vision/lib/python3.12/site-packages:/ws/build/car_planning:/ws/install/car_planning/lib/python3.12/site-packages:/ws/build/car_control:/ws/install/car_control/lib/python3.12/site-packages:/ws/build/car_comms:/ws/install/car_comms/lib/python3.12/site-packages:/opt/ros/jazzy/lib/python3.12/site-packages /usr/bin/python3 -W ignore:setup.py install is deprecated -W ignore:easy_install command is deprecated setup.py develop --editable --build-directory /ws/build/car_comms/build --no-deps symlink_data
[3.411s] INFO:colcon.colcon_core.shell:Creating environment hook '/ws/build/car_comms/share/car_comms/hook/pythonpath_develop.ps1'
[3.415s] INFO:colcon.colcon_core.shell:Creating environment descriptor '/ws/build/car_comms/share/car_comms/hook/pythonpath_develop.dsv'
[3.417s] INFO:colcon.colcon_core.shell:Creating environment hook '/ws/build/car_comms/share/car_comms/hook/pythonpath_develop.sh'
[3.422s] Level 1:colcon.colcon_core.environment:checking '/ws/install/car_comms' for CMake module files
[3.427s] Level 1:colcon.colcon_core.environment:checking '/ws/install/car_comms' for CMake config files
[3.430s] Level 1:colcon.colcon_core.environment:checking '/ws/install/car_comms/lib'
[3.430s] Level 1:colcon.colcon_core.environment:checking '/ws/install/car_comms/bin'
[3.430s] Level 1:colcon.colcon_core.environment:checking '/ws/install/car_comms/lib/pkgconfig/car_comms.pc'
[3.431s] Level 1:colcon.colcon_core.environment:checking '/ws/install/car_comms/lib/python3.12/site-packages'
[3.431s] Level 1:colcon.colcon_core.shell:create_environment_hook('car_comms', 'pythonpath')
[3.431s] INFO:colcon.colcon_core.shell:Creating environment hook '/ws/install/car_comms/share/car_comms/hook/pythonpath.ps1'
[3.432s] INFO:colcon.colcon_core.shell:Creating environment descriptor '/ws/install/car_comms/share/car_comms/hook/pythonpath.dsv'
[3.433s] INFO:colcon.colcon_core.shell:Creating environment hook '/ws/install/car_comms/share/car_comms/hook/pythonpath.sh'
[3.434s] Level 1:colcon.colcon_core.environment:checking '/ws/install/car_comms/bin'
[3.434s] Level 1:colcon.colcon_core.environment:create_environment_scripts_only(car_comms)
[3.434s] INFO:colcon.colcon_core.shell:Creating package script '/ws/install/car_comms/share/car_comms/package.ps1'
[3.435s] INFO:colcon.colcon_core.shell:Creating package descriptor '/ws/install/car_comms/share/car_comms/package.dsv'
[3.436s] INFO:colcon.colcon_core.shell:Creating package script '/ws/install/car_comms/share/car_comms/package.sh'
[3.436s] INFO:colcon.colcon_core.shell:Creating package script '/ws/install/car_comms/share/car_comms/package.bash'
[3.437s] INFO:colcon.colcon_core.shell:Creating package script '/ws/install/car_comms/share/car_comms/package.zsh'
[3.438s] Level 1:colcon.colcon_core.environment:create_file_with_runtime_dependencies(/ws/install/car_comms/share/colcon-core/packages/car_comms)
[3.439s] INFO:colcon.colcon_ros.task.ament_python.build:Building ROS package in '/ws/src/car_vision' with build type 'ament_python'
[3.439s] Level 1:colcon.colcon_core.shell:create_environment_hook('car_vision', 'ament_prefix_path')
[3.439s] INFO:colcon.colcon_core.shell:Creating environment hook '/ws/install/car_vision/share/car_vision/hook/ament_prefix_path.ps1'
[3.441s] INFO:colcon.colcon_core.shell:Creating environment descriptor '/ws/install/car_vision/share/car_vision/hook/ament_prefix_path.dsv'
[3.442s] INFO:colcon.colcon_core.shell:Creating environment hook '/ws/install/car_vision/share/car_vision/hook/ament_prefix_path.sh'
[3.443s] INFO:colcon.colcon_core.shell:Skip shell extension 'powershell' for command environment: Not usable outside of PowerShell
[3.443s] DEBUG:colcon.colcon_core.shell:Skip shell extension 'dsv' for command environment
[3.737s] INFO:colcon.colcon_core.task.python.build:Building Python package in '/ws/src/car_vision'
[3.737s] INFO:colcon.colcon_core.shell:Skip shell extension 'powershell' for command environment: Not usable outside of PowerShell
[3.737s] DEBUG:colcon.colcon_core.shell:Skip shell extension 'dsv' for command environment
[3.741s] Level 1:colcon.colcon_core.shell:create_environment_hook('vision_pkg', 'pythonpath_develop')
[3.742s] INFO:colcon.colcon_core.shell:Creating environment hook '/ws/build/vision_pkg/share/vision_pkg/hook/pythonpath_develop.ps1'
[3.743s] DEBUG:colcon.colcon_core.event_handler.log_command:Invoked command in '/ws/build/vision_pkg' returned '0': PYTHONPATH=/ws/build/vision_pkg/prefix_override:/usr/lib/python3/dist-packages/colcon_core/task/python/colcon_distutils_commands:/ws/install/vision_pkg/lib/python3.12/site-packages:${PYTHONPATH} /usr/bin/python3 -W ignore:setup.py install is deprecated -W ignore:easy_install command is deprecated setup.py develop --editable --build-directory /ws/build/vision_pkg/build --no-deps symlink_data
[3.745s] INFO:colcon.colcon_core.shell:Creating environment descriptor '/ws/build/vision_pkg/share/vision_pkg/hook/pythonpath_develop.dsv'
[3.745s] INFO:colcon.colcon_core.shell:Creating environment hook '/ws/build/vision_pkg/share/vision_pkg/hook/pythonpath_develop.sh'
[3.746s] Level 1:colcon.colcon_core.environment:checking '/ws/install/vision_pkg' for CMake module files
[3.747s] Level 1:colcon.colcon_core.environment:checking '/ws/install/vision_pkg' for CMake config files
[3.747s] Level 1:colcon.colcon_core.environment:checking '/ws/install/vision_pkg/lib'
[3.747s] Level 1:colcon.colcon_core.environment:checking '/ws/install/vision_pkg/bin'
[3.747s] Level 1:colcon.colcon_core.environment:checking '/ws/install/vision_pkg/lib/pkgconfig/vision_pkg.pc'
[3.748s] Level 1:colcon.colcon_core.environment:checking '/ws/install/vision_pkg/lib/python3.12/site-packages'
[3.748s] Level 1:colcon.colcon_core.shell:create_environment_hook('vision_pkg', 'pythonpath')
[3.748s] INFO:colcon.colcon_core.shell:Creating environment hook '/ws/install/vision_pkg/share/vision_pkg/hook/pythonpath.ps1'
[3.749s] INFO:colcon.colcon_core.shell:Creating environment descriptor '/ws/install/vision_pkg/share/vision_pkg/hook/pythonpath.dsv'
[3.749s] INFO:colcon.colcon_core.shell:Creating environment hook '/ws/install/vision_pkg/share/vision_pkg/hook/pythonpath.sh'
[3.750s] Level 1:colcon.colcon_core.environment:checking '/ws/install/vision_pkg/bin'
[3.750s] Level 1:colcon.colcon_core.environment:create_environment_scripts_only(vision_pkg)
[3.751s] INFO:colcon.colcon_core.shell:Creating package script '/ws/install/vision_pkg/share/vision_pkg/package.ps1'
[3.751s] INFO:colcon.colcon_core.shell:Creating package descriptor '/ws/install/vision_pkg/share/vision_pkg/package.dsv'
[3.752s] INFO:colcon.colcon_core.shell:Creating package script '/ws/install/vision_pkg/share/vision_pkg/package.sh'
[3.752s] INFO:colcon.colcon_core.shell:Creating package script '/ws/install/vision_pkg/share/vision_pkg/package.bash'
[3.753s] INFO:colcon.colcon_core.shell:Creating package script '/ws/install/vision_pkg/share/vision_pkg/package.zsh'
[3.758s] Level 1:colcon.colcon_core.environment:create_file_with_runtime_dependencies(/ws/install/vision_pkg/share/colcon-core/packages/vision_pkg)
[3.865s] Level 1:colcon.colcon_core.shell:create_environment_hook('car_planning', 'pythonpath_develop')
[3.866s] INFO:colcon.colcon_core.shell:Creating environment hook '/ws/build/car_planning/share/car_planning/hook/pythonpath_develop.ps1'
[3.866s] DEBUG:colcon.colcon_core.event_handler.log_command:Invoked command in '/ws/build/car_planning' returned '0': PYTHONPATH=/ws/build/car_planning/prefix_override:/usr/lib/python3/dist-packages/colcon_core/task/python/colcon_distutils_commands:/ws/install/car_planning/lib/python3.12/site-packages:/ws/install/car_msgs/lib/python3.12/site-packages:/ws/build/vision_pkg:/ws/install/vision_pkg/lib/python3.12/site-packages:/ws/build/car_vision:/ws/install/car_vision/lib/python3.12/site-packages:/ws/build/car_planning:/ws/install/car_planning/lib/python3.12/site-packages:/ws/build/car_control:/ws/install/car_control/lib/python3.12/site-packages:/ws/build/car_comms:/ws/install/car_comms/lib/python3.12/site-packages:/opt/ros/jazzy/lib/python3.12/site-packages /usr/bin/python3 -W ignore:setup.py install is deprecated -W ignore:easy_install command is deprecated setup.py develop --editable --build-directory /ws/build/car_planning/build --no-deps symlink_data
[3.867s] INFO:colcon.colcon_core.shell:Creating environment descriptor '/ws/build/car_planning/share/car_planning/hook/pythonpath_develop.dsv'
[3.868s] INFO:colcon.colcon_core.shell:Creating environment hook '/ws/build/car_planning/share/car_planning/hook/pythonpath_develop.sh'
[3.869s] Level 1:colcon.colcon_core.environment:checking '/ws/install/car_planning' for CMake module files
[3.871s] Level 1:colcon.colcon_core.environment:checking '/ws/install/car_planning' for CMake config files
[3.873s] Level 1:colcon.colcon_core.environment:checking '/ws/install/car_planning/lib'
[3.873s] Level 1:colcon.colcon_core.environment:checking '/ws/install/car_planning/bin'
[3.873s] Level 1:colcon.colcon_core.environment:checking '/ws/install/car_planning/lib/pkgconfig/car_planning.pc'
[3.874s] Level 1:colcon.colcon_core.environment:checking '/ws/install/car_planning/lib/python3.12/site-packages'
[3.874s] Level 1:colcon.colcon_core.shell:create_environment_hook('car_planning', 'pythonpath')
[3.874s] INFO:colcon.colcon_core.shell:Creating environment hook '/ws/install/car_planning/share/car_planning/hook/pythonpath.ps1'
[3.875s] INFO:colcon.colcon_core.shell:Creating environment descriptor '/ws/install/car_planning/share/car_planning/hook/pythonpath.dsv'
[3.876s] INFO:colcon.colcon_core.shell:Creating environment hook '/ws/install/car_planning/share/car_planning/hook/pythonpath.sh'
[3.877s] Level 1:colcon.colcon_core.environment:checking '/ws/install/car_planning/bin'
[3.877s] Level 1:colcon.colcon_core.environment:create_environment_scripts_only(car_planning)
[3.877s] INFO:colcon.colcon_core.shell:Creating package script '/ws/install/car_planning/share/car_planning/package.ps1'
[3.878s] INFO:colcon.colcon_core.shell:Creating package descriptor '/ws/install/car_planning/share/car_planning/package.dsv'
[3.879s] INFO:colcon.colcon_core.shell:Creating package script '/ws/install/car_planning/share/car_planning/package.sh'
[3.879s] INFO:colcon.colcon_core.shell:Creating package script '/ws/install/car_planning/share/car_planning/package.bash'
[3.880s] INFO:colcon.colcon_core.shell:Creating package script '/ws/install/car_planning/share/car_planning/package.zsh'
[3.881s] Level 1:colcon.colcon_core.environment:create_file_with_runtime_dependencies(/ws/install/car_planning/share/colcon-core/packages/car_planning)
[4.339s] DEBUG:colcon.colcon_core.event_handler.log_command:Invoking command in '/ws/build/car_vision': PYTHONPATH=/ws/build/car_vision/prefix_override:/usr/lib/python3/dist-packages/colcon_core/task/python/colcon_distutils_commands:/ws/install/car_vision/lib/python3.12/site-packages:/ws/install/car_msgs/lib/python3.12/site-packages:/ws/build/vision_pkg:/ws/install/vision_pkg/lib/python3.12/site-packages:/ws/build/car_vision:/ws/install/car_vision/lib/python3.12/site-packages:/ws/build/car_planning:/ws/install/car_planning/lib/python3.12/site-packages:/ws/build/car_control:/ws/install/car_control/lib/python3.12/site-packages:/ws/build/car_comms:/ws/install/car_comms/lib/python3.12/site-packages:/opt/ros/jazzy/lib/python3.12/site-packages /usr/bin/python3 -W ignore:setup.py install is deprecated -W ignore:easy_install command is deprecated setup.py develop --editable --build-directory /ws/build/car_vision/build --no-deps symlink_data
[4.342s] Level 1:colcon.colcon_core.shell:create_environment_hook('car_control', 'pythonpath_develop')
[4.342s] INFO:colcon.colcon_core.shell:Creating environment hook '/ws/build/car_control/share/car_control/hook/pythonpath_develop.ps1'
[4.343s] INFO:colcon.colcon_core.shell:Creating environment descriptor '/ws/build/car_control/share/car_control/hook/pythonpath_develop.dsv'
[4.344s] INFO:colcon.colcon_core.shell:Creating environment hook '/ws/build/car_control/share/car_control/hook/pythonpath_develop.sh'
[4.345s] Level 1:colcon.colcon_core.environment:checking '/ws/install/car_control' for CMake module files
[4.345s] Level 1:colcon.colcon_core.environment:checking '/ws/install/car_control' for CMake config files
[4.346s] Level 1:colcon.colcon_core.environment:checking '/ws/install/car_control/lib'
[4.346s] Level 1:colcon.colcon_core.environment:checking '/ws/install/car_control/bin'
[4.346s] Level 1:colcon.colcon_core.environment:checking '/ws/install/car_control/lib/pkgconfig/car_control.pc'
[4.346s] Level 1:colcon.colcon_core.environment:checking '/ws/install/car_control/lib/python3.12/site-packages'
[4.346s] Level 1:colcon.colcon_core.shell:create_environment_hook('car_control', 'pythonpath')
[4.347s] INFO:colcon.colcon_core.shell:Creating environment hook '/ws/install/car_control/share/car_control/hook/pythonpath.ps1'
[4.347s] DEBUG:colcon.colcon_core.event_handler.log_command:Invoked command in '/ws/build/car_control' returned '0': PYTHONPATH=/ws/build/car_control/prefix_override:/usr/lib/python3/dist-packages/colcon_core/task/python/colcon_distutils_commands:/ws/install/car_control/lib/python3.12/site-packages:/ws/install/car_msgs/lib/python3.12/site-packages:/ws/build/vision_pkg:/ws/install/vision_pkg/lib/python3.12/site-packages:/ws/build/car_vision:/ws/install/car_vision/lib/python3.12/site-packages:/ws/build/car_planning:/ws/install/car_planning/lib/python3.12/site-packages:/ws/build/car_control:/ws/install/car_control/lib/python3.12/site-packages:/ws/build/car_comms:/ws/install/car_comms/lib/python3.12/site-packages:/opt/ros/jazzy/lib/python3.12/site-packages /usr/bin/python3 -W ignore:setup.py install is deprecated -W ignore:easy_install command is deprecated setup.py develop --editable --build-directory /ws/build/car_control/build --no-deps symlink_data
[4.347s] INFO:colcon.colcon_core.shell:Creating environment descriptor '/ws/install/car_control/share/car_control/hook/pythonpath.dsv'
[4.348s] INFO:colcon.colcon_core.shell:Creating environment hook '/ws/install/car_control/share/car_control/hook/pythonpath.sh'
[4.349s] Level 1:colcon.colcon_core.environment:checking '/ws/install/car_control/bin'
[4.349s] Level 1:colcon.colcon_core.environment:create_environment_scripts_only(car_control)
[4.349s] INFO:colcon.colcon_core.shell:Creating package script '/ws/install/car_control/share/car_control/package.ps1'
[4.350s] INFO:colcon.colcon_core.shell:Creating package descriptor '/ws/install/car_control/share/car_control/package.dsv'
[4.351s] INFO:colcon.colcon_core.shell:Creating package script '/ws/install/car_control/share/car_control/package.sh'
[4.351s] INFO:colcon.colcon_core.shell:Creating package script '/ws/install/car_control/share/car_control/package.bash'
[4.352s] INFO:colcon.colcon_core.shell:Creating package script '/ws/install/car_control/share/car_control/package.zsh'
[4.353s] Level 1:colcon.colcon_core.environment:create_file_with_runtime_dependencies(/ws/install/car_control/share/colcon-core/packages/car_control)
[4.907s] Level 1:colcon.colcon_core.shell:create_environment_hook('car_vision', 'pythonpath_develop')
[4.907s] INFO:colcon.colcon_core.shell:Creating environment hook '/ws/build/car_vision/share/car_vision/hook/pythonpath_develop.ps1'
[4.907s] INFO:colcon.colcon_core.shell:Creating environment descriptor '/ws/build/car_vision/share/car_vision/hook/pythonpath_develop.dsv'
[4.908s] DEBUG:colcon.colcon_core.event_handler.log_command:Invoked command in '/ws/build/car_vision' returned '0': PYTHONPATH=/ws/build/car_vision/prefix_override:/usr/lib/python3/dist-packages/colcon_core/task/python/colcon_distutils_commands:/ws/install/car_vision/lib/python3.12/site-packages:/ws/install/car_msgs/lib/python3.12/site-packages:/ws/build/vision_pkg:/ws/install/vision_pkg/lib/python3.12/site-packages:/ws/build/car_vision:/ws/install/car_vision/lib/python3.12/site-packages:/ws/build/car_planning:/ws/install/car_planning/lib/python3.12/site-packages:/ws/build/car_control:/ws/install/car_control/lib/python3.12/site-packages:/ws/build/car_comms:/ws/install/car_comms/lib/python3.12/site-packages:/opt/ros/jazzy/lib/python3.12/site-packages /usr/bin/python3 -W ignore:setup.py install is deprecated -W ignore:easy_install command is deprecated setup.py develop --editable --build-directory /ws/build/car_vision/build --no-deps symlink_data
[4.908s] INFO:colcon.colcon_core.shell:Creating environment hook '/ws/build/car_vision/share/car_vision/hook/pythonpath_develop.sh'
[4.909s] Level 1:colcon.colcon_core.environment:checking '/ws/install/car_vision' for CMake module files
[4.909s] Level 1:colcon.colcon_core.environment:checking '/ws/install/car_vision' for CMake config files
[4.910s] Level 1:colcon.colcon_core.environment:checking '/ws/install/car_vision/lib'
[4.910s] Level 1:colcon.colcon_core.environment:checking '/ws/install/car_vision/bin'
[4.910s] Level 1:colcon.colcon_core.environment:checking '/ws/install/car_vision/lib/pkgconfig/car_vision.pc'
[4.910s] Level 1:colcon.colcon_core.environment:checking '/ws/install/car_vision/lib/python3.12/site-packages'
[4.910s] Level 1:colcon.colcon_core.shell:create_environment_hook('car_vision', 'pythonpath')
[4.911s] INFO:colcon.colcon_core.shell:Creating environment hook '/ws/install/car_vision/share/car_vision/hook/pythonpath.ps1'
[4.911s] INFO:colcon.colcon_core.shell:Creating environment descriptor '/ws/install/car_vision/share/car_vision/hook/pythonpath.dsv'
[4.912s] INFO:colcon.colcon_core.shell:Creating environment hook '/ws/install/car_vision/share/car_vision/hook/pythonpath.sh'
[4.913s] Level 1:colcon.colcon_core.environment:checking '/ws/install/car_vision/bin'
[4.913s] Level 1:colcon.colcon_core.environment:create_environment_scripts_only(car_vision)
[4.913s] INFO:colcon.colcon_core.shell:Creating package script '/ws/install/car_vision/share/car_vision/package.ps1'
[4.913s] INFO:colcon.colcon_core.shell:Creating package descriptor '/ws/install/car_vision/share/car_vision/package.dsv'
[4.914s] INFO:colcon.colcon_core.shell:Creating package script '/ws/install/car_vision/share/car_vision/package.sh'
[4.915s] INFO:colcon.colcon_core.shell:Creating package script '/ws/install/car_vision/share/car_vision/package.bash'
[4.915s] INFO:colcon.colcon_core.shell:Creating package script '/ws/install/car_vision/share/car_vision/package.zsh'
[4.916s] Level 1:colcon.colcon_core.environment:create_file_with_runtime_dependencies(/ws/install/car_vision/share/colcon-core/packages/car_vision)
[4.917s] DEBUG:colcon.colcon_parallel_executor.executor.parallel:closing loop
[4.918s] DEBUG:colcon.colcon_parallel_executor.executor.parallel:loop closed
[4.918s] DEBUG:colcon.colcon_parallel_executor.executor.parallel:run_until_complete finished with '0'
[4.918s] DEBUG:colcon.colcon_core.event_reactor:joining thread
[4.925s] INFO:colcon.colcon_core.plugin_system:Skipping extension 'colcon_notification.desktop_notification.notify_send': Could not find 'notify-send'
[4.925s] INFO:colcon.colcon_core.plugin_system:Skipping extension 'colcon_notification.desktop_notification.terminal_notifier': Not used on non-Darwin systems
[4.925s] INFO:colcon.colcon_core.plugin_system:Skipping extension 'colcon_notification.desktop_notification.win32': Not used on non-Windows systems
[4.925s] INFO:colcon.colcon_notification.desktop_notification:Sending desktop notification using 'notify2'
[4.925s] DEBUG:colcon.colcon_notification.desktop_notification.notify2:Failed to initialize notify2: org.freedesktop.DBus.Error.NotSupported: Unable to autolaunch a dbus-daemon without a $DISPLAY for X11
[4.925s] DEBUG:colcon.colcon_core.event_reactor:joined thread
[4.926s] INFO:colcon.colcon_core.shell:Creating prefix script '/ws/install/local_setup.ps1'
[4.927s] INFO:colcon.colcon_core.shell:Creating prefix util module '/ws/install/_local_setup_util_ps1.py'
[4.928s] INFO:colcon.colcon_core.shell:Creating prefix chain script '/ws/install/setup.ps1'
[4.929s] INFO:colcon.colcon_core.shell:Creating prefix script '/ws/install/local_setup.sh'
[4.930s] INFO:colcon.colcon_core.shell:Creating prefix util module '/ws/install/_local_setup_util_sh.py'
[4.930s] INFO:colcon.colcon_core.shell:Creating prefix chain script '/ws/install/setup.sh'
[4.931s] INFO:colcon.colcon_core.shell:Creating prefix script '/ws/install/local_setup.bash'
[4.933s] INFO:colcon.colcon_core.shell:Creating prefix chain script '/ws/install/setup.bash'
[4.934s] INFO:colcon.colcon_core.shell:Creating prefix script '/ws/install/local_setup.zsh'
[4.934s] INFO:colcon.colcon_core.shell:Creating prefix chain script '/ws/install/setup.zsh'
