BEV demo log:
11, 5.657934270738298
22, 5.45523493859374
33, 5.473737361274175
44, 5.374744469426032
54, 4.933586668095429
66, 5.537669774687044
78, 5.470445400101667
89, 5.336812756156311
101, 5.609993285616328
112, 5.432389525929025
123, 5.283435168037569
BEV demo log:
13, 6.747833681334025
25, 5.782570297633498
37, 5.5349659170312355
49, 5.698243882060516
61, 5.491158139303491
71, 4.733161677440017
BEV demo log:
12, 6.496200756917782
25, 6.176398019282712
37, 5.861870300495744
49, 5.711178167378905
61, 5.854016790580192
74, 6.10354840284037
87, 6.057162395881668
99, 5.575250288196552
110, 5.393051353477824
BEV demo log:
10, 5.483961164568481
21, 5.112548360909514
32, 5.112700195233502
42, 4.848123932831187
52, 4.8107909897226975
62, 4.938752253569238
BEV demo log:
11, 5.653077299510176
21, 4.916976641950705
31, 4.774046548929804
41, 4.868450513767698
52, 4.8961559355194115
62, 4.407961879463277
72, 4.703319322703825
82, 4.8699988017466636
92, 4.964626346027605
102, 4.94840943291492
BEV demo log:
12, 6.00048707367435
23, 5.309066564268892
34, 5.368260606706547
46, 5.653931414991268
58, 5.629015197284204
70, 5.502177568794918
BEV demo log:
12, 6.097516740899818
24, 5.7689982146836085
36, 5.737007892145503
49, 6.139652386326644
61, 5.919018761604948
72, 4.967906916695767
BEV demo log:
9, 4.669459307119831
19, 4.503595152489978
29, 4.714017870609701
39, 4.635246672512062
48, 4.436080751829812
57, 4.425067846474193
66, 4.4001872968925015
75, 4.424934019387135
84, 4.316294965007683
92, 3.642754140276472
BEV demo log:
10, 4.984398711760174
19, 4.388314300780367
27, 3.9273796425912835
35, 3.707474994975405
42, 3.3795017765903532
50, 3.745417994272667
59, 4.068165554771951
68, 4.24003180074171
76, 3.7981992913982996
BEV demo log:
8, 4.3337899176942685
17, 4.112358404852636
25, 3.881792977948428
34, 4.192245607406763
43, 3.996842653276637
51, 3.6756258665471635
60, 4.346214832475728
69, 4.2319789575597335
78, 4.132109326904468
86, 3.7478389386003004
95, 4.473266862114486
104, 4.324237239149553
114, 4.5398300079197735
124, 4.585429187585123
133, 4.315549359248075
143, 4.5823442421784595
153, 4.53655240084555
163, 4.5266839144495
173, 4.61494009925033
183, 4.679155260611396
193, 4.68948815721728
203, 4.729362294988435
213, 4.72698138747923
222, 4.2031918827467285
232, 4.456377310714909
240, 3.787164416056314
248, 3.768906149559422
BEV demo log:
9, 4.593850469504805
17, 3.871452896468063
26, 4.164461469112341
35, 4.312262589144021
43, 3.8934344711296744
51, 3.549171909333438
BEV demo log:
9, 4.698655838211262
19, 4.774804157854012
29, 4.768252334813461
39, 4.496378340776547
48, 4.181361293011033
BEV demo log:
9, 4.879097537071881
17, 3.8405864665079283
26, 4.386050938222234
36, 4.738771822869097
46, 4.680553086558625
56, 4.751531816132898
66, 4.714621404785657
76, 4.694646778059255
86, 4.718941260640053
96, 4.707503827796413
106, 4.75244598960135
116, 4.428829569681801
126, 4.755656456957115
136, 4.731490456991173
146, 4.73066382621834
156, 4.680722845851778
166, 4.666642411675952
176, 4.746029448822693
186, 4.7630200218578835
196, 4.6592625235265155
205, 4.229776788045343
214, 4.122513181289956
223, 4.265639232810113
232, 4.116720289425487
240, 3.6972812539874127
BEV demo log:
8, 4.3885357145763555
17, 4.298262248322625
26, 4.2182868354537035
34, 3.8373362728821703
BEV demo log:
8, 4.274856062758574
16, 3.6468363661657413
24, 3.8516881538754517
32, 3.6872645627163165
41, 3.9318720722847065
50, 4.060954002212245
58, 3.6388724260547027
67, 4.032405603297988
76, 4.160545793712681
85, 4.230877112048922
93, 3.967693641330741
102, 4.207891750004292
111, 4.287339748922706
120, 4.2256143941223145
129, 4.285570947419903
138, 4.246205845854529
147, 4.264665772883297
156, 4.207929274992425
165, 4.202446473511677
174, 3.948465517392867
179, 2.4750541592766613
186, 3.1728505463147165
194, 3.744588723815195
201, 3.4497373346665365
208, 3.3814525601895355
217, 4.02130307365676
224, 3.341016499838469
BEV demo log:
8, 4.486409645616441
17, 4.2454599049839885
BEV demo log:
8, 4.485476728270465
17, 4.1505082976111956
26, 4.18823757055891
34, 3.906211161324421
42, 3.560589784993189
50, 3.8344013387435245
58, 3.94444834330953
67, 4.213740580718661
75, 3.7216762389659386
83, 3.9668601088017432
92, 4.167991009645992
101, 4.24034233907362
110, 4.249043482959077
119, 4.282744093103961
128, 4.328115877688739
137, 4.199757151341175
146, 4.417009625308031
155, 4.360392815818811
164, 4.278214522865641
173, 4.2049481253546475
182, 4.214932817862356
191, 4.293457098226441
200, 4.363287835335678
209, 4.2700378660407505
218, 4.210406465616279
227, 4.19314110220099
236, 4.307409883115232
245, 4.228612139827803
254, 4.3093773020979205
263, 4.231872684863918
272, 4.404645393753478
281, 4.297389786191153
290, 4.23962083604753
299, 4.238152395590602
308, 4.239090461738317
317, 4.111396322687565
326, 4.284128367451837
335, 4.270042696200892
344, 4.139649586394035
353, 4.130448640828997
362, 4.24099785763454
371, 4.130572479311704
380, 4.309962317679635
389, 4.2938067697229965
398, 4.287120638162966
407, 4.292099486806895
416, 4.24478104967336
425, 4.395646592153596
434, 4.26338504907857
443, 4.242342399850394
452, 4.185479613814208
461, 4.309632150589868
470, 4.25939176556967
479, 4.093574770155702
488, 4.087427755679062
497, 4.293038641712151
506, 4.254695622408423
515, 4.21649447341481
524, 4.163810564652576
533, 4.251702934437785
542, 4.307689077365947
551, 4.399567790635564
560, 4.306324417061008
569, 4.135382609098606
578, 4.184663001407313
587, 4.120227797832044
596, 4.1262028557340455
605, 4.1145305670263665
614, 4.231701900641469
623, 4.136006075256795
632, 4.283719505137231
641, 4.1254691717135685
650, 4.171400231793963
659, 4.294085180212011
668, 4.177666674561153
677, 4.217422504361408
686, 4.164131168236201
695, 4.247245442524913
704, 4.289633965493143
713, 4.26783355592762
722, 4.056623548956273
731, 4.21193892026594
740, 4.1377447078391345
749, 4.198656607349619
758, 4.256489418633156
767, 4.206073528415513
776, 4.153949762705239
785, 4.267265226705632
794, 4.29619396821484
803, 4.178321456172202
812, 4.348607575309173
821, 4.2547905755769095
830, 4.2233408763048885
839, 4.293420962240742
848, 4.2684503016453705
857, 4.164454118314173
864, 3.1963177186926073
872, 3.963521518842904
881, 4.0487852593969285
888, 3.474567660223794
897, 4.259291801045711
906, 4.247179497103608
915, 4.201662979282492
924, 4.088186489060513
932, 3.6041001616314032
941, 4.019163587777799
950, 4.378401174726674
959, 4.22351571178077
968, 4.169069548482932
977, 4.268619720756205
986, 4.3021380461576175
995, 4.321585249472005
1004, 4.05093553989189
1012, 3.744088998239785
1021, 4.312597100946598
1030, 4.146573711468116
1039, 4.222365371104654
1048, 4.277993919718801
1057, 4.167921059692149
1066, 4.15323999324457
1075, 4.279392104183504
1084, 4.401789180238138
1093, 4.190497166129969
1102, 4.354217977028338
1111, 4.2649568004725396
1120, 4.166606253452052
1127, 3.365033352767768
1134, 3.4658980024662545
1142, 3.5535207085176226
1149, 3.328187814170038
BEV demo log:
10, 4.983467846464926
19, 4.465213462093504
29, 4.58112503577038
38, 4.159442785692492
47, 4.12759698783581
55, 3.783981359333313
63, 3.9870354692346677
71, 3.748823354531405
79, 3.8074218693708235
BEV demo log:
8, 4.23585443747821
17, 4.458462977573475
26, 4.162853640744178
35, 4.091557711972006
43, 3.7734654370355343
52, 4.351115294469138
61, 4.338100960585395
71, 4.6639907189531
81, 4.633896250892822
91, 4.755624643552423
101, 4.683740346627499
111, 4.719275764067266
121, 4.685213659412782
131, 4.733076219008864
141, 4.655579775247475
151, 4.741850718501114
161, 4.631519946060065
171, 4.702226781355016
181, 4.66297598596895
191, 4.705086812880235
201, 4.724609262356537
211, 4.6353306837755515
221, 4.630394048442953
231, 4.697990606491942
241, 4.637471436672753
251, 4.716361868290579
261, 4.699526607992202
271, 4.72294673399925
281, 4.69975830605826
291, 4.66491976563647
301, 4.645215022205487
311, 4.716122166821235
321, 4.717034435229487
331, 4.73275417527524
341, 4.662863495504509
351, 4.743781420043161
361, 4.649623495369947
371, 4.705838530529467
381, 4.736997663634523
391, 4.71888870012702
401, 4.731138209722224
411, 4.691894941834899
421, 4.678098438393496
431, 4.671982434441042
441, 4.566814491235596
451, 4.670367651774834
461, 4.70725921460011
471, 4.65494476565872
481, 4.61896519332283
491, 4.619851452911772
501, 4.666646046199785
511, 4.746643894084406
521, 4.782955211908672
531, 4.710258140272416
541, 4.728153153102375
551, 4.7934229038837515
561, 4.784384644858192
571, 4.700664780933406
581, 4.711246460081764
591, 4.753231770682822
601, 4.780444861439833
611, 4.719027271277935
621, 4.792424998100422
631, 4.698356881664204
641, 4.720008120436334
651, 4.78722094116973
661, 4.706394554891951
671, 4.72763194141678
681, 4.782191742868535
691, 4.790031609176369
701, 4.742198664954142
711, 4.743970820699496
721, 4.731238007790072
731, 4.7703597652843746
741, 4.729380959430964
751, 4.691068970604206
761, 4.769728316907166
771, 4.676299025529471
781, 4.7411576584041155
791, 4.753950457316382
801, 4.7409486545226995
811, 4.731852365624964
821, 4.681128228617142
831, 4.684269188587919
841, 4.6797018641246515
851, 4.7046693543629
861, 4.659698363613438
871, 4.65698319754781
881, 4.708748420286746
891, 4.72893785200918
901, 4.689713622831905
911, 4.758401560697045
921, 4.728515617513585
931, 4.63004698152531
941, 4.7006837463728965
951, 4.658961313540811
961, 4.7688080253881395
971, 4.6838669230508945
981, 4.734200778321144
991, 4.691493989361125
1001, 4.687413842603939
1011, 4.705754583851389
1021, 4.725475836925441
1031, 4.724914230547612
1041, 4.677364423694342
1051, 4.680937021296161
1061, 4.72710924635121
1071, 4.656493583630403
1081, 4.674374925679594
1091, 4.683574552323371
1101, 4.6741639547559455
1111, 4.650592203449216
1121, 4.725536530346584
1131, 4.700005300289409
1141, 4.710989816845184
1151, 4.7514952134477735
1161, 4.716693354048995
1171, 4.729845484869877
1181, 4.749688925850885
1191, 4.70653820267259
1200, 4.190400874385558
1210, 4.702683351274516
1220, 4.721086622171155
1230, 4.6736082286982645
1240, 4.644071658788889
1249, 4.1055716484851725
1259, 4.675947649681632
1269, 4.761795232441982
1279, 4.7501214058434265
1289, 4.728689940041085
1299, 4.766253462215122
1309, 4.7625997913192295
1319, 4.758024244880049
1329, 4.699140670803567
1339, 4.649268386335289
1349, 4.656008207479068
1359, 4.627150823813648
1369, 4.685083870215381
1379, 4.68102269696202
1388, 4.460162913052977
1398, 4.554556680683347
1408, 4.724402247048505
1418, 4.6924429510664245
1428, 4.679217380080317
1438, 4.634318653161748
1448, 4.650084341804099
1458, 4.681629307688109
1468, 4.676807414912025
1478, 4.725877826772062
1488, 4.7119858547314895
1498, 4.681027398766169
1508, 4.676929966321631
1518, 4.713103590868434
1528, 4.737223440576495
1538, 4.72001343204506
1548, 4.73816637214368
1558, 4.78705375001498
1568, 4.719601817803942
1578, 4.736785816692447
1588, 4.783137389825611
1598, 4.714647902364178
1608, 4.721233825402427
1618, 4.6129240937536915
1628, 4.711566641874883
1637, 3.9355470301628337
1645, 3.94912643444398
1655, 4.6583305549009
1665, 4.695220133220853
1675, 4.723117454989498
1685, 4.687462561131525
1695, 4.645703296205475
1705, 4.7481645779766115
1715, 4.755806363134265
1725, 4.749609861531843
1735, 4.7611671301676175
1745, 4.7573221325459025
1755, 4.7139950887642526
1765, 4.744057209590355
1775, 4.775952986348415
1785, 4.720023524134576
1795, 4.7663395812857114
1805, 4.715603604105988
1815, 4.658499740824482
1825, 4.681498149413125
1835, 4.757420340252265
1845, 4.740464265095939
1855, 4.762335359923118
1865, 4.622929545553993
1875, 4.6903245862995195
1885, 4.554457273241875
1895, 4.615674460289148
1905, 4.653717605943457
1914, 4.44624608835028
1924, 4.693798826545817
1934, 4.69748812357463
1944, 4.656465150927256
1954, 4.659739777839622
1964, 4.699466580855891
1972, 3.9035318632708833
1982, 4.685871089343611
1992, 4.688715970706257
2002, 4.777303688861295
2012, 4.685960086870554
2022, 4.712202900794422
2032, 4.732750971080181
2042, 4.679514427903325
2052, 4.67122172439562
2062, 4.731379973793168
2072, 4.7009292572633
2082, 4.729326033064095
2092, 4.705225102452385
2102, 4.680429822912023
2112, 4.697542839011957
2122, 4.6698986168794026
2132, 4.739880878724235
2142, 4.771344702735145
2152, 4.640601813885746
2162, 4.728952247696156
2172, 4.7082906719851305
2182, 4.6657443386341795
2192, 4.707750580036117
2202, 4.768991296141536
2212, 4.720173317063383
2222, 4.751270765195941
2232, 4.655779252580696
2242, 4.727570661294564
2252, 4.724139379718377
2262, 4.710971826409339
2272, 4.69201461108714
2282, 4.677460922780316
2292, 4.683321437918889
2302, 4.739676807755059
2312, 4.757353429067092
2322, 4.623029926272757
2332, 4.7707515208938425
2342, 4.710791400519879
2352, 4.755437546208811
2362, 4.786970158816826
2372, 4.7019568879516545
2382, 4.674864138945527
2392, 4.646855185615336
2402, 4.671989199731998
2412, 4.715911652663313
2422, 4.676722936403408
2432, 4.686022387150906
2442, 4.697091474769746
2452, 4.698513197507526
2462, 4.680359314846845
2472, 4.760006496018692
2482, 4.71922850594474
2492, 4.712028732978553
2502, 4.701839873487749
2512, 4.649289000761302
2522, 4.6621005698043385
2532, 4.702177228290974
2542, 4.677922608632807
2552, 4.688411464693757
2562, 4.759307038838532
2572, 4.616345035444445
2582, 4.735684624908799
2592, 4.703414785997803
2602, 4.711042730688175
2612, 4.675072567605857
2622, 4.699723023287266
2632, 4.701215367757694
2642, 4.736302812328852
2652, 4.73718919813919
2662, 4.728722993468319
2672, 4.769028711133215
2682, 4.6924282518302105
2692, 4.734423082263048
2702, 4.6731614520423435
2712, 4.7080000004489895
2722, 4.775439669528003
2732, 4.748484421707311
2742, 4.719786105884789
2752, 4.699481850771454
2762, 4.658221392525107
2772, 4.6885969937696705
2782, 4.728923989578631
2792, 4.722191136029103
2802, 4.674872475735113
2812, 4.64936836800819
2822, 4.647832011113209
2832, 4.666349591501495
2842, 4.621979456713242
2852, 4.63851511035526
2862, 4.650178171845223
2872, 4.63556941532841
2882, 4.7108152095964275
2892, 4.699546617378412
2902, 4.584781094756315
2911, 4.279431400401543
2920, 4.390261875387286
2930, 4.688093374149799
2940, 4.712033497276397
2950, 4.751333199511172
2960, 4.79200011059418
2970, 4.733485379228638
2980, 4.784716482746781
2990, 4.721665391023834
3000, 4.714719447313962
3010, 4.724900391696719
3020, 4.74106815961434
3030, 4.758189414397142
3040, 4.745731414238606
3050, 4.724375639712832
3060, 4.723927617194526
3070, 4.689293120733167
3080, 4.756157439399675
3090, 4.717416950405366
3100, 4.766400245643872
3110, 4.610953441760206
3120, 4.642059410954953
3130, 4.799547589031506
3140, 4.768568927032654
3150, 4.792785883126205
3160, 4.715208660965432
3170, 4.774147622017356
3180, 4.646761489625589
3190, 4.769545531871537
3200, 4.776059034825469
3210, 4.7457974619178485
3220, 4.725747372239993
3230, 4.791267685081857
3240, 4.687912076612412
3250, 4.709625050514759
3260, 4.688094946155085
3270, 4.753275941554129
3280, 4.714415793699349
3290, 4.742122530549651
3300, 4.7666651286554
3310, 4.75767343264512
3320, 4.838119309940865
3330, 4.682203668911595
3340, 4.676619689037366
3350, 4.764750400384969
3360, 4.717598414803862
3370, 4.686523467288839
3380, 4.672820438776563
3390, 4.7095689956308835
3400, 4.778204944616599
3410, 4.683331373712247
3420, 4.75574273273926
3430, 4.709031782537989
3440, 4.777790738364633
3450, 4.682476004049814
3460, 4.7057535279374045
3470, 4.667508626864851
3480, 4.722746245666344
3490, 4.680757321550971
3500, 4.779011247067456
3510, 4.774480758780071
3520, 4.737156561276902
3530, 4.772872567166428
3540, 4.7570566682715185
3550, 4.707118164119052
3560, 4.76036629691569
3570, 4.729243912526379
3580, 4.728211250275482
3590, 4.75408678447197
3600, 4.766272960600075
3610, 4.718756507648748
3620, 4.676936224438309
3630, 4.684126373796346
3640, 4.803987685090163
3650, 4.696837423264793
3660, 4.733305361383226
3670, 4.690894787634964
3680, 4.677574640327384
3690, 4.7509564656352
3700, 4.715852796902919
3710, 4.792683471685281
3720, 4.771044023056782
3730, 4.7414208151374435
3740, 4.692917575895503
3750, 4.797998759520088
3760, 4.780819747435084
3770, 4.726969134700516
3780, 4.764476529440604
3790, 4.698790065232717
3800, 4.762747431436851
3810, 4.76205257519927
3820, 4.714212849828473
3830, 4.7781178519257645
3840, 4.678093742471425
3850, 4.659007372339232
3860, 4.6180208007270265
3870, 4.679167788774872
3880, 4.73291278835359
3890, 4.6487711187043175
3900, 4.639729132024244
3910, 4.690810324045069
3920, 4.632247826955122
3930, 4.626376065125477
3940, 4.634079538419911
3950, 4.617605939347727
3960, 4.63183756658198
3970, 4.681545177431543
3980, 4.683947998321316
3990, 4.669041909461884
4000, 4.670460221898706
4010, 4.668806993664285
4020, 4.614360799478529
4030, 4.710509413541407
4040, 4.638296079442038
4050, 4.747483105154109
4060, 4.687882211022341
4070, 4.673859252595537
4080, 4.711539120407944
4090, 4.600595972017154
4100, 4.7653848627171
4110, 4.720258310186725
4120, 4.784720849341612
4130, 4.749358164086018
4140, 4.740322824910094
4150, 4.699668257050308
4160, 4.692967984171724
4170, 4.810598423054699
4180, 4.726808788973202
4190, 4.693514668464262
4200, 4.622503103487191
4210, 4.698672681965709
4220, 4.72730850688177
4230, 4.7707124509641226
4240, 4.717627598978079
4250, 4.69779696683645
4260, 4.737920702851334
4270, 4.610352844499145
4280, 4.784449044006554
4287, 3.1620306394694446
4294, 3.3925440618605065
4303, 4.127060879958201
4313, 4.807000429091683
4323, 4.555092368601246
4333, 4.715107947798522
4343, 4.732553387434436
4353, 4.644217698147508
4363, 4.639781483679972
4373, 4.6269292918774045
4383, 4.664827415007644
4393, 4.663259050502971
4403, 4.73705330334697
4413, 4.650014745043781
4423, 4.673610832542198
4433, 4.757695559272858
4443, 4.642371798915973
4453, 4.563997868112415
4463, 4.663779128576986
4473, 4.789099092340817
4483, 4.736448826515235
4493, 4.723973905371041
4503, 4.718046298969945
4513, 4.64867631498185
4523, 4.592528582969282
4533, 4.629865546042243
4541, 3.6667282624790256
4548, 3.0624599331643982
4554, 2.9516676581474384
4562, 3.932435270468933
4572, 4.727236579351746
4582, 4.702441874844511
4592, 4.74164433371612
4602, 4.696301007268998
4612, 4.762515429647337
4622, 4.790455053392456
4632, 4.66728165570777
4642, 4.374553541582729
4650, 3.6034340540001266
4659, 4.213379372880823
4669, 4.7597445130728016
4679, 4.582620605744883
4689, 4.656671942143324
4699, 4.706382936704747
4709, 4.765572202161963
4719, 4.7064848618482
4729, 4.7429547800973175
4739, 4.709951887634128
4749, 4.727515244117212
4759, 4.7721628083860645
4769, 4.42390465140808
4778, 4.135318279540444
4788, 4.753416000964667
4798, 4.800967724359722
4808, 4.771266544083353
4817, 4.283848815813753
4827, 4.76884055762966
4835, 3.860507621338251
4843, 3.8043146681233395
BEV demo log:
10, 5.075067696214523
19, 4.185214179825217
28, 4.138406089131206
37, 4.211329939017901
45, 3.9632130124566642
54, 4.1835351157747604
63, 4.454025659586594
72, 4.0696155027895315
81, 4.379192027677885
89, 3.9605634281602655
99, 4.662864013881299
109, 4.642214572088345
119, 4.665551272127087
128, 4.3080828617584075
138, 4.669380811950255
148, 4.582119471034069
157, 4.153242278011394
167, 4.649622464495987
177, 4.565629873557329
186, 4.37342034587904
195, 4.095318779981585
205, 4.620332882202389
214, 4.272217861207461
224, 4.539111721043859
234, 4.724785425915744
243, 4.20024781735576
253, 4.5944573434350024
263, 4.6219402389195805
273, 4.609686542053692
282, 4.393219714078524
291, 4.476843035678728
300, 4.08095237374516
310, 4.580865362572586
319, 4.153779267931035
328, 4.134623466674203
337, 4.245185854274703
346, 4.301015050752538
355, 4.2854347216752515
365, 4.531767015773275
374, 4.420507249991744
384, 4.640083811938665
394, 4.701014612550261
404, 4.523983409811587
414, 4.713926744549088
424, 4.75984012000192
434, 4.6758449578111945
443, 4.413358602362366
452, 4.375192442474145
461, 4.4756137279672386
470, 4.36405154308203
479, 4.252005126907172
488, 4.3769634382030915
497, 4.290968067990307
506, 4.40822023388289
516, 4.64891075514164
526, 4.659499067945547
536, 4.614312573365443
546, 4.683883137880443
556, 4.658682392634262
566, 4.61756679573779
576, 4.681827365384894
586, 4.579161956188872
596, 4.554404356622453
606, 4.598723568438553
615, 4.497903489751228
625, 4.5379816901274355
635, 4.517824996195026
645, 4.495532071538731
654, 4.3145209349851354
664, 4.581432779119181
673, 4.232953214488959
682, 4.2633792709478975
691, 4.283528470191261
700, 4.303599651277049
BEV demo log:
9, 4.759111551662006
18, 4.394638477948945
27, 4.497365468274224
36, 4.386336852668295
46, 4.93260322611677
56, 4.608342869260109
66, 4.7432315463329475
76, 4.800001831055386
86, 4.934829440701039
97, 5.1014639412769345
107, 4.991736977140358
118, 5.073810821739639
129, 5.076458127097227
140, 5.070685289704026
151, 5.108459593401227
162, 5.02007208690121
171, 4.376855849020201
BEV demo log:
10, 5.257780430244303
20, 4.584493446365587
30, 4.8706423742114815
40, 4.625833174150327
49, 4.385733469065195
58, 4.258614280610224
BEV demo log:
35, 17.653871974510228
73, 18.866189754980553
106, 15.982057312402661
137, 15.025576898431416
BEV demo log:
19, 9.517641021463403
26, 3.265360305803663
33, 3.2264820048586036
40, 3.215433311700074
47, 3.2036362422209046
53, 2.9999574428873417
60, 3.040988010211295
67, 3.0947447331595392
74, 3.071034517817257
80, 2.9930641443845403
86, 2.6692954627175327
92, 2.9043872180216836
98, 2.587412560091242
104, 2.7174902593609156
111, 3.1168601974335486
118, 3.0950429140165827
125, 3.2378157587202567
132, 3.1632727534046783
139, 3.2709418745244982
145, 2.7340046680256753
151, 2.757498418859554
157, 2.7430885479012708
163, 2.7260696778576836
169, 2.988064636970642
175, 2.901327096078224
181, 2.8990022528881654
187, 2.995245018254745
194, 3.282889466845868
201, 3.253358030379539
208, 3.246979249725457
215, 3.271315799706764
222, 3.2275897034620917
229, 3.1934130704217387
236, 3.197084828875038
243, 3.228227072238413
250, 3.23571936472614
257, 3.1215476004164313
262, 2.499244441520727
268, 2.8248837109842904
275, 3.0292872817640695
BEV demo log:
11, 5.472457575979645
17, 2.9340430302116673
23, 2.991811277041332
29, 2.4804064165367365
34, 2.4722027026278304
40, 2.794720222850679
47, 3.076904567852419
53, 2.9887346267505617
59, 2.973920522286775
65, 2.9992623951052306
72, 2.9826698090215817
78, 2.998661638596665
84, 2.768734056096137
90, 2.8739680919475226
97, 3.067518226631145
103, 2.9883069767706965
109, 2.8222447735229736
115, 2.7714221494849443
122, 3.108212101944678
129, 3.216619420035968
136, 3.2157724627463256
143, 3.142713800745749
150, 3.173315215828808
157, 3.168759449035432
164, 3.1754537629017117
171, 3.123387303017885
178, 3.05291121266179
185, 3.067155473286874
192, 3.0846114908841513
199, 3.1068323453275655
211, 5.875611093743105
224, 6.135011553648094
237, 6.090460723441391
250, 6.0798184549402166
262, 5.587276834008251
274, 5.968254856652145
287, 6.317195656672174
300, 6.1972450047269865
312, 5.857820580353329
318, 2.8291856270609013
324, 2.7192940807557973
330, 2.827623533551888
336, 2.6633923130442367
342, 2.900238073341525
348, 2.8619587120390637
354, 2.8683636854365755
360, 2.856911723353288
366, 2.8170049965640716
372, 2.865904652145344
378, 2.8387972421759375
384, 2.830189786886321
390, 2.8599295229159623
396, 2.8902750167708557
402, 2.7984619582876578
408, 2.652553065925248
414, 2.9979696910601956
421, 3.01450446732008
427, 2.9588284246097802
433, 2.990146562881739
439, 2.9513505754270843
445, 2.994970542189143
452, 3.014393667008283
459, 3.0161922382699293
466, 3.0475266771599667
472, 2.9465690308815846
479, 3.0266647382415464
486, 3.018232781010793
492, 2.9903771589958748
498, 2.9914552855376284
504, 2.9154592013583174
510, 2.997917548947606
516, 2.915121822386684
522, 2.9870563152955776
528, 2.9885919448535256
534, 2.8994224272342537
540, 2.7392330115697106
BEV demo log:
10, 5.231688941745521
17, 3.221290972810272
24, 3.219495848447499
31, 3.239043453740792
38, 3.2663055352957486
45, 3.2168012710253913
52, 3.1965355628273278
59, 3.168907198050656
66, 3.1953889084790625
73, 3.17384795280673
80, 3.2230838542645515
87, 3.235618806092723
94, 3.207644824368555
101, 3.2234200205568984
108, 3.228727632828407
115, 3.2211669240699883
122, 3.1010838008263675
128, 2.573885850238193
BEV demo log:
6, 3.0686044359326576
12, 2.598010277315741
18, 2.55908236029866
24, 2.693566990076781
30, 2.7243574261559846
36, 2.9570740671979396
47, 5.108475430904336
55, 3.49571833669958
64, 4.246973072501577
75, 4.938491581816913
86, 4.657559237893031
97, 5.065607344082247
106, 4.497045074409229
117, 5.325355843471694
127, 4.532031435798876
138, 5.225537154756611
147, 4.4033105605537886
156, 3.9648910012341463
162, 2.9472674812093693
168, 2.833916107343628
174, 2.9493658572945103
181, 3.008159289126699
187, 2.983498055603043
193, 2.9947338915307555
200, 3.0066701498556374
207, 3.018005055958771
214, 3.044848157008943
220, 2.938085766412492
227, 3.037228751879251
233, 2.9687335878586607
239, 2.507468504227684
245, 2.8165204190764577
251, 2.6485947173395235
257, 2.8917665546921842
263, 2.566904509382843
269, 2.777240593640156
275, 2.613008691953962
281, 2.7367998184299083
287, 2.9003330001104084
293, 2.6637712091802204
299, 2.568448886274767
305, 2.725392429039505
311, 2.6359892879584432
317, 2.785347856586454
323, 2.820167194074268
329, 2.922052887135237
339, 4.630849045594217
350, 5.286806755630848
361, 5.272224121048275
372, 5.174974920004235
383, 5.254284184992427
394, 5.312780494455574
405, 5.2129434872645
416, 5.270853858934966
427, 5.3366392944774175
438, 5.175707550080153
449, 5.270681045692947
460, 5.203367519192892
468, 3.4909986786936753
474, 2.7735837827424263
480, 2.8456007141754673
486, 2.838711424003985
492, 2.775128954084671
498, 2.890986883861722
504, 2.8966274530747906
510, 2.87482760452395
516, 2.8458417354441066
522, 2.873644840774572
528, 2.8539954401076373
534, 2.839160425757455
540, 2.8815642035910454
546, 2.8323357175270654
552, 2.772892194385003
558, 2.673535226351727
BEV demo log:
8, 3.9227128000066505
14, 2.824334925413738
20, 2.9782082530768093
27, 3.061581738036525
34, 3.007539918874628
40, 2.9807741918060944
46, 2.7317666651578127
52, 2.441329634675932
58, 2.6378523878255016
63, 2.4562622006303365
68, 2.4483410626968047
74, 2.7967949656894002
80, 2.813173605302924
86, 2.764626029697472
92, 2.790804320842051
98, 2.6022968537694586
104, 2.746869500846901
110, 2.7733502605199822
116, 2.8717419234689006
122, 2.787125617890446
128, 2.8075733386883543
134, 2.6021052736065724
BEV demo log:
13, 6.010951923035583
19, 2.804740608717448
25, 2.796311101397154
31, 2.785337683327934
37, 2.9723820242741112
44, 3.018945031379
50, 2.7119306277129867
56, 2.820225978266424
62, 2.895427686630753
68, 2.984245620097397
74, 2.8766001242961474
80, 2.7759040227174356
86, 2.7781735550382707
92, 2.790680530048929
98, 2.7898112091864204
104, 2.832488735696766
110, 2.817365463868821
116, 2.8214436147378463
122, 2.7954283330184206
128, 2.8338481350365217
134, 2.8178840930752527
140, 2.7246473719084143
146, 2.829771300345566
152, 2.709062073005675
158, 2.843901852493059
164, 2.78861021059994
170, 2.7237287832912584
176, 2.7760436545459437
182, 2.8181778783695663
188, 2.778989911928836
194, 2.784059219033071
200, 2.796577097266912
206, 2.8518815342382298
219, 5.647548576873679
227, 3.9681046731712915
236, 4.456730135777207
247, 4.873482745409668
258, 4.510593808790063
264, 2.8470084820313435
270, 2.809660942581633
276, 2.8613726543822877
282, 2.8048962868802807
288, 2.8210957016832414
294, 2.811739401352071
300, 2.891824041744782
306, 2.9212629054011936
312, 2.9581564747123226
318, 2.9635172530172067
324, 2.9860330843768486
330, 2.9886590249440648
336, 2.945890567465416
342, 2.9401618093372464
348, 2.893534080035763
355, 2.999246820490446
361, 2.9644695834647266
367, 2.890910832823865
373, 2.9888027781357205
380, 3.0158216958663906
386, 2.9931171857698557
392, 2.9342890030203588
398, 2.9132742092510937
404, 2.8078345894257946
410, 2.7977566650631833
416, 2.591280731387563
422, 2.8291051596736714
428, 2.9682458223882975
434, 2.944794028553445
440, 2.953415951163026
446, 2.940482676724934
452, 2.960664625974949
458, 2.978953873951467
464, 2.9866270187554984
470, 2.911320147040858
481, 5.424885525856759
494, 6.329026072462456
507, 6.3931263806097895
515, 3.5115138370952326
521, 2.999615599302143
527, 2.973758870025173
533, 2.9795121881915017
539, 2.9528299540094047
545, 2.9507923846370585
550, 2.4211165167634294
BEV demo log:
11, 5.2493186173666135
17, 2.853607742418315
23, 2.9061900109095484
29, 2.8702303727835567
35, 2.905009809065204
41, 2.8808164056807635
47, 2.836201618086541
53, 2.819465449542968
59, 2.835665680723401
65, 2.856375712169385
71, 2.8894991358194653
77, 2.8166086836229947
83, 2.827750623596073
89, 2.830945603864854
95, 2.8222593327484518
101, 2.8301207201237766
107, 2.8584131709185376
113, 2.8241057730732213
119, 2.832166141704281
125, 2.86753482576237
131, 2.819414909617548
137, 2.799689835895599
143, 2.775880752111652
149, 2.8022324481768215
155, 2.755058621217406
161, 2.7885929064685704
167, 2.7375801258516788
173, 2.643400601202952
179, 2.8163454824846728
185, 2.789917911584504
191, 2.77016008392215
197, 2.7952628371838535
203, 2.8112974598276343
209, 2.93574618531727
215, 2.928972331574184
221, 2.7375628536469474
226, 2.4050492970700663
231, 2.4127301001871944
236, 2.3571938545205384
242, 2.647622225874076
248, 2.5873263713074746
254, 2.6886334304835002
260, 2.727175727857906
266, 2.6719059010292208
272, 2.7321477658678686
278, 2.70504272677437
284, 2.6531643840079044
290, 2.639091951384411
296, 2.6552311352347817
302, 2.725325430996673
308, 2.694777816874186
314, 2.769259312037933
320, 2.5713577192716977
325, 2.314761067635683
331, 2.4558173739706324
336, 2.4926746588123985
342, 2.6909661562071547
347, 2.466388629043696
353, 2.6490895967189205
359, 2.6321792915093583
365, 2.6365805638881277
371, 2.6958623697252304
377, 2.6611591868846634
383, 2.685676629081943
389, 2.688282176103049
395, 2.640668190470674
401, 2.672174007038211
407, 2.694490154163903
413, 2.6662584152846773
419, 2.6891514324698873
425, 2.6475122037742302
431, 2.6537773831543117
437, 2.683610019236263
443, 2.710999565004657
449, 2.7259769569604377
455, 2.7528974486568347
461, 2.741365010194951
467, 2.726772376516958
473, 2.686588655483536
479, 2.6766105190699463
485, 2.654500700178768
491, 2.681812344927001
497, 2.686040963958812
503, 2.656955468392767
509, 2.6638284476554475
515, 2.696223696207197
521, 2.708475156352412
527, 2.7041675267460974
533, 2.664930838493324
539, 2.674591374292157
545, 2.6706755733672587
551, 2.6970642776235874
557, 2.705200037967231
563, 2.7978020768539347
569, 2.8032175628834737
575, 2.84804725306264
581, 2.8085405854585863
587, 2.8209888147224227
593, 2.693045556620325
BEV demo log:
18, 8.900706891812638
25, 3.0485582542054552
32, 3.0261231830842927
38, 2.583751675559177
44, 2.674161938288973
50, 2.7120945866575568
56, 2.6721521593499804
62, 2.798943765594439
68, 2.6731595105383725
74, 2.8827914725776638
80, 2.9930595167018312
86, 2.595330167474529
92, 2.867555083969382
98, 2.787473538421459
104, 2.7750457181117825
110, 2.8030102442131124
117, 3.0045056131103935
123, 2.79061244979363
129, 2.8023953376082615
135, 2.7944998847369003
141, 2.7607875902135834
147, 2.7706663583967766
153, 2.791605203075557
159, 2.8466120543767106
165, 2.7861190825692748
171, 2.943651821781842
177, 2.941833904808575
183, 2.7840878630023598
189, 2.827613366841861
195, 2.824104188470042
201, 2.8331797548380604
207, 2.812240247857923
213, 2.897602662045699
219, 2.9674891053145265
226, 3.012859085110743
232, 2.9755869157446373
239, 2.989238280042961
245, 2.95156553345821
251, 2.9708153071603216
258, 3.0007758443503536
264, 2.9854648862576902
270, 2.991281410397979
277, 3.0275470520626517
284, 3.0229865411789514
290, 2.9681947090845724
297, 3.0017664950746092
303, 2.9749590298960293
310, 3.009428407896312
317, 3.015032273335719
323, 2.996360550207369
329, 2.813020151362691
335, 2.996246747872038
341, 2.9769839886919716
347, 2.9852375259057107
353, 2.889695555595107
359, 2.6781654980783074
365, 2.8675011716318446
371, 2.943231467605164
377, 2.8982533887666846
383, 2.908360688248273
389, 2.978467327229993
395, 2.859955524118983
401, 2.7442638149503122
407, 2.789049683910664
413, 2.747344802480946
419, 2.8018243716113953
425, 2.809387747674893
431, 2.972141207338356
437, 2.948821547006707
442, 2.2115823679321234
447, 2.2361666543155048
453, 2.723464085270151
458, 2.4713610402674204
BEV demo log:
6, 3.1632962696323372
13, 3.0385281831057123
20, 3.016666702628136
27, 3.028801965494091
33, 2.9613743056913715
39, 2.8647967227753046
45, 2.6987444091224764
51, 2.848900359335721
57, 2.832099846903935
63, 2.8376615322442063
69, 2.793591589727468
75, 2.7930173855061295
81, 2.6855737388621437
87, 2.703304798727206
93, 2.7536755139570066
99, 2.995173007977623
105, 2.9691059101383184
111, 2.9008625648249224
117, 2.606122514918566
123, 2.8198006382748426
129, 2.804477745668218
135, 2.880072291853639
141, 2.985959390620823
147, 2.7104871253115235
153, 2.906564601639288
159, 2.590559985275519
164, 2.4485726101526786
BEV demo log:
10, 5.178194930419191
17, 3.022389674507757
23, 2.767521914558789
29, 2.6735624932870974
35, 2.9951052786987207
41, 2.9688813847735407
48, 3.02402773194377
54, 2.977005118530372
61, 2.9966270741422116
67, 2.888910368305931
73, 2.865050466043575
80, 3.0137228491545907
87, 3.0220754650949746
94, 3.0233579124257717
101, 3.0317359204309096
107, 2.994274596627961
114, 3.051942356378204
121, 3.0246613908395603
128, 3.0126139319242515
134, 2.993513453716254
141, 3.0384542862612998
148, 3.014779336776081
155, 3.0083624118231405
162, 2.9886859997976334
169, 3.0635288171313957
176, 3.007360318401861
183, 3.031410062089946
190, 3.006508509580081
197, 3.0456848663524867
204, 3.0391953040910744
210, 2.986374674093535
217, 3.0136563405934145
224, 3.0299059494874774
230, 2.8295724432841936
237, 3.0370647517794835
243, 2.985702908025684
250, 3.0134889994788
256, 2.9998948610914753
262, 2.862716289249439
267, 2.0614708260600567
273, 2.653902199972286
278, 2.1111423291007174
284, 2.8986159202231185
290, 2.5755725408027845
BEV demo log:
9, 4.467637645246284
15, 2.846763398778279
21, 2.7123041673272517
27, 2.9368630708067163
33, 2.735764164739247
40, 3.0338470873334957
46, 2.978588596468491
52, 2.960638154570486
58, 2.9481472265772304
65, 3.011756982224454
72, 3.082250805937884
79, 3.030113583353768
86, 3.0490499228861667
93, 3.0361564743014156
99, 2.9977393508990064
106, 3.0637462002042977
113, 3.027488673003673
120, 3.018885121125554
127, 3.0559006728364504
134, 3.048854882720846
141, 3.0370163719915078
148, 2.9813489814208745
155, 3.0200033203433985
162, 3.0636924909287027
169, 3.0531613809214018
176, 3.049490438185769
181, 2.455153382112068
186, 2.445899618784547
192, 2.694881413572955
199, 3.015962652355014
205, 2.7212518321756813
211, 2.727510614887461
218, 3.0311421657292468
224, 2.7975880944596674
BEV demo log:
8, 4.044179127887225
14, 2.8140959393584137
20, 2.8184019663323707
26, 2.604662446696213
32, 2.5377536094871465
38, 2.5425646135291933
BEV demo log:
8, 4.052723456939633
13, 2.384136466856709
BEV demo log:
10, 4.748378470226036
16, 2.6637362469867902
BEV demo log:
6, 3.447715088455348
12, 2.650160283901696
BEV demo log:
7, 3.977589510318496
13, 2.676947909139715
BEV demo log:
6, 3.0066572179939866
12, 2.7872219279235715
18, 2.8242068744320066
24, 2.901231769759145
30, 2.9953797794620445
36, 2.974861968678265
42, 2.932820620276204
48, 2.959528871131644
54, 2.541047606353976
60, 2.779230216537629
66, 2.8622975700213464
72, 2.745768692409892
78, 2.7165348491457686
84, 2.7516479825334845
90, 2.7661344775474506
96, 2.915953759690174
102, 2.950822832253941
108, 2.992319627535288
114, 2.8802872112567988
120, 2.851920640214538
126, 2.8494884166681858
132, 2.9505886093773706
138, 2.635537655641128
143, 2.4537569948066493
147, 1.9710786091556638
151, 1.9780214546010602
157, 2.6857792405507475
163, 2.589859895894437
BEV demo log:
4, 2.392660120053317
10, 2.576895937873908
BEV demo log:
4, 2.377699363351095
11, 3.062926060181436
18, 3.0432634919845185
25, 3.0517212526720634
30, 2.475347175623481
BEV demo log:
15, 7.49835962924783
21, 2.6613975575801185
27, 2.672978080173121
33, 2.883407481398248
40, 3.0639383541630143
46, 2.892781387489547
52, 2.987189276905456
58, 2.6730061874907194
64, 2.845849459097102
71, 3.029165703720823
78, 3.0688074641099514
84, 2.9978661228871633
91, 3.0086642183460905
97, 2.888588389115756
104, 3.039981693923014
111, 3.0559089426372172
118, 3.044579143209804
125, 3.04835757992196
132, 3.046043506565928
139, 3.0631280180573532
146, 3.0687410680531126
153, 3.028015102468884
160, 3.058848190317871
167, 3.0810566215144126
174, 3.045800190776639
179, 2.049862091521028
184, 2.271004183239536
BEV demo log:
13, 6.5321350833416485
19, 2.608190122491273
25, 2.7967489649644897
30, 2.410416197098676
BEV demo log:
5, 2.639606265243581
11, 2.7470005297340383
17, 2.7341716040940502
23, 2.5240204358223246
BEV demo log:
14, 6.369856834909752
20, 2.6967148626826103
26, 2.7166087469886464
32, 2.60359129683052
39, 3.04413089249568
46, 3.026659122043827
53, 3.041894138608441
60, 3.0795584083535386
67, 3.0385171769649113
73, 2.8309991057868045
80, 3.0018518154989757
87, 3.029826530803893
94, 3.0312066317886703
101, 3.0160122226033312
108, 3.0298518567823343
115, 3.0480762372867174
122, 3.0335220287396027
129, 3.027297317863389
136, 3.012048037032436
143, 3.063142079407439
150, 3.009099308555859
156, 2.9776757945543153
162, 2.9948286898645535
169, 3.030695672720152
176, 3.0324439098442655
183, 3.0497951680901405
190, 3.0039012690711346
197, 3.0426403038647583
204, 3.0574211598030847
211, 3.036904538900912
218, 3.028573580039972
225, 3.0338702860774274
232, 3.0080625149710905
239, 3.0371690563062415
246, 3.054646090205303
253, 3.0457591153228716
260, 3.032977703785565
267, 3.0397919035454213
274, 3.003641899926168
281, 3.058733469003268
288, 3.057336790108184
295, 3.0444320266631357
302, 3.0289610120977373
309, 3.0232554882762863
316, 3.0217964645753033
323, 3.057397917875276
330, 3.048527233425834
337, 3.034327436401353
344, 3.0721807606355744
351, 3.0006185171694724
358, 3.0360318326963487
365, 3.0340602783304145
371, 2.9794959613257155
378, 3.0428433796473633
384, 2.9986137599752922
391, 3.0122723915460985
398, 3.0049674884609647
405, 3.0451229032589624
412, 3.048810242296284
419, 3.01210304096945
426, 3.0075571715072487
432, 2.994076883092532
439, 3.0435086110911564
445, 2.9832734702674046
451, 2.948389352263642
457, 2.9964008647068994
463, 2.9994783116749844
469, 2.968577751600992
476, 3.0305248699620453
483, 3.0211008983620067
490, 2.99985940774696
496, 2.9560014790682247
503, 2.9885780019020545
509, 2.9520990831137954
515, 2.9966117307822144
521, 2.9858449599305965
527, 2.9998008145029926
533, 2.9752456787937014
539, 2.960384958607727
545, 2.9837389476929097
551, 2.965462012455829
556, 2.150480916044624
560, 1.9107406225492507
566, 2.611177799251255
572, 2.994673665631863
578, 2.9699486209221044
584, 2.9864232258628007
590, 2.9567895193144937
596, 2.981277738657892
602, 2.9457764286840518
608, 2.946025062576838
614, 2.9353208959428114
620, 2.979640951109559
626, 2.9116020737934196
632, 2.9479807666513875
638, 2.948401787752015
644, 2.9636694172402542
651, 3.030201148333892
657, 2.3822048451125317
662, 2.345724692505276
668, 2.6376956235600715
BEV demo log:
6, 3.091500107033248
12, 2.82880845586512
18, 2.8273373050700985
24, 2.826391035270947
30, 2.82705621585443
36, 2.834444360096565
42, 2.7597739570748296
48, 2.8823992138231516
55, 3.0436941328800984
61, 2.982932943160542
67, 2.994090063182571
74, 3.00968538366402
80, 2.936094863851445
87, 3.0083682685748
93, 2.9551541708583313
100, 2.9992250673647938
107, 3.0126355705748877
113, 2.9900122721341287
120, 3.038911246479158
126, 2.9684688510296176
133, 3.0152799879635808
139, 2.9785677966823876
146, 3.017797527225842
152, 2.985673507449406
158, 2.996590678520703
164, 2.997374093268939
171, 3.0242781730472887
178, 3.0203012531623785
184, 2.96791046721153
190, 2.9812710282898136
196, 2.9699223337337552
202, 2.9561320375722477
209, 3.016336328253219
215, 2.991092268579762
222, 3.0311146276659446
229, 3.040935095894165
236, 3.0223252718099296
243, 3.015548804380168
250, 3.0366067763405096
257, 3.041132274072358
263, 2.9761576951232347
270, 3.0012258359440613
277, 3.0228804074034303
283, 2.981190506229021
290, 3.0280488301685584
297, 3.04418739006861
304, 3.0124522701283722
310, 2.962646448419442
317, 3.039081108435825
324, 3.0159363188233463
330, 2.9960502005615224
336, 2.971975185734986
342, 2.9577514350178076
349, 3.002719719938289
356, 3.001958319381002
363, 3.0097393757483313
370, 3.017755342513738
377, 3.038386996091509
384, 3.031839546167817
391, 3.040401331226049
398, 3.043022512464315
405, 3.019183764759718
412, 3.030253064247484
419, 3.03203429405854
426, 3.0646141217763367
433, 3.049160435612626
440, 2.9991089539049383
447, 3.044841210045319
454, 3.0321323036659003
461, 3.0344616603228505
467, 2.9835970961000986
474, 3.019192457974947
481, 3.0463785243701436
488, 3.0471047545628016
494, 2.981364622993228
500, 2.973774683057874
507, 3.0384983094804667
514, 3.0391953040910744
521, 3.035993217852348
528, 3.014577203796749
535, 3.059569219533972
542, 3.017520246383154
549, 3.055647193349292
556, 3.0247146751490175
563, 3.0250238235042297
570, 3.0128139467228863
577, 3.041688668567714
584, 3.045631472522165
591, 3.000823996511864
598, 3.0145895848232094
605, 3.0122968067946285
612, 3.0065937919024264
619, 3.013556428598115
625, 2.71445797128712
631, 2.973392406181996
637, 2.553312308216151
642, 2.4125521847717675
648, 2.771942014171523
654, 2.859487249876915
660, 2.819117708341268
666, 2.8528375139760653
672, 2.7736076262289053
678, 2.6344373810079875
684, 2.7126082191763103
690, 2.8085666009700483
696, 2.793383832004193
702, 2.7275830416979763
708, 2.614377911666112
714, 2.7347732777116156
720, 2.739681514967599
726, 2.7404237766256965
732, 2.758933158275904
738, 2.8393615938626215
744, 2.8129135610409084
750, 2.784612182558796
756, 2.9516056901200507
762, 2.888726987218964
768, 2.900013816819852
775, 3.0130022383964
782, 3.0102389715362436
788, 2.993862455767175
795, 3.0327502545185303
802, 3.04043911371172
808, 2.9550417420472175
814, 2.7060811442912858
820, 2.7462469096867372
826, 2.7410571649367474
832, 2.795799450257063
838, 2.8996886897523413
844, 2.903116378681337
850, 2.778714057878393
856, 2.7537267377071712
862, 2.8985304534413237
868, 2.890697313525689
874, 2.944378170967475
880, 2.907228092388256
886, 2.9036767778769805
892, 2.9196323970783515
898, 2.9196686409314974
904, 2.923431374564854
910, 2.9159665988208596
916, 2.915576745106417
922, 2.943942111815367
929, 3.0108594540831066
935, 2.984190415589901
941, 2.9615516916537814
947, 2.9882260741943987
953, 2.9410802813247225
959, 2.8957258690604037
965, 2.943483114855243
971, 2.965564052672067
977, 2.968494062026696
983, 2.998665211689419
989, 2.920567912034655
995, 2.9046292491724417
1001, 2.8904313717022423
1007, 2.9266642539291494
1013, 2.9205499482987323
1019, 2.992580095124424
1025, 2.96901798742447
1031, 2.8783422389555455
1037, 2.965915655962692
1043, 2.9324450407411824
1049, 2.9045451035751224
1055, 2.920231044039216
1061, 2.8640074055468996
1067, 2.9076446076888014
1073, 2.9633410272877505
1080, 3.001110794578439
1086, 2.93378786418027
1092, 2.9217048219263835
1098, 2.9243224311717335
1104, 2.941339811510296
1110, 2.992597176550555
1117, 3.0123202952553494
1123, 2.967004197292186
1130, 3.025659770782539
1137, 3.0313609233468597
1144, 3.022560806122512
1150, 2.9936665772501874
1156, 2.97621260283356
1162, 2.999147299967954
1168, 2.952909990764318
1174, 2.9796885785699145
1181, 3.0262978571204013
1188, 3.02676770556029
1194, 2.9744815216459872
1201, 3.006434930525647
1207, 2.93448608470633
1213, 2.925659524834508
1219, 2.9328910307868306
1225, 2.9517237431862746
1231, 2.905854773678679
1237, 2.9718151486402133
1243, 2.9534558115746328
1249, 2.95525897331805
1255, 2.974949534497409
1261, 2.9639776325654923
1267, 2.9399423269141534
1273, 2.923445638063375
1279, 2.94597195278358
1285, 2.9079342233296623
1291, 2.869702114946251
1297, 2.9803703472985927
1303, 2.9734711022100915
1309, 2.9788498524177074
1315, 2.972508767225871
1321, 2.9395559938171476
1327, 2.8996151870567903
1333, 2.9461561209086766
1339, 2.9067022443534265
1345, 2.916923432136895
1351, 2.909194823895146
1357, 2.9736074248303983
1363, 2.8644693364414815
1369, 2.9262392098098884
1375, 2.935777008176627
1381, 2.9295683355754014
1387, 2.910388190166737
1393, 2.929149948129031
1399, 2.917534836242561
1405, 2.9603362050732374
1411, 2.899976722586236
1417, 2.8656935052974024
1423, 2.7853342922582747
1429, 2.9677200696097135
1435, 2.9605583949110885
1441, 2.8868812092728198
1447, 2.9288564321935784
1453, 2.9172436433644124
1459, 2.910067799526541
1465, 2.8909284337999064
1471, 2.962996662455146
1477, 2.947919643969971
1483, 2.8656556522737233
1489, 2.915447717707246
1495, 2.9253442644903545
1501, 2.851403623050552
1507, 2.8755860964451307
1513, 2.931063845250487
1519, 2.9039160099365717
1525, 2.8891252821009594
1531, 2.8837342545702227
1537, 2.857063516238068
1543, 2.8335810641687984
1549, 2.834034508209478
1555, 2.861198933279003
1561, 2.921119472370121
1567, 2.869613436443707
1573, 2.9138085107516187
1579, 2.8576241220318273
1585, 2.9110413054733884
1591, 2.8824804303569027
1597, 2.8750315597640825
1603, 2.8448637449276832
1609, 2.9216685275028964
1615, 2.9558025384185957
1621, 2.8958381614900772
1627, 2.8027186761755885
1633, 2.7289773420424965
1639, 2.749001096068899
1645, 2.7310332343870374
1651, 2.7690073227475223
1657, 2.775266365567753
1663, 2.738563809875352
1669, 2.7408135653250136
1675, 2.812217306823256
1681, 2.945089024440337
1687, 2.8574148424016714
1693, 2.9274670358112944
1699, 2.8808210225623916
1705, 2.9055776489479763
1711, 2.957970107908012
1717, 2.8837441679573286
1723, 2.97501178321439
1729, 2.882018613577419
1735, 2.72832053599742
1741, 2.787505957801211
1747, 2.7723649487159574
1753, 2.7769522167993212
1759, 2.932281032543933
1765, 2.9142407502085876
1771, 2.986242848054995
1777, 2.8838525587695356
1783, 2.936870953692669
1789, 2.941698760505869
1795, 2.8908992096552986
1801, 2.9079137265904142
1807, 2.994936681744992
1813, 2.97153056384496
1819, 2.902624156216389
1825, 2.8913794904100456
1831, 2.8537336193512752
1837, 2.914858120031931
1843, 2.976771650469727
1849, 2.94045415997837
1855, 2.920347956217915
1861, 2.8642945871214422
1867, 2.8359337838750016
1873, 2.9357047467152446
1879, 2.978890402321103
1885, 2.9675905851981925
1891, 2.9583546890590657
1897, 2.881736776708039
1903, 2.934362905550306
1909, 2.8999720441016397
1915, 2.923065325728463
1921, 2.9900694685704265
1927, 2.9577674258980995
1934, 3.003329425748732
1941, 3.031153118507143
1948, 3.0141105132763495
1955, 2.9888877181784355
1962, 3.03606699503477
1968, 2.9882509122386627
1974, 2.9988224362009945
1980, 2.913544371312675
1986, 2.904181422710336
1992, 2.9063974336305773
1998, 2.9412425252928056
2004, 2.940722514142525
2010, 2.9069550709082064
2016, 2.9379537101527173
2022, 2.9263150893377707
2028, 2.922513030392908
2034, 2.9705203947611487
2040, 2.960045806576368
2046, 2.961776155428547
2052, 2.840421400218129
2058, 2.8071201808544943
2064, 2.7538047822606724
2070, 2.7765799590780933
2076, 2.75464396530521
2082, 2.889510084192044
2088, 2.928008941158895
2094, 2.895785512916403
2100, 2.934350930350596
2106, 2.9178237191300824
2112, 2.9148790524063384
2118, 2.928048118710691
2124, 2.89645075838142
2130, 2.8829113507151596
2136, 2.8758825064760947
2142, 2.9291925656698465
2148, 2.9550524987547266
2155, 3.024452011035493
2161, 2.994788774045141
2167, 2.9846756481924475
2174, 3.024329574672545
2181, 3.0051655663980554
2187, 2.932652127294727
2193, 2.9233505507021795
2199, 2.955600500456685
2205, 2.9434424903620475
2211, 2.982128434105
2217, 2.963055620967362
2223, 2.96353505123633
2229, 2.954987959684317
2235, 2.941498989765812
2241, 2.912317745971117
2247, 2.9669734148315516
2253, 2.934587715295657
2259, 2.931408339207995
2265, 2.9445766103083133
2271, 2.9279942924305593
2277, 2.864742914105719
2283, 2.9477639134527838
2289, 2.953183049225655
2295, 2.939267597974617
2301, 2.9268306979538674
2307, 2.9644598057031915
2313, 2.930580188133245
2319, 2.911017397632188
2325, 2.92985585441474
2331, 2.9584155496706583
2338, 2.9938369646704306
2344, 2.953431201976041
2350, 2.976897007349436
2356, 2.889035399139345
2362, 2.949672141754035
2369, 3.037878642864674
2375, 2.977079779695029
2381, 2.909394939656743
2387, 2.9296242660172385
2393, 2.9215091140786122
2399, 2.9668866676970556
2405, 2.942247667995789
2411, 2.9395796859909815
2417, 2.953909256155703
2423, 2.9693175064590718
2430, 2.997258174077464
2436, 2.985480115680749
2442, 2.9888794521592446
2448, 2.9988653184746696
2454, 2.9054988156136035
2460, 2.9604845601051033
2466, 2.9202334160773398
2472, 2.96495680718362
2478, 2.959548013669101
2484, 2.938328300645185
2490, 2.9275484280225323
2496, 2.9768318627094374
2502, 2.550251844957872
2507, 2.2015892285527
2512, 2.455758852357293
2518, 2.9054699670370128
2524, 2.866995801210513
2530, 2.9551954663043594
2536, 2.9739714815340914
2542, 2.875894337856295
2548, 2.883735576351232
2554, 2.8200113962157167
2560, 2.9043684472080082
2566, 2.991881702980608
2572, 2.5492879802854764
BEV demo log:
7, 3.454191274743232
13, 2.712632195394529
18, 2.3600956889229954
BEV demo log:
9, 4.509102480579153
15, 2.7921673643435536
21, 2.83887890234362
27, 2.6817600465469673
33, 2.6395885460397244
39, 2.697182503837987
45, 2.6355669131929345
51, 2.8381931029147114
57, 2.5931487471683927
BEV demo log:
5, 2.966448812015345
11, 2.918967634447028
17, 2.8860912617201686
23, 2.942855970130142
28, 2.440985565241581
33, 2.317758067025987
38, 2.444578418303378
43, 2.035657435236181
BEV demo log:
6, 3.0256214193276594
12, 2.700772375217455
18, 2.808958459136099
24, 2.7123044596520605
30, 2.7512054783109017
36, 2.76629532580099
42, 2.73211187558523
48, 2.725357896597253
54, 2.7279662287429662
60, 2.796495988023633
66, 2.785430170229425
72, 2.5934921503700075
78, 2.7738399688378954
84, 2.7906368964121557
90, 2.629667297633795
96, 2.5215809298772958
101, 2.2350801362564683
