[0.955s] Invoking command in '/home/ksj/ros2_workspace/src/car_vision': AMENT_PREFIX_PATH=/home/ksj/ros2_workspace/install/car_msgs:${AMENT_PREFIX_PATH} CMAKE_PREFIX_PATH=/home/ksj/ros2_workspace/install/car_msgs:${CMAKE_PREFIX_PATH} DEBUGINFOD_URLS=https://debuginfod.ubuntu.com LD_LIBRARY_PATH=/home/ksj/ros2_workspace/install/car_msgs/lib:${LD_LIBRARY_PATH} PYTHONPATH=/home/ksj/ros2_workspace/build/car_vision/prefix_override:/usr/lib/python3/dist-packages/colcon_core/task/python/colcon_distutils_commands:/home/ksj/ros2_workspace/install/car_vision/lib/python3.12/site-packages:/home/ksj/ros2_workspace/install/car_msgs/lib/python3.12/site-packages:${PYTHONPATH} /usr/bin/python3 -W ignore:setup.py install is deprecated -W ignore:easy_install command is deprecated setup.py egg_info --egg-base ../../build/car_vision build --build-base /home/ksj/ros2_workspace/build/car_vision/build install --record /home/ksj/ros2_workspace/build/car_vision/install.log --single-version-externally-managed install_data
[1.153s] running egg_info
[1.153s] creating ../../build/car_vision/car_vision.egg-info
[1.167s] writing ../../build/car_vision/car_vision.egg-info/PKG-INFO
[1.167s] writing dependency_links to ../../build/car_vision/car_vision.egg-info/dependency_links.txt
[1.168s] writing requirements to ../../build/car_vision/car_vision.egg-info/requires.txt
[1.168s] writing top-level names to ../../build/car_vision/car_vision.egg-info/top_level.txt
[1.168s] writing manifest file '../../build/car_vision/car_vision.egg-info/SOURCES.txt'
[1.197s] reading manifest file '../../build/car_vision/car_vision.egg-info/SOURCES.txt'
[1.198s] writing manifest file '../../build/car_vision/car_vision.egg-info/SOURCES.txt'
[1.198s] running build
[1.198s] running build_py
[1.198s] creating /home/ksj/ros2_workspace/build/car_vision/build
[1.198s] creating /home/ksj/ros2_workspace/build/car_vision/build/lib
[1.198s] creating /home/ksj/ros2_workspace/build/car_vision/build/lib/car_vision
[1.198s] copying car_vision/__init__.py -> /home/ksj/ros2_workspace/build/car_vision/build/lib/car_vision
[1.198s] copying car_vision/lane_detector.py -> /home/ksj/ros2_workspace/build/car_vision/build/lib/car_vision
[1.199s] running install
[1.204s] running install_lib
[1.219s] creating /home/ksj/ros2_workspace/install/car_vision/lib/python3.12/site-packages/car_vision
[1.219s] copying /home/ksj/ros2_workspace/build/car_vision/build/lib/car_vision/__init__.py -> /home/ksj/ros2_workspace/install/car_vision/lib/python3.12/site-packages/car_vision
[1.219s] copying /home/ksj/ros2_workspace/build/car_vision/build/lib/car_vision/lane_detector.py -> /home/ksj/ros2_workspace/install/car_vision/lib/python3.12/site-packages/car_vision
[1.219s] byte-compiling /home/ksj/ros2_workspace/install/car_vision/lib/python3.12/site-packages/car_vision/__init__.py to __init__.cpython-312.pyc
[1.219s] byte-compiling /home/ksj/ros2_workspace/install/car_vision/lib/python3.12/site-packages/car_vision/lane_detector.py to lane_detector.cpython-312.pyc
[1.220s] running install_data
[1.220s] creating /home/ksj/ros2_workspace/install/car_vision/share/ament_index
[1.220s] creating /home/ksj/ros2_workspace/install/car_vision/share/ament_index/resource_index
[1.220s] creating /home/ksj/ros2_workspace/install/car_vision/share/ament_index/resource_index/packages
[1.220s] copying resource/car_vision -> /home/ksj/ros2_workspace/install/car_vision/share/ament_index/resource_index/packages
[1.220s] copying package.xml -> /home/ksj/ros2_workspace/install/car_vision/share/car_vision
[1.220s] running install_egg_info
[1.235s] Copying ../../build/car_vision/car_vision.egg-info to /home/ksj/ros2_workspace/install/car_vision/lib/python3.12/site-packages/car_vision-0.0.0-py3.12.egg-info
[1.236s] running install_scripts
[1.332s] writing list of installed files to '/home/ksj/ros2_workspace/build/car_vision/install.log'
[1.362s] Invoked command in '/home/ksj/ros2_workspace/src/car_vision' returned '0': AMENT_PREFIX_PATH=/home/ksj/ros2_workspace/install/car_msgs:${AMENT_PREFIX_PATH} CMAKE_PREFIX_PATH=/home/ksj/ros2_workspace/install/car_msgs:${CMAKE_PREFIX_PATH} DEBUGINFOD_URLS=https://debuginfod.ubuntu.com LD_LIBRARY_PATH=/home/ksj/ros2_workspace/install/car_msgs/lib:${LD_LIBRARY_PATH} PYTHONPATH=/home/ksj/ros2_workspace/build/car_vision/prefix_override:/usr/lib/python3/dist-packages/colcon_core/task/python/colcon_distutils_commands:/home/ksj/ros2_workspace/install/car_vision/lib/python3.12/site-packages:/home/ksj/ros2_workspace/install/car_msgs/lib/python3.12/site-packages:${PYTHONPATH} /usr/bin/python3 -W ignore:setup.py install is deprecated -W ignore:easy_install command is deprecated setup.py egg_info --egg-base ../../build/car_vision build --build-base /home/ksj/ros2_workspace/build/car_vision/build install --record /home/ksj/ros2_workspace/build/car_vision/install.log --single-version-externally-managed install_data
