[0.081s] DEBUG:colcon:Command line arguments: ['/usr/bin/colcon', 'build']
[0.081s] DEBUG:colcon:Parsed command line arguments: Namespace(log_base=None, log_level=None, verb_name='build', build_base='build', install_base='install', merge_install=False, symlink_install=False, test_result_base=None, continue_on_error=False, executor='parallel', parallel_workers=16, event_handlers=None, ignore_user_meta=False, metas=['./colcon.meta'], base_paths=['.'], packages_ignore=None, packages_ignore_regex=None, paths=None, packages_up_to=None, packages_up_to_regex=None, packages_above=None, packages_above_and_dependencies=None, packages_above_depth=None, packages_select_by_dep=None, packages_skip_by_dep=None, packages_skip_up_to=None, packages_select_build_failed=False, packages_skip_build_finished=False, packages_select_test_failures=False, packages_skip_test_passed=False, packages_select=None, packages_skip=None, packages_select_regex=None, packages_skip_regex=None, packages_start=None, packages_end=None, allow_overriding=[], cmake_args=None, cmake_target=None, cmake_target_skip_unavailable=False, cmake_clean_cache=False, cmake_clean_first=False, cmake_force_configure=False, ament_cmake_args=None, catkin_cmake_args=None, catkin_skip_building_tests=False, mixin_files=None, mixin=None, verb_parser=<colcon_mixin.mixin.mixin_argument.MixinArgumentDecorator object at 0x75d81f9a0b60>, verb_extension=<colcon_core.verb.build.BuildVerb object at 0x75d81fac0c80>, main=<bound method BuildVerb.main of <colcon_core.verb.build.BuildVerb object at 0x75d81fac0c80>>, mixin_verb=('build',))
[0.109s] Level 1:colcon.colcon_core.package_discovery:discover_packages(colcon_meta) check parameters
[0.109s] Level 1:colcon.colcon_core.package_discovery:discover_packages(recursive) check parameters
[0.109s] Level 1:colcon.colcon_core.package_discovery:discover_packages(ignore) check parameters
[0.109s] Level 1:colcon.colcon_core.package_discovery:discover_packages(path) check parameters
[0.109s] Level 1:colcon.colcon_core.package_discovery:discover_packages(colcon_meta) discover
[0.109s] Level 1:colcon.colcon_core.package_discovery:discover_packages(recursive) discover
[0.109s] INFO:colcon.colcon_core.package_discovery:Crawling recursively for packages in '/home/ksj/ros2_workspace'
[0.109s] Level 1:colcon.colcon_core.package_identification:_identify(.) by extensions ['ignore', 'ignore_ament_install']
[0.109s] Level 1:colcon.colcon_core.package_identification:_identify(.) by extension 'ignore'
[0.109s] Level 1:colcon.colcon_core.package_identification:_identify(.) by extension 'ignore_ament_install'
[0.109s] Level 1:colcon.colcon_core.package_identification:_identify(.) by extensions ['colcon_pkg']
[0.109s] Level 1:colcon.colcon_core.package_identification:_identify(.) by extension 'colcon_pkg'
[0.109s] Level 1:colcon.colcon_core.package_identification:_identify(.) by extensions ['colcon_meta']
[0.109s] Level 1:colcon.colcon_core.package_identification:_identify(.) by extension 'colcon_meta'
[0.109s] Level 1:colcon.colcon_core.package_identification:_identify(.) by extensions ['ros']
[0.109s] Level 1:colcon.colcon_core.package_identification:_identify(.) by extension 'ros'
[0.129s] Level 1:colcon.colcon_core.package_identification:_identify(.) by extensions ['cmake', 'python']
[0.129s] Level 1:colcon.colcon_core.package_identification:_identify(.) by extension 'cmake'
[0.129s] Level 1:colcon.colcon_core.package_identification:_identify(.) by extension 'python'
[0.129s] Level 1:colcon.colcon_core.package_identification:_identify(.) by extensions ['python_setup_py']
[0.129s] Level 1:colcon.colcon_core.package_identification:_identify(.) by extension 'python_setup_py'
[0.129s] Level 1:colcon.colcon_core.package_identification:_identify(build) by extensions ['ignore', 'ignore_ament_install']
[0.129s] Level 1:colcon.colcon_core.package_identification:_identify(build) by extension 'ignore'
[0.129s] Level 1:colcon.colcon_core.package_identification:_identify(build) ignored
[0.129s] Level 1:colcon.colcon_core.package_identification:_identify(install) by extensions ['ignore', 'ignore_ament_install']
[0.130s] Level 1:colcon.colcon_core.package_identification:_identify(install) by extension 'ignore'
[0.130s] Level 1:colcon.colcon_core.package_identification:_identify(install) ignored
[0.130s] Level 1:colcon.colcon_core.package_identification:_identify(log) by extensions ['ignore', 'ignore_ament_install']
[0.130s] Level 1:colcon.colcon_core.package_identification:_identify(log) by extension 'ignore'
[0.130s] Level 1:colcon.colcon_core.package_identification:_identify(log) ignored
[0.130s] Level 1:colcon.colcon_core.package_identification:_identify(src) by extensions ['ignore', 'ignore_ament_install']
[0.130s] Level 1:colcon.colcon_core.package_identification:_identify(src) by extension 'ignore'
[0.130s] Level 1:colcon.colcon_core.package_identification:_identify(src) by extension 'ignore_ament_install'
[0.130s] Level 1:colcon.colcon_core.package_identification:_identify(src) by extensions ['colcon_pkg']
[0.130s] Level 1:colcon.colcon_core.package_identification:_identify(src) by extension 'colcon_pkg'
[0.130s] Level 1:colcon.colcon_core.package_identification:_identify(src) by extensions ['colcon_meta']
[0.130s] Level 1:colcon.colcon_core.package_identification:_identify(src) by extension 'colcon_meta'
[0.130s] Level 1:colcon.colcon_core.package_identification:_identify(src) by extensions ['ros']
[0.130s] Level 1:colcon.colcon_core.package_identification:_identify(src) by extension 'ros'
[0.130s] Level 1:colcon.colcon_core.package_identification:_identify(src) by extensions ['cmake', 'python']
[0.130s] Level 1:colcon.colcon_core.package_identification:_identify(src) by extension 'cmake'
[0.130s] Level 1:colcon.colcon_core.package_identification:_identify(src) by extension 'python'
[0.130s] Level 1:colcon.colcon_core.package_identification:_identify(src) by extensions ['python_setup_py']
[0.130s] Level 1:colcon.colcon_core.package_identification:_identify(src) by extension 'python_setup_py'
[0.130s] Level 1:colcon.colcon_core.package_identification:_identify(src/build) by extensions ['ignore', 'ignore_ament_install']
[0.130s] Level 1:colcon.colcon_core.package_identification:_identify(src/build) by extension 'ignore'
[0.130s] Level 1:colcon.colcon_core.package_identification:_identify(src/build) ignored
[0.130s] Level 1:colcon.colcon_core.package_identification:_identify(src/car_comms) by extensions ['ignore', 'ignore_ament_install']
[0.130s] Level 1:colcon.colcon_core.package_identification:_identify(src/car_comms) by extension 'ignore'
[0.130s] Level 1:colcon.colcon_core.package_identification:_identify(src/car_comms) by extension 'ignore_ament_install'
[0.130s] Level 1:colcon.colcon_core.package_identification:_identify(src/car_comms) by extensions ['colcon_pkg']
[0.131s] Level 1:colcon.colcon_core.package_identification:_identify(src/car_comms) by extension 'colcon_pkg'
[0.131s] Level 1:colcon.colcon_core.package_identification:_identify(src/car_comms) by extensions ['colcon_meta']
[0.131s] Level 1:colcon.colcon_core.package_identification:_identify(src/car_comms) by extension 'colcon_meta'
[0.131s] Level 1:colcon.colcon_core.package_identification:_identify(src/car_comms) by extensions ['ros']
[0.131s] Level 1:colcon.colcon_core.package_identification:_identify(src/car_comms) by extension 'ros'
[0.132s] DEBUG:colcon.colcon_core.package_identification:Package 'src/car_comms' with type 'ros.ament_python' and name 'car_comms'
[0.133s] Level 1:colcon.colcon_core.package_identification:_identify(src/car_control) by extensions ['ignore', 'ignore_ament_install']
[0.133s] Level 1:colcon.colcon_core.package_identification:_identify(src/car_control) by extension 'ignore'
[0.133s] Level 1:colcon.colcon_core.package_identification:_identify(src/car_control) by extension 'ignore_ament_install'
[0.133s] Level 1:colcon.colcon_core.package_identification:_identify(src/car_control) by extensions ['colcon_pkg']
[0.133s] Level 1:colcon.colcon_core.package_identification:_identify(src/car_control) by extension 'colcon_pkg'
[0.133s] Level 1:colcon.colcon_core.package_identification:_identify(src/car_control) by extensions ['colcon_meta']
[0.133s] Level 1:colcon.colcon_core.package_identification:_identify(src/car_control) by extension 'colcon_meta'
[0.133s] Level 1:colcon.colcon_core.package_identification:_identify(src/car_control) by extensions ['ros']
[0.133s] Level 1:colcon.colcon_core.package_identification:_identify(src/car_control) by extension 'ros'
[0.133s] DEBUG:colcon.colcon_core.package_identification:Package 'src/car_control' with type 'ros.ament_python' and name 'car_control'
[0.133s] Level 1:colcon.colcon_core.package_identification:_identify(src/car_msgs) by extensions ['ignore', 'ignore_ament_install']
[0.133s] Level 1:colcon.colcon_core.package_identification:_identify(src/car_msgs) by extension 'ignore'
[0.133s] Level 1:colcon.colcon_core.package_identification:_identify(src/car_msgs) by extension 'ignore_ament_install'
[0.133s] Level 1:colcon.colcon_core.package_identification:_identify(src/car_msgs) by extensions ['colcon_pkg']
[0.133s] Level 1:colcon.colcon_core.package_identification:_identify(src/car_msgs) by extension 'colcon_pkg'
[0.133s] Level 1:colcon.colcon_core.package_identification:_identify(src/car_msgs) by extensions ['colcon_meta']
[0.133s] Level 1:colcon.colcon_core.package_identification:_identify(src/car_msgs) by extension 'colcon_meta'
[0.133s] Level 1:colcon.colcon_core.package_identification:_identify(src/car_msgs) by extensions ['ros']
[0.133s] Level 1:colcon.colcon_core.package_identification:_identify(src/car_msgs) by extension 'ros'
[0.134s] DEBUG:colcon.colcon_core.package_identification:Package 'src/car_msgs' with type 'ros.ament_cmake' and name 'car_msgs'
[0.134s] Level 1:colcon.colcon_core.package_identification:_identify(src/car_planning) by extensions ['ignore', 'ignore_ament_install']
[0.134s] Level 1:colcon.colcon_core.package_identification:_identify(src/car_planning) by extension 'ignore'
[0.134s] Level 1:colcon.colcon_core.package_identification:_identify(src/car_planning) by extension 'ignore_ament_install'
[0.134s] Level 1:colcon.colcon_core.package_identification:_identify(src/car_planning) by extensions ['colcon_pkg']
[0.134s] Level 1:colcon.colcon_core.package_identification:_identify(src/car_planning) by extension 'colcon_pkg'
[0.134s] Level 1:colcon.colcon_core.package_identification:_identify(src/car_planning) by extensions ['colcon_meta']
[0.134s] Level 1:colcon.colcon_core.package_identification:_identify(src/car_planning) by extension 'colcon_meta'
[0.134s] Level 1:colcon.colcon_core.package_identification:_identify(src/car_planning) by extensions ['ros']
[0.134s] Level 1:colcon.colcon_core.package_identification:_identify(src/car_planning) by extension 'ros'
[0.134s] DEBUG:colcon.colcon_core.package_identification:Package 'src/car_planning' with type 'ros.ament_python' and name 'car_planning'
[0.135s] Level 1:colcon.colcon_core.package_identification:_identify(src/car_vision) by extensions ['ignore', 'ignore_ament_install']
[0.135s] Level 1:colcon.colcon_core.package_identification:_identify(src/car_vision) by extension 'ignore'
[0.135s] Level 1:colcon.colcon_core.package_identification:_identify(src/car_vision) by extension 'ignore_ament_install'
[0.135s] Level 1:colcon.colcon_core.package_identification:_identify(src/car_vision) by extensions ['colcon_pkg']
[0.135s] Level 1:colcon.colcon_core.package_identification:_identify(src/car_vision) by extension 'colcon_pkg'
[0.135s] Level 1:colcon.colcon_core.package_identification:_identify(src/car_vision) by extensions ['colcon_meta']
[0.135s] Level 1:colcon.colcon_core.package_identification:_identify(src/car_vision) by extension 'colcon_meta'
[0.135s] Level 1:colcon.colcon_core.package_identification:_identify(src/car_vision) by extensions ['ros']
[0.135s] Level 1:colcon.colcon_core.package_identification:_identify(src/car_vision) by extension 'ros'
[0.135s] DEBUG:colcon.colcon_core.package_identification:Package 'src/car_vision' with type 'ros.ament_python' and name 'car_vision'
[0.135s] Level 1:colcon.colcon_core.package_identification:_identify(src/install) by extensions ['ignore', 'ignore_ament_install']
[0.135s] Level 1:colcon.colcon_core.package_identification:_identify(src/install) by extension 'ignore'
[0.135s] Level 1:colcon.colcon_core.package_identification:_identify(src/install) ignored
[0.136s] Level 1:colcon.colcon_core.package_identification:_identify(src/log) by extensions ['ignore', 'ignore_ament_install']
[0.136s] Level 1:colcon.colcon_core.package_identification:_identify(src/log) by extension 'ignore'
[0.136s] Level 1:colcon.colcon_core.package_identification:_identify(src/log) ignored
[0.136s] Level 1:colcon.colcon_core.package_identification:_identify(src/vision_pkg) by extensions ['ignore', 'ignore_ament_install']
[0.136s] Level 1:colcon.colcon_core.package_identification:_identify(src/vision_pkg) by extension 'ignore'
[0.136s] Level 1:colcon.colcon_core.package_identification:_identify(src/vision_pkg) by extension 'ignore_ament_install'
[0.136s] Level 1:colcon.colcon_core.package_identification:_identify(src/vision_pkg) by extensions ['colcon_pkg']
[0.136s] Level 1:colcon.colcon_core.package_identification:_identify(src/vision_pkg) by extension 'colcon_pkg'
[0.136s] Level 1:colcon.colcon_core.package_identification:_identify(src/vision_pkg) by extensions ['colcon_meta']
[0.136s] Level 1:colcon.colcon_core.package_identification:_identify(src/vision_pkg) by extension 'colcon_meta'
[0.136s] Level 1:colcon.colcon_core.package_identification:_identify(src/vision_pkg) by extensions ['ros']
[0.136s] Level 1:colcon.colcon_core.package_identification:_identify(src/vision_pkg) by extension 'ros'
[0.136s] DEBUG:colcon.colcon_core.package_identification:Package 'src/vision_pkg' with type 'ros.ament_python' and name 'vision_pkg'
[0.136s] Level 1:colcon.colcon_core.package_discovery:discover_packages(recursive) using defaults
[0.136s] Level 1:colcon.colcon_core.package_discovery:discover_packages(ignore) discover
[0.136s] Level 1:colcon.colcon_core.package_discovery:discover_packages(ignore) using defaults
[0.136s] Level 1:colcon.colcon_core.package_discovery:discover_packages(path) discover
[0.136s] Level 1:colcon.colcon_core.package_discovery:discover_packages(path) using defaults
[0.150s] Level 1:colcon.colcon_core.package_discovery:discover_packages(prefix_path) check parameters
[0.150s] Level 1:colcon.colcon_core.package_discovery:discover_packages(prefix_path) discover
[0.152s] DEBUG:colcon.colcon_installed_package_information.package_discovery:Found 288 installed packages in /opt/ros/jazzy
[0.153s] Level 1:colcon.colcon_core.package_discovery:discover_packages(prefix_path) using defaults
[0.182s] Level 5:colcon.colcon_core.verb:set package 'car_control' build argument 'cmake_args' from command line to 'None'
[0.182s] Level 5:colcon.colcon_core.verb:set package 'car_control' build argument 'cmake_target' from command line to 'None'
[0.182s] Level 5:colcon.colcon_core.verb:set package 'car_control' build argument 'cmake_target_skip_unavailable' from command line to 'False'
[0.182s] Level 5:colcon.colcon_core.verb:set package 'car_control' build argument 'cmake_clean_cache' from command line to 'False'
[0.182s] Level 5:colcon.colcon_core.verb:set package 'car_control' build argument 'cmake_clean_first' from command line to 'False'
[0.182s] Level 5:colcon.colcon_core.verb:set package 'car_control' build argument 'cmake_force_configure' from command line to 'False'
[0.182s] Level 5:colcon.colcon_core.verb:set package 'car_control' build argument 'ament_cmake_args' from command line to 'None'
[0.182s] Level 5:colcon.colcon_core.verb:set package 'car_control' build argument 'catkin_cmake_args' from command line to 'None'
[0.182s] Level 5:colcon.colcon_core.verb:set package 'car_control' build argument 'catkin_skip_building_tests' from command line to 'False'
[0.182s] DEBUG:colcon.colcon_core.verb:Building package 'car_control' with the following arguments: {'ament_cmake_args': None, 'build_base': '/home/ksj/ros2_workspace/build/car_control', 'catkin_cmake_args': None, 'catkin_skip_building_tests': False, 'cmake_args': None, 'cmake_clean_cache': False, 'cmake_clean_first': False, 'cmake_force_configure': False, 'cmake_target': None, 'cmake_target_skip_unavailable': False, 'install_base': '/home/ksj/ros2_workspace/install/car_control', 'merge_install': False, 'path': '/home/ksj/ros2_workspace/src/car_control', 'symlink_install': False, 'test_result_base': None}
[0.183s] Level 5:colcon.colcon_core.verb:set package 'car_msgs' build argument 'cmake_args' from command line to 'None'
[0.183s] Level 5:colcon.colcon_core.verb:set package 'car_msgs' build argument 'cmake_target' from command line to 'None'
[0.183s] Level 5:colcon.colcon_core.verb:set package 'car_msgs' build argument 'cmake_target_skip_unavailable' from command line to 'False'
[0.183s] Level 5:colcon.colcon_core.verb:set package 'car_msgs' build argument 'cmake_clean_cache' from command line to 'False'
[0.183s] Level 5:colcon.colcon_core.verb:set package 'car_msgs' build argument 'cmake_clean_first' from command line to 'False'
[0.183s] Level 5:colcon.colcon_core.verb:set package 'car_msgs' build argument 'cmake_force_configure' from command line to 'False'
[0.183s] Level 5:colcon.colcon_core.verb:set package 'car_msgs' build argument 'ament_cmake_args' from command line to 'None'
[0.183s] Level 5:colcon.colcon_core.verb:set package 'car_msgs' build argument 'catkin_cmake_args' from command line to 'None'
[0.183s] Level 5:colcon.colcon_core.verb:set package 'car_msgs' build argument 'catkin_skip_building_tests' from command line to 'False'
[0.183s] DEBUG:colcon.colcon_core.verb:Building package 'car_msgs' with the following arguments: {'ament_cmake_args': None, 'build_base': '/home/ksj/ros2_workspace/build/car_msgs', 'catkin_cmake_args': None, 'catkin_skip_building_tests': False, 'cmake_args': None, 'cmake_clean_cache': False, 'cmake_clean_first': False, 'cmake_force_configure': False, 'cmake_target': None, 'cmake_target_skip_unavailable': False, 'install_base': '/home/ksj/ros2_workspace/install/car_msgs', 'merge_install': False, 'path': '/home/ksj/ros2_workspace/src/car_msgs', 'symlink_install': False, 'test_result_base': None}
[0.183s] Level 5:colcon.colcon_core.verb:set package 'vision_pkg' build argument 'cmake_args' from command line to 'None'
[0.183s] Level 5:colcon.colcon_core.verb:set package 'vision_pkg' build argument 'cmake_target' from command line to 'None'
[0.183s] Level 5:colcon.colcon_core.verb:set package 'vision_pkg' build argument 'cmake_target_skip_unavailable' from command line to 'False'
[0.183s] Level 5:colcon.colcon_core.verb:set package 'vision_pkg' build argument 'cmake_clean_cache' from command line to 'False'
[0.183s] Level 5:colcon.colcon_core.verb:set package 'vision_pkg' build argument 'cmake_clean_first' from command line to 'False'
[0.183s] Level 5:colcon.colcon_core.verb:set package 'vision_pkg' build argument 'cmake_force_configure' from command line to 'False'
[0.183s] Level 5:colcon.colcon_core.verb:set package 'vision_pkg' build argument 'ament_cmake_args' from command line to 'None'
[0.183s] Level 5:colcon.colcon_core.verb:set package 'vision_pkg' build argument 'catkin_cmake_args' from command line to 'None'
[0.183s] Level 5:colcon.colcon_core.verb:set package 'vision_pkg' build argument 'catkin_skip_building_tests' from command line to 'False'
[0.183s] DEBUG:colcon.colcon_core.verb:Building package 'vision_pkg' with the following arguments: {'ament_cmake_args': None, 'build_base': '/home/ksj/ros2_workspace/build/vision_pkg', 'catkin_cmake_args': None, 'catkin_skip_building_tests': False, 'cmake_args': None, 'cmake_clean_cache': False, 'cmake_clean_first': False, 'cmake_force_configure': False, 'cmake_target': None, 'cmake_target_skip_unavailable': False, 'install_base': '/home/ksj/ros2_workspace/install/vision_pkg', 'merge_install': False, 'path': '/home/ksj/ros2_workspace/src/vision_pkg', 'symlink_install': False, 'test_result_base': None}
[0.183s] Level 5:colcon.colcon_core.verb:set package 'car_comms' build argument 'cmake_args' from command line to 'None'
[0.183s] Level 5:colcon.colcon_core.verb:set package 'car_comms' build argument 'cmake_target' from command line to 'None'
[0.183s] Level 5:colcon.colcon_core.verb:set package 'car_comms' build argument 'cmake_target_skip_unavailable' from command line to 'False'
[0.183s] Level 5:colcon.colcon_core.verb:set package 'car_comms' build argument 'cmake_clean_cache' from command line to 'False'
[0.183s] Level 5:colcon.colcon_core.verb:set package 'car_comms' build argument 'cmake_clean_first' from command line to 'False'
[0.183s] Level 5:colcon.colcon_core.verb:set package 'car_comms' build argument 'cmake_force_configure' from command line to 'False'
[0.183s] Level 5:colcon.colcon_core.verb:set package 'car_comms' build argument 'ament_cmake_args' from command line to 'None'
[0.183s] Level 5:colcon.colcon_core.verb:set package 'car_comms' build argument 'catkin_cmake_args' from command line to 'None'
[0.183s] Level 5:colcon.colcon_core.verb:set package 'car_comms' build argument 'catkin_skip_building_tests' from command line to 'False'
[0.183s] DEBUG:colcon.colcon_core.verb:Building package 'car_comms' with the following arguments: {'ament_cmake_args': None, 'build_base': '/home/ksj/ros2_workspace/build/car_comms', 'catkin_cmake_args': None, 'catkin_skip_building_tests': False, 'cmake_args': None, 'cmake_clean_cache': False, 'cmake_clean_first': False, 'cmake_force_configure': False, 'cmake_target': None, 'cmake_target_skip_unavailable': False, 'install_base': '/home/ksj/ros2_workspace/install/car_comms', 'merge_install': False, 'path': '/home/ksj/ros2_workspace/src/car_comms', 'symlink_install': False, 'test_result_base': None}
[0.183s] Level 5:colcon.colcon_core.verb:set package 'car_planning' build argument 'cmake_args' from command line to 'None'
[0.183s] Level 5:colcon.colcon_core.verb:set package 'car_planning' build argument 'cmake_target' from command line to 'None'
[0.183s] Level 5:colcon.colcon_core.verb:set package 'car_planning' build argument 'cmake_target_skip_unavailable' from command line to 'False'
[0.183s] Level 5:colcon.colcon_core.verb:set package 'car_planning' build argument 'cmake_clean_cache' from command line to 'False'
[0.183s] Level 5:colcon.colcon_core.verb:set package 'car_planning' build argument 'cmake_clean_first' from command line to 'False'
[0.183s] Level 5:colcon.colcon_core.verb:set package 'car_planning' build argument 'cmake_force_configure' from command line to 'False'
[0.183s] Level 5:colcon.colcon_core.verb:set package 'car_planning' build argument 'ament_cmake_args' from command line to 'None'
[0.184s] Level 5:colcon.colcon_core.verb:set package 'car_planning' build argument 'catkin_cmake_args' from command line to 'None'
[0.184s] Level 5:colcon.colcon_core.verb:set package 'car_planning' build argument 'catkin_skip_building_tests' from command line to 'False'
[0.184s] DEBUG:colcon.colcon_core.verb:Building package 'car_planning' with the following arguments: {'ament_cmake_args': None, 'build_base': '/home/ksj/ros2_workspace/build/car_planning', 'catkin_cmake_args': None, 'catkin_skip_building_tests': False, 'cmake_args': None, 'cmake_clean_cache': False, 'cmake_clean_first': False, 'cmake_force_configure': False, 'cmake_target': None, 'cmake_target_skip_unavailable': False, 'install_base': '/home/ksj/ros2_workspace/install/car_planning', 'merge_install': False, 'path': '/home/ksj/ros2_workspace/src/car_planning', 'symlink_install': False, 'test_result_base': None}
[0.184s] Level 5:colcon.colcon_core.verb:set package 'car_vision' build argument 'cmake_args' from command line to 'None'
[0.184s] Level 5:colcon.colcon_core.verb:set package 'car_vision' build argument 'cmake_target' from command line to 'None'
[0.184s] Level 5:colcon.colcon_core.verb:set package 'car_vision' build argument 'cmake_target_skip_unavailable' from command line to 'False'
[0.184s] Level 5:colcon.colcon_core.verb:set package 'car_vision' build argument 'cmake_clean_cache' from command line to 'False'
[0.184s] Level 5:colcon.colcon_core.verb:set package 'car_vision' build argument 'cmake_clean_first' from command line to 'False'
[0.184s] Level 5:colcon.colcon_core.verb:set package 'car_vision' build argument 'cmake_force_configure' from command line to 'False'
[0.184s] Level 5:colcon.colcon_core.verb:set package 'car_vision' build argument 'ament_cmake_args' from command line to 'None'
[0.184s] Level 5:colcon.colcon_core.verb:set package 'car_vision' build argument 'catkin_cmake_args' from command line to 'None'
[0.184s] Level 5:colcon.colcon_core.verb:set package 'car_vision' build argument 'catkin_skip_building_tests' from command line to 'False'
[0.184s] DEBUG:colcon.colcon_core.verb:Building package 'car_vision' with the following arguments: {'ament_cmake_args': None, 'build_base': '/home/ksj/ros2_workspace/build/car_vision', 'catkin_cmake_args': None, 'catkin_skip_building_tests': False, 'cmake_args': None, 'cmake_clean_cache': False, 'cmake_clean_first': False, 'cmake_force_configure': False, 'cmake_target': None, 'cmake_target_skip_unavailable': False, 'install_base': '/home/ksj/ros2_workspace/install/car_vision', 'merge_install': False, 'path': '/home/ksj/ros2_workspace/src/car_vision', 'symlink_install': False, 'test_result_base': None}
[0.184s] INFO:colcon.colcon_core.executor:Executing jobs using 'parallel' executor
[0.185s] DEBUG:colcon.colcon_parallel_executor.executor.parallel:run_until_complete
[0.185s] INFO:colcon.colcon_ros.task.ament_cmake.build:Building ROS package in '/home/ksj/ros2_workspace/src/car_msgs' with build type 'ament_cmake'
[0.185s] INFO:colcon.colcon_cmake.task.cmake.build:Building CMake package in '/home/ksj/ros2_workspace/src/car_msgs'
[0.186s] INFO:colcon.colcon_core.plugin_system:Skipping extension 'colcon_core.shell.bat': Not used on non-Windows systems
[0.186s] INFO:colcon.colcon_core.shell:Skip shell extension 'powershell' for command environment: Not usable outside of PowerShell
[0.186s] DEBUG:colcon.colcon_core.shell:Skip shell extension 'dsv' for command environment
[0.188s] INFO:colcon.colcon_ros.task.ament_python.build:Building ROS package in '/home/ksj/ros2_workspace/src/car_control' with build type 'ament_python'
[0.188s] Level 1:colcon.colcon_core.shell:create_environment_hook('car_control', 'ament_prefix_path')
[0.188s] INFO:colcon.colcon_core.shell:Creating environment hook '/home/ksj/ros2_workspace/install/car_control/share/car_control/hook/ament_prefix_path.ps1'
[0.189s] INFO:colcon.colcon_core.shell:Creating environment descriptor '/home/ksj/ros2_workspace/install/car_control/share/car_control/hook/ament_prefix_path.dsv'
[0.189s] INFO:colcon.colcon_core.shell:Creating environment hook '/home/ksj/ros2_workspace/install/car_control/share/car_control/hook/ament_prefix_path.sh'
[0.189s] INFO:colcon.colcon_core.shell:Skip shell extension 'powershell' for command environment: Not usable outside of PowerShell
[0.189s] DEBUG:colcon.colcon_core.shell:Skip shell extension 'dsv' for command environment
[0.191s] INFO:colcon.colcon_ros.task.ament_python.build:Building ROS package in '/home/ksj/ros2_workspace/src/vision_pkg' with build type 'ament_python'
[0.191s] Level 1:colcon.colcon_core.shell:create_environment_hook('vision_pkg', 'ament_prefix_path')
[0.191s] INFO:colcon.colcon_core.shell:Creating environment hook '/home/ksj/ros2_workspace/install/vision_pkg/share/vision_pkg/hook/ament_prefix_path.ps1'
[0.192s] INFO:colcon.colcon_core.shell:Creating environment descriptor '/home/ksj/ros2_workspace/install/vision_pkg/share/vision_pkg/hook/ament_prefix_path.dsv'
[0.192s] INFO:colcon.colcon_core.shell:Creating environment hook '/home/ksj/ros2_workspace/install/vision_pkg/share/vision_pkg/hook/ament_prefix_path.sh'
[0.192s] INFO:colcon.colcon_core.shell:Skip shell extension 'powershell' for command environment: Not usable outside of PowerShell
[0.192s] DEBUG:colcon.colcon_core.shell:Skip shell extension 'dsv' for command environment
[0.197s] DEBUG:colcon.colcon_core.event_handler.log_command:Invoking command in '/home/ksj/ros2_workspace/build/car_msgs': CMAKE_PREFIX_PATH=${CMAKE_PREFIX_PATH}:/opt/ros/jazzy DEBUGINFOD_URLS=https://debuginfod.ubuntu.com /usr/bin/cmake /home/ksj/ros2_workspace/src/car_msgs -DCMAKE_INSTALL_PREFIX=/home/ksj/ros2_workspace/install/car_msgs
[0.358s] INFO:colcon.colcon_core.task.python.build:Building Python package in '/home/ksj/ros2_workspace/src/car_control'
[0.358s] INFO:colcon.colcon_core.shell:Skip shell extension 'powershell' for command environment: Not usable outside of PowerShell
[0.358s] DEBUG:colcon.colcon_core.shell:Skip shell extension 'dsv' for command environment
[0.522s] INFO:colcon.colcon_core.task.python.build:Building Python package in '/home/ksj/ros2_workspace/src/vision_pkg'
[0.522s] INFO:colcon.colcon_core.shell:Skip shell extension 'powershell' for command environment: Not usable outside of PowerShell
[0.522s] DEBUG:colcon.colcon_core.shell:Skip shell extension 'dsv' for command environment
[0.984s] DEBUG:colcon.colcon_core.event_handler.log_command:Invoking command in '/home/ksj/ros2_workspace/src/car_control': DEBUGINFOD_URLS=https://debuginfod.ubuntu.com PYTHONPATH=/home/ksj/ros2_workspace/build/car_control/prefix_override:/usr/lib/python3/dist-packages/colcon_core/task/python/colcon_distutils_commands:/home/ksj/ros2_workspace/install/car_control/lib/python3.12/site-packages:${PYTHONPATH} /usr/bin/python3 -W ignore:setup.py install is deprecated -W ignore:easy_install command is deprecated setup.py egg_info --egg-base ../../build/car_control build --build-base /home/ksj/ros2_workspace/build/car_control/build install --record /home/ksj/ros2_workspace/build/car_control/install.log --single-version-externally-managed install_data
[1.016s] DEBUG:colcon.colcon_core.event_handler.log_command:Invoking command in '/home/ksj/ros2_workspace/src/vision_pkg': DEBUGINFOD_URLS=https://debuginfod.ubuntu.com PYTHONPATH=/home/ksj/ros2_workspace/build/vision_pkg/prefix_override:/usr/lib/python3/dist-packages/colcon_core/task/python/colcon_distutils_commands:/home/ksj/ros2_workspace/install/vision_pkg/lib/python3.12/site-packages:${PYTHONPATH} /usr/bin/python3 -W ignore:setup.py install is deprecated -W ignore:easy_install command is deprecated setup.py egg_info --egg-base ../../build/vision_pkg build --build-base /home/ksj/ros2_workspace/build/vision_pkg/build install --record /home/ksj/ros2_workspace/build/vision_pkg/install.log --single-version-externally-managed install_data
[1.399s] DEBUG:colcon.colcon_core.event_handler.log_command:Invoked command in '/home/ksj/ros2_workspace/src/car_control' returned '0': DEBUGINFOD_URLS=https://debuginfod.ubuntu.com PYTHONPATH=/home/ksj/ros2_workspace/build/car_control/prefix_override:/usr/lib/python3/dist-packages/colcon_core/task/python/colcon_distutils_commands:/home/ksj/ros2_workspace/install/car_control/lib/python3.12/site-packages:${PYTHONPATH} /usr/bin/python3 -W ignore:setup.py install is deprecated -W ignore:easy_install command is deprecated setup.py egg_info --egg-base ../../build/car_control build --build-base /home/ksj/ros2_workspace/build/car_control/build install --record /home/ksj/ros2_workspace/build/car_control/install.log --single-version-externally-managed install_data
[1.401s] Level 1:colcon.colcon_core.environment:checking '/home/ksj/ros2_workspace/install/car_control' for CMake module files
[1.401s] Level 1:colcon.colcon_core.environment:checking '/home/ksj/ros2_workspace/install/car_control' for CMake config files
[1.402s] Level 1:colcon.colcon_core.environment:checking '/home/ksj/ros2_workspace/install/car_control/lib'
[1.402s] Level 1:colcon.colcon_core.environment:checking '/home/ksj/ros2_workspace/install/car_control/bin'
[1.402s] Level 1:colcon.colcon_core.environment:checking '/home/ksj/ros2_workspace/install/car_control/lib/pkgconfig/car_control.pc'
[1.402s] Level 1:colcon.colcon_core.environment:checking '/home/ksj/ros2_workspace/install/car_control/lib/python3.12/site-packages'
[1.402s] Level 1:colcon.colcon_core.shell:create_environment_hook('car_control', 'pythonpath')
[1.402s] INFO:colcon.colcon_core.shell:Creating environment hook '/home/ksj/ros2_workspace/install/car_control/share/car_control/hook/pythonpath.ps1'
[1.403s] INFO:colcon.colcon_core.shell:Creating environment descriptor '/home/ksj/ros2_workspace/install/car_control/share/car_control/hook/pythonpath.dsv'
[1.403s] INFO:colcon.colcon_core.shell:Creating environment hook '/home/ksj/ros2_workspace/install/car_control/share/car_control/hook/pythonpath.sh'
[1.403s] Level 1:colcon.colcon_core.environment:checking '/home/ksj/ros2_workspace/install/car_control/bin'
[1.403s] Level 1:colcon.colcon_core.environment:create_environment_scripts_only(car_control)
[1.403s] INFO:colcon.colcon_core.shell:Creating package script '/home/ksj/ros2_workspace/install/car_control/share/car_control/package.ps1'
[1.404s] INFO:colcon.colcon_core.shell:Creating package descriptor '/home/ksj/ros2_workspace/install/car_control/share/car_control/package.dsv'
[1.404s] INFO:colcon.colcon_core.shell:Creating package script '/home/ksj/ros2_workspace/install/car_control/share/car_control/package.sh'
[1.405s] INFO:colcon.colcon_core.shell:Creating package script '/home/ksj/ros2_workspace/install/car_control/share/car_control/package.bash'
[1.405s] INFO:colcon.colcon_core.shell:Creating package script '/home/ksj/ros2_workspace/install/car_control/share/car_control/package.zsh'
[1.406s] Level 1:colcon.colcon_core.environment:create_file_with_runtime_dependencies(/home/ksj/ros2_workspace/install/car_control/share/colcon-core/packages/car_control)
[1.423s] Level 1:colcon.colcon_core.environment:checking '/home/ksj/ros2_workspace/install/vision_pkg' for CMake module files
[1.424s] DEBUG:colcon.colcon_core.event_handler.log_command:Invoked command in '/home/ksj/ros2_workspace/src/vision_pkg' returned '0': DEBUGINFOD_URLS=https://debuginfod.ubuntu.com PYTHONPATH=/home/ksj/ros2_workspace/build/vision_pkg/prefix_override:/usr/lib/python3/dist-packages/colcon_core/task/python/colcon_distutils_commands:/home/ksj/ros2_workspace/install/vision_pkg/lib/python3.12/site-packages:${PYTHONPATH} /usr/bin/python3 -W ignore:setup.py install is deprecated -W ignore:easy_install command is deprecated setup.py egg_info --egg-base ../../build/vision_pkg build --build-base /home/ksj/ros2_workspace/build/vision_pkg/build install --record /home/ksj/ros2_workspace/build/vision_pkg/install.log --single-version-externally-managed install_data
[1.424s] Level 1:colcon.colcon_core.environment:checking '/home/ksj/ros2_workspace/install/vision_pkg' for CMake config files
[1.424s] Level 1:colcon.colcon_core.environment:checking '/home/ksj/ros2_workspace/install/vision_pkg/lib'
[1.424s] Level 1:colcon.colcon_core.environment:checking '/home/ksj/ros2_workspace/install/vision_pkg/bin'
[1.424s] Level 1:colcon.colcon_core.environment:checking '/home/ksj/ros2_workspace/install/vision_pkg/lib/pkgconfig/vision_pkg.pc'
[1.424s] Level 1:colcon.colcon_core.environment:checking '/home/ksj/ros2_workspace/install/vision_pkg/lib/python3.12/site-packages'
[1.424s] Level 1:colcon.colcon_core.shell:create_environment_hook('vision_pkg', 'pythonpath')
[1.425s] INFO:colcon.colcon_core.shell:Creating environment hook '/home/ksj/ros2_workspace/install/vision_pkg/share/vision_pkg/hook/pythonpath.ps1'
[1.425s] INFO:colcon.colcon_core.shell:Creating environment descriptor '/home/ksj/ros2_workspace/install/vision_pkg/share/vision_pkg/hook/pythonpath.dsv'
[1.425s] INFO:colcon.colcon_core.shell:Creating environment hook '/home/ksj/ros2_workspace/install/vision_pkg/share/vision_pkg/hook/pythonpath.sh'
[1.426s] Level 1:colcon.colcon_core.environment:checking '/home/ksj/ros2_workspace/install/vision_pkg/bin'
[1.426s] Level 1:colcon.colcon_core.environment:create_environment_scripts_only(vision_pkg)
[1.426s] INFO:colcon.colcon_core.shell:Creating package script '/home/ksj/ros2_workspace/install/vision_pkg/share/vision_pkg/package.ps1'
[1.426s] INFO:colcon.colcon_core.shell:Creating package descriptor '/home/ksj/ros2_workspace/install/vision_pkg/share/vision_pkg/package.dsv'
[1.426s] INFO:colcon.colcon_core.shell:Creating package script '/home/ksj/ros2_workspace/install/vision_pkg/share/vision_pkg/package.sh'
[1.427s] INFO:colcon.colcon_core.shell:Creating package script '/home/ksj/ros2_workspace/install/vision_pkg/share/vision_pkg/package.bash'
[1.427s] INFO:colcon.colcon_core.shell:Creating package script '/home/ksj/ros2_workspace/install/vision_pkg/share/vision_pkg/package.zsh'
[1.427s] Level 1:colcon.colcon_core.environment:create_file_with_runtime_dependencies(/home/ksj/ros2_workspace/install/vision_pkg/share/colcon-core/packages/vision_pkg)
[2.344s] DEBUG:colcon.colcon_core.event_handler.log_command:Invoked command in '/home/ksj/ros2_workspace/build/car_msgs' returned '0': CMAKE_PREFIX_PATH=${CMAKE_PREFIX_PATH}:/opt/ros/jazzy DEBUGINFOD_URLS=https://debuginfod.ubuntu.com /usr/bin/cmake /home/ksj/ros2_workspace/src/car_msgs -DCMAKE_INSTALL_PREFIX=/home/ksj/ros2_workspace/install/car_msgs
[2.345s] DEBUG:colcon.colcon_core.event_handler.log_command:Invoking command in '/home/ksj/ros2_workspace/build/car_msgs': CMAKE_PREFIX_PATH=${CMAKE_PREFIX_PATH}:/opt/ros/jazzy DEBUGINFOD_URLS=https://debuginfod.ubuntu.com /usr/bin/cmake --build /home/ksj/ros2_workspace/build/car_msgs -- -j16 -l16
[4.207s] DEBUG:colcon.colcon_core.event_handler.log_command:Invoked command in '/home/ksj/ros2_workspace/build/car_msgs' returned '0': CMAKE_PREFIX_PATH=${CMAKE_PREFIX_PATH}:/opt/ros/jazzy DEBUGINFOD_URLS=https://debuginfod.ubuntu.com /usr/bin/cmake --build /home/ksj/ros2_workspace/build/car_msgs -- -j16 -l16
[4.213s] DEBUG:colcon.colcon_core.event_handler.log_command:Invoking command in '/home/ksj/ros2_workspace/build/car_msgs': CMAKE_PREFIX_PATH=${CMAKE_PREFIX_PATH}:/opt/ros/jazzy DEBUGINFOD_URLS=https://debuginfod.ubuntu.com /usr/bin/cmake --install /home/ksj/ros2_workspace/build/car_msgs
[4.264s] Level 1:colcon.colcon_core.environment:create_environment_scripts_only(car_msgs)
[4.264s] Level 1:colcon.colcon_core.environment:checking '/home/ksj/ros2_workspace/install/car_msgs' for CMake module files
[4.264s] DEBUG:colcon.colcon_core.event_handler.log_command:Invoked command in '/home/ksj/ros2_workspace/build/car_msgs' returned '0': CMAKE_PREFIX_PATH=${CMAKE_PREFIX_PATH}:/opt/ros/jazzy DEBUGINFOD_URLS=https://debuginfod.ubuntu.com /usr/bin/cmake --install /home/ksj/ros2_workspace/build/car_msgs
[4.264s] Level 1:colcon.colcon_core.environment:checking '/home/ksj/ros2_workspace/install/car_msgs' for CMake config files
[4.265s] Level 1:colcon.colcon_core.shell:create_environment_hook('car_msgs', 'cmake_prefix_path')
[4.265s] INFO:colcon.colcon_core.shell:Creating environment hook '/home/ksj/ros2_workspace/install/car_msgs/share/car_msgs/hook/cmake_prefix_path.ps1'
[4.265s] INFO:colcon.colcon_core.shell:Creating environment descriptor '/home/ksj/ros2_workspace/install/car_msgs/share/car_msgs/hook/cmake_prefix_path.dsv'
[4.265s] INFO:colcon.colcon_core.shell:Creating environment hook '/home/ksj/ros2_workspace/install/car_msgs/share/car_msgs/hook/cmake_prefix_path.sh'
[4.266s] Level 1:colcon.colcon_core.environment:checking '/home/ksj/ros2_workspace/install/car_msgs/lib'
[4.266s] Level 1:colcon.colcon_core.shell:create_environment_hook('car_msgs', 'ld_library_path_lib')
[4.266s] INFO:colcon.colcon_core.shell:Creating environment hook '/home/ksj/ros2_workspace/install/car_msgs/share/car_msgs/hook/ld_library_path_lib.ps1'
[4.266s] INFO:colcon.colcon_core.shell:Creating environment descriptor '/home/ksj/ros2_workspace/install/car_msgs/share/car_msgs/hook/ld_library_path_lib.dsv'
[4.266s] INFO:colcon.colcon_core.shell:Creating environment hook '/home/ksj/ros2_workspace/install/car_msgs/share/car_msgs/hook/ld_library_path_lib.sh'
[4.267s] Level 1:colcon.colcon_core.environment:checking '/home/ksj/ros2_workspace/install/car_msgs/bin'
[4.267s] Level 1:colcon.colcon_core.environment:checking '/home/ksj/ros2_workspace/install/car_msgs/lib/pkgconfig/car_msgs.pc'
[4.267s] Level 1:colcon.colcon_core.environment:checking '/home/ksj/ros2_workspace/install/car_msgs/lib/python3.12/site-packages'
[4.267s] Level 1:colcon.colcon_core.shell:create_environment_hook('car_msgs', 'pythonpath')
[4.267s] INFO:colcon.colcon_core.shell:Creating environment hook '/home/ksj/ros2_workspace/install/car_msgs/share/car_msgs/hook/pythonpath.ps1'
[4.267s] INFO:colcon.colcon_core.shell:Creating environment descriptor '/home/ksj/ros2_workspace/install/car_msgs/share/car_msgs/hook/pythonpath.dsv'
[4.267s] INFO:colcon.colcon_core.shell:Creating environment hook '/home/ksj/ros2_workspace/install/car_msgs/share/car_msgs/hook/pythonpath.sh'
[4.268s] Level 1:colcon.colcon_core.environment:checking '/home/ksj/ros2_workspace/install/car_msgs/bin'
[4.268s] INFO:colcon.colcon_core.shell:Creating package script '/home/ksj/ros2_workspace/install/car_msgs/share/car_msgs/package.ps1'
[4.268s] INFO:colcon.colcon_core.shell:Creating package descriptor '/home/ksj/ros2_workspace/install/car_msgs/share/car_msgs/package.dsv'
[4.268s] INFO:colcon.colcon_core.shell:Creating package script '/home/ksj/ros2_workspace/install/car_msgs/share/car_msgs/package.sh'
[4.269s] INFO:colcon.colcon_core.shell:Creating package script '/home/ksj/ros2_workspace/install/car_msgs/share/car_msgs/package.bash'
[4.269s] INFO:colcon.colcon_core.shell:Creating package script '/home/ksj/ros2_workspace/install/car_msgs/share/car_msgs/package.zsh'
[4.269s] Level 1:colcon.colcon_core.environment:create_file_with_runtime_dependencies(/home/ksj/ros2_workspace/install/car_msgs/share/colcon-core/packages/car_msgs)
[4.269s] Level 1:colcon.colcon_core.environment:create_environment_scripts_only(car_msgs)
[4.270s] Level 1:colcon.colcon_core.environment:checking '/home/ksj/ros2_workspace/install/car_msgs' for CMake module files
[4.270s] Level 1:colcon.colcon_core.environment:checking '/home/ksj/ros2_workspace/install/car_msgs' for CMake config files
[4.270s] Level 1:colcon.colcon_core.shell:create_environment_hook('car_msgs', 'cmake_prefix_path')
[4.270s] INFO:colcon.colcon_core.shell:Creating environment hook '/home/ksj/ros2_workspace/install/car_msgs/share/car_msgs/hook/cmake_prefix_path.ps1'
[4.271s] INFO:colcon.colcon_core.shell:Creating environment descriptor '/home/ksj/ros2_workspace/install/car_msgs/share/car_msgs/hook/cmake_prefix_path.dsv'
[4.271s] INFO:colcon.colcon_core.shell:Creating environment hook '/home/ksj/ros2_workspace/install/car_msgs/share/car_msgs/hook/cmake_prefix_path.sh'
[4.271s] Level 1:colcon.colcon_core.environment:checking '/home/ksj/ros2_workspace/install/car_msgs/lib'
[4.271s] Level 1:colcon.colcon_core.shell:create_environment_hook('car_msgs', 'ld_library_path_lib')
[4.271s] INFO:colcon.colcon_core.shell:Creating environment hook '/home/ksj/ros2_workspace/install/car_msgs/share/car_msgs/hook/ld_library_path_lib.ps1'
[4.272s] INFO:colcon.colcon_core.shell:Creating environment descriptor '/home/ksj/ros2_workspace/install/car_msgs/share/car_msgs/hook/ld_library_path_lib.dsv'
[4.272s] INFO:colcon.colcon_core.shell:Creating environment hook '/home/ksj/ros2_workspace/install/car_msgs/share/car_msgs/hook/ld_library_path_lib.sh'
[4.272s] Level 1:colcon.colcon_core.environment:checking '/home/ksj/ros2_workspace/install/car_msgs/bin'
[4.272s] Level 1:colcon.colcon_core.environment:checking '/home/ksj/ros2_workspace/install/car_msgs/lib/pkgconfig/car_msgs.pc'
[4.272s] Level 1:colcon.colcon_core.environment:checking '/home/ksj/ros2_workspace/install/car_msgs/lib/python3.12/site-packages'
[4.272s] Level 1:colcon.colcon_core.shell:create_environment_hook('car_msgs', 'pythonpath')
[4.272s] INFO:colcon.colcon_core.shell:Creating environment hook '/home/ksj/ros2_workspace/install/car_msgs/share/car_msgs/hook/pythonpath.ps1'
[4.273s] INFO:colcon.colcon_core.shell:Creating environment descriptor '/home/ksj/ros2_workspace/install/car_msgs/share/car_msgs/hook/pythonpath.dsv'
[4.273s] INFO:colcon.colcon_core.shell:Creating environment hook '/home/ksj/ros2_workspace/install/car_msgs/share/car_msgs/hook/pythonpath.sh'
[4.273s] Level 1:colcon.colcon_core.environment:checking '/home/ksj/ros2_workspace/install/car_msgs/bin'
[4.273s] INFO:colcon.colcon_core.shell:Creating package script '/home/ksj/ros2_workspace/install/car_msgs/share/car_msgs/package.ps1'
[4.274s] INFO:colcon.colcon_core.shell:Creating package descriptor '/home/ksj/ros2_workspace/install/car_msgs/share/car_msgs/package.dsv'
[4.274s] INFO:colcon.colcon_core.shell:Creating package script '/home/ksj/ros2_workspace/install/car_msgs/share/car_msgs/package.sh'
[4.274s] INFO:colcon.colcon_core.shell:Creating package script '/home/ksj/ros2_workspace/install/car_msgs/share/car_msgs/package.bash'
[4.275s] INFO:colcon.colcon_core.shell:Creating package script '/home/ksj/ros2_workspace/install/car_msgs/share/car_msgs/package.zsh'
[4.275s] Level 1:colcon.colcon_core.environment:create_file_with_runtime_dependencies(/home/ksj/ros2_workspace/install/car_msgs/share/colcon-core/packages/car_msgs)
[4.275s] INFO:colcon.colcon_ros.task.ament_python.build:Building ROS package in '/home/ksj/ros2_workspace/src/car_comms' with build type 'ament_python'
[4.275s] Level 1:colcon.colcon_core.shell:create_environment_hook('car_comms', 'ament_prefix_path')
[4.275s] INFO:colcon.colcon_core.shell:Creating environment hook '/home/ksj/ros2_workspace/install/car_comms/share/car_comms/hook/ament_prefix_path.ps1'
[4.276s] INFO:colcon.colcon_core.shell:Creating environment descriptor '/home/ksj/ros2_workspace/install/car_comms/share/car_comms/hook/ament_prefix_path.dsv'
[4.276s] INFO:colcon.colcon_core.shell:Creating environment hook '/home/ksj/ros2_workspace/install/car_comms/share/car_comms/hook/ament_prefix_path.sh'
[4.276s] INFO:colcon.colcon_core.shell:Skip shell extension 'powershell' for command environment: Not usable outside of PowerShell
[4.276s] DEBUG:colcon.colcon_core.shell:Skip shell extension 'dsv' for command environment
[4.278s] INFO:colcon.colcon_ros.task.ament_python.build:Building ROS package in '/home/ksj/ros2_workspace/src/car_planning' with build type 'ament_python'
[4.278s] Level 1:colcon.colcon_core.shell:create_environment_hook('car_planning', 'ament_prefix_path')
[4.278s] INFO:colcon.colcon_core.shell:Creating environment hook '/home/ksj/ros2_workspace/install/car_planning/share/car_planning/hook/ament_prefix_path.ps1'
[4.279s] INFO:colcon.colcon_core.shell:Creating environment descriptor '/home/ksj/ros2_workspace/install/car_planning/share/car_planning/hook/ament_prefix_path.dsv'
[4.279s] INFO:colcon.colcon_core.shell:Creating environment hook '/home/ksj/ros2_workspace/install/car_planning/share/car_planning/hook/ament_prefix_path.sh'
[4.279s] INFO:colcon.colcon_core.shell:Skip shell extension 'powershell' for command environment: Not usable outside of PowerShell
[4.279s] DEBUG:colcon.colcon_core.shell:Skip shell extension 'dsv' for command environment
[4.281s] INFO:colcon.colcon_ros.task.ament_python.build:Building ROS package in '/home/ksj/ros2_workspace/src/car_vision' with build type 'ament_python'
[4.281s] Level 1:colcon.colcon_core.shell:create_environment_hook('car_vision', 'ament_prefix_path')
[4.281s] INFO:colcon.colcon_core.shell:Creating environment hook '/home/ksj/ros2_workspace/install/car_vision/share/car_vision/hook/ament_prefix_path.ps1'
[4.282s] INFO:colcon.colcon_core.shell:Creating environment descriptor '/home/ksj/ros2_workspace/install/car_vision/share/car_vision/hook/ament_prefix_path.dsv'
[4.282s] INFO:colcon.colcon_core.shell:Creating environment hook '/home/ksj/ros2_workspace/install/car_vision/share/car_vision/hook/ament_prefix_path.sh'
[4.282s] INFO:colcon.colcon_core.shell:Skip shell extension 'powershell' for command environment: Not usable outside of PowerShell
[4.282s] DEBUG:colcon.colcon_core.shell:Skip shell extension 'dsv' for command environment
[4.444s] INFO:colcon.colcon_core.task.python.build:Building Python package in '/home/ksj/ros2_workspace/src/car_comms'
[4.444s] INFO:colcon.colcon_core.shell:Skip shell extension 'powershell' for command environment: Not usable outside of PowerShell
[4.444s] DEBUG:colcon.colcon_core.shell:Skip shell extension 'dsv' for command environment
[4.616s] INFO:colcon.colcon_core.task.python.build:Building Python package in '/home/ksj/ros2_workspace/src/car_planning'
[4.616s] INFO:colcon.colcon_core.shell:Skip shell extension 'powershell' for command environment: Not usable outside of PowerShell
[4.616s] DEBUG:colcon.colcon_core.shell:Skip shell extension 'dsv' for command environment
[4.778s] INFO:colcon.colcon_core.task.python.build:Building Python package in '/home/ksj/ros2_workspace/src/car_vision'
[4.778s] INFO:colcon.colcon_core.shell:Skip shell extension 'powershell' for command environment: Not usable outside of PowerShell
[4.778s] DEBUG:colcon.colcon_core.shell:Skip shell extension 'dsv' for command environment
[5.235s] DEBUG:colcon.colcon_core.event_handler.log_command:Invoking command in '/home/ksj/ros2_workspace/src/car_planning': AMENT_PREFIX_PATH=/home/ksj/ros2_workspace/install/car_msgs:${AMENT_PREFIX_PATH} CMAKE_PREFIX_PATH=/home/ksj/ros2_workspace/install/car_msgs:${CMAKE_PREFIX_PATH} DEBUGINFOD_URLS=https://debuginfod.ubuntu.com LD_LIBRARY_PATH=/home/ksj/ros2_workspace/install/car_msgs/lib:${LD_LIBRARY_PATH} PYTHONPATH=/home/ksj/ros2_workspace/build/car_planning/prefix_override:/usr/lib/python3/dist-packages/colcon_core/task/python/colcon_distutils_commands:/home/ksj/ros2_workspace/install/car_planning/lib/python3.12/site-packages:/home/ksj/ros2_workspace/install/car_msgs/lib/python3.12/site-packages:${PYTHONPATH} /usr/bin/python3 -W ignore:setup.py install is deprecated -W ignore:easy_install command is deprecated setup.py egg_info --egg-base ../../build/car_planning build --build-base /home/ksj/ros2_workspace/build/car_planning/build install --record /home/ksj/ros2_workspace/build/car_planning/install.log --single-version-externally-managed install_data
[5.237s] DEBUG:colcon.colcon_core.event_handler.log_command:Invoking command in '/home/ksj/ros2_workspace/src/car_vision': AMENT_PREFIX_PATH=/home/ksj/ros2_workspace/install/car_msgs:${AMENT_PREFIX_PATH} CMAKE_PREFIX_PATH=/home/ksj/ros2_workspace/install/car_msgs:${CMAKE_PREFIX_PATH} DEBUGINFOD_URLS=https://debuginfod.ubuntu.com LD_LIBRARY_PATH=/home/ksj/ros2_workspace/install/car_msgs/lib:${LD_LIBRARY_PATH} PYTHONPATH=/home/ksj/ros2_workspace/build/car_vision/prefix_override:/usr/lib/python3/dist-packages/colcon_core/task/python/colcon_distutils_commands:/home/ksj/ros2_workspace/install/car_vision/lib/python3.12/site-packages:/home/ksj/ros2_workspace/install/car_msgs/lib/python3.12/site-packages:${PYTHONPATH} /usr/bin/python3 -W ignore:setup.py install is deprecated -W ignore:easy_install command is deprecated setup.py egg_info --egg-base ../../build/car_vision build --build-base /home/ksj/ros2_workspace/build/car_vision/build install --record /home/ksj/ros2_workspace/build/car_vision/install.log --single-version-externally-managed install_data
[5.238s] DEBUG:colcon.colcon_core.event_handler.log_command:Invoking command in '/home/ksj/ros2_workspace/src/car_comms': AMENT_PREFIX_PATH=/home/ksj/ros2_workspace/install/car_msgs:${AMENT_PREFIX_PATH} CMAKE_PREFIX_PATH=/home/ksj/ros2_workspace/install/car_msgs:${CMAKE_PREFIX_PATH} DEBUGINFOD_URLS=https://debuginfod.ubuntu.com LD_LIBRARY_PATH=/home/ksj/ros2_workspace/install/car_msgs/lib:${LD_LIBRARY_PATH} PYTHONPATH=/home/ksj/ros2_workspace/build/car_comms/prefix_override:/usr/lib/python3/dist-packages/colcon_core/task/python/colcon_distutils_commands:/home/ksj/ros2_workspace/install/car_comms/lib/python3.12/site-packages:/home/ksj/ros2_workspace/install/car_msgs/lib/python3.12/site-packages:${PYTHONPATH} /usr/bin/python3 -W ignore:setup.py install is deprecated -W ignore:easy_install command is deprecated setup.py egg_info --egg-base ../../build/car_comms build --build-base /home/ksj/ros2_workspace/build/car_comms/build install --record /home/ksj/ros2_workspace/build/car_comms/install.log --single-version-externally-managed install_data
[5.643s] Level 1:colcon.colcon_core.environment:checking '/home/ksj/ros2_workspace/install/car_vision' for CMake module files
[5.644s] DEBUG:colcon.colcon_core.event_handler.log_command:Invoked command in '/home/ksj/ros2_workspace/src/car_vision' returned '0': AMENT_PREFIX_PATH=/home/ksj/ros2_workspace/install/car_msgs:${AMENT_PREFIX_PATH} CMAKE_PREFIX_PATH=/home/ksj/ros2_workspace/install/car_msgs:${CMAKE_PREFIX_PATH} DEBUGINFOD_URLS=https://debuginfod.ubuntu.com LD_LIBRARY_PATH=/home/ksj/ros2_workspace/install/car_msgs/lib:${LD_LIBRARY_PATH} PYTHONPATH=/home/ksj/ros2_workspace/build/car_vision/prefix_override:/usr/lib/python3/dist-packages/colcon_core/task/python/colcon_distutils_commands:/home/ksj/ros2_workspace/install/car_vision/lib/python3.12/site-packages:/home/ksj/ros2_workspace/install/car_msgs/lib/python3.12/site-packages:${PYTHONPATH} /usr/bin/python3 -W ignore:setup.py install is deprecated -W ignore:easy_install command is deprecated setup.py egg_info --egg-base ../../build/car_vision build --build-base /home/ksj/ros2_workspace/build/car_vision/build install --record /home/ksj/ros2_workspace/build/car_vision/install.log --single-version-externally-managed install_data
[5.644s] Level 1:colcon.colcon_core.environment:checking '/home/ksj/ros2_workspace/install/car_vision' for CMake config files
[5.644s] Level 1:colcon.colcon_core.environment:checking '/home/ksj/ros2_workspace/install/car_vision/lib'
[5.644s] Level 1:colcon.colcon_core.environment:checking '/home/ksj/ros2_workspace/install/car_vision/bin'
[5.644s] Level 1:colcon.colcon_core.environment:checking '/home/ksj/ros2_workspace/install/car_vision/lib/pkgconfig/car_vision.pc'
[5.644s] Level 1:colcon.colcon_core.environment:checking '/home/ksj/ros2_workspace/install/car_vision/lib/python3.12/site-packages'
[5.645s] Level 1:colcon.colcon_core.shell:create_environment_hook('car_vision', 'pythonpath')
[5.645s] INFO:colcon.colcon_core.shell:Creating environment hook '/home/ksj/ros2_workspace/install/car_vision/share/car_vision/hook/pythonpath.ps1'
[5.645s] INFO:colcon.colcon_core.shell:Creating environment descriptor '/home/ksj/ros2_workspace/install/car_vision/share/car_vision/hook/pythonpath.dsv'
[5.645s] INFO:colcon.colcon_core.shell:Creating environment hook '/home/ksj/ros2_workspace/install/car_vision/share/car_vision/hook/pythonpath.sh'
[5.646s] Level 1:colcon.colcon_core.environment:checking '/home/ksj/ros2_workspace/install/car_vision/bin'
[5.646s] Level 1:colcon.colcon_core.environment:create_environment_scripts_only(car_vision)
[5.646s] INFO:colcon.colcon_core.shell:Creating package script '/home/ksj/ros2_workspace/install/car_vision/share/car_vision/package.ps1'
[5.646s] INFO:colcon.colcon_core.shell:Creating package descriptor '/home/ksj/ros2_workspace/install/car_vision/share/car_vision/package.dsv'
[5.646s] INFO:colcon.colcon_core.shell:Creating package script '/home/ksj/ros2_workspace/install/car_vision/share/car_vision/package.sh'
[5.647s] INFO:colcon.colcon_core.shell:Creating package script '/home/ksj/ros2_workspace/install/car_vision/share/car_vision/package.bash'
[5.647s] INFO:colcon.colcon_core.shell:Creating package script '/home/ksj/ros2_workspace/install/car_vision/share/car_vision/package.zsh'
[5.647s] Level 1:colcon.colcon_core.environment:create_file_with_runtime_dependencies(/home/ksj/ros2_workspace/install/car_vision/share/colcon-core/packages/car_vision)
[5.648s] Level 1:colcon.colcon_core.environment:checking '/home/ksj/ros2_workspace/install/car_planning' for CMake module files
[5.649s] DEBUG:colcon.colcon_core.event_handler.log_command:Invoked command in '/home/ksj/ros2_workspace/src/car_planning' returned '0': AMENT_PREFIX_PATH=/home/ksj/ros2_workspace/install/car_msgs:${AMENT_PREFIX_PATH} CMAKE_PREFIX_PATH=/home/ksj/ros2_workspace/install/car_msgs:${CMAKE_PREFIX_PATH} DEBUGINFOD_URLS=https://debuginfod.ubuntu.com LD_LIBRARY_PATH=/home/ksj/ros2_workspace/install/car_msgs/lib:${LD_LIBRARY_PATH} PYTHONPATH=/home/ksj/ros2_workspace/build/car_planning/prefix_override:/usr/lib/python3/dist-packages/colcon_core/task/python/colcon_distutils_commands:/home/ksj/ros2_workspace/install/car_planning/lib/python3.12/site-packages:/home/ksj/ros2_workspace/install/car_msgs/lib/python3.12/site-packages:${PYTHONPATH} /usr/bin/python3 -W ignore:setup.py install is deprecated -W ignore:easy_install command is deprecated setup.py egg_info --egg-base ../../build/car_planning build --build-base /home/ksj/ros2_workspace/build/car_planning/build install --record /home/ksj/ros2_workspace/build/car_planning/install.log --single-version-externally-managed install_data
[5.649s] Level 1:colcon.colcon_core.environment:checking '/home/ksj/ros2_workspace/install/car_planning' for CMake config files
[5.649s] Level 1:colcon.colcon_core.environment:checking '/home/ksj/ros2_workspace/install/car_planning/lib'
[5.649s] Level 1:colcon.colcon_core.environment:checking '/home/ksj/ros2_workspace/install/car_planning/bin'
[5.649s] Level 1:colcon.colcon_core.environment:checking '/home/ksj/ros2_workspace/install/car_planning/lib/pkgconfig/car_planning.pc'
[5.649s] Level 1:colcon.colcon_core.environment:checking '/home/ksj/ros2_workspace/install/car_planning/lib/python3.12/site-packages'
[5.649s] Level 1:colcon.colcon_core.shell:create_environment_hook('car_planning', 'pythonpath')
[5.650s] INFO:colcon.colcon_core.shell:Creating environment hook '/home/ksj/ros2_workspace/install/car_planning/share/car_planning/hook/pythonpath.ps1'
[5.650s] INFO:colcon.colcon_core.shell:Creating environment descriptor '/home/ksj/ros2_workspace/install/car_planning/share/car_planning/hook/pythonpath.dsv'
[5.650s] INFO:colcon.colcon_core.shell:Creating environment hook '/home/ksj/ros2_workspace/install/car_planning/share/car_planning/hook/pythonpath.sh'
[5.650s] Level 1:colcon.colcon_core.environment:checking '/home/ksj/ros2_workspace/install/car_planning/bin'
[5.650s] Level 1:colcon.colcon_core.environment:create_environment_scripts_only(car_planning)
[5.651s] INFO:colcon.colcon_core.shell:Creating package script '/home/ksj/ros2_workspace/install/car_planning/share/car_planning/package.ps1'
[5.651s] INFO:colcon.colcon_core.shell:Creating package descriptor '/home/ksj/ros2_workspace/install/car_planning/share/car_planning/package.dsv'
[5.651s] INFO:colcon.colcon_core.shell:Creating package script '/home/ksj/ros2_workspace/install/car_planning/share/car_planning/package.sh'
[5.651s] INFO:colcon.colcon_core.shell:Creating package script '/home/ksj/ros2_workspace/install/car_planning/share/car_planning/package.bash'
[5.652s] INFO:colcon.colcon_core.shell:Creating package script '/home/ksj/ros2_workspace/install/car_planning/share/car_planning/package.zsh'
[5.652s] Level 1:colcon.colcon_core.environment:create_file_with_runtime_dependencies(/home/ksj/ros2_workspace/install/car_planning/share/colcon-core/packages/car_planning)
[5.672s] Level 1:colcon.colcon_core.environment:checking '/home/ksj/ros2_workspace/install/car_comms' for CMake module files
[5.673s] DEBUG:colcon.colcon_core.event_handler.log_command:Invoked command in '/home/ksj/ros2_workspace/src/car_comms' returned '0': AMENT_PREFIX_PATH=/home/ksj/ros2_workspace/install/car_msgs:${AMENT_PREFIX_PATH} CMAKE_PREFIX_PATH=/home/ksj/ros2_workspace/install/car_msgs:${CMAKE_PREFIX_PATH} DEBUGINFOD_URLS=https://debuginfod.ubuntu.com LD_LIBRARY_PATH=/home/ksj/ros2_workspace/install/car_msgs/lib:${LD_LIBRARY_PATH} PYTHONPATH=/home/ksj/ros2_workspace/build/car_comms/prefix_override:/usr/lib/python3/dist-packages/colcon_core/task/python/colcon_distutils_commands:/home/ksj/ros2_workspace/install/car_comms/lib/python3.12/site-packages:/home/ksj/ros2_workspace/install/car_msgs/lib/python3.12/site-packages:${PYTHONPATH} /usr/bin/python3 -W ignore:setup.py install is deprecated -W ignore:easy_install command is deprecated setup.py egg_info --egg-base ../../build/car_comms build --build-base /home/ksj/ros2_workspace/build/car_comms/build install --record /home/ksj/ros2_workspace/build/car_comms/install.log --single-version-externally-managed install_data
[5.673s] Level 1:colcon.colcon_core.environment:checking '/home/ksj/ros2_workspace/install/car_comms' for CMake config files
[5.673s] Level 1:colcon.colcon_core.environment:checking '/home/ksj/ros2_workspace/install/car_comms/lib'
[5.673s] Level 1:colcon.colcon_core.environment:checking '/home/ksj/ros2_workspace/install/car_comms/bin'
[5.673s] Level 1:colcon.colcon_core.environment:checking '/home/ksj/ros2_workspace/install/car_comms/lib/pkgconfig/car_comms.pc'
[5.673s] Level 1:colcon.colcon_core.environment:checking '/home/ksj/ros2_workspace/install/car_comms/lib/python3.12/site-packages'
[5.674s] Level 1:colcon.colcon_core.shell:create_environment_hook('car_comms', 'pythonpath')
[5.674s] INFO:colcon.colcon_core.shell:Creating environment hook '/home/ksj/ros2_workspace/install/car_comms/share/car_comms/hook/pythonpath.ps1'
[5.674s] INFO:colcon.colcon_core.shell:Creating environment descriptor '/home/ksj/ros2_workspace/install/car_comms/share/car_comms/hook/pythonpath.dsv'
[5.674s] INFO:colcon.colcon_core.shell:Creating environment hook '/home/ksj/ros2_workspace/install/car_comms/share/car_comms/hook/pythonpath.sh'
[5.675s] Level 1:colcon.colcon_core.environment:checking '/home/ksj/ros2_workspace/install/car_comms/bin'
[5.675s] Level 1:colcon.colcon_core.environment:create_environment_scripts_only(car_comms)
[5.675s] INFO:colcon.colcon_core.shell:Creating package script '/home/ksj/ros2_workspace/install/car_comms/share/car_comms/package.ps1'
[5.675s] INFO:colcon.colcon_core.shell:Creating package descriptor '/home/ksj/ros2_workspace/install/car_comms/share/car_comms/package.dsv'
[5.675s] INFO:colcon.colcon_core.shell:Creating package script '/home/ksj/ros2_workspace/install/car_comms/share/car_comms/package.sh'
[5.676s] INFO:colcon.colcon_core.shell:Creating package script '/home/ksj/ros2_workspace/install/car_comms/share/car_comms/package.bash'
[5.676s] INFO:colcon.colcon_core.shell:Creating package script '/home/ksj/ros2_workspace/install/car_comms/share/car_comms/package.zsh'
[5.676s] Level 1:colcon.colcon_core.environment:create_file_with_runtime_dependencies(/home/ksj/ros2_workspace/install/car_comms/share/colcon-core/packages/car_comms)
[5.676s] DEBUG:colcon.colcon_parallel_executor.executor.parallel:closing loop
[5.676s] DEBUG:colcon.colcon_parallel_executor.executor.parallel:loop closed
[5.676s] DEBUG:colcon.colcon_parallel_executor.executor.parallel:run_until_complete finished with '0'
[5.676s] DEBUG:colcon.colcon_core.event_reactor:joining thread
[5.680s] INFO:colcon.colcon_core.plugin_system:Skipping extension 'colcon_notification.desktop_notification.terminal_notifier': Not used on non-Darwin systems
[5.680s] INFO:colcon.colcon_core.plugin_system:Skipping extension 'colcon_notification.desktop_notification.win32': Not used on non-Windows systems
[5.680s] INFO:colcon.colcon_notification.desktop_notification:Sending desktop notification using 'notify2'
[5.692s] DEBUG:colcon.colcon_core.event_reactor:joined thread
[5.692s] INFO:colcon.colcon_core.shell:Creating prefix script '/home/ksj/ros2_workspace/install/local_setup.ps1'
[5.693s] INFO:colcon.colcon_core.shell:Creating prefix util module '/home/ksj/ros2_workspace/install/_local_setup_util_ps1.py'
[5.694s] INFO:colcon.colcon_core.shell:Creating prefix chain script '/home/ksj/ros2_workspace/install/setup.ps1'
[5.694s] INFO:colcon.colcon_core.shell:Creating prefix script '/home/ksj/ros2_workspace/install/local_setup.sh'
[5.695s] INFO:colcon.colcon_core.shell:Creating prefix util module '/home/ksj/ros2_workspace/install/_local_setup_util_sh.py'
[5.695s] INFO:colcon.colcon_core.shell:Creating prefix chain script '/home/ksj/ros2_workspace/install/setup.sh'
[5.695s] INFO:colcon.colcon_core.shell:Creating prefix script '/home/ksj/ros2_workspace/install/local_setup.bash'
[5.696s] INFO:colcon.colcon_core.shell:Creating prefix chain script '/home/ksj/ros2_workspace/install/setup.bash'
[5.696s] INFO:colcon.colcon_core.shell:Creating prefix script '/home/ksj/ros2_workspace/install/local_setup.zsh'
[5.697s] INFO:colcon.colcon_core.shell:Creating prefix chain script '/home/ksj/ros2_workspace/install/setup.zsh'
