[0.015s] Invoking command in '/ws/build/car_msgs': CMAKE_PREFIX_PATH=/opt/ros/jazzy /usr/bin/cmake --build /ws/build/car_msgs -- -j4 -l4
[0.340s] [  2%] Built target car_msgs__rosidl_generator_type_description
[0.341s] [  2%] Built target ament_cmake_python_symlink_car_msgs
[0.341s] [ 17%] Built target car_msgs__rosidl_generator_c
[0.341s] [ 26%] Built target car_msgs__rosidl_typesupport_fastrtps_c
[0.341s] [ 29%] Built target car_msgs__cpp
[0.341s] [ 38%] Built target car_msgs__rosidl_typesupport_cpp
[0.341s] [ 47%] Built target car_msgs__rosidl_typesupport_introspection_c
[0.341s] [ 55%] Built target car_msgs__rosidl_typesupport_c
[0.341s] [ 64%] Built target car_msgs__rosidl_typesupport_fastrtps_cpp
[0.341s] [ 73%] Built target car_msgs__rosidl_typesupport_introspection_cpp
[0.364s] [ 73%] Built target car_msgs
[0.399s] [ 76%] Built target car_msgs__py
[0.438s] [ 82%] Built target car_msgs__rosidl_generator_py
[0.453s] running egg_info
[0.472s] [ 88%] Built target car_msgs_s__rosidl_typesupport_introspection_c
[0.505s] [ 94%] Built target car_msgs_s__rosidl_typesupport_fastrtps_c
[0.508s] [100%] Built target car_msgs_s__rosidl_typesupport_c
[0.515s] writing car_msgs.egg-info/PKG-INFO
[0.515s] writing dependency_links to car_msgs.egg-info/dependency_links.txt
[0.516s] writing top-level names to car_msgs.egg-info/top_level.txt
[0.624s] reading manifest file 'car_msgs.egg-info/SOURCES.txt'
[0.625s] writing manifest file 'car_msgs.egg-info/SOURCES.txt'
[0.793s] [100%] Built target ament_cmake_python_build_car_msgs_egg
[0.805s] Invoked command in '/ws/build/car_msgs' returned '0': CMAKE_PREFIX_PATH=/opt/ros/jazzy /usr/bin/cmake --build /ws/build/car_msgs -- -j4 -l4
[0.814s] Invoking command in '/ws/build/car_msgs': CMAKE_PREFIX_PATH=/opt/ros/jazzy /usr/bin/cmake --install /ws/build/car_msgs
[0.824s] -- Install configuration: ""
[0.824s] -- Execute custom install script
[0.824s] -- Up-to-date symlink: /ws/install/car_msgs/share/ament_index/resource_index/rosidl_interfaces/car_msgs
[0.825s] -- Up-to-date symlink: /ws/install/car_msgs/share/car_msgs/msg/V2VAlert.json
[0.825s] -- Up-to-date symlink: /ws/install/car_msgs/include/car_msgs/car_msgs/msg/detail/v2_v_alert__functions.h
[0.825s] -- Up-to-date symlink: /ws/install/car_msgs/include/car_msgs/car_msgs/msg/detail/v2_v_alert__struct.h
[0.826s] -- Up-to-date symlink: /ws/install/car_msgs/include/car_msgs/car_msgs/msg/detail/v2_v_alert__type_support.h
[0.826s] -- Up-to-date symlink: /ws/install/car_msgs/include/car_msgs/car_msgs/msg/rosidl_generator_c__visibility_control.h
[0.826s] -- Up-to-date symlink: /ws/install/car_msgs/include/car_msgs/car_msgs/msg/v2_v_alert.h
[0.826s] -- Up-to-date symlink: /ws/install/car_msgs/share/car_msgs/environment/library_path.sh
[0.826s] -- Up-to-date symlink: /ws/install/car_msgs/share/car_msgs/environment/library_path.dsv
[0.827s] -- Up-to-date symlink: /ws/install/car_msgs/include/car_msgs/car_msgs/msg/detail/v2_v_alert__rosidl_typesupport_fastrtps_c.h
[0.827s] -- Up-to-date symlink: /ws/install/car_msgs/include/car_msgs/car_msgs/msg/rosidl_typesupport_fastrtps_c__visibility_control.h
[0.827s] -- Up-to-date symlink: /ws/install/car_msgs/include/car_msgs/car_msgs/msg/detail/v2_v_alert__rosidl_typesupport_introspection_c.h
[0.827s] -- Up-to-date symlink: /ws/install/car_msgs/include/car_msgs/car_msgs/msg/rosidl_typesupport_introspection_c__visibility_control.h
[0.828s] -- Up-to-date symlink: /ws/install/car_msgs/include/car_msgs/car_msgs/msg/detail/v2_v_alert__builder.hpp
[0.828s] -- Up-to-date symlink: /ws/install/car_msgs/include/car_msgs/car_msgs/msg/detail/v2_v_alert__struct.hpp
[0.828s] -- Up-to-date symlink: /ws/install/car_msgs/include/car_msgs/car_msgs/msg/detail/v2_v_alert__traits.hpp
[0.828s] -- Up-to-date symlink: /ws/install/car_msgs/include/car_msgs/car_msgs/msg/detail/v2_v_alert__type_support.hpp
[0.828s] -- Up-to-date symlink: /ws/install/car_msgs/include/car_msgs/car_msgs/msg/rosidl_generator_cpp__visibility_control.hpp
[0.828s] -- Up-to-date symlink: /ws/install/car_msgs/include/car_msgs/car_msgs/msg/v2_v_alert.hpp
[0.829s] -- Up-to-date symlink: /ws/install/car_msgs/include/car_msgs/car_msgs/msg/detail/v2_v_alert__rosidl_typesupport_fastrtps_cpp.hpp
[0.829s] -- Up-to-date symlink: /ws/install/car_msgs/include/car_msgs/car_msgs/msg/rosidl_typesupport_fastrtps_cpp__visibility_control.h
[0.829s] -- Up-to-date symlink: /ws/install/car_msgs/include/car_msgs/car_msgs/msg/detail/v2_v_alert__rosidl_typesupport_introspection_cpp.hpp
[0.829s] -- Up-to-date symlink: /ws/install/car_msgs/share/car_msgs/environment/pythonpath.sh
[0.829s] -- Up-to-date symlink: /ws/install/car_msgs/share/car_msgs/environment/pythonpath.dsv
[0.830s] -- Up-to-date symlink: /ws/install/car_msgs/lib/python3.12/site-packages/car_msgs-0.0.0-py3.12.egg-info/PKG-INFO
[0.830s] -- Up-to-date symlink: /ws/install/car_msgs/lib/python3.12/site-packages/car_msgs-0.0.0-py3.12.egg-info/SOURCES.txt
[0.830s] -- Up-to-date symlink: /ws/install/car_msgs/lib/python3.12/site-packages/car_msgs-0.0.0-py3.12.egg-info/dependency_links.txt
[0.831s] -- Up-to-date symlink: /ws/install/car_msgs/lib/python3.12/site-packages/car_msgs-0.0.0-py3.12.egg-info/top_level.txt
[0.831s] -- Up-to-date symlink: /ws/install/car_msgs/lib/python3.12/site-packages/car_msgs/__init__.py
[0.831s] -- Up-to-date symlink: /ws/install/car_msgs/lib/python3.12/site-packages/car_msgs/_car_msgs_s.ep.rosidl_typesupport_c.c
[0.831s] -- Up-to-date symlink: /ws/install/car_msgs/lib/python3.12/site-packages/car_msgs/_car_msgs_s.ep.rosidl_typesupport_fastrtps_c.c
[0.831s] -- Up-to-date symlink: /ws/install/car_msgs/lib/python3.12/site-packages/car_msgs/_car_msgs_s.ep.rosidl_typesupport_introspection_c.c
[0.832s] -- Up-to-date symlink: /ws/install/car_msgs/lib/python3.12/site-packages/car_msgs/car_msgs_s__rosidl_typesupport_c.so
[0.832s] -- Up-to-date symlink: /ws/install/car_msgs/lib/python3.12/site-packages/car_msgs/car_msgs_s__rosidl_typesupport_fastrtps_c.so
[0.832s] -- Up-to-date symlink: /ws/install/car_msgs/lib/python3.12/site-packages/car_msgs/car_msgs_s__rosidl_typesupport_introspection_c.so
[0.832s] -- Up-to-date symlink: /ws/install/car_msgs/lib/python3.12/site-packages/car_msgs/msg/__init__.py
[0.832s] -- Up-to-date symlink: /ws/install/car_msgs/lib/python3.12/site-packages/car_msgs/msg/_v2_v_alert.py
[0.832s] -- Up-to-date symlink: /ws/install/car_msgs/lib/python3.12/site-packages/car_msgs/msg/_v2_v_alert_s.c
[0.832s] -- Up-to-date symlink: /ws/install/car_msgs/lib/python3.12/site-packages/car_msgs/car_msgs_s__rosidl_typesupport_fastrtps_c.so
[0.833s] -- Up-to-date symlink: /ws/install/car_msgs/lib/python3.12/site-packages/car_msgs/car_msgs_s__rosidl_typesupport_introspection_c.so
[0.833s] -- Up-to-date symlink: /ws/install/car_msgs/lib/python3.12/site-packages/car_msgs/car_msgs_s__rosidl_typesupport_c.so
[0.833s] -- Up-to-date symlink: /ws/install/car_msgs/share/car_msgs/msg/V2VAlert.idl
[0.833s] -- Up-to-date symlink: /ws/install/car_msgs/share/car_msgs/msg/V2VAlert.msg
[0.833s] -- Up-to-date symlink: /ws/install/car_msgs/share/ament_index/resource_index/package_run_dependencies/car_msgs
[0.834s] -- Up-to-date symlink: /ws/install/car_msgs/share/ament_index/resource_index/parent_prefix_path/car_msgs
[0.834s] -- Up-to-date symlink: /ws/install/car_msgs/share/car_msgs/environment/ament_prefix_path.sh
[0.834s] -- Up-to-date symlink: /ws/install/car_msgs/share/car_msgs/environment/ament_prefix_path.dsv
[0.834s] -- Up-to-date symlink: /ws/install/car_msgs/share/car_msgs/environment/path.sh
[0.834s] -- Up-to-date symlink: /ws/install/car_msgs/share/car_msgs/environment/path.dsv
[0.834s] -- Up-to-date symlink: /ws/install/car_msgs/share/car_msgs/local_setup.bash
[0.835s] -- Up-to-date symlink: /ws/install/car_msgs/share/car_msgs/local_setup.sh
[0.835s] -- Up-to-date symlink: /ws/install/car_msgs/share/car_msgs/local_setup.zsh
[0.835s] -- Up-to-date symlink: /ws/install/car_msgs/share/car_msgs/local_setup.dsv
[0.835s] -- Symlinking: /ws/install/car_msgs/share/car_msgs/package.dsv
[0.846s] -- Up-to-date symlink: /ws/install/car_msgs/share/ament_index/resource_index/packages/car_msgs
[0.846s] -- Up-to-date symlink: /ws/install/car_msgs/share/car_msgs/cmake/rosidl_cmake-extras.cmake
[0.846s] -- Up-to-date symlink: /ws/install/car_msgs/share/car_msgs/cmake/ament_cmake_export_dependencies-extras.cmake
[0.846s] -- Up-to-date symlink: /ws/install/car_msgs/share/car_msgs/cmake/ament_cmake_export_include_directories-extras.cmake
[0.847s] -- Up-to-date symlink: /ws/install/car_msgs/share/car_msgs/cmake/ament_cmake_export_libraries-extras.cmake
[0.847s] -- Up-to-date symlink: /ws/install/car_msgs/share/car_msgs/cmake/ament_cmake_export_targets-extras.cmake
[0.847s] -- Up-to-date symlink: /ws/install/car_msgs/share/car_msgs/cmake/rosidl_cmake_export_typesupport_targets-extras.cmake
[0.847s] -- Up-to-date symlink: /ws/install/car_msgs/share/car_msgs/cmake/rosidl_cmake_export_typesupport_libraries-extras.cmake
[0.847s] -- Up-to-date symlink: /ws/install/car_msgs/share/car_msgs/cmake/car_msgsConfig.cmake
[0.847s] -- Up-to-date symlink: /ws/install/car_msgs/share/car_msgs/cmake/car_msgsConfig-version.cmake
[0.848s] -- Up-to-date symlink: /ws/install/car_msgs/share/car_msgs/package.xml
[0.848s] -- Up-to-date: /ws/install/car_msgs/lib/libcar_msgs__rosidl_generator_c.so
[0.848s] -- Up-to-date: /ws/install/car_msgs/lib/libcar_msgs__rosidl_typesupport_fastrtps_c.so
[0.848s] -- Up-to-date: /ws/install/car_msgs/lib/libcar_msgs__rosidl_typesupport_introspection_c.so
[0.849s] -- Up-to-date: /ws/install/car_msgs/lib/libcar_msgs__rosidl_typesupport_c.so
[0.849s] -- Up-to-date: /ws/install/car_msgs/lib/libcar_msgs__rosidl_typesupport_fastrtps_cpp.so
[0.849s] -- Up-to-date: /ws/install/car_msgs/lib/libcar_msgs__rosidl_typesupport_introspection_cpp.so
[0.849s] -- Up-to-date: /ws/install/car_msgs/lib/libcar_msgs__rosidl_typesupport_cpp.so
[0.900s] Listing '/ws/install/car_msgs/lib/python3.12/site-packages/car_msgs'...
[0.900s] Listing '/ws/install/car_msgs/lib/python3.12/site-packages/car_msgs/msg'...
[0.910s] -- Up-to-date: /ws/install/car_msgs/lib/libcar_msgs__rosidl_generator_py.so
[0.910s] -- Up-to-date: /ws/install/car_msgs/share/car_msgs/cmake/export_car_msgs__rosidl_generator_cExport.cmake
[0.910s] -- Up-to-date: /ws/install/car_msgs/share/car_msgs/cmake/export_car_msgs__rosidl_generator_cExport-noconfig.cmake
[0.911s] -- Up-to-date: /ws/install/car_msgs/share/car_msgs/cmake/export_car_msgs__rosidl_typesupport_fastrtps_cExport.cmake
[0.911s] -- Up-to-date: /ws/install/car_msgs/share/car_msgs/cmake/export_car_msgs__rosidl_typesupport_fastrtps_cExport-noconfig.cmake
[0.911s] -- Up-to-date: /ws/install/car_msgs/share/car_msgs/cmake/car_msgs__rosidl_typesupport_introspection_cExport.cmake
[0.911s] -- Up-to-date: /ws/install/car_msgs/share/car_msgs/cmake/car_msgs__rosidl_typesupport_introspection_cExport-noconfig.cmake
[0.911s] -- Up-to-date: /ws/install/car_msgs/share/car_msgs/cmake/car_msgs__rosidl_typesupport_cExport.cmake
[0.911s] -- Up-to-date: /ws/install/car_msgs/share/car_msgs/cmake/car_msgs__rosidl_typesupport_cExport-noconfig.cmake
[0.912s] -- Up-to-date: /ws/install/car_msgs/share/car_msgs/cmake/export_car_msgs__rosidl_generator_cppExport.cmake
[0.912s] -- Up-to-date: /ws/install/car_msgs/share/car_msgs/cmake/export_car_msgs__rosidl_typesupport_fastrtps_cppExport.cmake
[0.912s] -- Up-to-date: /ws/install/car_msgs/share/car_msgs/cmake/export_car_msgs__rosidl_typesupport_fastrtps_cppExport-noconfig.cmake
[0.912s] -- Up-to-date: /ws/install/car_msgs/share/car_msgs/cmake/car_msgs__rosidl_typesupport_introspection_cppExport.cmake
[0.912s] -- Up-to-date: /ws/install/car_msgs/share/car_msgs/cmake/car_msgs__rosidl_typesupport_introspection_cppExport-noconfig.cmake
[0.913s] -- Up-to-date: /ws/install/car_msgs/share/car_msgs/cmake/car_msgs__rosidl_typesupport_cppExport.cmake
[0.913s] -- Up-to-date: /ws/install/car_msgs/share/car_msgs/cmake/car_msgs__rosidl_typesupport_cppExport-noconfig.cmake
[0.913s] -- Up-to-date: /ws/install/car_msgs/share/car_msgs/cmake/export_car_msgs__rosidl_generator_pyExport.cmake
[0.913s] -- Up-to-date: /ws/install/car_msgs/share/car_msgs/cmake/export_car_msgs__rosidl_generator_pyExport-noconfig.cmake
[0.915s] Invoked command in '/ws/build/car_msgs' returned '0': CMAKE_PREFIX_PATH=/opt/ros/jazzy /usr/bin/cmake --install /ws/build/car_msgs
