#0 building with "default" instance using docker driver

#1 [internal] load build definition from Dockerfile
#1 transferring dockerfile: 722B done
#1 DONE 0.0s

#2 [internal] load metadata for docker.io/library/ros:foxy-ros-base
#2 DONE 0.7s

#3 [internal] load .dockerignore
#3 transferring context: 2B done
#3 DONE 0.0s

#4 [1/5] FROM docker.io/library/ros:foxy-ros-base@sha256:34fbe32f5b1cd3eb25f6becaaa1d293bad754d64c31d96e638e4b30ed82f9f8e
#4 DONE 0.0s

#5 [2/5] WORKDIR /ws
#5 CACHED

#6 [internal] load build context
#6 transferring context: 4.91kB done
#6 DONE 0.0s

#7 [3/5] COPY . .
#7 DONE 0.0s

#8 [4/5] RUN . /opt/ros/foxy/setup.sh &&     apt-get update &&     apt-get install -y         ros-foxy-std-msgs         ros-foxy-builtin-interfaces         ros-foxy-common-interfaces &&     rosdep update &&     rosdep install --from-paths src --ignore-src -y --rosdistro foxy &&     rm -rf /var/lib/apt/lists/*
#8 0.613 Get:1 http://snapshots.ros.org/foxy/final/ubuntu focal InRelease [13.8 kB]
#8 0.803 Get:2 http://snapshots.ros.org/foxy/final/ubuntu focal/main amd64 Packages [657 kB]
#8 0.899 Get:3 http://security.ubuntu.com/ubuntu focal-security InRelease [128 kB]
#8 0.901 Get:4 http://archive.ubuntu.com/ubuntu focal InRelease [265 kB]
#8 1.393 Get:5 http://archive.ubuntu.com/ubuntu focal-updates InRelease [128 kB]
#8 2.223 Get:6 http://security.ubuntu.com/ubuntu focal-security/restricted amd64 Packages [4801 kB]
#8 2.333 Get:7 http://archive.ubuntu.com/ubuntu focal-backports InRelease [128 kB]
#8 2.703 Get:8 http://archive.ubuntu.com/ubuntu focal/universe amd64 Packages [11.3 MB]
#8 3.984 Get:9 http://security.ubuntu.com/ubuntu focal-security/multiverse amd64 Packages [33.1 kB]
#8 3.986 Get:10 http://security.ubuntu.com/ubuntu focal-security/main amd64 Packages [4432 kB]
#8 4.293 Get:11 http://security.ubuntu.com/ubuntu focal-security/universe amd64 Packages [1308 kB]
#8 4.342 Get:12 http://archive.ubuntu.com/ubuntu focal/multiverse amd64 Packages [177 kB]
#8 4.556 Get:13 http://archive.ubuntu.com/ubuntu focal/restricted amd64 Packages [33.4 kB]
#8 4.768 Get:14 http://archive.ubuntu.com/ubuntu focal/main amd64 Packages [1275 kB]
#8 4.999 Get:15 http://archive.ubuntu.com/ubuntu focal-updates/restricted amd64 Packages [4998 kB]
#8 5.444 Get:16 http://archive.ubuntu.com/ubuntu focal-updates/multiverse amd64 Packages [36.8 kB]
#8 5.658 Get:17 http://archive.ubuntu.com/ubuntu focal-updates/main amd64 Packages [4920 kB]
#8 6.095 Get:18 http://archive.ubuntu.com/ubuntu focal-updates/universe amd64 Packages [1599 kB]
#8 6.333 Get:19 http://archive.ubuntu.com/ubuntu focal-backports/universe amd64 Packages [28.6 kB]
#8 6.548 Get:20 http://archive.ubuntu.com/ubuntu focal-backports/main amd64 Packages [55.2 kB]
#8 6.590 Fetched 36.4 MB in 6s (5691 kB/s)
#8 6.590 Reading package lists...
#8 7.281 Reading package lists...
#8 7.919 Building dependency tree...
#8 8.034 Reading state information...
#8 8.164 ros-foxy-builtin-interfaces is already the newest version (1.0.0-1focal.20230527.043831).
#8 8.164 ros-foxy-builtin-interfaces set to manually installed.
#8 8.164 ros-foxy-common-interfaces is already the newest version (2.0.5-1focal.20230527.053021).
#8 8.164 ros-foxy-common-interfaces set to manually installed.
#8 8.164 ros-foxy-std-msgs is already the newest version (2.0.5-1focal.20230527.044919).
#8 8.164 ros-foxy-std-msgs set to manually installed.
#8 8.164 0 upgraded, 0 newly installed, 0 to remove and 15 not upgraded.
#8 12.34 reading in sources list data from /etc/ros/rosdep/sources.list.d
#8 12.34 Hit https://raw.githubusercontent.com/ros/rosdistro/master/rosdep/osx-homebrew.yaml
#8 12.34 Hit https://raw.githubusercontent.com/ros/rosdistro/master/rosdep/base.yaml
#8 12.34 Hit https://raw.githubusercontent.com/ros/rosdistro/master/rosdep/python.yaml
#8 12.34 Hit https://raw.githubusercontent.com/ros/rosdistro/master/rosdep/ruby.yaml
#8 12.34 Hit https://raw.githubusercontent.com/ros/rosdistro/master/releases/fuerte.yaml
#8 12.34 Query rosdistro index https://raw.githubusercontent.com/ros/rosdistro/master/index-v4.yaml
#8 12.34 Skip end-of-life distro "ardent"
#8 12.34 Skip end-of-life distro "bouncy"
#8 12.34 Skip end-of-life distro "crystal"
#8 12.34 Skip end-of-life distro "dashing"
#8 12.34 Skip end-of-life distro "eloquent"
#8 12.34 Skip end-of-life distro "foxy"
#8 12.34 Skip end-of-life distro "galactic"
#8 12.34 Skip end-of-life distro "groovy"
#8 12.34 Add distro "humble"
#8 12.34 Skip end-of-life distro "hydro"
#8 12.34 Skip end-of-life distro "indigo"
#8 12.34 Skip end-of-life distro "iron"
#8 12.34 Skip end-of-life distro "jade"
#8 12.34 Add distro "jazzy"
#8 12.34 Add distro "kilted"
#8 12.34 Skip end-of-life distro "kinetic"
#8 12.34 Skip end-of-life distro "lunar"
#8 12.34 Skip end-of-life distro "melodic"
#8 12.34 Skip end-of-life distro "noetic"
#8 12.34 Add distro "rolling"
#8 12.34 updated cache in /root/.ros/rosdep/sources.cache
#8 12.34 Warning: running 'rosdep update' as root is not recommended.
#8 12.34   You should run 'sudo rosdep fix-permissions' and invoke 'rosdep update' again without sudo.
#8 12.61 #All required rosdeps installed successfully
#8 DONE 12.7s

#9 [5/5] RUN . /opt/ros/foxy/setup.sh && colcon build --symlink-install
#9 0.431 Starting >>> car_msgs
#9 3.420 Finished <<< car_msgs [2.99s]
#9 3.420 Starting >>> car_comms
#9 3.426 Starting >>> car_control
#9 3.431 Starting >>> car_planning
#9 4.152 Finished <<< car_planning [0.72s]
#9 4.161 Finished <<< car_control [0.73s]
#9 4.170 Finished <<< car_comms [0.75s]
#9 4.179 
#9 4.179 Summary: 4 packages finished [3.83s]
#9 DONE 4.2s

#10 exporting to image
#10 exporting layers 0.1s done
#10 writing image sha256:ef1ab47a329ac4f403f7560e8bdebc703d8d6ef2d0ccd5cb8f018ae26023f299 done
#10 naming to docker.io/library/ros2_v2x:latest done
#10 DONE 0.1s
