[0.011s] Invoking command in '/ws/build/car_msgs': CMAKE_PREFIX_PATH=${CMAKE_PREFIX_PATH}:/ws/install/vision_pkg:/ws/install/car_vision:/ws/install/car_planning:/ws/install/car_control:/ws/install/car_comms:/opt/ros/jazzy /usr/bin/cmake /ws/src/car_msgs -DAMENT_CMAKE_SYMLINK_INSTALL=1 -DCMAKE_INSTALL_PREFIX=/ws/install/car_msgs
[0.112s] -- The C compiler identification is GNU 13.3.0
[0.181s] -- The CXX compiler identification is GNU 13.3.0
[0.213s] -- Detecting C compiler ABI info
[0.310s] -- Detecting C compiler ABI info - done
[0.323s] -- Check for working C compiler: /usr/bin/cc - skipped
[0.324s] -- Detecting C compile features
[0.324s] -- Detecting C compile features - done
[0.334s] -- Detecting CXX compiler ABI info
[0.468s] -- Detecting CXX compiler ABI info - done
[0.482s] -- Check for working CXX compiler: /usr/bin/c++ - skipped
[0.482s] -- Detecting CXX compile features
[0.483s] -- Detecting CXX compile features - done
[0.486s] -- Found ament_cmake: 2.5.4 (/opt/ros/jazzy/share/ament_cmake/cmake)
[0.760s] -- Found Python3: /usr/bin/python3 (found version "3.12.3") found components: Interpreter 
[0.861s] -- Override CMake install command with custom implementation using symlinks instead of copying resources
[0.890s] -- Found rosidl_default_generators: 1.6.0 (/opt/ros/jazzy/share/rosidl_default_generators/cmake)
[0.896s] -- Using all available rosidl_typesupport_c: rosidl_typesupport_fastrtps_c;rosidl_typesupport_introspection_c
[1.000s] -- Using all available rosidl_typesupport_cpp: rosidl_typesupport_fastrtps_cpp;rosidl_typesupport_introspection_cpp
[1.052s] -- Found rosidl_adapter: 4.6.6 (/opt/ros/jazzy/share/rosidl_adapter/cmake)
[1.055s] -- Found builtin_interfaces: 2.0.3 (/opt/ros/jazzy/share/builtin_interfaces/cmake)
[1.685s] -- Found ament_cmake_ros: 0.12.0 (/opt/ros/jazzy/share/ament_cmake_ros/cmake)
[2.392s] -- Using all available rosidl_typesupport_c: rosidl_typesupport_fastrtps_c;rosidl_typesupport_introspection_c
[3.452s] -- Using all available rosidl_typesupport_cpp: rosidl_typesupport_fastrtps_cpp;rosidl_typesupport_introspection_cpp
[3.454s] -- Found python_cmake_module: 0.11.1 (/opt/ros/jazzy/share/python_cmake_module/cmake)
[3.627s] -- Found PythonExtra: /usr/bin/python3  
[4.138s] -- Found Python3: /usr/bin/python3 (found version "3.12.3") found components: Interpreter Development NumPy Development.Module Development.Embed 
[4.178s] -- Found ament_lint_auto: 0.17.3 (/opt/ros/jazzy/share/ament_lint_auto/cmake)
[4.200s] -- Added test 'lint_cmake' to check CMake code style
[4.201s] -- Added test 'xmllint' to check XML markup files
[4.205s] -- Configuring done (4.2s)
[4.239s] -- Generating done (0.0s)
[4.252s] -- Build files have been written to: /ws/build/car_msgs
[4.260s] Invoked command in '/ws/build/car_msgs' returned '0': CMAKE_PREFIX_PATH=${CMAKE_PREFIX_PATH}:/ws/install/vision_pkg:/ws/install/car_vision:/ws/install/car_planning:/ws/install/car_control:/ws/install/car_comms:/opt/ros/jazzy /usr/bin/cmake /ws/src/car_msgs -DAMENT_CMAKE_SYMLINK_INSTALL=1 -DCMAKE_INSTALL_PREFIX=/ws/install/car_msgs
[4.262s] Invoking command in '/ws/build/car_msgs': CMAKE_PREFIX_PATH=${CMAKE_PREFIX_PATH}:/ws/install/vision_pkg:/ws/install/car_vision:/ws/install/car_planning:/ws/install/car_control:/ws/install/car_comms:/opt/ros/jazzy /usr/bin/cmake --build /ws/build/car_msgs -- -j4 -l4
[4.315s] [  2%] [34m[1mGenerating type hashes for ROS interfaces[0m
[4.338s] [  2%] Built target ament_cmake_python_symlink_car_msgs
[4.579s] running egg_info
[4.580s] creating car_msgs.egg-info
[4.594s] writing car_msgs.egg-info/PKG-INFO
[4.594s] writing dependency_links to car_msgs.egg-info/dependency_links.txt
[4.595s] writing top-level names to car_msgs.egg-info/top_level.txt
[4.595s] writing manifest file 'car_msgs.egg-info/SOURCES.txt'
[4.635s] reading manifest file 'car_msgs.egg-info/SOURCES.txt'
[4.635s] writing manifest file 'car_msgs.egg-info/SOURCES.txt'
[4.704s] [  2%] Built target ament_cmake_python_build_car_msgs_egg
[4.775s] [  2%] Built target car_msgs__rosidl_generator_type_description
[4.791s] [  5%] [34m[1mGenerating C code for ROS interfaces[0m
[4.796s] [  8%] [34m[1mGenerating C++ code for ROS interfaces[0m
[5.202s] [ 14%] [32mBuilding C object CMakeFiles/car_msgs__rosidl_generator_c.dir/rosidl_generator_c/car_msgs/msg/detail/v2_v_alert__description.c.o[0m
[5.203s] [ 14%] [32mBuilding C object CMakeFiles/car_msgs__rosidl_generator_c.dir/rosidl_generator_c/car_msgs/msg/detail/v2_v_alert__type_support.c.o[0m
[5.220s] [ 17%] [32mBuilding C object CMakeFiles/car_msgs__rosidl_generator_c.dir/rosidl_generator_c/car_msgs/msg/detail/v2_v_alert__functions.c.o[0m
[5.271s] [ 17%] Built target car_msgs__cpp
[5.375s] [ 20%] [32m[1mLinking C shared library libcar_msgs__rosidl_generator_c.so[0m
[5.431s] [ 20%] Built target car_msgs__rosidl_generator_c
[5.444s] [ 26%] [34m[1mGenerating C type support dispatch for ROS interfaces[0m
[5.447s] [ 26%] [34m[1mGenerating C introspection for ROS interfaces[0m
[5.460s] [ 32%] [34m[1mGenerating C type support for eProsima Fast-RTPS[0m
[5.461s] [ 32%] [34m[1mGenerating C++ type support dispatch for ROS interfaces[0m
[5.810s] [ 35%] [32mBuilding CXX object CMakeFiles/car_msgs__rosidl_typesupport_c.dir/rosidl_typesupport_c/car_msgs/msg/v2_v_alert__type_support.cpp.o[0m
[5.863s] [ 38%] [32m[1mLinking CXX shared library libcar_msgs__rosidl_typesupport_c.so[0m
[5.908s] [ 38%] Built target car_msgs__rosidl_typesupport_c
[5.920s] [ 41%] [34m[1mGenerating C++ type support for eProsima Fast-RTPS[0m
[5.965s] [ 44%] [32mBuilding C object CMakeFiles/car_msgs__rosidl_typesupport_introspection_c.dir/rosidl_typesupport_introspection_c/car_msgs/msg/detail/v2_v_alert__type_support.c.o[0m
[6.019s] [ 47%] [32m[1mLinking C shared library libcar_msgs__rosidl_typesupport_introspection_c.so[0m
[6.062s] [ 47%] Built target car_msgs__rosidl_typesupport_introspection_c
[6.098s] [ 50%] [32mBuilding CXX object CMakeFiles/car_msgs__rosidl_typesupport_fastrtps_c.dir/rosidl_typesupport_fastrtps_c/car_msgs/msg/detail/v2_v_alert__type_support_c.cpp.o[0m
[6.140s] [ 52%] [34m[1mGenerating C++ introspection for ROS interfaces[0m
[6.186s] [ 55%] [32mBuilding CXX object CMakeFiles/car_msgs__rosidl_typesupport_cpp.dir/rosidl_typesupport_cpp/car_msgs/msg/v2_v_alert__type_support.cpp.o[0m
[6.344s] [ 58%] [32mBuilding CXX object CMakeFiles/car_msgs__rosidl_typesupport_fastrtps_cpp.dir/rosidl_typesupport_fastrtps_cpp/car_msgs/msg/detail/dds_fastrtps/v2_v_alert__type_support.cpp.o[0m
[6.546s] [ 61%] [32mBuilding CXX object CMakeFiles/car_msgs__rosidl_typesupport_introspection_cpp.dir/rosidl_typesupport_introspection_cpp/car_msgs/msg/detail/v2_v_alert__type_support.cpp.o[0m
[6.835s] [ 64%] [32m[1mLinking CXX shared library libcar_msgs__rosidl_typesupport_cpp.so[0m
[6.889s] [ 64%] Built target car_msgs__rosidl_typesupport_cpp
[6.994s] [ 67%] [32m[1mLinking CXX shared library libcar_msgs__rosidl_typesupport_introspection_cpp.so[0m
[7.144s] [ 67%] Built target car_msgs__rosidl_typesupport_introspection_cpp
[7.219s] [ 70%] [32m[1mLinking CXX shared library libcar_msgs__rosidl_typesupport_fastrtps_cpp.so[0m
[7.334s] [ 70%] Built target car_msgs__rosidl_typesupport_fastrtps_cpp
[7.607s] [ 73%] [32m[1mLinking CXX shared library libcar_msgs__rosidl_typesupport_fastrtps_c.so[0m
[7.715s] [ 73%] Built target car_msgs__rosidl_typesupport_fastrtps_c
[7.739s] [ 73%] Built target car_msgs
[7.782s] [ 76%] [34m[1mGenerating Python code for ROS interfaces[0m
[8.242s] [ 76%] Built target car_msgs__py
[8.267s] [ 79%] [32mBuilding C object CMakeFiles/car_msgs__rosidl_generator_py.dir/rosidl_generator_py/car_msgs/msg/_v2_v_alert_s.c.o[0m
[8.429s] [ 82%] [32m[1mLinking C shared library libcar_msgs__rosidl_generator_py.so[0m
[8.488s] [ 82%] Built target car_msgs__rosidl_generator_py
[8.509s] [ 85%] [32mBuilding C object CMakeFiles/car_msgs_s__rosidl_typesupport_c.dir/rosidl_generator_py/car_msgs/_car_msgs_s.ep.rosidl_typesupport_c.c.o[0m
[8.528s] [ 88%] [32mBuilding C object CMakeFiles/car_msgs_s__rosidl_typesupport_fastrtps_c.dir/rosidl_generator_py/car_msgs/_car_msgs_s.ep.rosidl_typesupport_fastrtps_c.c.o[0m
[8.543s] [ 91%] [32mBuilding C object CMakeFiles/car_msgs_s__rosidl_typesupport_introspection_c.dir/rosidl_generator_py/car_msgs/_car_msgs_s.ep.rosidl_typesupport_introspection_c.c.o[0m
[8.670s] [ 94%] [32m[1mLinking C shared module rosidl_generator_py/car_msgs/car_msgs_s__rosidl_typesupport_fastrtps_c.so[0m
[8.681s] [ 97%] [32m[1mLinking C shared module rosidl_generator_py/car_msgs/car_msgs_s__rosidl_typesupport_introspection_c.so[0m
[8.707s] [ 97%] Built target car_msgs_s__rosidl_typesupport_fastrtps_c
[8.718s] [ 97%] Built target car_msgs_s__rosidl_typesupport_introspection_c
[8.842s] [100%] [32m[1mLinking C shared module rosidl_generator_py/car_msgs/car_msgs_s__rosidl_typesupport_c.so[0m
[8.870s] [100%] Built target car_msgs_s__rosidl_typesupport_c
[8.896s] Invoked command in '/ws/build/car_msgs' returned '0': CMAKE_PREFIX_PATH=${CMAKE_PREFIX_PATH}:/ws/install/vision_pkg:/ws/install/car_vision:/ws/install/car_planning:/ws/install/car_control:/ws/install/car_comms:/opt/ros/jazzy /usr/bin/cmake --build /ws/build/car_msgs -- -j4 -l4
[8.904s] Invoking command in '/ws/build/car_msgs': CMAKE_PREFIX_PATH=${CMAKE_PREFIX_PATH}:/ws/install/vision_pkg:/ws/install/car_vision:/ws/install/car_planning:/ws/install/car_control:/ws/install/car_comms:/opt/ros/jazzy /usr/bin/cmake --install /ws/build/car_msgs
[8.912s] -- Install configuration: ""
[8.913s] -- Execute custom install script
[8.913s] -- Symlinking: /ws/install/car_msgs/share/ament_index/resource_index/rosidl_interfaces/car_msgs
[8.922s] -- Symlinking: /ws/install/car_msgs/share/car_msgs/msg/V2VAlert.json
[8.931s] -- Symlinking: /ws/install/car_msgs/include/car_msgs/car_msgs/msg/detail/v2_v_alert__functions.h
[8.939s] -- Symlinking: /ws/install/car_msgs/include/car_msgs/car_msgs/msg/detail/v2_v_alert__struct.h
[8.948s] -- Symlinking: /ws/install/car_msgs/include/car_msgs/car_msgs/msg/detail/v2_v_alert__type_support.h
[8.956s] -- Symlinking: /ws/install/car_msgs/include/car_msgs/car_msgs/msg/rosidl_generator_c__visibility_control.h
[8.964s] -- Symlinking: /ws/install/car_msgs/include/car_msgs/car_msgs/msg/v2_v_alert.h
[8.972s] -- Symlinking: /ws/install/car_msgs/share/car_msgs/environment/library_path.sh
[8.981s] -- Symlinking: /ws/install/car_msgs/share/car_msgs/environment/library_path.dsv
[8.989s] -- Symlinking: /ws/install/car_msgs/include/car_msgs/car_msgs/msg/detail/v2_v_alert__rosidl_typesupport_fastrtps_c.h
[8.998s] -- Symlinking: /ws/install/car_msgs/include/car_msgs/car_msgs/msg/rosidl_typesupport_fastrtps_c__visibility_control.h
[9.006s] -- Symlinking: /ws/install/car_msgs/include/car_msgs/car_msgs/msg/detail/v2_v_alert__rosidl_typesupport_introspection_c.h
[9.020s] -- Symlinking: /ws/install/car_msgs/include/car_msgs/car_msgs/msg/rosidl_typesupport_introspection_c__visibility_control.h
[9.032s] -- Symlinking: /ws/install/car_msgs/include/car_msgs/car_msgs/msg/detail/v2_v_alert__builder.hpp
[9.042s] -- Symlinking: /ws/install/car_msgs/include/car_msgs/car_msgs/msg/detail/v2_v_alert__struct.hpp
[9.065s] -- Symlinking: /ws/install/car_msgs/include/car_msgs/car_msgs/msg/detail/v2_v_alert__traits.hpp
[9.074s] -- Symlinking: /ws/install/car_msgs/include/car_msgs/car_msgs/msg/detail/v2_v_alert__type_support.hpp
[9.095s] -- Symlinking: /ws/install/car_msgs/include/car_msgs/car_msgs/msg/rosidl_generator_cpp__visibility_control.hpp
[9.103s] -- Symlinking: /ws/install/car_msgs/include/car_msgs/car_msgs/msg/v2_v_alert.hpp
[9.124s] -- Symlinking: /ws/install/car_msgs/include/car_msgs/car_msgs/msg/detail/v2_v_alert__rosidl_typesupport_fastrtps_cpp.hpp
[9.132s] -- Symlinking: /ws/install/car_msgs/include/car_msgs/car_msgs/msg/rosidl_typesupport_fastrtps_cpp__visibility_control.h
[9.141s] -- Symlinking: /ws/install/car_msgs/include/car_msgs/car_msgs/msg/detail/v2_v_alert__rosidl_typesupport_introspection_cpp.hpp
[9.151s] -- Symlinking: /ws/install/car_msgs/share/car_msgs/environment/pythonpath.sh
[9.159s] -- Symlinking: /ws/install/car_msgs/share/car_msgs/environment/pythonpath.dsv
[9.169s] -- Symlinking: /ws/install/car_msgs/lib/python3.12/site-packages/car_msgs-0.0.0-py3.12.egg-info/PKG-INFO
[9.198s] -- Symlinking: /ws/install/car_msgs/lib/python3.12/site-packages/car_msgs-0.0.0-py3.12.egg-info/SOURCES.txt
[9.216s] -- Symlinking: /ws/install/car_msgs/lib/python3.12/site-packages/car_msgs-0.0.0-py3.12.egg-info/dependency_links.txt
[9.228s] -- Symlinking: /ws/install/car_msgs/lib/python3.12/site-packages/car_msgs-0.0.0-py3.12.egg-info/top_level.txt
[9.243s] -- Symlinking: /ws/install/car_msgs/lib/python3.12/site-packages/car_msgs/__init__.py
[9.266s] -- Symlinking: /ws/install/car_msgs/lib/python3.12/site-packages/car_msgs/_car_msgs_s.ep.rosidl_typesupport_c.c
[9.275s] -- Symlinking: /ws/install/car_msgs/lib/python3.12/site-packages/car_msgs/_car_msgs_s.ep.rosidl_typesupport_fastrtps_c.c
[9.284s] -- Symlinking: /ws/install/car_msgs/lib/python3.12/site-packages/car_msgs/_car_msgs_s.ep.rosidl_typesupport_introspection_c.c
[9.306s] -- Symlinking: /ws/install/car_msgs/lib/python3.12/site-packages/car_msgs/car_msgs_s__rosidl_typesupport_c.so
[9.314s] -- Symlinking: /ws/install/car_msgs/lib/python3.12/site-packages/car_msgs/car_msgs_s__rosidl_typesupport_fastrtps_c.so
[9.336s] -- Symlinking: /ws/install/car_msgs/lib/python3.12/site-packages/car_msgs/car_msgs_s__rosidl_typesupport_introspection_c.so
[9.357s] -- Symlinking: /ws/install/car_msgs/lib/python3.12/site-packages/car_msgs/msg/__init__.py
[9.366s] -- Symlinking: /ws/install/car_msgs/lib/python3.12/site-packages/car_msgs/msg/_v2_v_alert.py
[9.388s] -- Symlinking: /ws/install/car_msgs/lib/python3.12/site-packages/car_msgs/msg/_v2_v_alert_s.c
[9.399s] -- Up-to-date symlink: /ws/install/car_msgs/lib/python3.12/site-packages/car_msgs/car_msgs_s__rosidl_typesupport_fastrtps_c.so
[9.401s] -- Up-to-date symlink: /ws/install/car_msgs/lib/python3.12/site-packages/car_msgs/car_msgs_s__rosidl_typesupport_introspection_c.so
[9.402s] -- Up-to-date symlink: /ws/install/car_msgs/lib/python3.12/site-packages/car_msgs/car_msgs_s__rosidl_typesupport_c.so
[9.404s] -- Symlinking: /ws/install/car_msgs/share/car_msgs/msg/V2VAlert.idl
[9.413s] -- Symlinking: /ws/install/car_msgs/share/car_msgs/msg/V2VAlert.msg
[9.423s] -- Symlinking: /ws/install/car_msgs/share/ament_index/resource_index/package_run_dependencies/car_msgs
[9.433s] -- Symlinking: /ws/install/car_msgs/share/ament_index/resource_index/parent_prefix_path/car_msgs
[9.443s] -- Symlinking: /ws/install/car_msgs/share/car_msgs/environment/ament_prefix_path.sh
[9.453s] -- Symlinking: /ws/install/car_msgs/share/car_msgs/environment/ament_prefix_path.dsv
[9.463s] -- Symlinking: /ws/install/car_msgs/share/car_msgs/environment/path.sh
[9.487s] -- Symlinking: /ws/install/car_msgs/share/car_msgs/environment/path.dsv
[9.495s] -- Symlinking: /ws/install/car_msgs/share/car_msgs/local_setup.bash
[9.537s] -- Symlinking: /ws/install/car_msgs/share/car_msgs/local_setup.sh
[9.558s] -- Symlinking: /ws/install/car_msgs/share/car_msgs/local_setup.zsh
[9.566s] -- Symlinking: /ws/install/car_msgs/share/car_msgs/local_setup.dsv
[9.587s] -- Symlinking: /ws/install/car_msgs/share/car_msgs/package.dsv
[9.596s] -- Symlinking: /ws/install/car_msgs/share/ament_index/resource_index/packages/car_msgs
[9.606s] -- Symlinking: /ws/install/car_msgs/share/car_msgs/cmake/rosidl_cmake-extras.cmake
[9.628s] -- Symlinking: /ws/install/car_msgs/share/car_msgs/cmake/ament_cmake_export_dependencies-extras.cmake
[9.637s] -- Symlinking: /ws/install/car_msgs/share/car_msgs/cmake/ament_cmake_export_include_directories-extras.cmake
[9.646s] -- Symlinking: /ws/install/car_msgs/share/car_msgs/cmake/ament_cmake_export_libraries-extras.cmake
[9.655s] -- Symlinking: /ws/install/car_msgs/share/car_msgs/cmake/ament_cmake_export_targets-extras.cmake
[9.665s] -- Symlinking: /ws/install/car_msgs/share/car_msgs/cmake/rosidl_cmake_export_typesupport_targets-extras.cmake
[9.674s] -- Symlinking: /ws/install/car_msgs/share/car_msgs/cmake/rosidl_cmake_export_typesupport_libraries-extras.cmake
[9.684s] -- Symlinking: /ws/install/car_msgs/share/car_msgs/cmake/car_msgsConfig.cmake
[9.702s] -- Symlinking: /ws/install/car_msgs/share/car_msgs/cmake/car_msgsConfig-version.cmake
[9.723s] -- Symlinking: /ws/install/car_msgs/share/car_msgs/package.xml
[9.736s] -- Installing: /ws/install/car_msgs/lib/libcar_msgs__rosidl_generator_c.so
[9.737s] -- Set non-toolchain portion of runtime path of "/ws/install/car_msgs/lib/libcar_msgs__rosidl_generator_c.so" to ""
[9.737s] -- Installing: /ws/install/car_msgs/lib/libcar_msgs__rosidl_typesupport_fastrtps_c.so
[9.737s] -- Set non-toolchain portion of runtime path of "/ws/install/car_msgs/lib/libcar_msgs__rosidl_typesupport_fastrtps_c.so" to ""
[9.737s] -- Installing: /ws/install/car_msgs/lib/libcar_msgs__rosidl_typesupport_introspection_c.so
[9.738s] -- Set non-toolchain portion of runtime path of "/ws/install/car_msgs/lib/libcar_msgs__rosidl_typesupport_introspection_c.so" to ""
[9.738s] -- Installing: /ws/install/car_msgs/lib/libcar_msgs__rosidl_typesupport_c.so
[9.738s] -- Set non-toolchain portion of runtime path of "/ws/install/car_msgs/lib/libcar_msgs__rosidl_typesupport_c.so" to ""
[9.738s] -- Installing: /ws/install/car_msgs/lib/libcar_msgs__rosidl_typesupport_fastrtps_cpp.so
[9.738s] -- Set non-toolchain portion of runtime path of "/ws/install/car_msgs/lib/libcar_msgs__rosidl_typesupport_fastrtps_cpp.so" to ""
[9.739s] -- Installing: /ws/install/car_msgs/lib/libcar_msgs__rosidl_typesupport_introspection_cpp.so
[9.739s] -- Set non-toolchain portion of runtime path of "/ws/install/car_msgs/lib/libcar_msgs__rosidl_typesupport_introspection_cpp.so" to ""
[9.739s] -- Installing: /ws/install/car_msgs/lib/libcar_msgs__rosidl_typesupport_cpp.so
[9.739s] -- Set non-toolchain portion of runtime path of "/ws/install/car_msgs/lib/libcar_msgs__rosidl_typesupport_cpp.so" to ""
[9.789s] Listing '/ws/install/car_msgs/lib/python3.12/site-packages/car_msgs'...
[9.789s] Compiling '/ws/install/car_msgs/lib/python3.12/site-packages/car_msgs/__init__.py'...
[9.789s] Listing '/ws/install/car_msgs/lib/python3.12/site-packages/car_msgs/msg'...
[9.789s] Compiling '/ws/install/car_msgs/lib/python3.12/site-packages/car_msgs/msg/__init__.py'...
[9.789s] Compiling '/ws/install/car_msgs/lib/python3.12/site-packages/car_msgs/msg/_v2_v_alert.py'...
[9.800s] -- Installing: /ws/install/car_msgs/lib/libcar_msgs__rosidl_generator_py.so
[9.800s] -- Set non-toolchain portion of runtime path of "/ws/install/car_msgs/lib/libcar_msgs__rosidl_generator_py.so" to ""
[9.800s] -- Installing: /ws/install/car_msgs/share/car_msgs/cmake/export_car_msgs__rosidl_generator_cExport.cmake
[9.801s] -- Installing: /ws/install/car_msgs/share/car_msgs/cmake/export_car_msgs__rosidl_generator_cExport-noconfig.cmake
[9.801s] -- Installing: /ws/install/car_msgs/share/car_msgs/cmake/export_car_msgs__rosidl_typesupport_fastrtps_cExport.cmake
[9.801s] -- Installing: /ws/install/car_msgs/share/car_msgs/cmake/export_car_msgs__rosidl_typesupport_fastrtps_cExport-noconfig.cmake
[9.802s] -- Installing: /ws/install/car_msgs/share/car_msgs/cmake/car_msgs__rosidl_typesupport_introspection_cExport.cmake
[9.802s] -- Installing: /ws/install/car_msgs/share/car_msgs/cmake/car_msgs__rosidl_typesupport_introspection_cExport-noconfig.cmake
[9.802s] -- Installing: /ws/install/car_msgs/share/car_msgs/cmake/car_msgs__rosidl_typesupport_cExport.cmake
[9.802s] -- Installing: /ws/install/car_msgs/share/car_msgs/cmake/car_msgs__rosidl_typesupport_cExport-noconfig.cmake
[9.803s] -- Installing: /ws/install/car_msgs/share/car_msgs/cmake/export_car_msgs__rosidl_generator_cppExport.cmake
[9.803s] -- Installing: /ws/install/car_msgs/share/car_msgs/cmake/export_car_msgs__rosidl_typesupport_fastrtps_cppExport.cmake
[9.803s] -- Installing: /ws/install/car_msgs/share/car_msgs/cmake/export_car_msgs__rosidl_typesupport_fastrtps_cppExport-noconfig.cmake
[9.804s] -- Installing: /ws/install/car_msgs/share/car_msgs/cmake/car_msgs__rosidl_typesupport_introspection_cppExport.cmake
[9.804s] -- Installing: /ws/install/car_msgs/share/car_msgs/cmake/car_msgs__rosidl_typesupport_introspection_cppExport-noconfig.cmake
[9.804s] -- Installing: /ws/install/car_msgs/share/car_msgs/cmake/car_msgs__rosidl_typesupport_cppExport.cmake
[9.804s] -- Installing: /ws/install/car_msgs/share/car_msgs/cmake/car_msgs__rosidl_typesupport_cppExport-noconfig.cmake
[9.805s] -- Installing: /ws/install/car_msgs/share/car_msgs/cmake/export_car_msgs__rosidl_generator_pyExport.cmake
[9.805s] -- Installing: /ws/install/car_msgs/share/car_msgs/cmake/export_car_msgs__rosidl_generator_pyExport-noconfig.cmake
[9.807s] Invoked command in '/ws/build/car_msgs' returned '0': CMAKE_PREFIX_PATH=${CMAKE_PREFIX_PATH}:/ws/install/vision_pkg:/ws/install/car_vision:/ws/install/car_planning:/ws/install/car_control:/ws/install/car_comms:/opt/ros/jazzy /usr/bin/cmake --install /ws/build/car_msgs
