[0.186s] DEBUG:colcon:Command line arguments: ['/usr/bin/colcon', 'build', '--symlink-install']
[0.186s] DEBUG:colcon:Parsed command line arguments: Namespace(log_base=None, log_level=None, verb_name='build', build_base='build', install_base='install', merge_install=False, symlink_install=True, test_result_base=None, continue_on_error=False, executor='parallel', parallel_workers=4, event_handlers=None, ignore_user_meta=False, metas=['./colcon.meta'], base_paths=['.'], packages_ignore=None, packages_ignore_regex=None, paths=None, packages_up_to=None, packages_up_to_regex=None, packages_above=None, packages_above_and_dependencies=None, packages_above_depth=None, packages_select_by_dep=None, packages_skip_by_dep=None, packages_skip_up_to=None, packages_select_build_failed=False, packages_skip_build_finished=False, packages_select_test_failures=False, packages_skip_test_passed=False, packages_select=None, packages_skip=None, packages_select_regex=None, packages_skip_regex=None, packages_start=None, packages_end=None, cmake_args=None, cmake_target=None, cmake_target_skip_unavailable=False, cmake_clean_cache=False, cmake_clean_first=False, cmake_force_configure=False, ament_cmake_args=None, catkin_cmake_args=None, catkin_skip_building_tests=False, mixin_files=None, mixin=None, verb_parser=<colcon_mixin.mixin.mixin_argument.MixinArgumentDecorator object at 0x7ffedd2c64e0>, verb_extension=<colcon_core.verb.build.BuildVerb object at 0x7ffedd2c6240>, main=<bound method BuildVerb.main of <colcon_core.verb.build.BuildVerb object at 0x7ffedd2c6240>>, mixin_verb=('build',))
[0.255s] Level 1:colcon.colcon_core.package_discovery:discover_packages(colcon_meta) check parameters
[0.255s] INFO:colcon.colcon_metadata.package_discovery.colcon_meta:Using configuration from '/root/.colcon/metadata/default/Gazebo.meta'
[0.256s] INFO:colcon.colcon_metadata.package_discovery.colcon_meta:Using configuration from '/root/.colcon/metadata/default/fastdds.meta'
[0.256s] INFO:colcon.colcon_metadata.package_discovery.colcon_meta:Using configuration from '/root/.colcon/metadata/default/fastrtps.meta'
[0.256s] Level 1:colcon.colcon_core.package_discovery:discover_packages(recursive) check parameters
[0.256s] Level 1:colcon.colcon_core.package_discovery:discover_packages(ignore) check parameters
[0.256s] Level 1:colcon.colcon_core.package_discovery:discover_packages(path) check parameters
[0.256s] Level 1:colcon.colcon_core.package_discovery:discover_packages(colcon_meta) discover
[0.256s] Level 1:colcon.colcon_core.package_discovery:discover_packages(recursive) discover
[0.256s] INFO:colcon.colcon_core.package_discovery:Crawling recursively for packages in '/ws'
[0.257s] Level 1:colcon.colcon_core.package_identification:_identify(.) by extensions ['ignore', 'ignore_ament_install']
[0.257s] Level 1:colcon.colcon_core.package_identification:_identify(.) by extension 'ignore'
[0.257s] Level 1:colcon.colcon_core.package_identification:_identify(.) by extension 'ignore_ament_install'
[0.257s] Level 1:colcon.colcon_core.package_identification:_identify(.) by extensions ['colcon_pkg']
[0.257s] Level 1:colcon.colcon_core.package_identification:_identify(.) by extension 'colcon_pkg'
[0.257s] Level 1:colcon.colcon_core.package_identification:_identify(.) by extensions ['colcon_meta']
[0.257s] Level 1:colcon.colcon_core.package_identification:_identify(.) by extension 'colcon_meta'
[0.257s] Level 1:colcon.colcon_core.package_identification:_identify(.) by extensions ['ros']
[0.257s] Level 1:colcon.colcon_core.package_identification:_identify(.) by extension 'ros'
[0.289s] Level 1:colcon.colcon_core.package_identification:_identify(.) by extensions ['cmake', 'python']
[0.290s] Level 1:colcon.colcon_core.package_identification:_identify(.) by extension 'cmake'
[0.290s] Level 1:colcon.colcon_core.package_identification:_identify(.) by extension 'python'
[0.290s] Level 1:colcon.colcon_core.package_identification:_identify(.) by extensions ['python_setup_py']
[0.290s] Level 1:colcon.colcon_core.package_identification:_identify(.) by extension 'python_setup_py'
[0.290s] Level 1:colcon.colcon_core.package_identification:_identify(build) by extensions ['ignore', 'ignore_ament_install']
[0.290s] Level 1:colcon.colcon_core.package_identification:_identify(build) by extension 'ignore'
[0.290s] Level 1:colcon.colcon_core.package_identification:_identify(build) ignored
[0.290s] Level 1:colcon.colcon_core.package_identification:_identify(install) by extensions ['ignore', 'ignore_ament_install']
[0.290s] Level 1:colcon.colcon_core.package_identification:_identify(install) by extension 'ignore'
[0.290s] Level 1:colcon.colcon_core.package_identification:_identify(install) ignored
[0.290s] Level 1:colcon.colcon_core.package_identification:_identify(log) by extensions ['ignore', 'ignore_ament_install']
[0.290s] Level 1:colcon.colcon_core.package_identification:_identify(log) by extension 'ignore'
[0.291s] Level 1:colcon.colcon_core.package_identification:_identify(log) ignored
[0.291s] Level 1:colcon.colcon_core.package_identification:_identify(src) by extensions ['ignore', 'ignore_ament_install']
[0.291s] Level 1:colcon.colcon_core.package_identification:_identify(src) by extension 'ignore'
[0.291s] Level 1:colcon.colcon_core.package_identification:_identify(src) by extension 'ignore_ament_install'
[0.291s] Level 1:colcon.colcon_core.package_identification:_identify(src) by extensions ['colcon_pkg']
[0.291s] Level 1:colcon.colcon_core.package_identification:_identify(src) by extension 'colcon_pkg'
[0.291s] Level 1:colcon.colcon_core.package_identification:_identify(src) by extensions ['colcon_meta']
[0.291s] Level 1:colcon.colcon_core.package_identification:_identify(src) by extension 'colcon_meta'
[0.291s] Level 1:colcon.colcon_core.package_identification:_identify(src) by extensions ['ros']
[0.291s] Level 1:colcon.colcon_core.package_identification:_identify(src) by extension 'ros'
[0.291s] Level 1:colcon.colcon_core.package_identification:_identify(src) by extensions ['cmake', 'python']
[0.291s] Level 1:colcon.colcon_core.package_identification:_identify(src) by extension 'cmake'
[0.291s] Level 1:colcon.colcon_core.package_identification:_identify(src) by extension 'python'
[0.291s] Level 1:colcon.colcon_core.package_identification:_identify(src) by extensions ['python_setup_py']
[0.291s] Level 1:colcon.colcon_core.package_identification:_identify(src) by extension 'python_setup_py'
[0.291s] Level 1:colcon.colcon_core.package_identification:_identify(src/car_comms) by extensions ['ignore', 'ignore_ament_install']
[0.291s] Level 1:colcon.colcon_core.package_identification:_identify(src/car_comms) by extension 'ignore'
[0.291s] Level 1:colcon.colcon_core.package_identification:_identify(src/car_comms) by extension 'ignore_ament_install'
[0.291s] Level 1:colcon.colcon_core.package_identification:_identify(src/car_comms) by extensions ['colcon_pkg']
[0.291s] Level 1:colcon.colcon_core.package_identification:_identify(src/car_comms) by extension 'colcon_pkg'
[0.291s] Level 1:colcon.colcon_core.package_identification:_identify(src/car_comms) by extensions ['colcon_meta']
[0.291s] Level 1:colcon.colcon_core.package_identification:_identify(src/car_comms) by extension 'colcon_meta'
[0.292s] Level 1:colcon.colcon_core.package_identification:_identify(src/car_comms) by extensions ['ros']
[0.292s] Level 1:colcon.colcon_core.package_identification:_identify(src/car_comms) by extension 'ros'
[0.296s] DEBUG:colcon.colcon_core.package_identification:Package 'src/car_comms' with type 'ros.ament_python' and name 'car_comms'
[0.296s] Level 1:colcon.colcon_core.package_identification:_identify(src/car_control) by extensions ['ignore', 'ignore_ament_install']
[0.296s] Level 1:colcon.colcon_core.package_identification:_identify(src/car_control) by extension 'ignore'
[0.296s] Level 1:colcon.colcon_core.package_identification:_identify(src/car_control) by extension 'ignore_ament_install'
[0.296s] Level 1:colcon.colcon_core.package_identification:_identify(src/car_control) by extensions ['colcon_pkg']
[0.296s] Level 1:colcon.colcon_core.package_identification:_identify(src/car_control) by extension 'colcon_pkg'
[0.296s] Level 1:colcon.colcon_core.package_identification:_identify(src/car_control) by extensions ['colcon_meta']
[0.296s] Level 1:colcon.colcon_core.package_identification:_identify(src/car_control) by extension 'colcon_meta'
[0.296s] Level 1:colcon.colcon_core.package_identification:_identify(src/car_control) by extensions ['ros']
[0.296s] Level 1:colcon.colcon_core.package_identification:_identify(src/car_control) by extension 'ros'
[0.297s] DEBUG:colcon.colcon_core.package_identification:Package 'src/car_control' with type 'ros.ament_python' and name 'car_control'
[0.297s] Level 1:colcon.colcon_core.package_identification:_identify(src/car_msgs) by extensions ['ignore', 'ignore_ament_install']
[0.297s] Level 1:colcon.colcon_core.package_identification:_identify(src/car_msgs) by extension 'ignore'
[0.297s] Level 1:colcon.colcon_core.package_identification:_identify(src/car_msgs) by extension 'ignore_ament_install'
[0.298s] Level 1:colcon.colcon_core.package_identification:_identify(src/car_msgs) by extensions ['colcon_pkg']
[0.298s] Level 1:colcon.colcon_core.package_identification:_identify(src/car_msgs) by extension 'colcon_pkg'
[0.298s] Level 1:colcon.colcon_core.package_identification:_identify(src/car_msgs) by extensions ['colcon_meta']
[0.298s] Level 1:colcon.colcon_core.package_identification:_identify(src/car_msgs) by extension 'colcon_meta'
[0.298s] Level 1:colcon.colcon_core.package_identification:_identify(src/car_msgs) by extensions ['ros']
[0.298s] Level 1:colcon.colcon_core.package_identification:_identify(src/car_msgs) by extension 'ros'
[0.298s] DEBUG:colcon.colcon_core.package_identification:Package 'src/car_msgs' with type 'ros.ament_cmake' and name 'car_msgs'
[0.298s] Level 1:colcon.colcon_core.package_identification:_identify(src/car_planning) by extensions ['ignore', 'ignore_ament_install']
[0.298s] Level 1:colcon.colcon_core.package_identification:_identify(src/car_planning) by extension 'ignore'
[0.298s] Level 1:colcon.colcon_core.package_identification:_identify(src/car_planning) by extension 'ignore_ament_install'
[0.298s] Level 1:colcon.colcon_core.package_identification:_identify(src/car_planning) by extensions ['colcon_pkg']
[0.298s] Level 1:colcon.colcon_core.package_identification:_identify(src/car_planning) by extension 'colcon_pkg'
[0.299s] Level 1:colcon.colcon_core.package_identification:_identify(src/car_planning) by extensions ['colcon_meta']
[0.299s] Level 1:colcon.colcon_core.package_identification:_identify(src/car_planning) by extension 'colcon_meta'
[0.299s] Level 1:colcon.colcon_core.package_identification:_identify(src/car_planning) by extensions ['ros']
[0.299s] Level 1:colcon.colcon_core.package_identification:_identify(src/car_planning) by extension 'ros'
[0.299s] DEBUG:colcon.colcon_core.package_identification:Package 'src/car_planning' with type 'ros.ament_python' and name 'car_planning'
[0.299s] Level 1:colcon.colcon_core.package_identification:_identify(src/car_vision) by extensions ['ignore', 'ignore_ament_install']
[0.299s] Level 1:colcon.colcon_core.package_identification:_identify(src/car_vision) by extension 'ignore'
[0.300s] Level 1:colcon.colcon_core.package_identification:_identify(src/car_vision) by extension 'ignore_ament_install'
[0.300s] Level 1:colcon.colcon_core.package_identification:_identify(src/car_vision) by extensions ['colcon_pkg']
[0.300s] Level 1:colcon.colcon_core.package_identification:_identify(src/car_vision) by extension 'colcon_pkg'
[0.300s] Level 1:colcon.colcon_core.package_identification:_identify(src/car_vision) by extensions ['colcon_meta']
[0.300s] Level 1:colcon.colcon_core.package_identification:_identify(src/car_vision) by extension 'colcon_meta'
[0.300s] Level 1:colcon.colcon_core.package_identification:_identify(src/car_vision) by extensions ['ros']
[0.300s] Level 1:colcon.colcon_core.package_identification:_identify(src/car_vision) by extension 'ros'
[0.301s] DEBUG:colcon.colcon_core.package_identification:Package 'src/car_vision' with type 'ros.ament_python' and name 'car_vision'
[0.301s] Level 1:colcon.colcon_core.package_identification:_identify(src/vision_pkg) by extensions ['ignore', 'ignore_ament_install']
[0.301s] Level 1:colcon.colcon_core.package_identification:_identify(src/vision_pkg) by extension 'ignore'
[0.301s] Level 1:colcon.colcon_core.package_identification:_identify(src/vision_pkg) by extension 'ignore_ament_install'
[0.301s] Level 1:colcon.colcon_core.package_identification:_identify(src/vision_pkg) by extensions ['colcon_pkg']
[0.301s] Level 1:colcon.colcon_core.package_identification:_identify(src/vision_pkg) by extension 'colcon_pkg'
[0.301s] Level 1:colcon.colcon_core.package_identification:_identify(src/vision_pkg) by extensions ['colcon_meta']
[0.301s] Level 1:colcon.colcon_core.package_identification:_identify(src/vision_pkg) by extension 'colcon_meta'
[0.301s] Level 1:colcon.colcon_core.package_identification:_identify(src/vision_pkg) by extensions ['ros']
[0.301s] Level 1:colcon.colcon_core.package_identification:_identify(src/vision_pkg) by extension 'ros'
[0.301s] DEBUG:colcon.colcon_core.package_identification:Package 'src/vision_pkg' with type 'ros.ament_python' and name 'vision_pkg'
[0.301s] Level 1:colcon.colcon_core.package_discovery:discover_packages(recursive) using defaults
[0.302s] Level 1:colcon.colcon_core.package_discovery:discover_packages(ignore) discover
[0.302s] Level 1:colcon.colcon_core.package_discovery:discover_packages(ignore) using defaults
[0.302s] Level 1:colcon.colcon_core.package_discovery:discover_packages(path) discover
[0.302s] Level 1:colcon.colcon_core.package_discovery:discover_packages(path) using defaults
[0.324s] Level 5:colcon.colcon_core.verb:set package 'car_msgs' build argument 'cmake_args' from command line to 'None'
[0.324s] Level 5:colcon.colcon_core.verb:set package 'car_msgs' build argument 'cmake_target' from command line to 'None'
[0.324s] Level 5:colcon.colcon_core.verb:set package 'car_msgs' build argument 'cmake_target_skip_unavailable' from command line to 'False'
[0.324s] Level 5:colcon.colcon_core.verb:set package 'car_msgs' build argument 'cmake_clean_cache' from command line to 'False'
[0.324s] Level 5:colcon.colcon_core.verb:set package 'car_msgs' build argument 'cmake_clean_first' from command line to 'False'
[0.324s] Level 5:colcon.colcon_core.verb:set package 'car_msgs' build argument 'cmake_force_configure' from command line to 'False'
[0.324s] Level 5:colcon.colcon_core.verb:set package 'car_msgs' build argument 'ament_cmake_args' from command line to 'None'
[0.324s] Level 5:colcon.colcon_core.verb:set package 'car_msgs' build argument 'catkin_cmake_args' from command line to 'None'
[0.324s] Level 5:colcon.colcon_core.verb:set package 'car_msgs' build argument 'catkin_skip_building_tests' from command line to 'False'
[0.324s] DEBUG:colcon.colcon_core.verb:Building package 'car_msgs' with the following arguments: {'ament_cmake_args': None, 'build_base': '/ws/build/car_msgs', 'catkin_cmake_args': None, 'catkin_skip_building_tests': False, 'cmake_args': None, 'cmake_clean_cache': False, 'cmake_clean_first': False, 'cmake_force_configure': False, 'cmake_target': None, 'cmake_target_skip_unavailable': False, 'install_base': '/ws/install/car_msgs', 'merge_install': False, 'path': '/ws/src/car_msgs', 'symlink_install': True, 'test_result_base': None}
[0.325s] Level 5:colcon.colcon_core.verb:set package 'vision_pkg' build argument 'cmake_args' from command line to 'None'
[0.325s] Level 5:colcon.colcon_core.verb:set package 'vision_pkg' build argument 'cmake_target' from command line to 'None'
[0.325s] Level 5:colcon.colcon_core.verb:set package 'vision_pkg' build argument 'cmake_target_skip_unavailable' from command line to 'False'
[0.325s] Level 5:colcon.colcon_core.verb:set package 'vision_pkg' build argument 'cmake_clean_cache' from command line to 'False'
[0.325s] Level 5:colcon.colcon_core.verb:set package 'vision_pkg' build argument 'cmake_clean_first' from command line to 'False'
[0.325s] Level 5:colcon.colcon_core.verb:set package 'vision_pkg' build argument 'cmake_force_configure' from command line to 'False'
[0.325s] Level 5:colcon.colcon_core.verb:set package 'vision_pkg' build argument 'ament_cmake_args' from command line to 'None'
[0.325s] Level 5:colcon.colcon_core.verb:set package 'vision_pkg' build argument 'catkin_cmake_args' from command line to 'None'
[0.325s] Level 5:colcon.colcon_core.verb:set package 'vision_pkg' build argument 'catkin_skip_building_tests' from command line to 'False'
[0.325s] DEBUG:colcon.colcon_core.verb:Building package 'vision_pkg' with the following arguments: {'ament_cmake_args': None, 'build_base': '/ws/build/vision_pkg', 'catkin_cmake_args': None, 'catkin_skip_building_tests': False, 'cmake_args': None, 'cmake_clean_cache': False, 'cmake_clean_first': False, 'cmake_force_configure': False, 'cmake_target': None, 'cmake_target_skip_unavailable': False, 'install_base': '/ws/install/vision_pkg', 'merge_install': False, 'path': '/ws/src/vision_pkg', 'symlink_install': True, 'test_result_base': None}
[0.325s] Level 5:colcon.colcon_core.verb:set package 'car_comms' build argument 'cmake_args' from command line to 'None'
[0.325s] Level 5:colcon.colcon_core.verb:set package 'car_comms' build argument 'cmake_target' from command line to 'None'
[0.325s] Level 5:colcon.colcon_core.verb:set package 'car_comms' build argument 'cmake_target_skip_unavailable' from command line to 'False'
[0.325s] Level 5:colcon.colcon_core.verb:set package 'car_comms' build argument 'cmake_clean_cache' from command line to 'False'
[0.325s] Level 5:colcon.colcon_core.verb:set package 'car_comms' build argument 'cmake_clean_first' from command line to 'False'
[0.325s] Level 5:colcon.colcon_core.verb:set package 'car_comms' build argument 'cmake_force_configure' from command line to 'False'
[0.325s] Level 5:colcon.colcon_core.verb:set package 'car_comms' build argument 'ament_cmake_args' from command line to 'None'
[0.325s] Level 5:colcon.colcon_core.verb:set package 'car_comms' build argument 'catkin_cmake_args' from command line to 'None'
[0.325s] Level 5:colcon.colcon_core.verb:set package 'car_comms' build argument 'catkin_skip_building_tests' from command line to 'False'
[0.325s] DEBUG:colcon.colcon_core.verb:Building package 'car_comms' with the following arguments: {'ament_cmake_args': None, 'build_base': '/ws/build/car_comms', 'catkin_cmake_args': None, 'catkin_skip_building_tests': False, 'cmake_args': None, 'cmake_clean_cache': False, 'cmake_clean_first': False, 'cmake_force_configure': False, 'cmake_target': None, 'cmake_target_skip_unavailable': False, 'install_base': '/ws/install/car_comms', 'merge_install': False, 'path': '/ws/src/car_comms', 'symlink_install': True, 'test_result_base': None}
[0.326s] Level 5:colcon.colcon_core.verb:set package 'car_control' build argument 'cmake_args' from command line to 'None'
[0.326s] Level 5:colcon.colcon_core.verb:set package 'car_control' build argument 'cmake_target' from command line to 'None'
[0.326s] Level 5:colcon.colcon_core.verb:set package 'car_control' build argument 'cmake_target_skip_unavailable' from command line to 'False'
[0.326s] Level 5:colcon.colcon_core.verb:set package 'car_control' build argument 'cmake_clean_cache' from command line to 'False'
[0.326s] Level 5:colcon.colcon_core.verb:set package 'car_control' build argument 'cmake_clean_first' from command line to 'False'
[0.326s] Level 5:colcon.colcon_core.verb:set package 'car_control' build argument 'cmake_force_configure' from command line to 'False'
[0.326s] Level 5:colcon.colcon_core.verb:set package 'car_control' build argument 'ament_cmake_args' from command line to 'None'
[0.326s] Level 5:colcon.colcon_core.verb:set package 'car_control' build argument 'catkin_cmake_args' from command line to 'None'
[0.326s] Level 5:colcon.colcon_core.verb:set package 'car_control' build argument 'catkin_skip_building_tests' from command line to 'False'
[0.326s] DEBUG:colcon.colcon_core.verb:Building package 'car_control' with the following arguments: {'ament_cmake_args': None, 'build_base': '/ws/build/car_control', 'catkin_cmake_args': None, 'catkin_skip_building_tests': False, 'cmake_args': None, 'cmake_clean_cache': False, 'cmake_clean_first': False, 'cmake_force_configure': False, 'cmake_target': None, 'cmake_target_skip_unavailable': False, 'install_base': '/ws/install/car_control', 'merge_install': False, 'path': '/ws/src/car_control', 'symlink_install': True, 'test_result_base': None}
[0.326s] Level 5:colcon.colcon_core.verb:set package 'car_planning' build argument 'cmake_args' from command line to 'None'
[0.326s] Level 5:colcon.colcon_core.verb:set package 'car_planning' build argument 'cmake_target' from command line to 'None'
[0.326s] Level 5:colcon.colcon_core.verb:set package 'car_planning' build argument 'cmake_target_skip_unavailable' from command line to 'False'
[0.326s] Level 5:colcon.colcon_core.verb:set package 'car_planning' build argument 'cmake_clean_cache' from command line to 'False'
[0.326s] Level 5:colcon.colcon_core.verb:set package 'car_planning' build argument 'cmake_clean_first' from command line to 'False'
[0.326s] Level 5:colcon.colcon_core.verb:set package 'car_planning' build argument 'cmake_force_configure' from command line to 'False'
[0.326s] Level 5:colcon.colcon_core.verb:set package 'car_planning' build argument 'ament_cmake_args' from command line to 'None'
[0.326s] Level 5:colcon.colcon_core.verb:set package 'car_planning' build argument 'catkin_cmake_args' from command line to 'None'
[0.326s] Level 5:colcon.colcon_core.verb:set package 'car_planning' build argument 'catkin_skip_building_tests' from command line to 'False'
[0.326s] DEBUG:colcon.colcon_core.verb:Building package 'car_planning' with the following arguments: {'ament_cmake_args': None, 'build_base': '/ws/build/car_planning', 'catkin_cmake_args': None, 'catkin_skip_building_tests': False, 'cmake_args': None, 'cmake_clean_cache': False, 'cmake_clean_first': False, 'cmake_force_configure': False, 'cmake_target': None, 'cmake_target_skip_unavailable': False, 'install_base': '/ws/install/car_planning', 'merge_install': False, 'path': '/ws/src/car_planning', 'symlink_install': True, 'test_result_base': None}
[0.327s] Level 5:colcon.colcon_core.verb:set package 'car_vision' build argument 'cmake_args' from command line to 'None'
[0.327s] Level 5:colcon.colcon_core.verb:set package 'car_vision' build argument 'cmake_target' from command line to 'None'
[0.327s] Level 5:colcon.colcon_core.verb:set package 'car_vision' build argument 'cmake_target_skip_unavailable' from command line to 'False'
[0.327s] Level 5:colcon.colcon_core.verb:set package 'car_vision' build argument 'cmake_clean_cache' from command line to 'False'
[0.327s] Level 5:colcon.colcon_core.verb:set package 'car_vision' build argument 'cmake_clean_first' from command line to 'False'
[0.327s] Level 5:colcon.colcon_core.verb:set package 'car_vision' build argument 'cmake_force_configure' from command line to 'False'
[0.327s] Level 5:colcon.colcon_core.verb:set package 'car_vision' build argument 'ament_cmake_args' from command line to 'None'
[0.327s] Level 5:colcon.colcon_core.verb:set package 'car_vision' build argument 'catkin_cmake_args' from command line to 'None'
[0.327s] Level 5:colcon.colcon_core.verb:set package 'car_vision' build argument 'catkin_skip_building_tests' from command line to 'False'
[0.327s] DEBUG:colcon.colcon_core.verb:Building package 'car_vision' with the following arguments: {'ament_cmake_args': None, 'build_base': '/ws/build/car_vision', 'catkin_cmake_args': None, 'catkin_skip_building_tests': False, 'cmake_args': None, 'cmake_clean_cache': False, 'cmake_clean_first': False, 'cmake_force_configure': False, 'cmake_target': None, 'cmake_target_skip_unavailable': False, 'install_base': '/ws/install/car_vision', 'merge_install': False, 'path': '/ws/src/car_vision', 'symlink_install': True, 'test_result_base': None}
[0.327s] INFO:colcon.colcon_core.executor:Executing jobs using 'parallel' executor
[0.328s] DEBUG:colcon.colcon_parallel_executor.executor.parallel:run_until_complete
[0.328s] INFO:colcon.colcon_ros.task.ament_cmake.build:Building ROS package in '/ws/src/car_msgs' with build type 'ament_cmake'
[0.328s] INFO:colcon.colcon_cmake.task.cmake.build:Building CMake package in '/ws/src/car_msgs'
[0.331s] INFO:colcon.colcon_core.plugin_system:Skipping extension 'colcon_core.shell.bat': Not used on non-Windows systems
[0.331s] INFO:colcon.colcon_core.shell:Skip shell extension 'powershell' for command environment: Not usable outside of PowerShell
[0.331s] DEBUG:colcon.colcon_core.shell:Skip shell extension 'dsv' for command environment
[0.336s] INFO:colcon.colcon_ros.task.ament_python.build:Building ROS package in '/ws/src/vision_pkg' with build type 'ament_python'
[0.336s] Level 1:colcon.colcon_core.shell:create_environment_hook('vision_pkg', 'ament_prefix_path')
[0.336s] INFO:colcon.colcon_core.shell:Creating environment hook '/ws/install/vision_pkg/share/vision_pkg/hook/ament_prefix_path.ps1'
[0.337s] INFO:colcon.colcon_core.shell:Creating environment descriptor '/ws/install/vision_pkg/share/vision_pkg/hook/ament_prefix_path.dsv'
[0.338s] INFO:colcon.colcon_core.shell:Creating environment hook '/ws/install/vision_pkg/share/vision_pkg/hook/ament_prefix_path.sh'
[0.339s] INFO:colcon.colcon_core.shell:Skip shell extension 'powershell' for command environment: Not usable outside of PowerShell
[0.339s] DEBUG:colcon.colcon_core.shell:Skip shell extension 'dsv' for command environment
[0.347s] DEBUG:colcon.colcon_core.event_handler.log_command:Invoking command in '/ws/build/car_msgs': CMAKE_PREFIX_PATH=${CMAKE_PREFIX_PATH}:/ws/install/vision_pkg:/ws/install/car_vision:/ws/install/car_planning:/ws/install/car_control:/ws/install/car_comms:/opt/ros/jazzy /usr/bin/cmake --build /ws/build/car_msgs -- -j4 -l4
[0.627s] INFO:colcon.colcon_core.task.python.build:Building Python package in '/ws/src/vision_pkg'
[0.627s] INFO:colcon.colcon_core.shell:Skip shell extension 'powershell' for command environment: Not usable outside of PowerShell
[0.627s] DEBUG:colcon.colcon_core.shell:Skip shell extension 'dsv' for command environment
[1.050s] DEBUG:colcon.colcon_core.event_handler.log_command:Invoked command in '/ws/build/car_msgs' returned '0': CMAKE_PREFIX_PATH=${CMAKE_PREFIX_PATH}:/ws/install/vision_pkg:/ws/install/car_vision:/ws/install/car_planning:/ws/install/car_control:/ws/install/car_comms:/opt/ros/jazzy /usr/bin/cmake --build /ws/build/car_msgs -- -j4 -l4
[1.059s] DEBUG:colcon.colcon_core.event_handler.log_command:Invoking command in '/ws/build/car_msgs': CMAKE_PREFIX_PATH=${CMAKE_PREFIX_PATH}:/ws/install/vision_pkg:/ws/install/car_vision:/ws/install/car_planning:/ws/install/car_control:/ws/install/car_comms:/opt/ros/jazzy /usr/bin/cmake --install /ws/build/car_msgs
[1.163s] Level 1:colcon.colcon_core.environment:create_environment_scripts_only(car_msgs)
[1.164s] DEBUG:colcon.colcon_core.event_handler.log_command:Invoked command in '/ws/build/car_msgs' returned '0': CMAKE_PREFIX_PATH=${CMAKE_PREFIX_PATH}:/ws/install/vision_pkg:/ws/install/car_vision:/ws/install/car_planning:/ws/install/car_control:/ws/install/car_comms:/opt/ros/jazzy /usr/bin/cmake --install /ws/build/car_msgs
[1.166s] Level 1:colcon.colcon_core.environment:checking '/ws/install/car_msgs' for CMake module files
[1.167s] Level 1:colcon.colcon_core.environment:checking '/ws/install/car_msgs' for CMake config files
[1.168s] Level 1:colcon.colcon_core.shell:create_environment_hook('car_msgs', 'cmake_prefix_path')
[1.168s] INFO:colcon.colcon_core.shell:Creating environment hook '/ws/install/car_msgs/share/car_msgs/hook/cmake_prefix_path.ps1'
[1.169s] INFO:colcon.colcon_core.shell:Creating environment descriptor '/ws/install/car_msgs/share/car_msgs/hook/cmake_prefix_path.dsv'
[1.169s] INFO:colcon.colcon_core.shell:Creating environment hook '/ws/install/car_msgs/share/car_msgs/hook/cmake_prefix_path.sh'
[1.171s] Level 1:colcon.colcon_core.environment:checking '/ws/install/car_msgs/lib'
[1.171s] Level 1:colcon.colcon_core.shell:create_environment_hook('car_msgs', 'ld_library_path_lib')
[1.171s] INFO:colcon.colcon_core.shell:Creating environment hook '/ws/install/car_msgs/share/car_msgs/hook/ld_library_path_lib.ps1'
[1.172s] INFO:colcon.colcon_core.shell:Creating environment descriptor '/ws/install/car_msgs/share/car_msgs/hook/ld_library_path_lib.dsv'
[1.172s] INFO:colcon.colcon_core.shell:Creating environment hook '/ws/install/car_msgs/share/car_msgs/hook/ld_library_path_lib.sh'
[1.173s] Level 1:colcon.colcon_core.environment:checking '/ws/install/car_msgs/bin'
[1.173s] Level 1:colcon.colcon_core.environment:checking '/ws/install/car_msgs/lib/pkgconfig/car_msgs.pc'
[1.174s] Level 1:colcon.colcon_core.environment:checking '/ws/install/car_msgs/lib/python3.12/site-packages'
[1.174s] Level 1:colcon.colcon_core.shell:create_environment_hook('car_msgs', 'pythonpath')
[1.174s] INFO:colcon.colcon_core.shell:Creating environment hook '/ws/install/car_msgs/share/car_msgs/hook/pythonpath.ps1'
[1.175s] INFO:colcon.colcon_core.shell:Creating environment descriptor '/ws/install/car_msgs/share/car_msgs/hook/pythonpath.dsv'
[1.175s] INFO:colcon.colcon_core.shell:Creating environment hook '/ws/install/car_msgs/share/car_msgs/hook/pythonpath.sh'
[1.176s] Level 1:colcon.colcon_core.environment:checking '/ws/install/car_msgs/bin'
[1.177s] INFO:colcon.colcon_core.shell:Creating package script '/ws/install/car_msgs/share/car_msgs/package.ps1'
[1.178s] INFO:colcon.colcon_core.shell:Creating package descriptor '/ws/install/car_msgs/share/car_msgs/package.dsv'
[1.179s] INFO:colcon.colcon_core.shell:Creating package script '/ws/install/car_msgs/share/car_msgs/package.sh'
[1.180s] INFO:colcon.colcon_core.shell:Creating package script '/ws/install/car_msgs/share/car_msgs/package.bash'
[1.180s] INFO:colcon.colcon_core.shell:Creating package script '/ws/install/car_msgs/share/car_msgs/package.zsh'
[1.181s] Level 1:colcon.colcon_core.environment:create_file_with_runtime_dependencies(/ws/install/car_msgs/share/colcon-core/packages/car_msgs)
[1.182s] Level 1:colcon.colcon_core.environment:create_environment_scripts_only(car_msgs)
[1.183s] Level 1:colcon.colcon_core.environment:checking '/ws/install/car_msgs' for CMake module files
[1.183s] Level 1:colcon.colcon_core.environment:checking '/ws/install/car_msgs' for CMake config files
[1.184s] Level 1:colcon.colcon_core.shell:create_environment_hook('car_msgs', 'cmake_prefix_path')
[1.184s] INFO:colcon.colcon_core.shell:Creating environment hook '/ws/install/car_msgs/share/car_msgs/hook/cmake_prefix_path.ps1'
[1.185s] INFO:colcon.colcon_core.shell:Creating environment descriptor '/ws/install/car_msgs/share/car_msgs/hook/cmake_prefix_path.dsv'
[1.186s] INFO:colcon.colcon_core.shell:Creating environment hook '/ws/install/car_msgs/share/car_msgs/hook/cmake_prefix_path.sh'
[1.187s] Level 1:colcon.colcon_core.environment:checking '/ws/install/car_msgs/lib'
[1.187s] Level 1:colcon.colcon_core.shell:create_environment_hook('car_msgs', 'ld_library_path_lib')
[1.187s] INFO:colcon.colcon_core.shell:Creating environment hook '/ws/install/car_msgs/share/car_msgs/hook/ld_library_path_lib.ps1'
[1.187s] INFO:colcon.colcon_core.shell:Creating environment descriptor '/ws/install/car_msgs/share/car_msgs/hook/ld_library_path_lib.dsv'
[1.188s] INFO:colcon.colcon_core.shell:Creating environment hook '/ws/install/car_msgs/share/car_msgs/hook/ld_library_path_lib.sh'
[1.189s] Level 1:colcon.colcon_core.environment:checking '/ws/install/car_msgs/bin'
[1.189s] Level 1:colcon.colcon_core.environment:checking '/ws/install/car_msgs/lib/pkgconfig/car_msgs.pc'
[1.189s] Level 1:colcon.colcon_core.environment:checking '/ws/install/car_msgs/lib/python3.12/site-packages'
[1.189s] Level 1:colcon.colcon_core.shell:create_environment_hook('car_msgs', 'pythonpath')
[1.190s] INFO:colcon.colcon_core.shell:Creating environment hook '/ws/install/car_msgs/share/car_msgs/hook/pythonpath.ps1'
[1.190s] INFO:colcon.colcon_core.shell:Creating environment descriptor '/ws/install/car_msgs/share/car_msgs/hook/pythonpath.dsv'
[1.191s] INFO:colcon.colcon_core.shell:Creating environment hook '/ws/install/car_msgs/share/car_msgs/hook/pythonpath.sh'
[1.192s] Level 1:colcon.colcon_core.environment:checking '/ws/install/car_msgs/bin'
[1.192s] INFO:colcon.colcon_core.shell:Creating package script '/ws/install/car_msgs/share/car_msgs/package.ps1'
[1.193s] INFO:colcon.colcon_core.shell:Creating package descriptor '/ws/install/car_msgs/share/car_msgs/package.dsv'
[1.194s] INFO:colcon.colcon_core.shell:Creating package script '/ws/install/car_msgs/share/car_msgs/package.sh'
[1.195s] INFO:colcon.colcon_core.shell:Creating package script '/ws/install/car_msgs/share/car_msgs/package.bash'
[1.195s] INFO:colcon.colcon_core.shell:Creating package script '/ws/install/car_msgs/share/car_msgs/package.zsh'
[1.196s] Level 1:colcon.colcon_core.environment:create_file_with_runtime_dependencies(/ws/install/car_msgs/share/colcon-core/packages/car_msgs)
[1.197s] INFO:colcon.colcon_ros.task.ament_python.build:Building ROS package in '/ws/src/car_comms' with build type 'ament_python'
[1.197s] Level 1:colcon.colcon_core.shell:create_environment_hook('car_comms', 'ament_prefix_path')
[1.197s] INFO:colcon.colcon_core.shell:Creating environment hook '/ws/install/car_comms/share/car_comms/hook/ament_prefix_path.ps1'
[1.199s] INFO:colcon.colcon_core.shell:Creating environment descriptor '/ws/install/car_comms/share/car_comms/hook/ament_prefix_path.dsv'
[1.199s] INFO:colcon.colcon_core.shell:Creating environment hook '/ws/install/car_comms/share/car_comms/hook/ament_prefix_path.sh'
[1.201s] INFO:colcon.colcon_core.shell:Skip shell extension 'powershell' for command environment: Not usable outside of PowerShell
[1.201s] DEBUG:colcon.colcon_core.shell:Skip shell extension 'dsv' for command environment
[1.205s] INFO:colcon.colcon_ros.task.ament_python.build:Building ROS package in '/ws/src/car_control' with build type 'ament_python'
[1.205s] Level 1:colcon.colcon_core.shell:create_environment_hook('car_control', 'ament_prefix_path')
[1.205s] INFO:colcon.colcon_core.shell:Creating environment hook '/ws/install/car_control/share/car_control/hook/ament_prefix_path.ps1'
[1.206s] INFO:colcon.colcon_core.shell:Creating environment descriptor '/ws/install/car_control/share/car_control/hook/ament_prefix_path.dsv'
[1.207s] INFO:colcon.colcon_core.shell:Creating environment hook '/ws/install/car_control/share/car_control/hook/ament_prefix_path.sh'
[1.208s] INFO:colcon.colcon_core.shell:Skip shell extension 'powershell' for command environment: Not usable outside of PowerShell
[1.208s] DEBUG:colcon.colcon_core.shell:Skip shell extension 'dsv' for command environment
[1.225s] INFO:colcon.colcon_ros.task.ament_python.build:Building ROS package in '/ws/src/car_planning' with build type 'ament_python'
[1.225s] Level 1:colcon.colcon_core.shell:create_environment_hook('car_planning', 'ament_prefix_path')
[1.226s] INFO:colcon.colcon_core.shell:Creating environment hook '/ws/install/car_planning/share/car_planning/hook/ament_prefix_path.ps1'
[1.228s] INFO:colcon.colcon_core.shell:Creating environment descriptor '/ws/install/car_planning/share/car_planning/hook/ament_prefix_path.dsv'
[1.229s] INFO:colcon.colcon_core.shell:Creating environment hook '/ws/install/car_planning/share/car_planning/hook/ament_prefix_path.sh'
[1.231s] INFO:colcon.colcon_core.shell:Skip shell extension 'powershell' for command environment: Not usable outside of PowerShell
[1.231s] DEBUG:colcon.colcon_core.shell:Skip shell extension 'dsv' for command environment
[1.539s] INFO:colcon.colcon_core.task.python.build:Building Python package in '/ws/src/car_comms'
[1.540s] INFO:colcon.colcon_core.shell:Skip shell extension 'powershell' for command environment: Not usable outside of PowerShell
[1.540s] DEBUG:colcon.colcon_core.shell:Skip shell extension 'dsv' for command environment
[1.789s] INFO:colcon.colcon_core.task.python.build:Building Python package in '/ws/src/car_control'
[1.790s] INFO:colcon.colcon_core.shell:Skip shell extension 'powershell' for command environment: Not usable outside of PowerShell
[1.790s] DEBUG:colcon.colcon_core.shell:Skip shell extension 'dsv' for command environment
[1.797s] DEBUG:colcon.colcon_core.event_handler.log_command:Invoking command in '/ws/build/vision_pkg': PYTHONPATH=/ws/build/vision_pkg/prefix_override:/usr/lib/python3/dist-packages/colcon_core/task/python/colcon_distutils_commands:/ws/install/vision_pkg/lib/python3.12/site-packages:${PYTHONPATH} /usr/bin/python3 -W ignore:setup.py install is deprecated -W ignore:easy_install command is deprecated setup.py develop --editable --build-directory /ws/build/vision_pkg/build --no-deps symlink_data
[2.051s] INFO:colcon.colcon_core.task.python.build:Building Python package in '/ws/src/car_planning'
[2.052s] INFO:colcon.colcon_core.shell:Skip shell extension 'powershell' for command environment: Not usable outside of PowerShell
[2.052s] DEBUG:colcon.colcon_core.shell:Skip shell extension 'dsv' for command environment
[2.673s] DEBUG:colcon.colcon_core.event_handler.log_command:Invoking command in '/ws/build/car_comms': PYTHONPATH=/ws/build/car_comms/prefix_override:/usr/lib/python3/dist-packages/colcon_core/task/python/colcon_distutils_commands:/ws/install/car_comms/lib/python3.12/site-packages:/ws/install/car_msgs/lib/python3.12/site-packages:/ws/build/vision_pkg:/ws/install/vision_pkg/lib/python3.12/site-packages:/ws/build/car_vision:/ws/install/car_vision/lib/python3.12/site-packages:/ws/build/car_planning:/ws/install/car_planning/lib/python3.12/site-packages:/ws/build/car_control:/ws/install/car_control/lib/python3.12/site-packages:/ws/build/car_comms:/ws/install/car_comms/lib/python3.12/site-packages:/opt/ros/jazzy/lib/python3.12/site-packages /usr/bin/python3 -W ignore:setup.py install is deprecated -W ignore:easy_install command is deprecated setup.py develop --editable --build-directory /ws/build/car_comms/build --no-deps symlink_data
[2.768s] DEBUG:colcon.colcon_core.event_handler.log_command:Invoking command in '/ws/build/car_control': PYTHONPATH=/ws/build/car_control/prefix_override:/usr/lib/python3/dist-packages/colcon_core/task/python/colcon_distutils_commands:/ws/install/car_control/lib/python3.12/site-packages:/ws/install/car_msgs/lib/python3.12/site-packages:/ws/build/vision_pkg:/ws/install/vision_pkg/lib/python3.12/site-packages:/ws/build/car_vision:/ws/install/car_vision/lib/python3.12/site-packages:/ws/build/car_planning:/ws/install/car_planning/lib/python3.12/site-packages:/ws/build/car_control:/ws/install/car_control/lib/python3.12/site-packages:/ws/build/car_comms:/ws/install/car_comms/lib/python3.12/site-packages:/opt/ros/jazzy/lib/python3.12/site-packages /usr/bin/python3 -W ignore:setup.py install is deprecated -W ignore:easy_install command is deprecated setup.py develop --editable --build-directory /ws/build/car_control/build --no-deps symlink_data
[2.890s] DEBUG:colcon.colcon_core.event_handler.log_command:Invoking command in '/ws/build/car_planning': PYTHONPATH=/ws/build/car_planning/prefix_override:/usr/lib/python3/dist-packages/colcon_core/task/python/colcon_distutils_commands:/ws/install/car_planning/lib/python3.12/site-packages:/ws/install/car_msgs/lib/python3.12/site-packages:/ws/build/vision_pkg:/ws/install/vision_pkg/lib/python3.12/site-packages:/ws/build/car_vision:/ws/install/car_vision/lib/python3.12/site-packages:/ws/build/car_planning:/ws/install/car_planning/lib/python3.12/site-packages:/ws/build/car_control:/ws/install/car_control/lib/python3.12/site-packages:/ws/build/car_comms:/ws/install/car_comms/lib/python3.12/site-packages:/opt/ros/jazzy/lib/python3.12/site-packages /usr/bin/python3 -W ignore:setup.py install is deprecated -W ignore:easy_install command is deprecated setup.py develop --editable --build-directory /ws/build/car_planning/build --no-deps symlink_data
[3.411s] Level 1:colcon.colcon_core.shell:create_environment_hook('car_comms', 'pythonpath_develop')
[3.412s] INFO:colcon.colcon_core.shell:Creating environment hook '/ws/build/car_comms/share/car_comms/hook/pythonpath_develop.ps1'
[3.412s] INFO:colcon.colcon_core.shell:Creating environment descriptor '/ws/build/car_comms/share/car_comms/hook/pythonpath_develop.dsv'
[3.413s] DEBUG:colcon.colcon_core.event_handler.log_command:Invoked command in '/ws/build/car_comms' returned '0': PYTHONPATH=/ws/build/car_comms/prefix_override:/usr/lib/python3/dist-packages/colcon_core/task/python/colcon_distutils_commands:/ws/install/car_comms/lib/python3.12/site-packages:/ws/install/car_msgs/lib/python3.12/site-packages:/ws/build/vision_pkg:/ws/install/vision_pkg/lib/python3.12/site-packages:/ws/build/car_vision:/ws/install/car_vision/lib/python3.12/site-packages:/ws/build/car_planning:/ws/install/car_planning/lib/python3.12/site-packages:/ws/build/car_control:/ws/install/car_control/lib/python3.12/site-packages:/ws/build/car_comms:/ws/install/car_comms/lib/python3.12/site-packages:/opt/ros/jazzy/lib/python3.12/site-packages /usr/bin/python3 -W ignore:setup.py install is deprecated -W ignore:easy_install command is deprecated setup.py develop --editable --build-directory /ws/build/car_comms/build --no-deps symlink_data
[3.413s] INFO:colcon.colcon_core.shell:Creating environment hook '/ws/build/car_comms/share/car_comms/hook/pythonpath_develop.sh'
[3.414s] Level 1:colcon.colcon_core.environment:checking '/ws/install/car_comms' for CMake module files
[3.415s] Level 1:colcon.colcon_core.environment:checking '/ws/install/car_comms' for CMake config files
[3.415s] Level 1:colcon.colcon_core.environment:checking '/ws/install/car_comms/lib'
[3.415s] Level 1:colcon.colcon_core.environment:checking '/ws/install/car_comms/bin'
[3.415s] Level 1:colcon.colcon_core.environment:checking '/ws/install/car_comms/lib/pkgconfig/car_comms.pc'
[3.416s] Level 1:colcon.colcon_core.environment:checking '/ws/install/car_comms/lib/python3.12/site-packages'
[3.416s] Level 1:colcon.colcon_core.shell:create_environment_hook('car_comms', 'pythonpath')
[3.416s] INFO:colcon.colcon_core.shell:Creating environment hook '/ws/install/car_comms/share/car_comms/hook/pythonpath.ps1'
[3.417s] INFO:colcon.colcon_core.shell:Creating environment descriptor '/ws/install/car_comms/share/car_comms/hook/pythonpath.dsv'
[3.417s] INFO:colcon.colcon_core.shell:Creating environment hook '/ws/install/car_comms/share/car_comms/hook/pythonpath.sh'
[3.418s] Level 1:colcon.colcon_core.environment:checking '/ws/install/car_comms/bin'
[3.418s] Level 1:colcon.colcon_core.environment:create_environment_scripts_only(car_comms)
[3.419s] INFO:colcon.colcon_core.shell:Creating package script '/ws/install/car_comms/share/car_comms/package.ps1'
[3.420s] INFO:colcon.colcon_core.shell:Creating package descriptor '/ws/install/car_comms/share/car_comms/package.dsv'
[3.421s] INFO:colcon.colcon_core.shell:Creating package script '/ws/install/car_comms/share/car_comms/package.sh'
[3.421s] INFO:colcon.colcon_core.shell:Creating package script '/ws/install/car_comms/share/car_comms/package.bash'
[3.422s] INFO:colcon.colcon_core.shell:Creating package script '/ws/install/car_comms/share/car_comms/package.zsh'
[3.422s] Level 1:colcon.colcon_core.environment:create_file_with_runtime_dependencies(/ws/install/car_comms/share/colcon-core/packages/car_comms)
[3.423s] INFO:colcon.colcon_ros.task.ament_python.build:Building ROS package in '/ws/src/car_vision' with build type 'ament_python'
[3.424s] Level 1:colcon.colcon_core.shell:create_environment_hook('car_vision', 'ament_prefix_path')
[3.424s] INFO:colcon.colcon_core.shell:Creating environment hook '/ws/install/car_vision/share/car_vision/hook/ament_prefix_path.ps1'
[3.425s] INFO:colcon.colcon_core.shell:Creating environment descriptor '/ws/install/car_vision/share/car_vision/hook/ament_prefix_path.dsv'
[3.426s] INFO:colcon.colcon_core.shell:Creating environment hook '/ws/install/car_vision/share/car_vision/hook/ament_prefix_path.sh'
[3.427s] INFO:colcon.colcon_core.shell:Skip shell extension 'powershell' for command environment: Not usable outside of PowerShell
[3.427s] DEBUG:colcon.colcon_core.shell:Skip shell extension 'dsv' for command environment
[4.151s] INFO:colcon.colcon_core.task.python.build:Building Python package in '/ws/src/car_vision'
[4.152s] INFO:colcon.colcon_core.shell:Skip shell extension 'powershell' for command environment: Not usable outside of PowerShell
[4.152s] DEBUG:colcon.colcon_core.shell:Skip shell extension 'dsv' for command environment
[4.156s] Level 1:colcon.colcon_core.shell:create_environment_hook('car_planning', 'pythonpath_develop')
[4.157s] INFO:colcon.colcon_core.shell:Creating environment hook '/ws/build/car_planning/share/car_planning/hook/pythonpath_develop.ps1'
[4.157s] DEBUG:colcon.colcon_core.event_handler.log_command:Invoked command in '/ws/build/car_planning' returned '0': PYTHONPATH=/ws/build/car_planning/prefix_override:/usr/lib/python3/dist-packages/colcon_core/task/python/colcon_distutils_commands:/ws/install/car_planning/lib/python3.12/site-packages:/ws/install/car_msgs/lib/python3.12/site-packages:/ws/build/vision_pkg:/ws/install/vision_pkg/lib/python3.12/site-packages:/ws/build/car_vision:/ws/install/car_vision/lib/python3.12/site-packages:/ws/build/car_planning:/ws/install/car_planning/lib/python3.12/site-packages:/ws/build/car_control:/ws/install/car_control/lib/python3.12/site-packages:/ws/build/car_comms:/ws/install/car_comms/lib/python3.12/site-packages:/opt/ros/jazzy/lib/python3.12/site-packages /usr/bin/python3 -W ignore:setup.py install is deprecated -W ignore:easy_install command is deprecated setup.py develop --editable --build-directory /ws/build/car_planning/build --no-deps symlink_data
[4.157s] INFO:colcon.colcon_core.shell:Creating environment descriptor '/ws/build/car_planning/share/car_planning/hook/pythonpath_develop.dsv'
[4.158s] INFO:colcon.colcon_core.shell:Creating environment hook '/ws/build/car_planning/share/car_planning/hook/pythonpath_develop.sh'
[4.159s] Level 1:colcon.colcon_core.environment:checking '/ws/install/car_planning' for CMake module files
[4.159s] Level 1:colcon.colcon_core.environment:checking '/ws/install/car_planning' for CMake config files
[4.160s] Level 1:colcon.colcon_core.environment:checking '/ws/install/car_planning/lib'
[4.160s] Level 1:colcon.colcon_core.environment:checking '/ws/install/car_planning/bin'
[4.160s] Level 1:colcon.colcon_core.environment:checking '/ws/install/car_planning/lib/pkgconfig/car_planning.pc'
[4.160s] Level 1:colcon.colcon_core.environment:checking '/ws/install/car_planning/lib/python3.12/site-packages'
[4.161s] Level 1:colcon.colcon_core.shell:create_environment_hook('car_planning', 'pythonpath')
[4.161s] INFO:colcon.colcon_core.shell:Creating environment hook '/ws/install/car_planning/share/car_planning/hook/pythonpath.ps1'
[4.161s] INFO:colcon.colcon_core.shell:Creating environment descriptor '/ws/install/car_planning/share/car_planning/hook/pythonpath.dsv'
[4.162s] INFO:colcon.colcon_core.shell:Creating environment hook '/ws/install/car_planning/share/car_planning/hook/pythonpath.sh'
[4.163s] Level 1:colcon.colcon_core.environment:checking '/ws/install/car_planning/bin'
[4.163s] Level 1:colcon.colcon_core.environment:create_environment_scripts_only(car_planning)
[4.163s] INFO:colcon.colcon_core.shell:Creating package script '/ws/install/car_planning/share/car_planning/package.ps1'
[4.164s] INFO:colcon.colcon_core.shell:Creating package descriptor '/ws/install/car_planning/share/car_planning/package.dsv'
[4.164s] INFO:colcon.colcon_core.shell:Creating package script '/ws/install/car_planning/share/car_planning/package.sh'
[4.165s] INFO:colcon.colcon_core.shell:Creating package script '/ws/install/car_planning/share/car_planning/package.bash'
[4.166s] INFO:colcon.colcon_core.shell:Creating package script '/ws/install/car_planning/share/car_planning/package.zsh'
[4.166s] Level 1:colcon.colcon_core.environment:create_file_with_runtime_dependencies(/ws/install/car_planning/share/colcon-core/packages/car_planning)
[4.167s] Level 1:colcon.colcon_core.shell:create_environment_hook('car_control', 'pythonpath_develop')
[4.167s] INFO:colcon.colcon_core.shell:Creating environment hook '/ws/build/car_control/share/car_control/hook/pythonpath_develop.ps1'
[4.168s] INFO:colcon.colcon_core.shell:Creating environment descriptor '/ws/build/car_control/share/car_control/hook/pythonpath_develop.dsv'
[4.169s] INFO:colcon.colcon_core.shell:Creating environment hook '/ws/build/car_control/share/car_control/hook/pythonpath_develop.sh'
[4.169s] DEBUG:colcon.colcon_core.event_handler.log_command:Invoked command in '/ws/build/car_control' returned '0': PYTHONPATH=/ws/build/car_control/prefix_override:/usr/lib/python3/dist-packages/colcon_core/task/python/colcon_distutils_commands:/ws/install/car_control/lib/python3.12/site-packages:/ws/install/car_msgs/lib/python3.12/site-packages:/ws/build/vision_pkg:/ws/install/vision_pkg/lib/python3.12/site-packages:/ws/build/car_vision:/ws/install/car_vision/lib/python3.12/site-packages:/ws/build/car_planning:/ws/install/car_planning/lib/python3.12/site-packages:/ws/build/car_control:/ws/install/car_control/lib/python3.12/site-packages:/ws/build/car_comms:/ws/install/car_comms/lib/python3.12/site-packages:/opt/ros/jazzy/lib/python3.12/site-packages /usr/bin/python3 -W ignore:setup.py install is deprecated -W ignore:easy_install command is deprecated setup.py develop --editable --build-directory /ws/build/car_control/build --no-deps symlink_data
[4.171s] Level 1:colcon.colcon_core.environment:checking '/ws/install/car_control' for CMake module files
[4.171s] Level 1:colcon.colcon_core.environment:checking '/ws/install/car_control' for CMake config files
[4.172s] Level 1:colcon.colcon_core.environment:checking '/ws/install/car_control/lib'
[4.172s] Level 1:colcon.colcon_core.environment:checking '/ws/install/car_control/bin'
[4.172s] Level 1:colcon.colcon_core.environment:checking '/ws/install/car_control/lib/pkgconfig/car_control.pc'
[4.172s] Level 1:colcon.colcon_core.environment:checking '/ws/install/car_control/lib/python3.12/site-packages'
[4.172s] Level 1:colcon.colcon_core.shell:create_environment_hook('car_control', 'pythonpath')
[4.172s] INFO:colcon.colcon_core.shell:Creating environment hook '/ws/install/car_control/share/car_control/hook/pythonpath.ps1'
[4.173s] INFO:colcon.colcon_core.shell:Creating environment descriptor '/ws/install/car_control/share/car_control/hook/pythonpath.dsv'
[4.174s] INFO:colcon.colcon_core.shell:Creating environment hook '/ws/install/car_control/share/car_control/hook/pythonpath.sh'
[4.174s] Level 1:colcon.colcon_core.environment:checking '/ws/install/car_control/bin'
[4.174s] Level 1:colcon.colcon_core.environment:create_environment_scripts_only(car_control)
[4.175s] INFO:colcon.colcon_core.shell:Creating package script '/ws/install/car_control/share/car_control/package.ps1'
[4.175s] INFO:colcon.colcon_core.shell:Creating package descriptor '/ws/install/car_control/share/car_control/package.dsv'
[4.176s] INFO:colcon.colcon_core.shell:Creating package script '/ws/install/car_control/share/car_control/package.sh'
[4.177s] INFO:colcon.colcon_core.shell:Creating package script '/ws/install/car_control/share/car_control/package.bash'
[4.177s] INFO:colcon.colcon_core.shell:Creating package script '/ws/install/car_control/share/car_control/package.zsh'
[4.178s] Level 1:colcon.colcon_core.environment:create_file_with_runtime_dependencies(/ws/install/car_control/share/colcon-core/packages/car_control)
[4.179s] Level 1:colcon.colcon_core.shell:create_environment_hook('vision_pkg', 'pythonpath_develop')
[4.179s] INFO:colcon.colcon_core.shell:Creating environment hook '/ws/build/vision_pkg/share/vision_pkg/hook/pythonpath_develop.ps1'
[4.180s] INFO:colcon.colcon_core.shell:Creating environment descriptor '/ws/build/vision_pkg/share/vision_pkg/hook/pythonpath_develop.dsv'
[4.180s] DEBUG:colcon.colcon_core.event_handler.log_command:Invoked command in '/ws/build/vision_pkg' returned '0': PYTHONPATH=/ws/build/vision_pkg/prefix_override:/usr/lib/python3/dist-packages/colcon_core/task/python/colcon_distutils_commands:/ws/install/vision_pkg/lib/python3.12/site-packages:${PYTHONPATH} /usr/bin/python3 -W ignore:setup.py install is deprecated -W ignore:easy_install command is deprecated setup.py develop --editable --build-directory /ws/build/vision_pkg/build --no-deps symlink_data
[4.181s] INFO:colcon.colcon_core.shell:Creating environment hook '/ws/build/vision_pkg/share/vision_pkg/hook/pythonpath_develop.sh'
[4.181s] Level 1:colcon.colcon_core.environment:checking '/ws/install/vision_pkg' for CMake module files
[4.182s] Level 1:colcon.colcon_core.environment:checking '/ws/install/vision_pkg' for CMake config files
[4.182s] Level 1:colcon.colcon_core.environment:checking '/ws/install/vision_pkg/lib'
[4.182s] Level 1:colcon.colcon_core.environment:checking '/ws/install/vision_pkg/bin'
[4.182s] Level 1:colcon.colcon_core.environment:checking '/ws/install/vision_pkg/lib/pkgconfig/vision_pkg.pc'
[4.183s] Level 1:colcon.colcon_core.environment:checking '/ws/install/vision_pkg/lib/python3.12/site-packages'
[4.183s] Level 1:colcon.colcon_core.shell:create_environment_hook('vision_pkg', 'pythonpath')
[4.183s] INFO:colcon.colcon_core.shell:Creating environment hook '/ws/install/vision_pkg/share/vision_pkg/hook/pythonpath.ps1'
[4.183s] INFO:colcon.colcon_core.shell:Creating environment descriptor '/ws/install/vision_pkg/share/vision_pkg/hook/pythonpath.dsv'
[4.184s] INFO:colcon.colcon_core.shell:Creating environment hook '/ws/install/vision_pkg/share/vision_pkg/hook/pythonpath.sh'
[4.185s] Level 1:colcon.colcon_core.environment:checking '/ws/install/vision_pkg/bin'
[4.185s] Level 1:colcon.colcon_core.environment:create_environment_scripts_only(vision_pkg)
[4.185s] INFO:colcon.colcon_core.shell:Creating package script '/ws/install/vision_pkg/share/vision_pkg/package.ps1'
[4.186s] INFO:colcon.colcon_core.shell:Creating package descriptor '/ws/install/vision_pkg/share/vision_pkg/package.dsv'
[4.187s] INFO:colcon.colcon_core.shell:Creating package script '/ws/install/vision_pkg/share/vision_pkg/package.sh'
[4.197s] INFO:colcon.colcon_core.shell:Creating package script '/ws/install/vision_pkg/share/vision_pkg/package.bash'
[4.197s] INFO:colcon.colcon_core.shell:Creating package script '/ws/install/vision_pkg/share/vision_pkg/package.zsh'
[4.198s] Level 1:colcon.colcon_core.environment:create_file_with_runtime_dependencies(/ws/install/vision_pkg/share/colcon-core/packages/vision_pkg)
[5.146s] DEBUG:colcon.colcon_core.event_handler.log_command:Invoking command in '/ws/build/car_vision': PYTHONPATH=/ws/build/car_vision/prefix_override:/usr/lib/python3/dist-packages/colcon_core/task/python/colcon_distutils_commands:/ws/install/car_vision/lib/python3.12/site-packages:/ws/install/car_msgs/lib/python3.12/site-packages:/ws/build/vision_pkg:/ws/install/vision_pkg/lib/python3.12/site-packages:/ws/build/car_vision:/ws/install/car_vision/lib/python3.12/site-packages:/ws/build/car_planning:/ws/install/car_planning/lib/python3.12/site-packages:/ws/build/car_control:/ws/install/car_control/lib/python3.12/site-packages:/ws/build/car_comms:/ws/install/car_comms/lib/python3.12/site-packages:/opt/ros/jazzy/lib/python3.12/site-packages /usr/bin/python3 -W ignore:setup.py install is deprecated -W ignore:easy_install command is deprecated setup.py develop --editable --build-directory /ws/build/car_vision/build --no-deps symlink_data
[5.868s] Level 1:colcon.colcon_core.shell:create_environment_hook('car_vision', 'pythonpath_develop')
[5.868s] INFO:colcon.colcon_core.shell:Creating environment hook '/ws/build/car_vision/share/car_vision/hook/pythonpath_develop.ps1'
[5.869s] INFO:colcon.colcon_core.shell:Creating environment descriptor '/ws/build/car_vision/share/car_vision/hook/pythonpath_develop.dsv'
[5.869s] DEBUG:colcon.colcon_core.event_handler.log_command:Invoked command in '/ws/build/car_vision' returned '0': PYTHONPATH=/ws/build/car_vision/prefix_override:/usr/lib/python3/dist-packages/colcon_core/task/python/colcon_distutils_commands:/ws/install/car_vision/lib/python3.12/site-packages:/ws/install/car_msgs/lib/python3.12/site-packages:/ws/build/vision_pkg:/ws/install/vision_pkg/lib/python3.12/site-packages:/ws/build/car_vision:/ws/install/car_vision/lib/python3.12/site-packages:/ws/build/car_planning:/ws/install/car_planning/lib/python3.12/site-packages:/ws/build/car_control:/ws/install/car_control/lib/python3.12/site-packages:/ws/build/car_comms:/ws/install/car_comms/lib/python3.12/site-packages:/opt/ros/jazzy/lib/python3.12/site-packages /usr/bin/python3 -W ignore:setup.py install is deprecated -W ignore:easy_install command is deprecated setup.py develop --editable --build-directory /ws/build/car_vision/build --no-deps symlink_data
[5.870s] INFO:colcon.colcon_core.shell:Creating environment hook '/ws/build/car_vision/share/car_vision/hook/pythonpath_develop.sh'
[5.871s] Level 1:colcon.colcon_core.environment:checking '/ws/install/car_vision' for CMake module files
[5.871s] Level 1:colcon.colcon_core.environment:checking '/ws/install/car_vision' for CMake config files
[5.871s] Level 1:colcon.colcon_core.environment:checking '/ws/install/car_vision/lib'
[5.872s] Level 1:colcon.colcon_core.environment:checking '/ws/install/car_vision/bin'
[5.872s] Level 1:colcon.colcon_core.environment:checking '/ws/install/car_vision/lib/pkgconfig/car_vision.pc'
[5.872s] Level 1:colcon.colcon_core.environment:checking '/ws/install/car_vision/lib/python3.12/site-packages'
[5.872s] Level 1:colcon.colcon_core.shell:create_environment_hook('car_vision', 'pythonpath')
[5.872s] INFO:colcon.colcon_core.shell:Creating environment hook '/ws/install/car_vision/share/car_vision/hook/pythonpath.ps1'
[5.873s] INFO:colcon.colcon_core.shell:Creating environment descriptor '/ws/install/car_vision/share/car_vision/hook/pythonpath.dsv'
[5.873s] INFO:colcon.colcon_core.shell:Creating environment hook '/ws/install/car_vision/share/car_vision/hook/pythonpath.sh'
[5.874s] Level 1:colcon.colcon_core.environment:checking '/ws/install/car_vision/bin'
[5.874s] Level 1:colcon.colcon_core.environment:create_environment_scripts_only(car_vision)
[5.874s] INFO:colcon.colcon_core.shell:Creating package script '/ws/install/car_vision/share/car_vision/package.ps1'
[5.875s] INFO:colcon.colcon_core.shell:Creating package descriptor '/ws/install/car_vision/share/car_vision/package.dsv'
[5.876s] INFO:colcon.colcon_core.shell:Creating package script '/ws/install/car_vision/share/car_vision/package.sh'
[5.876s] INFO:colcon.colcon_core.shell:Creating package script '/ws/install/car_vision/share/car_vision/package.bash'
[5.877s] INFO:colcon.colcon_core.shell:Creating package script '/ws/install/car_vision/share/car_vision/package.zsh'
[5.878s] Level 1:colcon.colcon_core.environment:create_file_with_runtime_dependencies(/ws/install/car_vision/share/colcon-core/packages/car_vision)
[5.879s] DEBUG:colcon.colcon_parallel_executor.executor.parallel:closing loop
[5.879s] DEBUG:colcon.colcon_parallel_executor.executor.parallel:loop closed
[5.879s] DEBUG:colcon.colcon_parallel_executor.executor.parallel:run_until_complete finished with '0'
[5.879s] DEBUG:colcon.colcon_core.event_reactor:joining thread
[5.886s] INFO:colcon.colcon_core.plugin_system:Skipping extension 'colcon_notification.desktop_notification.notify_send': Could not find 'notify-send'
[5.886s] INFO:colcon.colcon_core.plugin_system:Skipping extension 'colcon_notification.desktop_notification.terminal_notifier': Not used on non-Darwin systems
[5.886s] INFO:colcon.colcon_core.plugin_system:Skipping extension 'colcon_notification.desktop_notification.win32': Not used on non-Windows systems
[5.886s] INFO:colcon.colcon_notification.desktop_notification:Sending desktop notification using 'notify2'
[5.886s] DEBUG:colcon.colcon_notification.desktop_notification.notify2:Failed to initialize notify2: org.freedesktop.DBus.Error.NotSupported: Unable to autolaunch a dbus-daemon without a $DISPLAY for X11
[5.886s] DEBUG:colcon.colcon_core.event_reactor:joined thread
[5.887s] INFO:colcon.colcon_core.shell:Creating prefix script '/ws/install/local_setup.ps1'
[5.888s] INFO:colcon.colcon_core.shell:Creating prefix util module '/ws/install/_local_setup_util_ps1.py'
[5.889s] INFO:colcon.colcon_core.shell:Creating prefix chain script '/ws/install/setup.ps1'
[5.890s] INFO:colcon.colcon_core.shell:Creating prefix script '/ws/install/local_setup.sh'
[5.891s] INFO:colcon.colcon_core.shell:Creating prefix util module '/ws/install/_local_setup_util_sh.py'
[5.891s] INFO:colcon.colcon_core.shell:Creating prefix chain script '/ws/install/setup.sh'
[5.892s] INFO:colcon.colcon_core.shell:Creating prefix script '/ws/install/local_setup.bash'
[5.893s] INFO:colcon.colcon_core.shell:Creating prefix chain script '/ws/install/setup.bash'
[5.894s] INFO:colcon.colcon_core.shell:Creating prefix script '/ws/install/local_setup.zsh'
[5.895s] INFO:colcon.colcon_core.shell:Creating prefix chain script '/ws/install/setup.zsh'
