[0.129s] DEBUG:colcon:Command line arguments: ['/usr/bin/colcon', 'build', '--symlink-install']
[0.129s] DEBUG:colcon:Parsed command line arguments: Namespace(log_base=None, log_level=None, verb_name='build', build_base='build', install_base='install', merge_install=False, symlink_install=True, test_result_base=None, continue_on_error=False, executor='parallel', parallel_workers=4, event_handlers=None, ignore_user_meta=False, metas=['./colcon.meta'], base_paths=['.'], packages_ignore=None, packages_ignore_regex=None, paths=None, packages_up_to=None, packages_up_to_regex=None, packages_above=None, packages_above_and_dependencies=None, packages_above_depth=None, packages_select_by_dep=None, packages_skip_by_dep=None, packages_skip_up_to=None, packages_select_build_failed=False, packages_skip_build_finished=False, packages_select_test_failures=False, packages_skip_test_passed=False, packages_select=None, packages_skip=None, packages_select_regex=None, packages_skip_regex=None, packages_start=None, packages_end=None, cmake_args=None, cmake_target=None, cmake_target_skip_unavailable=False, cmake_clean_cache=False, cmake_clean_first=False, cmake_force_configure=False, ament_cmake_args=None, catkin_cmake_args=None, catkin_skip_building_tests=False, mixin_files=None, mixin=None, verb_parser=<colcon_mixin.mixin.mixin_argument.MixinArgumentDecorator object at 0x7fff94328ef0>, verb_extension=<colcon_core.verb.build.BuildVerb object at 0x7fff94328c20>, main=<bound method BuildVerb.main of <colcon_core.verb.build.BuildVerb object at 0x7fff94328c20>>, mixin_verb=('build',))
[0.176s] Level 1:colcon.colcon_core.package_discovery:discover_packages(colcon_meta) check parameters
[0.177s] INFO:colcon.colcon_metadata.package_discovery.colcon_meta:Using configuration from '/root/.colcon/metadata/default/Gazebo.meta'
[0.177s] INFO:colcon.colcon_metadata.package_discovery.colcon_meta:Using configuration from '/root/.colcon/metadata/default/fastdds.meta'
[0.178s] INFO:colcon.colcon_metadata.package_discovery.colcon_meta:Using configuration from '/root/.colcon/metadata/default/fastrtps.meta'
[0.178s] Level 1:colcon.colcon_core.package_discovery:discover_packages(recursive) check parameters
[0.178s] Level 1:colcon.colcon_core.package_discovery:discover_packages(ignore) check parameters
[0.178s] Level 1:colcon.colcon_core.package_discovery:discover_packages(path) check parameters
[0.178s] Level 1:colcon.colcon_core.package_discovery:discover_packages(colcon_meta) discover
[0.178s] Level 1:colcon.colcon_core.package_discovery:discover_packages(recursive) discover
[0.178s] INFO:colcon.colcon_core.package_discovery:Crawling recursively for packages in '/ws'
[0.178s] Level 1:colcon.colcon_core.package_identification:_identify(.) by extensions ['ignore', 'ignore_ament_install']
[0.178s] Level 1:colcon.colcon_core.package_identification:_identify(.) by extension 'ignore'
[0.178s] Level 1:colcon.colcon_core.package_identification:_identify(.) by extension 'ignore_ament_install'
[0.178s] Level 1:colcon.colcon_core.package_identification:_identify(.) by extensions ['colcon_pkg']
[0.178s] Level 1:colcon.colcon_core.package_identification:_identify(.) by extension 'colcon_pkg'
[0.178s] Level 1:colcon.colcon_core.package_identification:_identify(.) by extensions ['colcon_meta']
[0.178s] Level 1:colcon.colcon_core.package_identification:_identify(.) by extension 'colcon_meta'
[0.179s] Level 1:colcon.colcon_core.package_identification:_identify(.) by extensions ['ros']
[0.179s] Level 1:colcon.colcon_core.package_identification:_identify(.) by extension 'ros'
[0.211s] Level 1:colcon.colcon_core.package_identification:_identify(.) by extensions ['cmake', 'python']
[0.211s] Level 1:colcon.colcon_core.package_identification:_identify(.) by extension 'cmake'
[0.211s] Level 1:colcon.colcon_core.package_identification:_identify(.) by extension 'python'
[0.211s] Level 1:colcon.colcon_core.package_identification:_identify(.) by extensions ['python_setup_py']
[0.211s] Level 1:colcon.colcon_core.package_identification:_identify(.) by extension 'python_setup_py'
[0.211s] Level 1:colcon.colcon_core.package_identification:_identify(build) by extensions ['ignore', 'ignore_ament_install']
[0.211s] Level 1:colcon.colcon_core.package_identification:_identify(build) by extension 'ignore'
[0.211s] Level 1:colcon.colcon_core.package_identification:_identify(build) ignored
[0.211s] Level 1:colcon.colcon_core.package_identification:_identify(install) by extensions ['ignore', 'ignore_ament_install']
[0.211s] Level 1:colcon.colcon_core.package_identification:_identify(install) by extension 'ignore'
[0.211s] Level 1:colcon.colcon_core.package_identification:_identify(install) ignored
[0.211s] Level 1:colcon.colcon_core.package_identification:_identify(log) by extensions ['ignore', 'ignore_ament_install']
[0.211s] Level 1:colcon.colcon_core.package_identification:_identify(log) by extension 'ignore'
[0.212s] Level 1:colcon.colcon_core.package_identification:_identify(log) ignored
[0.212s] Level 1:colcon.colcon_core.package_identification:_identify(src) by extensions ['ignore', 'ignore_ament_install']
[0.212s] Level 1:colcon.colcon_core.package_identification:_identify(src) by extension 'ignore'
[0.212s] Level 1:colcon.colcon_core.package_identification:_identify(src) by extension 'ignore_ament_install'
[0.212s] Level 1:colcon.colcon_core.package_identification:_identify(src) by extensions ['colcon_pkg']
[0.212s] Level 1:colcon.colcon_core.package_identification:_identify(src) by extension 'colcon_pkg'
[0.212s] Level 1:colcon.colcon_core.package_identification:_identify(src) by extensions ['colcon_meta']
[0.212s] Level 1:colcon.colcon_core.package_identification:_identify(src) by extension 'colcon_meta'
[0.212s] Level 1:colcon.colcon_core.package_identification:_identify(src) by extensions ['ros']
[0.212s] Level 1:colcon.colcon_core.package_identification:_identify(src) by extension 'ros'
[0.212s] Level 1:colcon.colcon_core.package_identification:_identify(src) by extensions ['cmake', 'python']
[0.212s] Level 1:colcon.colcon_core.package_identification:_identify(src) by extension 'cmake'
[0.212s] Level 1:colcon.colcon_core.package_identification:_identify(src) by extension 'python'
[0.212s] Level 1:colcon.colcon_core.package_identification:_identify(src) by extensions ['python_setup_py']
[0.212s] Level 1:colcon.colcon_core.package_identification:_identify(src) by extension 'python_setup_py'
[0.212s] Level 1:colcon.colcon_core.package_identification:_identify(src/car_comms) by extensions ['ignore', 'ignore_ament_install']
[0.212s] Level 1:colcon.colcon_core.package_identification:_identify(src/car_comms) by extension 'ignore'
[0.212s] Level 1:colcon.colcon_core.package_identification:_identify(src/car_comms) by extension 'ignore_ament_install'
[0.212s] Level 1:colcon.colcon_core.package_identification:_identify(src/car_comms) by extensions ['colcon_pkg']
[0.212s] Level 1:colcon.colcon_core.package_identification:_identify(src/car_comms) by extension 'colcon_pkg'
[0.212s] Level 1:colcon.colcon_core.package_identification:_identify(src/car_comms) by extensions ['colcon_meta']
[0.213s] Level 1:colcon.colcon_core.package_identification:_identify(src/car_comms) by extension 'colcon_meta'
[0.213s] Level 1:colcon.colcon_core.package_identification:_identify(src/car_comms) by extensions ['ros']
[0.213s] Level 1:colcon.colcon_core.package_identification:_identify(src/car_comms) by extension 'ros'
[0.217s] DEBUG:colcon.colcon_core.package_identification:Package 'src/car_comms' with type 'ros.ament_python' and name 'car_comms'
[0.217s] Level 1:colcon.colcon_core.package_identification:_identify(src/car_control) by extensions ['ignore', 'ignore_ament_install']
[0.217s] Level 1:colcon.colcon_core.package_identification:_identify(src/car_control) by extension 'ignore'
[0.217s] Level 1:colcon.colcon_core.package_identification:_identify(src/car_control) by extension 'ignore_ament_install'
[0.217s] Level 1:colcon.colcon_core.package_identification:_identify(src/car_control) by extensions ['colcon_pkg']
[0.217s] Level 1:colcon.colcon_core.package_identification:_identify(src/car_control) by extension 'colcon_pkg'
[0.217s] Level 1:colcon.colcon_core.package_identification:_identify(src/car_control) by extensions ['colcon_meta']
[0.217s] Level 1:colcon.colcon_core.package_identification:_identify(src/car_control) by extension 'colcon_meta'
[0.218s] Level 1:colcon.colcon_core.package_identification:_identify(src/car_control) by extensions ['ros']
[0.218s] Level 1:colcon.colcon_core.package_identification:_identify(src/car_control) by extension 'ros'
[0.218s] DEBUG:colcon.colcon_core.package_identification:Package 'src/car_control' with type 'ros.ament_python' and name 'car_control'
[0.218s] Level 1:colcon.colcon_core.package_identification:_identify(src/car_msgs) by extensions ['ignore', 'ignore_ament_install']
[0.219s] Level 1:colcon.colcon_core.package_identification:_identify(src/car_msgs) by extension 'ignore'
[0.219s] Level 1:colcon.colcon_core.package_identification:_identify(src/car_msgs) by extension 'ignore_ament_install'
[0.219s] Level 1:colcon.colcon_core.package_identification:_identify(src/car_msgs) by extensions ['colcon_pkg']
[0.219s] Level 1:colcon.colcon_core.package_identification:_identify(src/car_msgs) by extension 'colcon_pkg'
[0.219s] Level 1:colcon.colcon_core.package_identification:_identify(src/car_msgs) by extensions ['colcon_meta']
[0.219s] Level 1:colcon.colcon_core.package_identification:_identify(src/car_msgs) by extension 'colcon_meta'
[0.219s] Level 1:colcon.colcon_core.package_identification:_identify(src/car_msgs) by extensions ['ros']
[0.219s] Level 1:colcon.colcon_core.package_identification:_identify(src/car_msgs) by extension 'ros'
[0.219s] DEBUG:colcon.colcon_core.package_identification:Package 'src/car_msgs' with type 'ros.ament_cmake' and name 'car_msgs'
[0.219s] Level 1:colcon.colcon_core.package_identification:_identify(src/car_planning) by extensions ['ignore', 'ignore_ament_install']
[0.219s] Level 1:colcon.colcon_core.package_identification:_identify(src/car_planning) by extension 'ignore'
[0.219s] Level 1:colcon.colcon_core.package_identification:_identify(src/car_planning) by extension 'ignore_ament_install'
[0.220s] Level 1:colcon.colcon_core.package_identification:_identify(src/car_planning) by extensions ['colcon_pkg']
[0.220s] Level 1:colcon.colcon_core.package_identification:_identify(src/car_planning) by extension 'colcon_pkg'
[0.220s] Level 1:colcon.colcon_core.package_identification:_identify(src/car_planning) by extensions ['colcon_meta']
[0.220s] Level 1:colcon.colcon_core.package_identification:_identify(src/car_planning) by extension 'colcon_meta'
[0.220s] Level 1:colcon.colcon_core.package_identification:_identify(src/car_planning) by extensions ['ros']
[0.220s] Level 1:colcon.colcon_core.package_identification:_identify(src/car_planning) by extension 'ros'
[0.220s] DEBUG:colcon.colcon_core.package_identification:Package 'src/car_planning' with type 'ros.ament_python' and name 'car_planning'
[0.220s] Level 1:colcon.colcon_core.package_identification:_identify(src/car_vision) by extensions ['ignore', 'ignore_ament_install']
[0.221s] Level 1:colcon.colcon_core.package_identification:_identify(src/car_vision) by extension 'ignore'
[0.221s] Level 1:colcon.colcon_core.package_identification:_identify(src/car_vision) by extension 'ignore_ament_install'
[0.221s] Level 1:colcon.colcon_core.package_identification:_identify(src/car_vision) by extensions ['colcon_pkg']
[0.221s] Level 1:colcon.colcon_core.package_identification:_identify(src/car_vision) by extension 'colcon_pkg'
[0.221s] Level 1:colcon.colcon_core.package_identification:_identify(src/car_vision) by extensions ['colcon_meta']
[0.221s] Level 1:colcon.colcon_core.package_identification:_identify(src/car_vision) by extension 'colcon_meta'
[0.221s] Level 1:colcon.colcon_core.package_identification:_identify(src/car_vision) by extensions ['ros']
[0.221s] Level 1:colcon.colcon_core.package_identification:_identify(src/car_vision) by extension 'ros'
[0.221s] DEBUG:colcon.colcon_core.package_identification:Package 'src/car_vision' with type 'ros.ament_python' and name 'car_vision'
[0.222s] Level 1:colcon.colcon_core.package_identification:_identify(src/vision_pkg) by extensions ['ignore', 'ignore_ament_install']
[0.222s] Level 1:colcon.colcon_core.package_identification:_identify(src/vision_pkg) by extension 'ignore'
[0.222s] Level 1:colcon.colcon_core.package_identification:_identify(src/vision_pkg) by extension 'ignore_ament_install'
[0.222s] Level 1:colcon.colcon_core.package_identification:_identify(src/vision_pkg) by extensions ['colcon_pkg']
[0.222s] Level 1:colcon.colcon_core.package_identification:_identify(src/vision_pkg) by extension 'colcon_pkg'
[0.222s] Level 1:colcon.colcon_core.package_identification:_identify(src/vision_pkg) by extensions ['colcon_meta']
[0.222s] Level 1:colcon.colcon_core.package_identification:_identify(src/vision_pkg) by extension 'colcon_meta'
[0.222s] Level 1:colcon.colcon_core.package_identification:_identify(src/vision_pkg) by extensions ['ros']
[0.222s] Level 1:colcon.colcon_core.package_identification:_identify(src/vision_pkg) by extension 'ros'
[0.222s] DEBUG:colcon.colcon_core.package_identification:Package 'src/vision_pkg' with type 'ros.ament_python' and name 'vision_pkg'
[0.222s] Level 1:colcon.colcon_core.package_discovery:discover_packages(recursive) using defaults
[0.222s] Level 1:colcon.colcon_core.package_discovery:discover_packages(ignore) discover
[0.222s] Level 1:colcon.colcon_core.package_discovery:discover_packages(ignore) using defaults
[0.222s] Level 1:colcon.colcon_core.package_discovery:discover_packages(path) discover
[0.222s] Level 1:colcon.colcon_core.package_discovery:discover_packages(path) using defaults
[0.244s] Level 5:colcon.colcon_core.verb:set package 'car_msgs' build argument 'cmake_args' from command line to 'None'
[0.244s] Level 5:colcon.colcon_core.verb:set package 'car_msgs' build argument 'cmake_target' from command line to 'None'
[0.244s] Level 5:colcon.colcon_core.verb:set package 'car_msgs' build argument 'cmake_target_skip_unavailable' from command line to 'False'
[0.244s] Level 5:colcon.colcon_core.verb:set package 'car_msgs' build argument 'cmake_clean_cache' from command line to 'False'
[0.244s] Level 5:colcon.colcon_core.verb:set package 'car_msgs' build argument 'cmake_clean_first' from command line to 'False'
[0.244s] Level 5:colcon.colcon_core.verb:set package 'car_msgs' build argument 'cmake_force_configure' from command line to 'False'
[0.244s] Level 5:colcon.colcon_core.verb:set package 'car_msgs' build argument 'ament_cmake_args' from command line to 'None'
[0.244s] Level 5:colcon.colcon_core.verb:set package 'car_msgs' build argument 'catkin_cmake_args' from command line to 'None'
[0.244s] Level 5:colcon.colcon_core.verb:set package 'car_msgs' build argument 'catkin_skip_building_tests' from command line to 'False'
[0.244s] DEBUG:colcon.colcon_core.verb:Building package 'car_msgs' with the following arguments: {'ament_cmake_args': None, 'build_base': '/ws/build/car_msgs', 'catkin_cmake_args': None, 'catkin_skip_building_tests': False, 'cmake_args': None, 'cmake_clean_cache': False, 'cmake_clean_first': False, 'cmake_force_configure': False, 'cmake_target': None, 'cmake_target_skip_unavailable': False, 'install_base': '/ws/install/car_msgs', 'merge_install': False, 'path': '/ws/src/car_msgs', 'symlink_install': True, 'test_result_base': None}
[0.245s] Level 5:colcon.colcon_core.verb:set package 'vision_pkg' build argument 'cmake_args' from command line to 'None'
[0.245s] Level 5:colcon.colcon_core.verb:set package 'vision_pkg' build argument 'cmake_target' from command line to 'None'
[0.245s] Level 5:colcon.colcon_core.verb:set package 'vision_pkg' build argument 'cmake_target_skip_unavailable' from command line to 'False'
[0.245s] Level 5:colcon.colcon_core.verb:set package 'vision_pkg' build argument 'cmake_clean_cache' from command line to 'False'
[0.245s] Level 5:colcon.colcon_core.verb:set package 'vision_pkg' build argument 'cmake_clean_first' from command line to 'False'
[0.245s] Level 5:colcon.colcon_core.verb:set package 'vision_pkg' build argument 'cmake_force_configure' from command line to 'False'
[0.245s] Level 5:colcon.colcon_core.verb:set package 'vision_pkg' build argument 'ament_cmake_args' from command line to 'None'
[0.245s] Level 5:colcon.colcon_core.verb:set package 'vision_pkg' build argument 'catkin_cmake_args' from command line to 'None'
[0.245s] Level 5:colcon.colcon_core.verb:set package 'vision_pkg' build argument 'catkin_skip_building_tests' from command line to 'False'
[0.245s] DEBUG:colcon.colcon_core.verb:Building package 'vision_pkg' with the following arguments: {'ament_cmake_args': None, 'build_base': '/ws/build/vision_pkg', 'catkin_cmake_args': None, 'catkin_skip_building_tests': False, 'cmake_args': None, 'cmake_clean_cache': False, 'cmake_clean_first': False, 'cmake_force_configure': False, 'cmake_target': None, 'cmake_target_skip_unavailable': False, 'install_base': '/ws/install/vision_pkg', 'merge_install': False, 'path': '/ws/src/vision_pkg', 'symlink_install': True, 'test_result_base': None}
[0.245s] Level 5:colcon.colcon_core.verb:set package 'car_comms' build argument 'cmake_args' from command line to 'None'
[0.245s] Level 5:colcon.colcon_core.verb:set package 'car_comms' build argument 'cmake_target' from command line to 'None'
[0.245s] Level 5:colcon.colcon_core.verb:set package 'car_comms' build argument 'cmake_target_skip_unavailable' from command line to 'False'
[0.245s] Level 5:colcon.colcon_core.verb:set package 'car_comms' build argument 'cmake_clean_cache' from command line to 'False'
[0.245s] Level 5:colcon.colcon_core.verb:set package 'car_comms' build argument 'cmake_clean_first' from command line to 'False'
[0.245s] Level 5:colcon.colcon_core.verb:set package 'car_comms' build argument 'cmake_force_configure' from command line to 'False'
[0.245s] Level 5:colcon.colcon_core.verb:set package 'car_comms' build argument 'ament_cmake_args' from command line to 'None'
[0.245s] Level 5:colcon.colcon_core.verb:set package 'car_comms' build argument 'catkin_cmake_args' from command line to 'None'
[0.245s] Level 5:colcon.colcon_core.verb:set package 'car_comms' build argument 'catkin_skip_building_tests' from command line to 'False'
[0.246s] DEBUG:colcon.colcon_core.verb:Building package 'car_comms' with the following arguments: {'ament_cmake_args': None, 'build_base': '/ws/build/car_comms', 'catkin_cmake_args': None, 'catkin_skip_building_tests': False, 'cmake_args': None, 'cmake_clean_cache': False, 'cmake_clean_first': False, 'cmake_force_configure': False, 'cmake_target': None, 'cmake_target_skip_unavailable': False, 'install_base': '/ws/install/car_comms', 'merge_install': False, 'path': '/ws/src/car_comms', 'symlink_install': True, 'test_result_base': None}
[0.246s] Level 5:colcon.colcon_core.verb:set package 'car_control' build argument 'cmake_args' from command line to 'None'
[0.246s] Level 5:colcon.colcon_core.verb:set package 'car_control' build argument 'cmake_target' from command line to 'None'
[0.246s] Level 5:colcon.colcon_core.verb:set package 'car_control' build argument 'cmake_target_skip_unavailable' from command line to 'False'
[0.246s] Level 5:colcon.colcon_core.verb:set package 'car_control' build argument 'cmake_clean_cache' from command line to 'False'
[0.246s] Level 5:colcon.colcon_core.verb:set package 'car_control' build argument 'cmake_clean_first' from command line to 'False'
[0.246s] Level 5:colcon.colcon_core.verb:set package 'car_control' build argument 'cmake_force_configure' from command line to 'False'
[0.246s] Level 5:colcon.colcon_core.verb:set package 'car_control' build argument 'ament_cmake_args' from command line to 'None'
[0.246s] Level 5:colcon.colcon_core.verb:set package 'car_control' build argument 'catkin_cmake_args' from command line to 'None'
[0.246s] Level 5:colcon.colcon_core.verb:set package 'car_control' build argument 'catkin_skip_building_tests' from command line to 'False'
[0.246s] DEBUG:colcon.colcon_core.verb:Building package 'car_control' with the following arguments: {'ament_cmake_args': None, 'build_base': '/ws/build/car_control', 'catkin_cmake_args': None, 'catkin_skip_building_tests': False, 'cmake_args': None, 'cmake_clean_cache': False, 'cmake_clean_first': False, 'cmake_force_configure': False, 'cmake_target': None, 'cmake_target_skip_unavailable': False, 'install_base': '/ws/install/car_control', 'merge_install': False, 'path': '/ws/src/car_control', 'symlink_install': True, 'test_result_base': None}
[0.246s] Level 5:colcon.colcon_core.verb:set package 'car_planning' build argument 'cmake_args' from command line to 'None'
[0.246s] Level 5:colcon.colcon_core.verb:set package 'car_planning' build argument 'cmake_target' from command line to 'None'
[0.246s] Level 5:colcon.colcon_core.verb:set package 'car_planning' build argument 'cmake_target_skip_unavailable' from command line to 'False'
[0.246s] Level 5:colcon.colcon_core.verb:set package 'car_planning' build argument 'cmake_clean_cache' from command line to 'False'
[0.246s] Level 5:colcon.colcon_core.verb:set package 'car_planning' build argument 'cmake_clean_first' from command line to 'False'
[0.246s] Level 5:colcon.colcon_core.verb:set package 'car_planning' build argument 'cmake_force_configure' from command line to 'False'
[0.246s] Level 5:colcon.colcon_core.verb:set package 'car_planning' build argument 'ament_cmake_args' from command line to 'None'
[0.246s] Level 5:colcon.colcon_core.verb:set package 'car_planning' build argument 'catkin_cmake_args' from command line to 'None'
[0.246s] Level 5:colcon.colcon_core.verb:set package 'car_planning' build argument 'catkin_skip_building_tests' from command line to 'False'
[0.246s] DEBUG:colcon.colcon_core.verb:Building package 'car_planning' with the following arguments: {'ament_cmake_args': None, 'build_base': '/ws/build/car_planning', 'catkin_cmake_args': None, 'catkin_skip_building_tests': False, 'cmake_args': None, 'cmake_clean_cache': False, 'cmake_clean_first': False, 'cmake_force_configure': False, 'cmake_target': None, 'cmake_target_skip_unavailable': False, 'install_base': '/ws/install/car_planning', 'merge_install': False, 'path': '/ws/src/car_planning', 'symlink_install': True, 'test_result_base': None}
[0.247s] Level 5:colcon.colcon_core.verb:set package 'car_vision' build argument 'cmake_args' from command line to 'None'
[0.247s] Level 5:colcon.colcon_core.verb:set package 'car_vision' build argument 'cmake_target' from command line to 'None'
[0.247s] Level 5:colcon.colcon_core.verb:set package 'car_vision' build argument 'cmake_target_skip_unavailable' from command line to 'False'
[0.247s] Level 5:colcon.colcon_core.verb:set package 'car_vision' build argument 'cmake_clean_cache' from command line to 'False'
[0.247s] Level 5:colcon.colcon_core.verb:set package 'car_vision' build argument 'cmake_clean_first' from command line to 'False'
[0.247s] Level 5:colcon.colcon_core.verb:set package 'car_vision' build argument 'cmake_force_configure' from command line to 'False'
[0.247s] Level 5:colcon.colcon_core.verb:set package 'car_vision' build argument 'ament_cmake_args' from command line to 'None'
[0.247s] Level 5:colcon.colcon_core.verb:set package 'car_vision' build argument 'catkin_cmake_args' from command line to 'None'
[0.247s] Level 5:colcon.colcon_core.verb:set package 'car_vision' build argument 'catkin_skip_building_tests' from command line to 'False'
[0.247s] DEBUG:colcon.colcon_core.verb:Building package 'car_vision' with the following arguments: {'ament_cmake_args': None, 'build_base': '/ws/build/car_vision', 'catkin_cmake_args': None, 'catkin_skip_building_tests': False, 'cmake_args': None, 'cmake_clean_cache': False, 'cmake_clean_first': False, 'cmake_force_configure': False, 'cmake_target': None, 'cmake_target_skip_unavailable': False, 'install_base': '/ws/install/car_vision', 'merge_install': False, 'path': '/ws/src/car_vision', 'symlink_install': True, 'test_result_base': None}
[0.247s] INFO:colcon.colcon_core.executor:Executing jobs using 'parallel' executor
[0.248s] DEBUG:colcon.colcon_parallel_executor.executor.parallel:run_until_complete
[0.248s] INFO:colcon.colcon_ros.task.ament_cmake.build:Building ROS package in '/ws/src/car_msgs' with build type 'ament_cmake'
[0.249s] INFO:colcon.colcon_cmake.task.cmake.build:Building CMake package in '/ws/src/car_msgs'
[0.251s] INFO:colcon.colcon_core.plugin_system:Skipping extension 'colcon_core.shell.bat': Not used on non-Windows systems
[0.251s] INFO:colcon.colcon_core.shell:Skip shell extension 'powershell' for command environment: Not usable outside of PowerShell
[0.251s] DEBUG:colcon.colcon_core.shell:Skip shell extension 'dsv' for command environment
[0.258s] INFO:colcon.colcon_ros.task.ament_python.build:Building ROS package in '/ws/src/vision_pkg' with build type 'ament_python'
[0.258s] Level 1:colcon.colcon_core.shell:create_environment_hook('vision_pkg', 'ament_prefix_path')
[0.258s] INFO:colcon.colcon_core.shell:Creating environment hook '/ws/install/vision_pkg/share/vision_pkg/hook/ament_prefix_path.ps1'
[0.259s] INFO:colcon.colcon_core.shell:Creating environment descriptor '/ws/install/vision_pkg/share/vision_pkg/hook/ament_prefix_path.dsv'
[0.260s] INFO:colcon.colcon_core.shell:Creating environment hook '/ws/install/vision_pkg/share/vision_pkg/hook/ament_prefix_path.sh'
[0.260s] INFO:colcon.colcon_core.shell:Skip shell extension 'powershell' for command environment: Not usable outside of PowerShell
[0.261s] DEBUG:colcon.colcon_core.shell:Skip shell extension 'dsv' for command environment
[0.270s] DEBUG:colcon.colcon_core.event_handler.log_command:Invoking command in '/ws/build/car_msgs': CMAKE_PREFIX_PATH=/opt/ros/jazzy /usr/bin/cmake --build /ws/build/car_msgs -- -j4 -l4
[0.557s] INFO:colcon.colcon_core.task.python.build:Building Python package in '/ws/src/vision_pkg'
[0.558s] INFO:colcon.colcon_core.shell:Skip shell extension 'powershell' for command environment: Not usable outside of PowerShell
[0.558s] DEBUG:colcon.colcon_core.shell:Skip shell extension 'dsv' for command environment
[0.833s] DEBUG:colcon.colcon_core.event_handler.log_command:Invoked command in '/ws/build/car_msgs' returned '0': CMAKE_PREFIX_PATH=/opt/ros/jazzy /usr/bin/cmake --build /ws/build/car_msgs -- -j4 -l4
[0.846s] DEBUG:colcon.colcon_core.event_handler.log_command:Invoking command in '/ws/build/car_msgs': CMAKE_PREFIX_PATH=/opt/ros/jazzy /usr/bin/cmake --install /ws/build/car_msgs
[0.980s] Level 1:colcon.colcon_core.environment:create_environment_scripts_only(car_msgs)
[0.983s] Level 1:colcon.colcon_core.environment:checking '/ws/install/car_msgs' for CMake module files
[0.984s] Level 1:colcon.colcon_core.environment:checking '/ws/install/car_msgs' for CMake config files
[0.985s] Level 1:colcon.colcon_core.shell:create_environment_hook('car_msgs', 'cmake_prefix_path')
[0.985s] INFO:colcon.colcon_core.shell:Creating environment hook '/ws/install/car_msgs/share/car_msgs/hook/cmake_prefix_path.ps1'
[0.985s] INFO:colcon.colcon_core.shell:Creating environment descriptor '/ws/install/car_msgs/share/car_msgs/hook/cmake_prefix_path.dsv'
[0.986s] DEBUG:colcon.colcon_core.event_handler.log_command:Invoked command in '/ws/build/car_msgs' returned '0': CMAKE_PREFIX_PATH=/opt/ros/jazzy /usr/bin/cmake --install /ws/build/car_msgs
[0.986s] INFO:colcon.colcon_core.shell:Creating environment hook '/ws/install/car_msgs/share/car_msgs/hook/cmake_prefix_path.sh'
[0.987s] Level 1:colcon.colcon_core.environment:checking '/ws/install/car_msgs/lib'
[0.987s] Level 1:colcon.colcon_core.shell:create_environment_hook('car_msgs', 'ld_library_path_lib')
[0.988s] INFO:colcon.colcon_core.shell:Creating environment hook '/ws/install/car_msgs/share/car_msgs/hook/ld_library_path_lib.ps1'
[0.988s] INFO:colcon.colcon_core.shell:Creating environment descriptor '/ws/install/car_msgs/share/car_msgs/hook/ld_library_path_lib.dsv'
[0.989s] INFO:colcon.colcon_core.shell:Creating environment hook '/ws/install/car_msgs/share/car_msgs/hook/ld_library_path_lib.sh'
[0.989s] Level 1:colcon.colcon_core.environment:checking '/ws/install/car_msgs/bin'
[0.989s] Level 1:colcon.colcon_core.environment:checking '/ws/install/car_msgs/lib/pkgconfig/car_msgs.pc'
[0.990s] Level 1:colcon.colcon_core.environment:checking '/ws/install/car_msgs/lib/python3.12/site-packages'
[0.990s] Level 1:colcon.colcon_core.shell:create_environment_hook('car_msgs', 'pythonpath')
[0.990s] INFO:colcon.colcon_core.shell:Creating environment hook '/ws/install/car_msgs/share/car_msgs/hook/pythonpath.ps1'
[0.990s] INFO:colcon.colcon_core.shell:Creating environment descriptor '/ws/install/car_msgs/share/car_msgs/hook/pythonpath.dsv'
[0.991s] INFO:colcon.colcon_core.shell:Creating environment hook '/ws/install/car_msgs/share/car_msgs/hook/pythonpath.sh'
[0.992s] Level 1:colcon.colcon_core.environment:checking '/ws/install/car_msgs/bin'
[0.993s] INFO:colcon.colcon_core.shell:Creating package script '/ws/install/car_msgs/share/car_msgs/package.ps1'
[0.995s] INFO:colcon.colcon_core.shell:Creating package descriptor '/ws/install/car_msgs/share/car_msgs/package.dsv'
[0.996s] INFO:colcon.colcon_core.shell:Creating package script '/ws/install/car_msgs/share/car_msgs/package.sh'
[0.998s] INFO:colcon.colcon_core.shell:Creating package script '/ws/install/car_msgs/share/car_msgs/package.bash'
[1.000s] INFO:colcon.colcon_core.shell:Creating package script '/ws/install/car_msgs/share/car_msgs/package.zsh'
[1.001s] Level 1:colcon.colcon_core.environment:create_file_with_runtime_dependencies(/ws/install/car_msgs/share/colcon-core/packages/car_msgs)
[1.003s] Level 1:colcon.colcon_core.environment:create_environment_scripts_only(car_msgs)
[1.003s] Level 1:colcon.colcon_core.environment:checking '/ws/install/car_msgs' for CMake module files
[1.005s] Level 1:colcon.colcon_core.environment:checking '/ws/install/car_msgs' for CMake config files
[1.006s] Level 1:colcon.colcon_core.shell:create_environment_hook('car_msgs', 'cmake_prefix_path')
[1.006s] INFO:colcon.colcon_core.shell:Creating environment hook '/ws/install/car_msgs/share/car_msgs/hook/cmake_prefix_path.ps1'
[1.007s] INFO:colcon.colcon_core.shell:Creating environment descriptor '/ws/install/car_msgs/share/car_msgs/hook/cmake_prefix_path.dsv'
[1.008s] INFO:colcon.colcon_core.shell:Creating environment hook '/ws/install/car_msgs/share/car_msgs/hook/cmake_prefix_path.sh'
[1.009s] Level 1:colcon.colcon_core.environment:checking '/ws/install/car_msgs/lib'
[1.009s] Level 1:colcon.colcon_core.shell:create_environment_hook('car_msgs', 'ld_library_path_lib')
[1.009s] INFO:colcon.colcon_core.shell:Creating environment hook '/ws/install/car_msgs/share/car_msgs/hook/ld_library_path_lib.ps1'
[1.010s] INFO:colcon.colcon_core.shell:Creating environment descriptor '/ws/install/car_msgs/share/car_msgs/hook/ld_library_path_lib.dsv'
[1.011s] INFO:colcon.colcon_core.shell:Creating environment hook '/ws/install/car_msgs/share/car_msgs/hook/ld_library_path_lib.sh'
[1.012s] Level 1:colcon.colcon_core.environment:checking '/ws/install/car_msgs/bin'
[1.012s] Level 1:colcon.colcon_core.environment:checking '/ws/install/car_msgs/lib/pkgconfig/car_msgs.pc'
[1.012s] Level 1:colcon.colcon_core.environment:checking '/ws/install/car_msgs/lib/python3.12/site-packages'
[1.013s] Level 1:colcon.colcon_core.shell:create_environment_hook('car_msgs', 'pythonpath')
[1.013s] INFO:colcon.colcon_core.shell:Creating environment hook '/ws/install/car_msgs/share/car_msgs/hook/pythonpath.ps1'
[1.014s] INFO:colcon.colcon_core.shell:Creating environment descriptor '/ws/install/car_msgs/share/car_msgs/hook/pythonpath.dsv'
[1.015s] INFO:colcon.colcon_core.shell:Creating environment hook '/ws/install/car_msgs/share/car_msgs/hook/pythonpath.sh'
[1.016s] Level 1:colcon.colcon_core.environment:checking '/ws/install/car_msgs/bin'
[1.016s] INFO:colcon.colcon_core.shell:Creating package script '/ws/install/car_msgs/share/car_msgs/package.ps1'
[1.018s] INFO:colcon.colcon_core.shell:Creating package descriptor '/ws/install/car_msgs/share/car_msgs/package.dsv'
[1.019s] INFO:colcon.colcon_core.shell:Creating package script '/ws/install/car_msgs/share/car_msgs/package.sh'
[1.020s] INFO:colcon.colcon_core.shell:Creating package script '/ws/install/car_msgs/share/car_msgs/package.bash'
[1.021s] INFO:colcon.colcon_core.shell:Creating package script '/ws/install/car_msgs/share/car_msgs/package.zsh'
[1.021s] Level 1:colcon.colcon_core.environment:create_file_with_runtime_dependencies(/ws/install/car_msgs/share/colcon-core/packages/car_msgs)
[1.023s] INFO:colcon.colcon_ros.task.ament_python.build:Building ROS package in '/ws/src/car_comms' with build type 'ament_python'
[1.024s] Level 1:colcon.colcon_core.shell:create_environment_hook('car_comms', 'ament_prefix_path')
[1.024s] INFO:colcon.colcon_core.shell:Creating environment hook '/ws/install/car_comms/share/car_comms/hook/ament_prefix_path.ps1'
[1.025s] INFO:colcon.colcon_core.shell:Creating environment descriptor '/ws/install/car_comms/share/car_comms/hook/ament_prefix_path.dsv'
[1.026s] INFO:colcon.colcon_core.shell:Creating environment hook '/ws/install/car_comms/share/car_comms/hook/ament_prefix_path.sh'
[1.026s] INFO:colcon.colcon_core.shell:Skip shell extension 'powershell' for command environment: Not usable outside of PowerShell
[1.027s] DEBUG:colcon.colcon_core.shell:Skip shell extension 'dsv' for command environment
[1.029s] INFO:colcon.colcon_ros.task.ament_python.build:Building ROS package in '/ws/src/car_control' with build type 'ament_python'
[1.030s] Level 1:colcon.colcon_core.shell:create_environment_hook('car_control', 'ament_prefix_path')
[1.030s] INFO:colcon.colcon_core.shell:Creating environment hook '/ws/install/car_control/share/car_control/hook/ament_prefix_path.ps1'
[1.031s] INFO:colcon.colcon_core.shell:Creating environment descriptor '/ws/install/car_control/share/car_control/hook/ament_prefix_path.dsv'
[1.032s] INFO:colcon.colcon_core.shell:Creating environment hook '/ws/install/car_control/share/car_control/hook/ament_prefix_path.sh'
[1.032s] INFO:colcon.colcon_core.shell:Skip shell extension 'powershell' for command environment: Not usable outside of PowerShell
[1.032s] DEBUG:colcon.colcon_core.shell:Skip shell extension 'dsv' for command environment
[1.036s] INFO:colcon.colcon_ros.task.ament_python.build:Building ROS package in '/ws/src/car_planning' with build type 'ament_python'
[1.036s] Level 1:colcon.colcon_core.shell:create_environment_hook('car_planning', 'ament_prefix_path')
[1.038s] INFO:colcon.colcon_core.shell:Creating environment hook '/ws/install/car_planning/share/car_planning/hook/ament_prefix_path.ps1'
[1.041s] INFO:colcon.colcon_core.shell:Creating environment descriptor '/ws/install/car_planning/share/car_planning/hook/ament_prefix_path.dsv'
[1.044s] INFO:colcon.colcon_core.shell:Creating environment hook '/ws/install/car_planning/share/car_planning/hook/ament_prefix_path.sh'
[1.045s] INFO:colcon.colcon_core.shell:Skip shell extension 'powershell' for command environment: Not usable outside of PowerShell
[1.045s] DEBUG:colcon.colcon_core.shell:Skip shell extension 'dsv' for command environment
[1.300s] INFO:colcon.colcon_core.task.python.build:Building Python package in '/ws/src/car_comms'
[1.301s] INFO:colcon.colcon_core.shell:Skip shell extension 'powershell' for command environment: Not usable outside of PowerShell
[1.301s] DEBUG:colcon.colcon_core.shell:Skip shell extension 'dsv' for command environment
[1.759s] INFO:colcon.colcon_core.task.python.build:Building Python package in '/ws/src/car_control'
[1.760s] INFO:colcon.colcon_core.shell:Skip shell extension 'powershell' for command environment: Not usable outside of PowerShell
[1.760s] DEBUG:colcon.colcon_core.shell:Skip shell extension 'dsv' for command environment
[2.026s] INFO:colcon.colcon_core.task.python.build:Building Python package in '/ws/src/car_planning'
[2.026s] INFO:colcon.colcon_core.shell:Skip shell extension 'powershell' for command environment: Not usable outside of PowerShell
[2.026s] DEBUG:colcon.colcon_core.shell:Skip shell extension 'dsv' for command environment
[2.041s] DEBUG:colcon.colcon_core.event_handler.log_command:Invoking command in '/ws/build/vision_pkg': PYTHONPATH=/ws/build/vision_pkg/prefix_override:/usr/lib/python3/dist-packages/colcon_core/task/python/colcon_distutils_commands:/ws/install/vision_pkg/lib/python3.12/site-packages:${PYTHONPATH} /usr/bin/python3 -W ignore:setup.py install is deprecated -W ignore:easy_install command is deprecated setup.py develop --editable --build-directory /ws/build/vision_pkg/build --no-deps symlink_data
[2.663s] DEBUG:colcon.colcon_core.event_handler.log_command:Invoking command in '/ws/build/car_planning': AMENT_PREFIX_PATH=/ws/install/car_msgs:${AMENT_PREFIX_PATH} CMAKE_PREFIX_PATH=/ws/install/car_msgs LD_LIBRARY_PATH=/ws/install/car_msgs/lib:${LD_LIBRARY_PATH} PYTHONPATH=/ws/build/car_planning/prefix_override:/usr/lib/python3/dist-packages/colcon_core/task/python/colcon_distutils_commands:/ws/install/car_planning/lib/python3.12/site-packages:/ws/install/car_msgs/lib/python3.12/site-packages:${PYTHONPATH} /usr/bin/python3 -W ignore:setup.py install is deprecated -W ignore:easy_install command is deprecated setup.py develop --editable --build-directory /ws/build/car_planning/build --no-deps symlink_data
[2.702s] Level 1:colcon.colcon_core.shell:create_environment_hook('vision_pkg', 'pythonpath_develop')
[2.702s] INFO:colcon.colcon_core.shell:Creating environment hook '/ws/build/vision_pkg/share/vision_pkg/hook/pythonpath_develop.ps1'
[2.703s] DEBUG:colcon.colcon_core.event_handler.log_command:Invoked command in '/ws/build/vision_pkg' returned '0': PYTHONPATH=/ws/build/vision_pkg/prefix_override:/usr/lib/python3/dist-packages/colcon_core/task/python/colcon_distutils_commands:/ws/install/vision_pkg/lib/python3.12/site-packages:${PYTHONPATH} /usr/bin/python3 -W ignore:setup.py install is deprecated -W ignore:easy_install command is deprecated setup.py develop --editable --build-directory /ws/build/vision_pkg/build --no-deps symlink_data
[2.704s] INFO:colcon.colcon_core.shell:Creating environment descriptor '/ws/build/vision_pkg/share/vision_pkg/hook/pythonpath_develop.dsv'
[2.704s] INFO:colcon.colcon_core.shell:Creating environment hook '/ws/build/vision_pkg/share/vision_pkg/hook/pythonpath_develop.sh'
[2.706s] Level 1:colcon.colcon_core.environment:checking '/ws/install/vision_pkg' for CMake module files
[2.706s] Level 1:colcon.colcon_core.environment:checking '/ws/install/vision_pkg' for CMake config files
[2.707s] Level 1:colcon.colcon_core.environment:checking '/ws/install/vision_pkg/lib'
[2.707s] Level 1:colcon.colcon_core.environment:checking '/ws/install/vision_pkg/bin'
[2.707s] Level 1:colcon.colcon_core.environment:checking '/ws/install/vision_pkg/lib/pkgconfig/vision_pkg.pc'
[2.707s] Level 1:colcon.colcon_core.environment:checking '/ws/install/vision_pkg/lib/python3.12/site-packages'
[2.707s] Level 1:colcon.colcon_core.shell:create_environment_hook('vision_pkg', 'pythonpath')
[2.708s] INFO:colcon.colcon_core.shell:Creating environment hook '/ws/install/vision_pkg/share/vision_pkg/hook/pythonpath.ps1'
[2.708s] INFO:colcon.colcon_core.shell:Creating environment descriptor '/ws/install/vision_pkg/share/vision_pkg/hook/pythonpath.dsv'
[2.714s] INFO:colcon.colcon_core.shell:Creating environment hook '/ws/install/vision_pkg/share/vision_pkg/hook/pythonpath.sh'
[2.715s] Level 1:colcon.colcon_core.environment:checking '/ws/install/vision_pkg/bin'
[2.715s] Level 1:colcon.colcon_core.environment:create_environment_scripts_only(vision_pkg)
[2.715s] INFO:colcon.colcon_core.shell:Creating package script '/ws/install/vision_pkg/share/vision_pkg/package.ps1'
[2.716s] INFO:colcon.colcon_core.shell:Creating package descriptor '/ws/install/vision_pkg/share/vision_pkg/package.dsv'
[2.722s] INFO:colcon.colcon_core.shell:Creating package script '/ws/install/vision_pkg/share/vision_pkg/package.sh'
[2.722s] INFO:colcon.colcon_core.shell:Creating package script '/ws/install/vision_pkg/share/vision_pkg/package.bash'
[2.723s] INFO:colcon.colcon_core.shell:Creating package script '/ws/install/vision_pkg/share/vision_pkg/package.zsh'
[2.724s] Level 1:colcon.colcon_core.environment:create_file_with_runtime_dependencies(/ws/install/vision_pkg/share/colcon-core/packages/vision_pkg)
[2.724s] INFO:colcon.colcon_ros.task.ament_python.build:Building ROS package in '/ws/src/car_vision' with build type 'ament_python'
[2.724s] Level 1:colcon.colcon_core.shell:create_environment_hook('car_vision', 'ament_prefix_path')
[2.725s] INFO:colcon.colcon_core.shell:Creating environment hook '/ws/install/car_vision/share/car_vision/hook/ament_prefix_path.ps1'
[2.725s] INFO:colcon.colcon_core.shell:Creating environment descriptor '/ws/install/car_vision/share/car_vision/hook/ament_prefix_path.dsv'
[2.726s] INFO:colcon.colcon_core.shell:Creating environment hook '/ws/install/car_vision/share/car_vision/hook/ament_prefix_path.sh'
[2.727s] INFO:colcon.colcon_core.shell:Skip shell extension 'powershell' for command environment: Not usable outside of PowerShell
[2.727s] DEBUG:colcon.colcon_core.shell:Skip shell extension 'dsv' for command environment
[3.152s] INFO:colcon.colcon_core.task.python.build:Building Python package in '/ws/src/car_vision'
[3.153s] INFO:colcon.colcon_core.shell:Skip shell extension 'powershell' for command environment: Not usable outside of PowerShell
[3.153s] DEBUG:colcon.colcon_core.shell:Skip shell extension 'dsv' for command environment
[3.167s] DEBUG:colcon.colcon_core.event_handler.log_command:Invoking command in '/ws/build/car_control': AMENT_PREFIX_PATH=/ws/install/car_msgs:${AMENT_PREFIX_PATH} CMAKE_PREFIX_PATH=/ws/install/car_msgs LD_LIBRARY_PATH=/ws/install/car_msgs/lib:${LD_LIBRARY_PATH} PYTHONPATH=/ws/build/car_control/prefix_override:/usr/lib/python3/dist-packages/colcon_core/task/python/colcon_distutils_commands:/ws/install/car_control/lib/python3.12/site-packages:/ws/install/car_msgs/lib/python3.12/site-packages:${PYTHONPATH} /usr/bin/python3 -W ignore:setup.py install is deprecated -W ignore:easy_install command is deprecated setup.py develop --editable --build-directory /ws/build/car_control/build --no-deps symlink_data
[3.342s] Level 1:colcon.colcon_core.shell:create_environment_hook('car_planning', 'pythonpath_develop')
[3.345s] INFO:colcon.colcon_core.shell:Creating environment hook '/ws/build/car_planning/share/car_planning/hook/pythonpath_develop.ps1'
[3.347s] DEBUG:colcon.colcon_core.event_handler.log_command:Invoked command in '/ws/build/car_planning' returned '0': AMENT_PREFIX_PATH=/ws/install/car_msgs:${AMENT_PREFIX_PATH} CMAKE_PREFIX_PATH=/ws/install/car_msgs LD_LIBRARY_PATH=/ws/install/car_msgs/lib:${LD_LIBRARY_PATH} PYTHONPATH=/ws/build/car_planning/prefix_override:/usr/lib/python3/dist-packages/colcon_core/task/python/colcon_distutils_commands:/ws/install/car_planning/lib/python3.12/site-packages:/ws/install/car_msgs/lib/python3.12/site-packages:${PYTHONPATH} /usr/bin/python3 -W ignore:setup.py install is deprecated -W ignore:easy_install command is deprecated setup.py develop --editable --build-directory /ws/build/car_planning/build --no-deps symlink_data
[3.350s] INFO:colcon.colcon_core.shell:Creating environment descriptor '/ws/build/car_planning/share/car_planning/hook/pythonpath_develop.dsv'
[3.353s] INFO:colcon.colcon_core.shell:Creating environment hook '/ws/build/car_planning/share/car_planning/hook/pythonpath_develop.sh'
[3.354s] Level 1:colcon.colcon_core.environment:checking '/ws/install/car_planning' for CMake module files
[3.355s] Level 1:colcon.colcon_core.environment:checking '/ws/install/car_planning' for CMake config files
[3.355s] Level 1:colcon.colcon_core.environment:checking '/ws/install/car_planning/lib'
[3.356s] Level 1:colcon.colcon_core.environment:checking '/ws/install/car_planning/bin'
[3.356s] Level 1:colcon.colcon_core.environment:checking '/ws/install/car_planning/lib/pkgconfig/car_planning.pc'
[3.356s] Level 1:colcon.colcon_core.environment:checking '/ws/install/car_planning/lib/python3.12/site-packages'
[3.356s] Level 1:colcon.colcon_core.shell:create_environment_hook('car_planning', 'pythonpath')
[3.356s] INFO:colcon.colcon_core.shell:Creating environment hook '/ws/install/car_planning/share/car_planning/hook/pythonpath.ps1'
[3.357s] INFO:colcon.colcon_core.shell:Creating environment descriptor '/ws/install/car_planning/share/car_planning/hook/pythonpath.dsv'
[3.358s] INFO:colcon.colcon_core.shell:Creating environment hook '/ws/install/car_planning/share/car_planning/hook/pythonpath.sh'
[3.362s] Level 1:colcon.colcon_core.environment:checking '/ws/install/car_planning/bin'
[3.362s] Level 1:colcon.colcon_core.environment:create_environment_scripts_only(car_planning)
[3.362s] INFO:colcon.colcon_core.shell:Creating package script '/ws/install/car_planning/share/car_planning/package.ps1'
[3.363s] INFO:colcon.colcon_core.shell:Creating package descriptor '/ws/install/car_planning/share/car_planning/package.dsv'
[3.364s] INFO:colcon.colcon_core.shell:Creating package script '/ws/install/car_planning/share/car_planning/package.sh'
[3.364s] INFO:colcon.colcon_core.shell:Creating package script '/ws/install/car_planning/share/car_planning/package.bash'
[3.365s] INFO:colcon.colcon_core.shell:Creating package script '/ws/install/car_planning/share/car_planning/package.zsh'
[3.368s] Level 1:colcon.colcon_core.environment:create_file_with_runtime_dependencies(/ws/install/car_planning/share/colcon-core/packages/car_planning)
[3.650s] DEBUG:colcon.colcon_core.event_handler.log_command:Invoking command in '/ws/build/car_comms': AMENT_PREFIX_PATH=/ws/install/car_msgs:${AMENT_PREFIX_PATH} CMAKE_PREFIX_PATH=/ws/install/car_msgs LD_LIBRARY_PATH=/ws/install/car_msgs/lib:${LD_LIBRARY_PATH} PYTHONPATH=/ws/build/car_comms/prefix_override:/usr/lib/python3/dist-packages/colcon_core/task/python/colcon_distutils_commands:/ws/install/car_comms/lib/python3.12/site-packages:/ws/install/car_msgs/lib/python3.12/site-packages:${PYTHONPATH} /usr/bin/python3 -W ignore:setup.py install is deprecated -W ignore:easy_install command is deprecated setup.py develop --editable --build-directory /ws/build/car_comms/build --no-deps symlink_data
[3.830s] Level 1:colcon.colcon_core.shell:create_environment_hook('car_control', 'pythonpath_develop')
[3.830s] INFO:colcon.colcon_core.shell:Creating environment hook '/ws/build/car_control/share/car_control/hook/pythonpath_develop.ps1'
[3.830s] DEBUG:colcon.colcon_core.event_handler.log_command:Invoked command in '/ws/build/car_control' returned '0': AMENT_PREFIX_PATH=/ws/install/car_msgs:${AMENT_PREFIX_PATH} CMAKE_PREFIX_PATH=/ws/install/car_msgs LD_LIBRARY_PATH=/ws/install/car_msgs/lib:${LD_LIBRARY_PATH} PYTHONPATH=/ws/build/car_control/prefix_override:/usr/lib/python3/dist-packages/colcon_core/task/python/colcon_distutils_commands:/ws/install/car_control/lib/python3.12/site-packages:/ws/install/car_msgs/lib/python3.12/site-packages:${PYTHONPATH} /usr/bin/python3 -W ignore:setup.py install is deprecated -W ignore:easy_install command is deprecated setup.py develop --editable --build-directory /ws/build/car_control/build --no-deps symlink_data
[3.831s] INFO:colcon.colcon_core.shell:Creating environment descriptor '/ws/build/car_control/share/car_control/hook/pythonpath_develop.dsv'
[3.832s] INFO:colcon.colcon_core.shell:Creating environment hook '/ws/build/car_control/share/car_control/hook/pythonpath_develop.sh'
[3.833s] Level 1:colcon.colcon_core.environment:checking '/ws/install/car_control' for CMake module files
[3.833s] Level 1:colcon.colcon_core.environment:checking '/ws/install/car_control' for CMake config files
[3.834s] Level 1:colcon.colcon_core.environment:checking '/ws/install/car_control/lib'
[3.834s] Level 1:colcon.colcon_core.environment:checking '/ws/install/car_control/bin'
[3.834s] Level 1:colcon.colcon_core.environment:checking '/ws/install/car_control/lib/pkgconfig/car_control.pc'
[3.834s] Level 1:colcon.colcon_core.environment:checking '/ws/install/car_control/lib/python3.12/site-packages'
[3.834s] Level 1:colcon.colcon_core.shell:create_environment_hook('car_control', 'pythonpath')
[3.834s] INFO:colcon.colcon_core.shell:Creating environment hook '/ws/install/car_control/share/car_control/hook/pythonpath.ps1'
[3.835s] INFO:colcon.colcon_core.shell:Creating environment descriptor '/ws/install/car_control/share/car_control/hook/pythonpath.dsv'
[3.836s] INFO:colcon.colcon_core.shell:Creating environment hook '/ws/install/car_control/share/car_control/hook/pythonpath.sh'
[3.836s] Level 1:colcon.colcon_core.environment:checking '/ws/install/car_control/bin'
[3.837s] Level 1:colcon.colcon_core.environment:create_environment_scripts_only(car_control)
[3.837s] INFO:colcon.colcon_core.shell:Creating package script '/ws/install/car_control/share/car_control/package.ps1'
[3.837s] INFO:colcon.colcon_core.shell:Creating package descriptor '/ws/install/car_control/share/car_control/package.dsv'
[3.838s] INFO:colcon.colcon_core.shell:Creating package script '/ws/install/car_control/share/car_control/package.sh'
[3.839s] INFO:colcon.colcon_core.shell:Creating package script '/ws/install/car_control/share/car_control/package.bash'
[3.840s] INFO:colcon.colcon_core.shell:Creating package script '/ws/install/car_control/share/car_control/package.zsh'
[3.841s] Level 1:colcon.colcon_core.environment:create_file_with_runtime_dependencies(/ws/install/car_control/share/colcon-core/packages/car_control)
[3.976s] DEBUG:colcon.colcon_core.event_handler.log_command:Invoking command in '/ws/build/car_vision': AMENT_PREFIX_PATH=/ws/install/car_msgs:${AMENT_PREFIX_PATH} CMAKE_PREFIX_PATH=/ws/install/car_msgs LD_LIBRARY_PATH=/ws/install/car_msgs/lib:${LD_LIBRARY_PATH} PYTHONPATH=/ws/build/car_vision/prefix_override:/usr/lib/python3/dist-packages/colcon_core/task/python/colcon_distutils_commands:/ws/install/car_vision/lib/python3.12/site-packages:/ws/install/car_msgs/lib/python3.12/site-packages:${PYTHONPATH} /usr/bin/python3 -W ignore:setup.py install is deprecated -W ignore:easy_install command is deprecated setup.py develop --editable --build-directory /ws/build/car_vision/build --no-deps symlink_data
[4.253s] Level 1:colcon.colcon_core.shell:create_environment_hook('car_comms', 'pythonpath_develop')
[4.253s] INFO:colcon.colcon_core.shell:Creating environment hook '/ws/build/car_comms/share/car_comms/hook/pythonpath_develop.ps1'
[4.254s] INFO:colcon.colcon_core.shell:Creating environment descriptor '/ws/build/car_comms/share/car_comms/hook/pythonpath_develop.dsv'
[4.254s] DEBUG:colcon.colcon_core.event_handler.log_command:Invoked command in '/ws/build/car_comms' returned '0': AMENT_PREFIX_PATH=/ws/install/car_msgs:${AMENT_PREFIX_PATH} CMAKE_PREFIX_PATH=/ws/install/car_msgs LD_LIBRARY_PATH=/ws/install/car_msgs/lib:${LD_LIBRARY_PATH} PYTHONPATH=/ws/build/car_comms/prefix_override:/usr/lib/python3/dist-packages/colcon_core/task/python/colcon_distutils_commands:/ws/install/car_comms/lib/python3.12/site-packages:/ws/install/car_msgs/lib/python3.12/site-packages:${PYTHONPATH} /usr/bin/python3 -W ignore:setup.py install is deprecated -W ignore:easy_install command is deprecated setup.py develop --editable --build-directory /ws/build/car_comms/build --no-deps symlink_data
[4.255s] INFO:colcon.colcon_core.shell:Creating environment hook '/ws/build/car_comms/share/car_comms/hook/pythonpath_develop.sh'
[4.255s] Level 1:colcon.colcon_core.environment:checking '/ws/install/car_comms' for CMake module files
[4.256s] Level 1:colcon.colcon_core.environment:checking '/ws/install/car_comms' for CMake config files
[4.256s] Level 1:colcon.colcon_core.environment:checking '/ws/install/car_comms/lib'
[4.256s] Level 1:colcon.colcon_core.environment:checking '/ws/install/car_comms/bin'
[4.257s] Level 1:colcon.colcon_core.environment:checking '/ws/install/car_comms/lib/pkgconfig/car_comms.pc'
[4.257s] Level 1:colcon.colcon_core.environment:checking '/ws/install/car_comms/lib/python3.12/site-packages'
[4.257s] Level 1:colcon.colcon_core.shell:create_environment_hook('car_comms', 'pythonpath')
[4.257s] INFO:colcon.colcon_core.shell:Creating environment hook '/ws/install/car_comms/share/car_comms/hook/pythonpath.ps1'
[4.258s] INFO:colcon.colcon_core.shell:Creating environment descriptor '/ws/install/car_comms/share/car_comms/hook/pythonpath.dsv'
[4.258s] INFO:colcon.colcon_core.shell:Creating environment hook '/ws/install/car_comms/share/car_comms/hook/pythonpath.sh'
[4.259s] Level 1:colcon.colcon_core.environment:checking '/ws/install/car_comms/bin'
[4.259s] Level 1:colcon.colcon_core.environment:create_environment_scripts_only(car_comms)
[4.260s] INFO:colcon.colcon_core.shell:Creating package script '/ws/install/car_comms/share/car_comms/package.ps1'
[4.260s] INFO:colcon.colcon_core.shell:Creating package descriptor '/ws/install/car_comms/share/car_comms/package.dsv'
[4.261s] INFO:colcon.colcon_core.shell:Creating package script '/ws/install/car_comms/share/car_comms/package.sh'
[4.262s] INFO:colcon.colcon_core.shell:Creating package script '/ws/install/car_comms/share/car_comms/package.bash'
[4.263s] INFO:colcon.colcon_core.shell:Creating package script '/ws/install/car_comms/share/car_comms/package.zsh'
[4.263s] Level 1:colcon.colcon_core.environment:create_file_with_runtime_dependencies(/ws/install/car_comms/share/colcon-core/packages/car_comms)
[4.527s] Level 1:colcon.colcon_core.shell:create_environment_hook('car_vision', 'pythonpath_develop')
[4.528s] INFO:colcon.colcon_core.shell:Creating environment hook '/ws/build/car_vision/share/car_vision/hook/pythonpath_develop.ps1'
[4.528s] DEBUG:colcon.colcon_core.event_handler.log_command:Invoked command in '/ws/build/car_vision' returned '0': AMENT_PREFIX_PATH=/ws/install/car_msgs:${AMENT_PREFIX_PATH} CMAKE_PREFIX_PATH=/ws/install/car_msgs LD_LIBRARY_PATH=/ws/install/car_msgs/lib:${LD_LIBRARY_PATH} PYTHONPATH=/ws/build/car_vision/prefix_override:/usr/lib/python3/dist-packages/colcon_core/task/python/colcon_distutils_commands:/ws/install/car_vision/lib/python3.12/site-packages:/ws/install/car_msgs/lib/python3.12/site-packages:${PYTHONPATH} /usr/bin/python3 -W ignore:setup.py install is deprecated -W ignore:easy_install command is deprecated setup.py develop --editable --build-directory /ws/build/car_vision/build --no-deps symlink_data
[4.529s] INFO:colcon.colcon_core.shell:Creating environment descriptor '/ws/build/car_vision/share/car_vision/hook/pythonpath_develop.dsv'
[4.529s] INFO:colcon.colcon_core.shell:Creating environment hook '/ws/build/car_vision/share/car_vision/hook/pythonpath_develop.sh'
[4.530s] Level 1:colcon.colcon_core.environment:checking '/ws/install/car_vision' for CMake module files
[4.531s] Level 1:colcon.colcon_core.environment:checking '/ws/install/car_vision' for CMake config files
[4.531s] Level 1:colcon.colcon_core.environment:checking '/ws/install/car_vision/lib'
[4.531s] Level 1:colcon.colcon_core.environment:checking '/ws/install/car_vision/bin'
[4.531s] Level 1:colcon.colcon_core.environment:checking '/ws/install/car_vision/lib/pkgconfig/car_vision.pc'
[4.531s] Level 1:colcon.colcon_core.environment:checking '/ws/install/car_vision/lib/python3.12/site-packages'
[4.532s] Level 1:colcon.colcon_core.shell:create_environment_hook('car_vision', 'pythonpath')
[4.532s] INFO:colcon.colcon_core.shell:Creating environment hook '/ws/install/car_vision/share/car_vision/hook/pythonpath.ps1'
[4.532s] INFO:colcon.colcon_core.shell:Creating environment descriptor '/ws/install/car_vision/share/car_vision/hook/pythonpath.dsv'
[4.533s] INFO:colcon.colcon_core.shell:Creating environment hook '/ws/install/car_vision/share/car_vision/hook/pythonpath.sh'
[4.534s] Level 1:colcon.colcon_core.environment:checking '/ws/install/car_vision/bin'
[4.534s] Level 1:colcon.colcon_core.environment:create_environment_scripts_only(car_vision)
[4.534s] INFO:colcon.colcon_core.shell:Creating package script '/ws/install/car_vision/share/car_vision/package.ps1'
[4.535s] INFO:colcon.colcon_core.shell:Creating package descriptor '/ws/install/car_vision/share/car_vision/package.dsv'
[4.535s] INFO:colcon.colcon_core.shell:Creating package script '/ws/install/car_vision/share/car_vision/package.sh'
[4.537s] INFO:colcon.colcon_core.shell:Creating package script '/ws/install/car_vision/share/car_vision/package.bash'
[4.537s] INFO:colcon.colcon_core.shell:Creating package script '/ws/install/car_vision/share/car_vision/package.zsh'
[4.538s] Level 1:colcon.colcon_core.environment:create_file_with_runtime_dependencies(/ws/install/car_vision/share/colcon-core/packages/car_vision)
[4.539s] DEBUG:colcon.colcon_parallel_executor.executor.parallel:closing loop
[4.539s] DEBUG:colcon.colcon_parallel_executor.executor.parallel:loop closed
[4.539s] DEBUG:colcon.colcon_parallel_executor.executor.parallel:run_until_complete finished with '0'
[4.539s] DEBUG:colcon.colcon_core.event_reactor:joining thread
[4.546s] INFO:colcon.colcon_core.plugin_system:Skipping extension 'colcon_notification.desktop_notification.notify_send': Could not find 'notify-send'
[4.546s] INFO:colcon.colcon_core.plugin_system:Skipping extension 'colcon_notification.desktop_notification.terminal_notifier': Not used on non-Darwin systems
[4.546s] INFO:colcon.colcon_core.plugin_system:Skipping extension 'colcon_notification.desktop_notification.win32': Not used on non-Windows systems
[4.546s] INFO:colcon.colcon_notification.desktop_notification:Sending desktop notification using 'notify2'
[4.546s] DEBUG:colcon.colcon_notification.desktop_notification.notify2:Failed to initialize notify2: org.freedesktop.DBus.Error.NotSupported: Unable to autolaunch a dbus-daemon without a $DISPLAY for X11
[4.547s] DEBUG:colcon.colcon_core.event_reactor:joined thread
[4.547s] INFO:colcon.colcon_core.shell:Creating prefix script '/ws/install/local_setup.ps1'
[4.548s] INFO:colcon.colcon_core.shell:Creating prefix util module '/ws/install/_local_setup_util_ps1.py'
[4.549s] INFO:colcon.colcon_core.shell:Creating prefix chain script '/ws/install/setup.ps1'
[4.550s] INFO:colcon.colcon_core.shell:Creating prefix script '/ws/install/local_setup.sh'
[4.551s] INFO:colcon.colcon_core.shell:Creating prefix util module '/ws/install/_local_setup_util_sh.py'
[4.552s] INFO:colcon.colcon_core.shell:Creating prefix chain script '/ws/install/setup.sh'
[4.554s] INFO:colcon.colcon_core.shell:Creating prefix script '/ws/install/local_setup.bash'
[4.554s] INFO:colcon.colcon_core.shell:Creating prefix chain script '/ws/install/setup.bash'
[4.555s] INFO:colcon.colcon_core.shell:Creating prefix script '/ws/install/local_setup.zsh'
[4.556s] INFO:colcon.colcon_core.shell:Creating prefix chain script '/ws/install/setup.zsh'
