[0.131s] DEBUG:colcon:Command line arguments: ['/usr/bin/colcon', 'build', '--merge-install', '--symlink-install', '--base-paths', 'src', '--packages-select', 'car_msgs']
[0.131s] DEBUG:colcon:Parsed command line arguments: Namespace(log_base=None, log_level=None, verb_name='build', build_base='build', install_base='install', merge_install=True, symlink_install=True, test_result_base=None, continue_on_error=False, executor='parallel', parallel_workers=4, event_handlers=None, ignore_user_meta=False, metas=['./colcon.meta'], base_paths=['src'], packages_ignore=None, packages_ignore_regex=None, paths=None, packages_up_to=None, packages_up_to_regex=None, packages_above=None, packages_above_and_dependencies=None, packages_above_depth=None, packages_select_by_dep=None, packages_skip_by_dep=None, packages_skip_up_to=None, packages_select_build_failed=False, packages_skip_build_finished=False, packages_select_test_failures=False, packages_skip_test_passed=False, packages_select=['car_msgs'], packages_skip=None, packages_select_regex=None, packages_skip_regex=None, packages_start=None, packages_end=None, cmake_args=None, cmake_target=None, cmake_target_skip_unavailable=False, cmake_clean_cache=False, cmake_clean_first=False, cmake_force_configure=False, ament_cmake_args=None, catkin_cmake_args=None, catkin_skip_building_tests=False, mixin_files=None, mixin=None, verb_parser=<colcon_mixin.mixin.mixin_argument.MixinArgumentDecorator object at 0x7fff6cf88f50>, verb_extension=<colcon_core.verb.build.BuildVerb object at 0x7fff6cf88c80>, main=<bound method BuildVerb.main of <colcon_core.verb.build.BuildVerb object at 0x7fff6cf88c80>>, mixin_verb=('build',))
[0.178s] Level 1:colcon.colcon_core.package_discovery:discover_packages(colcon_meta) check parameters
[0.179s] INFO:colcon.colcon_metadata.package_discovery.colcon_meta:Using configuration from '/root/.colcon/metadata/default/Gazebo.meta'
[0.180s] INFO:colcon.colcon_metadata.package_discovery.colcon_meta:Using configuration from '/root/.colcon/metadata/default/fastdds.meta'
[0.180s] INFO:colcon.colcon_metadata.package_discovery.colcon_meta:Using configuration from '/root/.colcon/metadata/default/fastrtps.meta'
[0.180s] Level 1:colcon.colcon_core.package_discovery:discover_packages(recursive) check parameters
[0.180s] Level 1:colcon.colcon_core.package_discovery:discover_packages(ignore) check parameters
[0.180s] Level 1:colcon.colcon_core.package_discovery:discover_packages(path) check parameters
[0.180s] Level 1:colcon.colcon_core.package_discovery:discover_packages(recursive) discover
[0.180s] INFO:colcon.colcon_core.package_discovery:Crawling recursively for packages in '/ws/src'
[0.180s] Level 1:colcon.colcon_core.package_identification:_identify(src) by extensions ['ignore', 'ignore_ament_install']
[0.180s] Level 1:colcon.colcon_core.package_identification:_identify(src) by extension 'ignore'
[0.181s] Level 1:colcon.colcon_core.package_identification:_identify(src) by extension 'ignore_ament_install'
[0.181s] Level 1:colcon.colcon_core.package_identification:_identify(src) by extensions ['colcon_pkg']
[0.181s] Level 1:colcon.colcon_core.package_identification:_identify(src) by extension 'colcon_pkg'
[0.181s] Level 1:colcon.colcon_core.package_identification:_identify(src) by extensions ['colcon_meta']
[0.181s] Level 1:colcon.colcon_core.package_identification:_identify(src) by extension 'colcon_meta'
[0.181s] Level 1:colcon.colcon_core.package_identification:_identify(src) by extensions ['ros']
[0.181s] Level 1:colcon.colcon_core.package_identification:_identify(src) by extension 'ros'
[0.213s] Level 1:colcon.colcon_core.package_identification:_identify(src) by extensions ['cmake', 'python']
[0.213s] Level 1:colcon.colcon_core.package_identification:_identify(src) by extension 'cmake'
[0.213s] Level 1:colcon.colcon_core.package_identification:_identify(src) by extension 'python'
[0.213s] Level 1:colcon.colcon_core.package_identification:_identify(src) by extensions ['python_setup_py']
[0.213s] Level 1:colcon.colcon_core.package_identification:_identify(src) by extension 'python_setup_py'
[0.213s] Level 1:colcon.colcon_core.package_identification:_identify(src/car_comms) by extensions ['ignore', 'ignore_ament_install']
[0.213s] Level 1:colcon.colcon_core.package_identification:_identify(src/car_comms) by extension 'ignore'
[0.213s] Level 1:colcon.colcon_core.package_identification:_identify(src/car_comms) by extension 'ignore_ament_install'
[0.214s] Level 1:colcon.colcon_core.package_identification:_identify(src/car_comms) by extensions ['colcon_pkg']
[0.214s] Level 1:colcon.colcon_core.package_identification:_identify(src/car_comms) by extension 'colcon_pkg'
[0.214s] Level 1:colcon.colcon_core.package_identification:_identify(src/car_comms) by extensions ['colcon_meta']
[0.214s] Level 1:colcon.colcon_core.package_identification:_identify(src/car_comms) by extension 'colcon_meta'
[0.214s] Level 1:colcon.colcon_core.package_identification:_identify(src/car_comms) by extensions ['ros']
[0.214s] Level 1:colcon.colcon_core.package_identification:_identify(src/car_comms) by extension 'ros'
[0.218s] DEBUG:colcon.colcon_core.package_identification:Package 'src/car_comms' with type 'ros.ament_python' and name 'car_comms'
[0.218s] Level 1:colcon.colcon_core.package_identification:_identify(src/car_control) by extensions ['ignore', 'ignore_ament_install']
[0.218s] Level 1:colcon.colcon_core.package_identification:_identify(src/car_control) by extension 'ignore'
[0.218s] Level 1:colcon.colcon_core.package_identification:_identify(src/car_control) by extension 'ignore_ament_install'
[0.219s] Level 1:colcon.colcon_core.package_identification:_identify(src/car_control) by extensions ['colcon_pkg']
[0.219s] Level 1:colcon.colcon_core.package_identification:_identify(src/car_control) by extension 'colcon_pkg'
[0.219s] Level 1:colcon.colcon_core.package_identification:_identify(src/car_control) by extensions ['colcon_meta']
[0.219s] Level 1:colcon.colcon_core.package_identification:_identify(src/car_control) by extension 'colcon_meta'
[0.219s] Level 1:colcon.colcon_core.package_identification:_identify(src/car_control) by extensions ['ros']
[0.219s] Level 1:colcon.colcon_core.package_identification:_identify(src/car_control) by extension 'ros'
[0.220s] DEBUG:colcon.colcon_core.package_identification:Package 'src/car_control' with type 'ros.ament_python' and name 'car_control'
[0.220s] Level 1:colcon.colcon_core.package_identification:_identify(src/car_msgs) by extensions ['ignore', 'ignore_ament_install']
[0.220s] Level 1:colcon.colcon_core.package_identification:_identify(src/car_msgs) by extension 'ignore'
[0.220s] Level 1:colcon.colcon_core.package_identification:_identify(src/car_msgs) by extension 'ignore_ament_install'
[0.220s] Level 1:colcon.colcon_core.package_identification:_identify(src/car_msgs) by extensions ['colcon_pkg']
[0.220s] Level 1:colcon.colcon_core.package_identification:_identify(src/car_msgs) by extension 'colcon_pkg'
[0.220s] Level 1:colcon.colcon_core.package_identification:_identify(src/car_msgs) by extensions ['colcon_meta']
[0.220s] Level 1:colcon.colcon_core.package_identification:_identify(src/car_msgs) by extension 'colcon_meta'
[0.220s] Level 1:colcon.colcon_core.package_identification:_identify(src/car_msgs) by extensions ['ros']
[0.220s] Level 1:colcon.colcon_core.package_identification:_identify(src/car_msgs) by extension 'ros'
[0.221s] DEBUG:colcon.colcon_core.package_identification:Package 'src/car_msgs' with type 'ros.ament_cmake' and name 'car_msgs'
[0.221s] Level 1:colcon.colcon_core.package_identification:_identify(src/car_planning) by extensions ['ignore', 'ignore_ament_install']
[0.221s] Level 1:colcon.colcon_core.package_identification:_identify(src/car_planning) by extension 'ignore'
[0.221s] Level 1:colcon.colcon_core.package_identification:_identify(src/car_planning) by extension 'ignore_ament_install'
[0.221s] Level 1:colcon.colcon_core.package_identification:_identify(src/car_planning) by extensions ['colcon_pkg']
[0.221s] Level 1:colcon.colcon_core.package_identification:_identify(src/car_planning) by extension 'colcon_pkg'
[0.221s] Level 1:colcon.colcon_core.package_identification:_identify(src/car_planning) by extensions ['colcon_meta']
[0.221s] Level 1:colcon.colcon_core.package_identification:_identify(src/car_planning) by extension 'colcon_meta'
[0.221s] Level 1:colcon.colcon_core.package_identification:_identify(src/car_planning) by extensions ['ros']
[0.221s] Level 1:colcon.colcon_core.package_identification:_identify(src/car_planning) by extension 'ros'
[0.222s] DEBUG:colcon.colcon_core.package_identification:Package 'src/car_planning' with type 'ros.ament_python' and name 'car_planning'
[0.222s] Level 1:colcon.colcon_core.package_identification:_identify(src/car_vision) by extensions ['ignore', 'ignore_ament_install']
[0.222s] Level 1:colcon.colcon_core.package_identification:_identify(src/car_vision) by extension 'ignore'
[0.222s] Level 1:colcon.colcon_core.package_identification:_identify(src/car_vision) by extension 'ignore_ament_install'
[0.222s] Level 1:colcon.colcon_core.package_identification:_identify(src/car_vision) by extensions ['colcon_pkg']
[0.222s] Level 1:colcon.colcon_core.package_identification:_identify(src/car_vision) by extension 'colcon_pkg'
[0.222s] Level 1:colcon.colcon_core.package_identification:_identify(src/car_vision) by extensions ['colcon_meta']
[0.222s] Level 1:colcon.colcon_core.package_identification:_identify(src/car_vision) by extension 'colcon_meta'
[0.222s] Level 1:colcon.colcon_core.package_identification:_identify(src/car_vision) by extensions ['ros']
[0.222s] Level 1:colcon.colcon_core.package_identification:_identify(src/car_vision) by extension 'ros'
[0.223s] DEBUG:colcon.colcon_core.package_identification:Package 'src/car_vision' with type 'ros.ament_python' and name 'car_vision'
[0.223s] Level 1:colcon.colcon_core.package_identification:_identify(src/vision_pkg) by extensions ['ignore', 'ignore_ament_install']
[0.223s] Level 1:colcon.colcon_core.package_identification:_identify(src/vision_pkg) by extension 'ignore'
[0.223s] Level 1:colcon.colcon_core.package_identification:_identify(src/vision_pkg) by extension 'ignore_ament_install'
[0.223s] Level 1:colcon.colcon_core.package_identification:_identify(src/vision_pkg) by extensions ['colcon_pkg']
[0.223s] Level 1:colcon.colcon_core.package_identification:_identify(src/vision_pkg) by extension 'colcon_pkg'
[0.223s] Level 1:colcon.colcon_core.package_identification:_identify(src/vision_pkg) by extensions ['colcon_meta']
[0.223s] Level 1:colcon.colcon_core.package_identification:_identify(src/vision_pkg) by extension 'colcon_meta'
[0.223s] Level 1:colcon.colcon_core.package_identification:_identify(src/vision_pkg) by extensions ['ros']
[0.223s] Level 1:colcon.colcon_core.package_identification:_identify(src/vision_pkg) by extension 'ros'
[0.224s] DEBUG:colcon.colcon_core.package_identification:Package 'src/vision_pkg' with type 'ros.ament_python' and name 'vision_pkg'
[0.224s] Level 1:colcon.colcon_core.package_discovery:discover_packages(recursive) using defaults
[0.245s] INFO:colcon.colcon_core.package_selection:Skipping not selected package 'vision_pkg' in 'src/vision_pkg'
[0.245s] INFO:colcon.colcon_core.package_selection:Skipping not selected package 'car_comms' in 'src/car_comms'
[0.246s] INFO:colcon.colcon_core.package_selection:Skipping not selected package 'car_control' in 'src/car_control'
[0.246s] INFO:colcon.colcon_core.package_selection:Skipping not selected package 'car_planning' in 'src/car_planning'
[0.246s] INFO:colcon.colcon_core.package_selection:Skipping not selected package 'car_vision' in 'src/car_vision'
[0.246s] Level 5:colcon.colcon_core.verb:set package 'car_msgs' build argument 'cmake_args' from command line to 'None'
[0.246s] Level 5:colcon.colcon_core.verb:set package 'car_msgs' build argument 'cmake_target' from command line to 'None'
[0.246s] Level 5:colcon.colcon_core.verb:set package 'car_msgs' build argument 'cmake_target_skip_unavailable' from command line to 'False'
[0.246s] Level 5:colcon.colcon_core.verb:set package 'car_msgs' build argument 'cmake_clean_cache' from command line to 'False'
[0.246s] Level 5:colcon.colcon_core.verb:set package 'car_msgs' build argument 'cmake_clean_first' from command line to 'False'
[0.246s] Level 5:colcon.colcon_core.verb:set package 'car_msgs' build argument 'cmake_force_configure' from command line to 'False'
[0.246s] Level 5:colcon.colcon_core.verb:set package 'car_msgs' build argument 'ament_cmake_args' from command line to 'None'
[0.246s] Level 5:colcon.colcon_core.verb:set package 'car_msgs' build argument 'catkin_cmake_args' from command line to 'None'
[0.246s] Level 5:colcon.colcon_core.verb:set package 'car_msgs' build argument 'catkin_skip_building_tests' from command line to 'False'
[0.246s] DEBUG:colcon.colcon_core.verb:Building package 'car_msgs' with the following arguments: {'ament_cmake_args': None, 'build_base': '/ws/build/car_msgs', 'catkin_cmake_args': None, 'catkin_skip_building_tests': False, 'cmake_args': None, 'cmake_clean_cache': False, 'cmake_clean_first': False, 'cmake_force_configure': False, 'cmake_target': None, 'cmake_target_skip_unavailable': False, 'install_base': '/ws/install', 'merge_install': True, 'path': '/ws/src/car_msgs', 'symlink_install': True, 'test_result_base': None}
[0.246s] INFO:colcon.colcon_core.executor:Executing jobs using 'parallel' executor
[0.247s] DEBUG:colcon.colcon_parallel_executor.executor.parallel:run_until_complete
[0.248s] INFO:colcon.colcon_ros.task.ament_cmake.build:Building ROS package in '/ws/src/car_msgs' with build type 'ament_cmake'
[0.248s] INFO:colcon.colcon_cmake.task.cmake.build:Building CMake package in '/ws/src/car_msgs'
[0.250s] INFO:colcon.colcon_core.plugin_system:Skipping extension 'colcon_core.shell.bat': Not used on non-Windows systems
[0.251s] INFO:colcon.colcon_core.shell:Skip shell extension 'powershell' for command environment: Not usable outside of PowerShell
[0.251s] DEBUG:colcon.colcon_core.shell:Skip shell extension 'dsv' for command environment
[0.259s] DEBUG:colcon.colcon_core.event_handler.log_command:Invoking command in '/ws/build/car_msgs': CMAKE_PREFIX_PATH=/opt/ros/jazzy /usr/bin/cmake --build /ws/build/car_msgs -- -j4 -l4
[0.687s] DEBUG:colcon.colcon_core.event_handler.log_command:Invoked command in '/ws/build/car_msgs' returned '0': CMAKE_PREFIX_PATH=/opt/ros/jazzy /usr/bin/cmake --build /ws/build/car_msgs -- -j4 -l4
[0.695s] DEBUG:colcon.colcon_core.event_handler.log_command:Invoking command in '/ws/build/car_msgs': CMAKE_PREFIX_PATH=/opt/ros/jazzy /usr/bin/cmake --install /ws/build/car_msgs
[0.777s] Level 1:colcon.colcon_core.environment:create_environment_scripts_only(car_msgs)
[0.780s] Level 1:colcon.colcon_core.environment:checking '/ws/install' for CMake module files
[0.781s] DEBUG:colcon.colcon_core.event_handler.log_command:Invoked command in '/ws/build/car_msgs' returned '0': CMAKE_PREFIX_PATH=/opt/ros/jazzy /usr/bin/cmake --install /ws/build/car_msgs
[0.781s] Level 1:colcon.colcon_core.environment:checking '/ws/install' for CMake config files
[0.782s] Level 1:colcon.colcon_core.shell:create_environment_hook('car_msgs', 'cmake_prefix_path')
[0.782s] INFO:colcon.colcon_core.shell:Creating environment hook '/ws/install/share/car_msgs/hook/cmake_prefix_path.ps1'
[0.783s] INFO:colcon.colcon_core.shell:Creating environment descriptor '/ws/install/share/car_msgs/hook/cmake_prefix_path.dsv'
[0.783s] INFO:colcon.colcon_core.shell:Creating environment hook '/ws/install/share/car_msgs/hook/cmake_prefix_path.sh'
[0.784s] Level 1:colcon.colcon_core.environment:checking '/ws/install/lib'
[0.785s] Level 1:colcon.colcon_core.shell:create_environment_hook('car_msgs', 'ld_library_path_lib')
[0.785s] INFO:colcon.colcon_core.shell:Creating environment hook '/ws/install/share/car_msgs/hook/ld_library_path_lib.ps1'
[0.785s] INFO:colcon.colcon_core.shell:Creating environment descriptor '/ws/install/share/car_msgs/hook/ld_library_path_lib.dsv'
[0.786s] INFO:colcon.colcon_core.shell:Creating environment hook '/ws/install/share/car_msgs/hook/ld_library_path_lib.sh'
[0.787s] Level 1:colcon.colcon_core.environment:checking '/ws/install/bin'
[0.787s] Level 1:colcon.colcon_core.environment:checking '/ws/install/lib/pkgconfig/car_msgs.pc'
[0.789s] Level 1:colcon.colcon_core.environment:checking '/ws/install/lib/python3.12/site-packages'
[0.789s] Level 1:colcon.colcon_core.shell:create_environment_hook('car_msgs', 'pythonpath')
[0.789s] INFO:colcon.colcon_core.shell:Creating environment hook '/ws/install/share/car_msgs/hook/pythonpath.ps1'
[0.790s] INFO:colcon.colcon_core.shell:Creating environment descriptor '/ws/install/share/car_msgs/hook/pythonpath.dsv'
[0.791s] INFO:colcon.colcon_core.shell:Creating environment hook '/ws/install/share/car_msgs/hook/pythonpath.sh'
[0.791s] Level 1:colcon.colcon_core.environment:checking '/ws/install/bin'
[0.792s] INFO:colcon.colcon_core.shell:Creating package script '/ws/install/share/car_msgs/package.ps1'
[0.793s] INFO:colcon.colcon_core.shell:Creating package descriptor '/ws/install/share/car_msgs/package.dsv'
[0.793s] INFO:colcon.colcon_core.shell:Creating package script '/ws/install/share/car_msgs/package.sh'
[0.794s] INFO:colcon.colcon_core.shell:Creating package script '/ws/install/share/car_msgs/package.bash'
[0.795s] INFO:colcon.colcon_core.shell:Creating package script '/ws/install/share/car_msgs/package.zsh'
[0.795s] Level 1:colcon.colcon_core.environment:create_file_with_runtime_dependencies(/ws/install/share/colcon-core/packages/car_msgs)
[0.797s] Level 1:colcon.colcon_core.environment:create_environment_scripts_only(car_msgs)
[0.797s] Level 1:colcon.colcon_core.environment:checking '/ws/install' for CMake module files
[0.797s] Level 1:colcon.colcon_core.environment:checking '/ws/install' for CMake config files
[0.798s] Level 1:colcon.colcon_core.shell:create_environment_hook('car_msgs', 'cmake_prefix_path')
[0.798s] INFO:colcon.colcon_core.shell:Creating environment hook '/ws/install/share/car_msgs/hook/cmake_prefix_path.ps1'
[0.799s] INFO:colcon.colcon_core.shell:Creating environment descriptor '/ws/install/share/car_msgs/hook/cmake_prefix_path.dsv'
[0.799s] INFO:colcon.colcon_core.shell:Creating environment hook '/ws/install/share/car_msgs/hook/cmake_prefix_path.sh'
[0.800s] Level 1:colcon.colcon_core.environment:checking '/ws/install/lib'
[0.800s] Level 1:colcon.colcon_core.shell:create_environment_hook('car_msgs', 'ld_library_path_lib')
[0.800s] INFO:colcon.colcon_core.shell:Creating environment hook '/ws/install/share/car_msgs/hook/ld_library_path_lib.ps1'
[0.801s] INFO:colcon.colcon_core.shell:Creating environment descriptor '/ws/install/share/car_msgs/hook/ld_library_path_lib.dsv'
[0.801s] INFO:colcon.colcon_core.shell:Creating environment hook '/ws/install/share/car_msgs/hook/ld_library_path_lib.sh'
[0.802s] Level 1:colcon.colcon_core.environment:checking '/ws/install/bin'
[0.802s] Level 1:colcon.colcon_core.environment:checking '/ws/install/lib/pkgconfig/car_msgs.pc'
[0.802s] Level 1:colcon.colcon_core.environment:checking '/ws/install/lib/python3.12/site-packages'
[0.803s] Level 1:colcon.colcon_core.shell:create_environment_hook('car_msgs', 'pythonpath')
[0.803s] INFO:colcon.colcon_core.shell:Creating environment hook '/ws/install/share/car_msgs/hook/pythonpath.ps1'
[0.803s] INFO:colcon.colcon_core.shell:Creating environment descriptor '/ws/install/share/car_msgs/hook/pythonpath.dsv'
[0.804s] INFO:colcon.colcon_core.shell:Creating environment hook '/ws/install/share/car_msgs/hook/pythonpath.sh'
[0.805s] Level 1:colcon.colcon_core.environment:checking '/ws/install/bin'
[0.805s] INFO:colcon.colcon_core.shell:Creating package script '/ws/install/share/car_msgs/package.ps1'
[0.805s] INFO:colcon.colcon_core.shell:Creating package descriptor '/ws/install/share/car_msgs/package.dsv'
[0.806s] INFO:colcon.colcon_core.shell:Creating package script '/ws/install/share/car_msgs/package.sh'
[0.807s] INFO:colcon.colcon_core.shell:Creating package script '/ws/install/share/car_msgs/package.bash'
[0.807s] INFO:colcon.colcon_core.shell:Creating package script '/ws/install/share/car_msgs/package.zsh'
[0.808s] Level 1:colcon.colcon_core.environment:create_file_with_runtime_dependencies(/ws/install/share/colcon-core/packages/car_msgs)
[0.809s] DEBUG:colcon.colcon_parallel_executor.executor.parallel:closing loop
[0.809s] DEBUG:colcon.colcon_parallel_executor.executor.parallel:loop closed
[0.809s] DEBUG:colcon.colcon_parallel_executor.executor.parallel:run_until_complete finished with '0'
[0.809s] DEBUG:colcon.colcon_core.event_reactor:joining thread
[0.818s] INFO:colcon.colcon_core.plugin_system:Skipping extension 'colcon_notification.desktop_notification.notify_send': Could not find 'notify-send'
[0.818s] INFO:colcon.colcon_core.plugin_system:Skipping extension 'colcon_notification.desktop_notification.terminal_notifier': Not used on non-Darwin systems
[0.818s] INFO:colcon.colcon_core.plugin_system:Skipping extension 'colcon_notification.desktop_notification.win32': Not used on non-Windows systems
[0.818s] INFO:colcon.colcon_notification.desktop_notification:Sending desktop notification using 'notify2'
[0.818s] DEBUG:colcon.colcon_notification.desktop_notification.notify2:Failed to initialize notify2: org.freedesktop.DBus.Error.NotSupported: Unable to autolaunch a dbus-daemon without a $DISPLAY for X11
[0.818s] DEBUG:colcon.colcon_core.event_reactor:joined thread
[0.818s] INFO:colcon.colcon_core.shell:Creating prefix script '/ws/install/local_setup.ps1'
[0.819s] INFO:colcon.colcon_core.shell:Creating prefix util module '/ws/install/_local_setup_util_ps1.py'
[0.821s] INFO:colcon.colcon_core.shell:Creating prefix chain script '/ws/install/setup.ps1'
[0.822s] INFO:colcon.colcon_core.shell:Creating prefix script '/ws/install/local_setup.sh'
[0.822s] INFO:colcon.colcon_core.shell:Creating prefix util module '/ws/install/_local_setup_util_sh.py'
[0.823s] INFO:colcon.colcon_core.shell:Creating prefix chain script '/ws/install/setup.sh'
[0.824s] INFO:colcon.colcon_core.shell:Creating prefix script '/ws/install/local_setup.bash'
[0.825s] INFO:colcon.colcon_core.shell:Creating prefix chain script '/ws/install/setup.bash'
[0.825s] INFO:colcon.colcon_core.shell:Creating prefix script '/ws/install/local_setup.zsh'
[0.826s] INFO:colcon.colcon_core.shell:Creating prefix chain script '/ws/install/setup.zsh'
